ðþ

Serial communication
Type 'h or ?' for help.

/> 
ls
ls
<CR>
         TIME          Size       File name 
----A 2021/07/18 06:23        40  0718
----A 2021/07/19 11:29      9504  0719
----A 2021/07/19 06:41    128640  07190626
----A 2021/07/19 06:57    128000  07190641
----A 2021/07/19 07:11    128640  07190656
----A 2021/07/19 07:27    128000  07190712
----A 2021/07/19 07:43    128640  07190727
----A 2021/07/19 07:59    128000  07190742
----A 2021/07/19 08:13    128640  07190758
----A 2021/07/19 08:29    128000  07190813
----A 2021/07/19 08:43    128640  07190828
----A 2021/07/19 08:59    128000  07190844
----A 2021/07/19 09:15    128640  07190859
----A 2021/07/19 09:31    128000  07190914
----A 2021/07/19 09:45    128640  07190930
----A 2021/07/19 10:15    176000  07190945
----A 2021/07/19 10:31    128640  07191015
----A 2021/07/19 10:47    128000  07191031
----A 2021/07/19 11:03    128640  07191046
----A 2021/07/19 11:19    128000  07191101
----A 2021/07/19 11:17      2560  07191117

  21 File(s),   2369864 bytes total
   0 Dir(s),     998160K bytes free

/> 
read 0719
read 0719
<CR>Time:2021/07/19 11:17
Hours Minutes Seconds  Nb_Samples    Aver. Current 
6 11 17 74 15196 
6 11 32 73 17904 
6 11 47 75 20057 
6 12 42 75 20180 
6 12 57 75 20118 
6 13 12 75 20118 
6 14 13 75 20180 
6 14 28 75 20118 
6 14 43 75 20118 
6 14 58 75 20057 
6 15 13 75 20057 
6 15 28 75 19995 
6 15 43 75 19995 
6 15 58 75 19995 
6 16 13 75 19934 
6 16 28 75 19872 
6 16 43 75 19872 
6 16 58 75 19872 
6 17 13 75 19811 
6 17 28 75 19811 
6 17 43 75 19811 
6 17 58 75 19811 
6 18 13 75 19811 
6 18 28 75 19811 
6 18 43 75 19811 
6 18 58 75 19811 
6 19 13 75 19811 
6 19 28 75 19811 
6 19 43 75 19811 
6 19 58 75 19811 
6 20 13 75 19811 
6 20 28 75 19811 
6 20 43 75 19811 
6 20 58 75 19811 
6 21 13 75 19811 
6 21 28 75 19811 
6 21 43 75 19811 
6 21 58 75 19811 
6 22 13 75 19811 
6 22 28 75 19811 
6 22 43 75 19811 
6 22 58 75 19811 
6 23 13 75 19811 
6 23 28 75 19811 
6 23 43 75 19872 
6 23 58 75 19872 
6 24 13 75 19811 
6 24 28 75 19872 
6 24 43 75 19872 
6 24 58 75 19872 
6 25 13 75 19872 
6 25 28 75 19872 
6 25 43 75 19872 
6 26 49 75 19934 
6 27 4 75 19934 
6 27 19 75 19934 
6 27 34 75 19934 
6 27 49 75 19934 
6 28 4 75 19934 
6 28 19 75 19934 
6 28 34 75 19934 
6 28 49 75 19934 
6 29 4 75 19934 
6 29 19 75 19995 
6 29 34 75 19995 
6 29 49 75 19995 
6 30 4 75 19995 
6 30 19 75 19995 
6 30 34 75 19995 
6 30 49 75 19995 
6 31 4 75 19995 
6 31 19 75 19995 
6 31 34 75 19995 
6 31 49 75 19995 
6 32 4 75 19995 
6 32 19 75 19995 
6 32 34 75 19995 
6 32 49 75 20057 
6 33 4 75 19995 
6 33 19 75 20057 
6 33 34 75 20057 
6 33 49 75 20057 
6 34 4 75 20057 
6 34 19 75 20057 
6 34 34 75 20057 
6 34 49 75 20057 
6 35 4 75 20057 
6 35 19 75 20057 
6 35 34 75 20057 
6 35 49 75 20057 
6 36 4 75 20057 
6 36 19 75 20057 
6 36 34 75 20057 
6 36 49 75 20057 
6 37 4 75 20057 
6 37 19 75 20057 
6 37 34 75 20057 
6 37 49 75 20057 
6 38 4 75 20057 
6 38 19 75 20057 
6 38 34 75 20057 
6 38 49 75 20057 
6 39 4 75 20057 
6 39 19 75 20057 
6 39 34 75 20118 
6 39 49 75 20118 
6 40 4 75 20118 
6 40 19 75 20118 
6 40 34 75 20118 
6 40 49 75 20118 
6 41 4 75 20118 
6 41 54 75 20057 
6 42 9 74 20057 
6 42 24 75 20118 
6 42 39 75 20118 
6 42 54 75 20057 
6 43 9 75 20118 
6 43 24 75 20118 
6 43 39 75 20118 
6 43 54 75 20118 
6 44 9 75 20118 
6 44 24 75 20118 
6 44 39 75 20057 
6 44 54 75 20118 
6 45 9 75 20118 
6 45 24 75 20118 
6 45 39 75 20118 
6 45 54 75 20118 
6 46 9 75 20118 
6 46 24 75 20118 
6 46 39 75 20118 
6 46 54 75 20118 
6 47 9 75 20118 
6 47 24 75 20118 
6 47 39 75 20118 
6 47 54 75 20118 
6 48 9 75 20118 
6 48 24 75 20118 
6 48 39 75 20118 
6 48 54 75 20118 
6 49 9 75 20118 
6 49 24 75 20118 
6 49 39 75 20118 
6 49 54 75 20118 
6 50 9 75 20118 
6 50 24 75 20118 
6 50 39 75 20118 
6 50 54 75 20118 
6 51 9 75 20118 
6 51 24 75 20118 
6 51 39 75 20118 
6 51 54 75 20118 
6 52 9 75 20118 
6 52 24 75 20118 
6 52 39 75 20118 
6 52 54 75 20118 
6 53 9 75 20118 
6 53 24 75 20118 
6 53 39 75 20118 
6 53 54 75 20118 
6 54 9 75 20118 
6 54 24 75 20118 
6 54 39 75 20118 
6 54 54 75 20118 
6 55 9 75 20118 
6 55 24 75 20118 
6 55 39 75 20118 
6 55 54 75 20118 
6 56 9 75 20118 
6 56 24 75 20118 
6 57 29 75 20118 
6 57 44 75 20118 
6 57 59 75 20118 
6 58 14 75 20118 
6 58 29 75 20118 
6 58 44 75 20118 
6 58 59 75 20118 
6 59 14 75 20118 
6 59 29 75 20118 
6 59 44 75 20118 
6 59 59 75 20118 
7 0 14 75 20118 
7 0 29 75 20118 
7 0 44 75 20118 
7 0 59 75 20118 
7 1 14 75 20118 
7 1 29 75 20118 
7 1 44 75 20118 
7 1 59 75 20118 
7 2 14 75 20118 
7 2 29 75 20118 
7 2 44 75 20118 
7 2 59 75 20118 
7 3 14 75 20118 
7 3 29 75 20118 
7 3 44 75 20118 
7 3 59 75 20118 
7 4 14 75 20118 
7 4 29 75 20118 
7 4 44 75 20118 
7 4 59 75 20118 
7 5 14 75 20118 
7 5 29 75 20118 
7 5 44 75 20118 
7 5 59 75 20118 
7 6 14 75 20118 
7 6 29 75 20118 
7 6 44 75 20118 
7 6 59 75 20118 
7 7 14 75 20118 
7 7 29 75 20118 
7 7 44 75 20118 
7 7 59 75 20118 
7 8 14 75 20118 
7 8 29 75 20118 
7 8 44 75 20118 
7 8 59 75 20118 
7 9 14 75 20118 
7 9 29 75 20118 
7 9 44 75 20118 
7 9 59 75 20118 
7 10 14 75 20118 
7 10 29 75 20118 
7 10 44 75 20118 
7 10 59 75 20118 
7 11 14 75 20118 
7 11 29 75 20118 
7 11 44 75 20118 
7 12 34 75 20118 
7 12 49 75 20118 
7 13 4 75 20118 
7 13 19 75 20118 
7 13 34 75 20118 
7 13 49 75 20118 
7 14 4 75 20118 
7 14 19 75 20118 
7 14 34 75 20118 
7 14 49 75 20118 
7 15 4 75 20118 
7 15 19 75 20118 
7 15 34 75 20118 
7 15 49 75 20118 
7 16 4 75 20118 
7 16 19 75 20118 
7 16 34 75 20118 
7 16 49 75 20118 
7 17 4 75 20118 
7 17 19 75 20118 
7 17 34 75 20118 
7 17 49 75 20118 
7 18 4 75 20118 
7 18 19 75 20118 
7 18 34 75 20118 
7 18 49 75 20118 
7 19 4 75 20118 
7 19 19 75 20118 
7 19 34 75 20118 
7 19 49 75 20118 
7 20 4 75 20118 
7 20 19 75 20118 
7 20 34 75 20118 
7 20 49 75 20118 
7 21 4 75 20118 
7 21 19 75 20118 
7 21 34 75 20118 
7 21 49 75 20118 
7 22 4 75 20118 
7 22 19 75 20118 
7 22 34 75 20118 
7 22 49 75 20118 
7 23 4 75 20118 
7 23 19 75 20118 
7 23 34 75 20118 
7 23 49 75 20118 
7 24 4 75 20118 
7 24 19 75 20118 
7 24 34 75 20118 
7 24 49 75 20118 
7 25 4 75 20118 
7 25 19 75 20118 
7 25 34 75 20118 
7 25 49 75 20118 
7 26 4 75 20118 
7 26 19 75 20118 
7 26 34 75 20118 
7 26 49 75 20118 
7 27 4 75 20118 
7 28 9 75 20118 
7 28 24 74 20118 
7 28 39 75 20118 
7 28 54 75 20118 
7 29 9 75 20118 
7 29 24 75 20118 
7 29 39 75 20118 
7 29 54 75 20118 
7 30 9 75 20118 
7 30 24 75 20118 
7 30 39 75 20118 
7 30 54 75 20118 
7 31 9 75 20118 
7 31 24 75 20118 
7 31 39 75 20118 
7 31 54 75 20118 
7 32 9 75 20118 
7 32 24 75 20118 
7 32 39 75 20118 
7 32 54 75 20118 
7 33 9 75 20118 
7 33 24 75 20118 
7 33 39 75 20118 
7 33 54 75 20118 
7 34 9 75 20118 
7 34 24 75 20118 
7 34 39 75 20118 
7 34 54 75 20118 
7 35 9 75 20118 
7 35 24 75 20118 
7 35 39 75 20118 
7 35 54 75 20118 
7 36 9 75 20118 
7 36 24 75 20118 
7 36 39 75 20118 
7 36 54 75 20118 
7 37 9 75 20118 
7 37 24 75 20118 
7 37 39 75 20118 
7 37 54 75 20118 
7 38 9 75 20118 
7 38 24 75 20118 
7 38 39 75 20118 
7 38 54 75 20118 
7 39 9 75 20118 
7 39 24 75 20118 
7 39 39 75 20118 
7 39 54 75 20118 
7 40 9 75 20118 
7 40 24 75 20118 
7 40 39 75 20118 
7 40 54 75 20118 
7 41 9 75 20118 
7 41 24 75 20118 
7 41 39 75 20118 
7 41 54 75 20118 
7 42 9 75 20118 
7 42 24 75 20118 
7 43 14 75 20118 
7 43 29 75 20118 
7 43 44 75 20118 
7 43 59 75 20118 
7 44 14 75 20118 
7 44 29 75 20118 
7 44 44 75 20118 
7 44 59 75 20118 
7 45 14 75 20118 
7 45 29 75 20118 
7 45 44 75 20118 
7 45 59 75 20118 
7 46 14 75 20118 
7 46 29 75 20118 
7 46 44 75 20118 
7 46 59 75 20118 
7 47 14 75 20118 
7 47 29 75 20118 
7 47 44 75 20118 
7 47 59 75 20118 
7 48 14 75 20118 
7 48 29 75 20118 
7 48 44 75 20118 
7 48 59 75 20118 
7 49 14 75 20118 
7 49 29 75 20118 
7 49 44 75 20118 
7 49 59 75 20118 
7 50 14 75 20118 
7 50 29 75 20118 
7 50 44 75 20118 
7 50 59 75 20118 
7 51 14 75 20118 
7 51 29 75 20118 
7 51 44 75 20118 
7 51 59 75 20118 
7 52 14 75 20118 
7 52 29 75 20118 
7 52 44 75 20118 
7 52 59 75 20118 
7 53 14 75 20118 
7 53 29 75 20118 
7 53 44 75 20118 
7 53 59 75 20118 
7 54 14 75 20118 
7 54 29 75 20118 
7 54 44 75 20118 
7 54 59 75 20118 
7 55 14 75 20118 
7 55 29 75 20118 
7 55 44 75 20118 
7 55 59 75 20118 
7 56 14 75 20118 
7 56 29 75 20118 
7 56 44 75 20118 
7 56 59 75 20118 
7 57 14 75 20180 
7 57 29 75 20118 
7 57 44 75 20118 
7 58 49 75 20118 
7 59 4 74 20180 
7 59 19 75 20118 
7 59 34 75 20118 
7 59 49 75 20118 
8 0 4 75 20180 
8 0 19 75 20180 
8 0 34 75 20180 
8 0 49 75 20180 
8 1 4 75 20118 
8 1 19 75 20118 
8 1 34 75 20118 
8 1 49 75 20118 
8 2 4 75 20118 
8 2 19 75 20118 
8 2 34 75 20118 
8 2 49 75 20118 
8 3 4 75 20180 
8 3 19 75 20118 
8 3 34 75 20118 
8 3 49 75 20118 
8 4 4 75 20118 
8 4 19 75 20118 
8 4 34 75 20118 
8 4 49 75 20118 
8 5 4 75 20118 
8 5 19 75 20118 
8 5 34 75 20118 
8 5 49 75 20118 
8 6 4 75 20118 
8 6 19 75 20118 
8 6 34 75 20118 
8 6 49 75 20118 
8 7 4 75 20118 
8 7 19 75 20118 
8 7 34 75 20118 
8 7 49 75 20118 
8 8 4 75 20118 
8 8 19 75 20118 
8 8 34 75 20118 
8 8 49 75 20118 
8 9 4 75 20118 
8 9 19 75 20118 
8 9 34 75 20118 
8 9 49 75 20118 
8 10 4 75 20118 
8 10 19 75 20118 
8 10 34 75 20118 
8 10 49 75 20118 
8 11 4 75 20118 
8 11 19 75 20118 
8 11 34 75 20118 
8 11 49 75 20180 
8 12 4 75 20118 
8 12 19 75 20118 
8 12 34 75 20180 
8 12 49 75 20118 
8 13 4 75 20180 
8 13 55 75 20118 
8 14 9 74 20180 
8 14 24 75 20118 
8 14 39 75 20180 
8 14 54 75 20118 
8 15 9 75 20180 
8 15 24 75 20180 
8 15 39 75 20180 
8 15 54 75 20180 
8 16 9 75 20118 
8 16 24 75 20180 
8 16 39 75 20118 
8 16 55 75 20180 
8 17 10 75 20180 
8 17 25 75 20118 
8 17 40 75 20180 
8 17 55 75 20180 
8 18 10 75 20118 
8 18 25 75 20180 
8 18 40 75 20118 
8 18 55 75 20118 
8 19 10 75 20118 
8 19 25 75 20118 
8 19 40 75 20118 
8 19 55 75 20118 
8 20 10 75 20118 
8 20 25 75 20118 
8 20 40 75 20118 
8 20 55 75 20118 
8 21 10 75 20180 
8 21 25 75 20180 
8 21 40 75 20180 
8 21 55 75 20180 
8 22 10 75 20180 
8 22 25 75 20180 
8 22 40 75 20180 
8 22 55 75 20180 
8 23 10 75 20180 
8 23 25 75 20180 
8 23 40 75 20180 
8 23 55 75 20180 
8 24 10 75 20180 
8 24 25 75 20180 
8 24 40 75 20180 
8 24 55 75 20180 
8 25 10 75 20180 
8 25 25 75 20180 
8 25 40 75 20180 
8 25 55 75 20180 
8 26 10 75 20180 
8 26 25 75 20180 
8 26 40 75 20180 
8 26 55 75 20180 
8 27 10 75 20180 
8 27 25 75 20180 
8 27 40 75 20180 
8 27 55 75 20180 
8 28 10 75 20180 
8 28 25 75 20180 
8 29 30 75 20180 
8 29 45 75 20180 
8 30 0 75 20180 
8 30 15 75 20180 
8 30 30 74 20180 
8 30 45 75 20180 
8 31 0 75 20180 
8 31 15 75 20180 
8 31 30 75 20180 
8 31 45 75 20180 
8 32 0 75 20180 
8 32 15 75 20180 
8 32 30 75 20180 
8 32 45 75 20180 
8 33 0 75 20180 
8 33 15 75 20180 
8 33 30 75 20180 
8 33 45 75 20180 
8 34 0 75 20180 
8 34 15 75 20180 
8 34 30 75 20180 
8 34 45 75 20180 
8 35 0 75 20180 
8 35 15 75 20180 
8 35 30 75 20180 
8 35 45 75 20180 
8 36 0 75 20180 
8 36 15 75 20180 
8 36 30 75 20180 
8 36 45 75 20180 
8 37 0 75 20180 
8 37 15 75 20180 
8 37 30 75 20180 
8 37 45 75 20180 
8 38 0 75 20180 
8 38 15 75 20180 
8 38 30 75 20180 
8 38 45 75 20180 
8 39 0 75 20180 
8 39 15 75 20180 
8 39 30 75 20180 
8 39 45 75 20180 
8 40 0 75 20180 
8 40 15 75 20180 
8 40 30 75 20180 
8 40 45 75 20180 
8 41 0 75 20180 
8 41 15 75 20180 
8 41 30 75 20180 
8 41 45 75 20180 
8 42 0 75 20180 
8 42 15 75 20180 
8 42 30 75 20180 
8 42 45 75 20180 
8 43 0 75 20180 
8 43 15 75 20180 
8 43 30 75 20180 
8 43 45 75 20180 
8 44 35 75 20180 
8 44 50 74 20180 
8 45 5 75 20180 
8 45 20 75 20180 
8 45 35 75 20180 
8 45 50 75 20180 
8 46 5 75 20180 
8 46 20 75 20180 
8 46 35 75 20180 
8 46 50 75 20180 
8 47 5 75 20180 
8 47 20 75 20180 
8 47 35 75 20180 
8 47 50 75 20180 
8 48 5 75 20180 
8 48 20 75 20180 
8 48 35 75 20180 
8 48 50 75 20180 
8 49 5 75 20180 
8 49 20 75 20180 
8 49 35 75 20180 
8 49 50 75 20180 
8 50 5 75 20180 
8 50 20 75 20180 
8 50 35 75 20180 
8 50 50 75 20180 
8 51 5 75 20180 
8 51 20 75 20180 
8 51 35 75 20180 
8 51 50 75 20180 
8 52 5 75 20180 
8 52 20 76 20180 
8 52 35 75 20180 
8 52 50 75 20180 
8 53 5 75 20180 
8 53 20 75 20180 
8 53 35 75 20180 
8 53 50 75 20180 
8 54 5 75 20180 
8 54 20 75 20180 
8 54 35 75 20180 
8 54 50 75 20180 
8 55 5 75 20180 
8 55 20 75 20180 
8 55 35 75 20180 
8 55 50 75 20180 
8 56 5 75 20180 
8 56 20 75 20180 
8 56 35 75 20180 
8 56 50 75 20180 
8 57 5 75 20180 
8 57 20 75 20180 
8 57 35 75 20180 
8 57 50 75 20180 
8 58 5 75 20180 
8 58 20 75 20180 
8 58 35 75 20180 
8 58 50 75 20180 
8 59 5 75 20180 
9 0 10 75 20180 
9 0 25 75 20180 
9 0 40 75 20180 
9 0 55 75 20180 
9 1 10 75 20180 
9 1 25 75 20180 
9 1 40 75 20180 
9 1 55 75 20180 
9 2 10 75 20180 
9 2 25 75 20180 
9 2 40 75 20180 
9 2 55 75 20180 
9 3 10 75 20180 
9 3 25 75 20180 
9 3 40 75 20180 
9 3 55 75 20180 
9 4 10 75 20180 
9 4 25 75 20180 
9 4 40 75 20180 
9 4 55 75 20180 
9 5 10 75 20180 
9 5 25 75 20180 
9 5 40 75 20180 
9 5 55 75 20180 
9 6 10 75 20180 
9 6 25 75 20180 
9 6 40 75 20180 
9 6 55 75 20180 
9 7 10 75 20180 
9 7 25 75 20180 
9 7 40 75 20180 
9 7 55 75 20180 
9 8 10 75 20180 
9 8 25 75 20180 
9 8 40 75 20180 
9 8 55 75 20180 
9 9 10 75 20180 
9 9 25 75 20180 
9 9 40 75 20180 
9 9 55 75 20180 
9 10 10 75 20180 
9 10 25 75 20180 
9 10 40 75 20180 
9 10 55 75 20180 
9 11 10 75 20180 
9 11 25 75 20180 
9 11 40 75 20180 
9 11 55 75 20180 
9 12 10 75 20180 
9 12 25 75 20180 
9 12 40 75 20180 
9 12 55 74 20180 
9 13 10 75 20180 
9 13 25 75 20180 
9 13 40 75 20180 
9 13 55 75 20180 
9 14 10 75 20180 
9 14 25 75 20180 
9 15 15 75 20180 
9 15 30 75 20180 
9 15 45 75 20180 
9 16 0 75 20180 
9 16 15 75 20180 
9 16 30 75 20180 
9 16 45 75 20180 
9 17 0 75 20180 
9 17 15 75 20180 
9 17 30 75 20180 
9 17 45 75 20180 
9 18 0 75 20180 
9 18 15 75 20180 
9 18 30 75 20180 
9 18 45 75 20180 
9 19 0 75 20180 
9 19 15 75 20180 
9 19 30 75 20180 
9 19 45 75 20180 
9 20 0 75 20180 
9 20 15 75 20180 
9 20 30 75 20180 
9 20 45 75 20180 
9 21 0 75 20180 
9 21 15 75 20180 
9 21 30 75 20180 
9 21 45 75 20180 
9 22 0 75 20180 
9 22 15 75 20180 
9 22 30 75 20180 
9 22 45 75 20180 
9 23 0 75 20180 
9 23 15 75 20180 
9 23 30 75 20180 
9 23 45 75 20180 
9 24 0 75 20180 
9 24 15 75 20180 
9 24 30 75 20180 
9 24 45 75 20180 
9 25 0 75 20180 
9 25 15 75 20180 
9 25 30 75 20180 
9 25 45 75 20180 
9 26 0 74 20180 
9 26 15 75 20180 
9 26 30 75 20180 
9 26 45 75 20180 
9 27 0 75 20180 
9 27 15 75 20180 
9 27 30 75 20180 
9 27 45 75 20180 
9 28 0 75 20180 
9 28 15 75 20180 
9 28 30 75 20180 
9 28 45 75 20180 
9 29 0 75 20180 
9 29 15 75 20180 
9 29 30 75 20180 
9 29 45 75 20180 
9 30 50 75 20180 
9 31 5 74 20180 
9 31 20 75 20180 
9 31 35 75 20180 
9 31 50 75 20180 
9 32 5 75 20180 
9 32 20 75 20180 
9 32 35 75 20180 
9 32 50 75 20180 
9 33 5 75 20180 
9 33 20 75 20180 
9 33 35 75 20180 
9 33 50 75 20180 
9 34 5 75 20180 
9 34 20 75 20180 
9 34 35 75 20180 
9 34 50 75 20180 
9 35 5 75 20180 
9 35 20 75 20180 
9 35 35 75 20180 
9 35 50 75 20180 
9 36 5 75 20180 
9 36 20 75 20180 
9 36 35 75 20180 
9 36 50 75 20180 
9 37 5 75 20180 
9 37 20 75 20180 
9 37 35 76 20180 
9 37 50 75 20180 
9 38 5 75 20180 
9 38 20 75 20180 
9 38 35 75 20180 
9 38 50 75 20180 
9 39 5 75 20180 
9 39 20 75 20180 
9 39 35 74 20180 
9 39 50 75 20180 
9 40 5 75 20180 
9 40 20 75 20180 
9 40 35 75 20180 
9 40 50 75 20180 
9 41 5 75 20180 
9 41 20 75 20180 
9 41 35 75 20180 
9 41 50 75 20180 
9 42 5 75 20180 
9 42 20 75 20180 
9 42 35 75 20180 
9 42 50 75 20180 
9 43 5 75 20180 
9 43 20 75 20180 
9 43 35 75 20180 
9 43 50 75 20180 
9 44 5 75 20180 
9 44 20 75 20180 
9 44 35 75 20180 
9 44 50 75 20180 
9 45 5 75 20180 
9 45 55 75 20180 
9 46 10 74 20180 
9 46 25 75 20180 
9 46 40 75 20180 
9 46 55 75 20180 
9 47 10 75 20180 
9 47 25 75 20180 
9 47 40 75 20180 
9 47 55 75 20180 
9 48 10 75 20180 
9 48 25 75 20180 
9 48 40 75 20180 
9 48 55 75 20180 
9 49 10 75 20180 
9 49 25 75 20180 
9 49 40 75 20180 
9 49 55 75 20180 
9 50 10 75 20180 
9 50 25 75 20180 
9 50 40 75 20180 
9 50 55 75 20180 
9 51 10 75 20180 
9 51 25 75 20180 
9 51 40 75 20180 
9 51 55 75 20180 
9 52 10 75 20180 
9 52 25 75 20180 
9 52 40 75 20180 
9 52 55 75 20180 
9 53 10 75 20180 
9 53 25 75 20180 
9 53 40 75 20180 
9 53 55 75 20180 
9 54 10 75 20180 
9 54 25 75 20180 
9 54 40 75 20180 
9 54 55 75 20180 
10 0 47 62 20180 
10 1 38 75 20057 
10 1 53 75 20180 
10 2 8 75 20180 
10 2 23 75 20180 
10 2 38 75 20242 
10 2 53 75 20180 
10 3 8 75 20242 
10 3 23 75 20180 
10 3 38 75 20242 
10 3 53 75 20242 
10 4 8 75 20242 
10 4 23 75 20180 
10 4 38 75 20242 
10 4 53 75 20242 
10 5 8 75 20242 
10 5 23 75 20242 
10 5 38 75 20242 
10 5 53 75 20242 
10 6 8 75 20242 
10 6 23 75 20242 
10 6 38 75 20180 
10 6 53 75 20180 
10 7 8 75 20242 
10 7 23 75 20180 
10 7 38 75 20180 
10 7 53 75 20242 
10 8 8 75 20180 
10 8 23 75 20180 
10 8 38 75 20180 
10 8 53 75 20180 
10 9 8 75 20180 
10 9 23 75 20242 
10 9 38 75 20180 
10 9 53 75 20180 
10 10 8 75 20180 
10 10 23 75 20180 
10 10 38 75 20180 
10 10 53 75 20180 
10 11 8 75 20180 
10 11 23 75 20242 
10 11 38 75 20180 
10 11 53 75 20180 
10 12 8 75 20180 
10 12 23 75 20180 
10 12 38 75 20180 
10 12 53 75 20180 
10 13 8 75 20180 
10 13 23 75 20180 
10 13 38 75 20180 
10 13 53 75 20180 
10 14 8 75 20180 
10 14 23 75 20242 
10 14 38 75 20180 
10 14 53 75 20180 
10 15 8 75 20180 
10 15 23 75 20242 
10 15 38 75 20180 
10 16 43 75 20180 
10 16 58 74 20180 
10 17 13 75 20180 
10 17 28 75 20180 
10 17 43 75 20180 
10 17 58 75 20180 
10 18 13 75 20180 
10 18 28 75 20180 
10 18 43 75 20180 
10 18 58 75 20180 
10 19 13 75 20180 
10 19 28 75 20180 
10 19 43 75 20180 
10 19 58 75 20180 
10 20 13 75 20180 
10 20 28 75 20180 
10 20 43 75 20180 
10 20 58 75 20180 
10 21 13 75 20180 
10 21 28 75 20180 
10 21 43 75 20180 
10 21 58 75 20180 
10 22 13 75 20180 
10 22 28 75 20180 
10 22 43 75 20180 
10 22 58 75 20180 
10 23 13 75 20180 
10 23 28 75 20180 
10 23 43 75 20180 
10 23 58 75 20180 
10 24 13 75 20180 
10 24 28 75 20180 
10 24 43 75 20180 
10 24 58 75 20180 
10 25 13 75 20180 
10 25 28 75 20180 
10 25 43 75 20180 
10 25 58 75 20180 
10 26 13 75 20180 
10 26 28 75 20180 
10 26 43 75 20180 
10 26 58 75 20180 
10 27 13 75 20180 
10 27 28 75 20180 
10 27 43 75 20180 
10 27 58 75 20180 
10 28 13 75 20180 
10 28 28 75 20180 
10 28 43 75 20180 
10 28 58 75 20180 
10 29 13 75 20180 
10 29 28 75 20180 
10 29 43 75 20180 
10 29 58 75 20180 
10 30 13 75 20180 
10 30 28 75 20180 
10 30 43 75 20180 
10 30 58 75 20180 
10 31 48 75 20180 
10 32 3 74 20180 
10 32 18 75 20180 
10 32 33 75 20180 
10 32 48 75 20180 
10 33 3 75 20180 
10 33 18 75 20180 
10 33 33 75 20180 
10 33 48 75 20180 
10 34 3 75 20180 
10 34 18 75 20180 
10 34 33 75 20180 
10 34 48 75 20180 
10 35 3 75 20180 
10 35 18 75 20180 
10 35 33 75 20180 
10 35 48 75 20180 
10 36 3 75 20180 
10 36 18 75 20180 
10 36 33 75 20180 
10 36 48 75 20180 
10 37 3 75 20180 
10 37 18 75 20180 
10 37 33 75 20180 
10 37 48 75 20180 
10 38 3 75 20180 
10 38 18 75 20180 
10 38 33 75 20180 
10 38 48 75 20180 
10 39 3 75 20180 
10 39 18 75 20180 
10 39 33 75 20180 
10 39 48 75 20180 
10 40 3 75 20180 
10 40 18 75 20180 
10 40 33 75 20180 
10 40 48 75 20180 
10 41 3 75 20180 
10 41 18 75 20180 
10 41 33 75 20180 
10 41 48 75 20180 
10 42 3 75 20180 
10 42 18 75 20180 
10 42 33 75 20180 
10 42 48 75 20180 
10 43 3 75 20180 
10 43 18 75 20180 
10 43 33 75 20180 
10 43 48 75 20180 
10 44 3 75 20180 
10 44 18 75 20180 
10 44 33 75 20180 
10 44 48 75 20180 
10 45 3 75 20180 
10 45 18 75 20180 
10 45 33 75 20180 
10 45 48 75 20180 
10 46 3 75 20180 
10 46 18 75 20180 
10 47 23 75 20180 
10 47 38 75 20180 
10 47 53 75 20180 
10 48 8 75 20180 
10 48 23 75 20180 
10 48 38 75 20180 
10 48 53 75 20180 
10 49 8 75 20180 
10 49 23 75 20180 
10 49 38 75 20180 
10 49 53 75 20180 
10 50 8 75 20180 
10 50 23 75 20180 
10 50 38 75 20180 
10 50 53 75 20180 
10 51 8 75 20180 
10 51 23 75 20180 
10 51 38 75 20180 
10 51 53 75 20180 
10 52 8 75 20180 
10 52 23 75 20180 
10 52 38 75 20180 
10 52 53 75 20180 
10 53 8 75 20180 
10 53 23 75 20180 
10 53 38 75 20180 
10 53 53 75 20180 
10 54 8 75 20180 
10 54 23 75 20180 
10 54 38 75 20180 
10 54 53 75 20180 
10 55 8 75 20180 
10 55 23 75 20180 
10 55 38 75 20180 
10 55 53 75 20180 
10 56 8 75 20180 
10 56 23 75 20180 
10 56 38 75 20180 
10 56 53 75 20180 
10 57 8 75 20180 
10 57 23 75 20180 
10 57 38 75 20180 
10 57 53 75 20180 
10 58 8 75 20242 
10 58 23 75 20242 
10 58 38 75 20180 
10 58 53 75 20180 
10 59 8 75 20180 
10 59 23 75 20180 
10 59 38 75 20180 
10 59 53 75 20180 
11 0 8 75 20242 
11 0 23 75 20180 
11 0 38 75 20180 
11 0 53 75 20242 
11 1 8 75 20180 
11 1 23 75 20242 
11 1 38 75 20180 
11 2 28 75 20242 
11 2 43 74 20242 
11 2 58 75 20180 
11 3 13 75 20180 
11 3 28 75 20242 
11 3 43 75 20242 
11 3 58 75 20180 
11 4 13 75 20242 
11 4 28 75 20242 
11 4 43 75 20242 
11 4 58 75 20180 
11 5 13 75 20242 
11 5 28 75 20242 
11 5 43 75 20242 
11 5 58 75 20242 
11 6 13 75 20180 
11 6 28 75 20242 
11 6 43 75 20180 
11 6 58 75 20242 
11 7 13 75 20180 
11 7 28 75 20180 
11 7 43 75 20180 
11 7 58 75 20180 
11 8 13 75 20180 
11 8 28 75 20242 
11 8 43 75 20242 
11 8 58 75 20242 
11 9 13 75 20242 
11 9 28 75 20242 
11 9 43 75 20242 
11 9 58 75 20242 
11 10 14 76 20180 
11 10 29 75 20242 
11 10 44 75 20242 
11 10 58 74 20242 
11 11 13 75 20242 
11 11 28 75 20242 
11 11 43 75 20180 
11 11 58 75 20242 
11 12 13 75 20242 
11 12 28 75 20242 
11 12 43 75 20242 
11 12 58 75 20242 
11 13 13 75 20242 
11 13 28 75 20242 
11 13 43 75 20242 
11 13 58 75 20242 
11 14 13 75 20180 
11 14 28 75 20242 
11 14 43 75 20242 
11 14 58 75 20180 
11 15 13 75 20180 
11 15 28 75 20180 
11 15 43 75 20180 
11 15 58 75 20242 
11 16 13 75 20180 
11 16 28 75 20180 
11 16 43 75 20180 
11 16 58 75 20180 
11 18 4 75 20180 
11 18 18 74 20242 
11 18 33 75 20180 
11 18 48 75 20242 
11 19 3 75 20180 
11 19 18 75 20242 
11 19 33 75 20180 
11 19 48 75 20180 
11 20 3 75 20242 
11 20 18 75 20242 
11 20 33 75 20242 
11 20 48 75 20180 
11 21 3 75 20242 
11 21 18 75 20242 
11 21 33 75 20242 
11 21 48 75 20180 
11 22 3 75 20180 
11 22 18 75 20242 
11 22 33 75 20242 
11 22 48 75 20242 
11 23 3 75 20242 
11 23 18 75 20180 
11 23 33 75 20180 
11 23 48 75 20180 
11 24 3 75 20180 
11 24 18 75 20242 
11 24 33 75 20242 
11 24 48 75 20180 
11 25 3 75 20180 
11 25 18 75 20242 
11 25 33 75 20242 
11 25 48 75 20242 
11 26 3 75 20242 
11 26 18 75 20242 
11 26 33 75 20242 
11 26 49 75 20242 
11 27 4 75 20242 
11 27 19 75 20242 
11 27 34 75 20242 
11 27 49 75 20242 
11 28 4 75 20242 
11 28 19 75 20242 
11 28 34 75 20180 
11 28 49 75 20242 
11 29 4 75 20242 
11 29 19 75 20242 

/> 
read_ramp 07190844
read_ramp 07190844
<CR>Time:2021/07/19 11:17Ramp data first polarity: 
read_ramp 07190844
read_ramp 07190844
<CR>Time:2021/07/19 11:17Ramp data first polarity: 
176 176 176 177 176 177 176 178 176 177 176 176 177 177 177 176 177 177 177 177 176 176 176 176 176 177 177 176 176 176 176 176 177 178 176 177 177 177 177 176 177 177 176 177 177 176 176 177 177 176 177 176 176 176 176 176 176 177 176 177 177 177 177 177 182 184 188 193 196 196 196 197 199 201 205 207 210 210 211 214 215 218 220 222 224 227 229 231 234 235 237 239 241 242 244 246 247 250 253 254 256 257 259 261 264 266 267 269 272 273 275 277 279 280 282 285 285 288 290 292 293 295 299 299 301 303 305 307 309 311 312 313 316 318 320 322 324 325 327 328 332 333 334 337 338 341 343 344 346 347 349 352 353 355 357 358 360 362 364 365 367 369 371 373 374 376 378 380 382 383 386 388 389 390 392 394 396 399 400 401 403 404 406 409 411 411 413 415 417 419 421 423 424 426 427 430 431 433 435 436 437 440 441 443 444 446 448 450 453 453 454 458 458 460 461 464 465 466 469 470 471 473 476 477 478 480 482 483 483 486 488 490 491 493 496 496 497 499 500 503 503 505 507 506 506 506 506 506 506 507 <Warning: Maximal number of bytes per line exceeded! Check the end-of-line settings or increase the limit in the advanced terminal settings.>
