h

h
<CR>Bad command!

/> 
h
h
<CR>
Available commands
------------------
h or ?  ---------------> Alias for Help 
ls      ---------------> List of Files 
read XXXX -------------> read the daily file XXXX  (month/day) 
read_ramp XXXXXXXX ----> read the text file XXXXXXXX  (month/day/Hours/Minutes) 

/> 
ls
ls
<CR>
         TIME          Size       File name 
----A 2021/07/06 12:10      8816  0706
----A 2021/07/04 15:37     14456  0704
----A 2021/07/06 07:55    128640  07060740
----A 2021/07/06 08:11    128000  07060755
----A 2021/07/06 08:25    128640  07060810
----A 2021/07/06 08:41    128000  07060825
----A 2021/07/06 08:55    128640  07060840
----A 2021/07/06 09:10    128000  07060855
----A 2021/07/06 09:27    128640  07060910
----A 2021/07/06 09:42    128640  07060925
----A 2021/07/06 09:55    128640  07060940
----A 2021/07/06 10:11    128000  07060955
----A 2021/07/06 10:27    128640  07061010
----A 2021/07/06 10:43    128000  07061026
----A 2021/07/06 10:56    128640  07061041
----A 2021/07/06 11:11    128000  07061056
----A 2021/07/06 11:26    128640  07061111
----A 2021/07/04 12:09    128000  07041154
----A 2021/07/04 12:25    128000  07041209
----A 2021/07/04 12:39    128000  07041224
----A 2021/07/04 12:54    128000  07041239
----A 2021/07/04 13:11    128000  07041254
----A 2021/07/04 13:25    128000  07041310
----A 2021/07/04 13:40    128000  07041325
----A 2021/07/04 13:55    128000  07041340
----A 2021/07/04 14:11    128000  07041355
----A 2021/07/04 14:27    128000  07041410
----A 2021/07/04 14:42    128000  07041425
----A 2021/07/04 14:55    128000  07041440
----A 2021/07/04 15:11    128000  07041456
----A 2021/07/04 15:26    128000  07041511
----A 2021/07/04 15:27      2560  07041526
----A 2021/07/06 11:41    128640  07061126
----A 2021/07/06 11:57    128640  07061141
----A 2021/07/06 11:57      2560  07061156

  35 File(s),   4003432 bytes total
   0 Dir(s),     996544K bytes free

/> 
read 0706
read 0706
<CR>Time:2021/07/06 11:57
Hours Minutes Seconds  Nb_Samples    Aver. Current 
7 26 10 373 13886 
7 26 25 365 16761 
7 26 40 373 17006 
7 26 55 373 17006 
7 27 10 373 17006 
7 27 25 373 17006 
7 27 40 373 17006 
7 27 55 373 17006 
7 28 10 373 17006 
7 28 25 373 17006 
7 28 40 373 17006 
7 28 55 373 17006 
7 29 10 373 17006 
7 29 25 373 17006 
7 29 40 373 17006 
7 29 55 373 17006 
7 30 10 373 17006 
7 30 25 373 17006 
7 30 40 373 17006 
7 30 55 373 17006 
7 31 10 373 17006 
7 31 25 373 17006 
7 31 40 373 17006 
7 31 55 373 17006 
7 32 10 373 17006 
7 32 25 373 17006 
7 32 40 373 17006 
7 32 55 373 17006 
7 33 10 373 17006 
7 33 25 373 17006 
7 33 40 373 17006 
7 33 55 373 17006 
7 34 10 373 17006 
7 34 25 373 17006 
7 34 40 373 17006 
7 34 55 373 17006 
7 35 10 373 17006 
7 35 25 373 17006 
7 35 40 373 17006 
7 35 55 373 17006 
7 36 10 373 17006 
7 36 25 372 17006 
7 36 40 373 17006 
7 36 55 373 17006 
7 37 10 373 17006 
7 37 25 373 17006 
7 37 40 373 17006 
7 37 55 373 17006 
7 38 10 373 17006 
7 38 25 373 17006 
7 38 40 374 17006 
7 38 55 373 17006 
7 39 10 373 17006 
7 39 25 373 17006 
7 39 40 373 17006 
7 39 55 373 17006 
7 40 10 373 17006 
7 40 59 373 17006 
7 41 14 373 17006 
7 41 29 373 17006 
7 41 44 373 17006 
7 41 59 373 17006 
7 42 14 373 17006 
7 42 29 373 17006 
7 42 44 373 17006 
7 42 59 373 17006 
7 43 14 372 17006 
7 43 29 373 17006 
7 43 44 373 17006 
7 43 59 373 17006 
7 44 14 373 17006 
7 44 29 373 17006 
7 44 44 373 17006 
7 44 59 373 17006 
7 45 14 373 17006 
7 45 29 373 17006 
7 45 44 373 17006 
7 45 59 373 17006 
7 46 14 373 17006 
7 46 29 373 17006 
7 46 44 373 17006 
7 46 59 373 17006 
7 47 14 373 17006 
7 47 29 373 17006 
7 47 44 373 17006 
7 47 59 373 17006 
7 48 14 373 17006 
7 48 29 373 17006 
7 48 44 373 17006 
7 48 59 373 17006 
7 49 14 373 17006 
7 49 29 373 17006 
7 49 44 373 17006 
7 49 59 374 17006 
7 50 14 373 17006 
7 50 29 373 17006 
7 50 44 373 17006 
7 50 59 372 17006 
7 51 14 373 17006 
7 51 29 373 17006 
7 51 44 373 17006 
7 51 59 373 17006 
7 52 14 373 17006 
7 52 29 373 17006 
7 52 44 373 17006 
7 52 59 373 17006 
7 53 14 373 17006 
7 53 29 373 17006 
7 53 44 373 17006 
7 53 59 373 17006 
7 54 14 373 17006 
7 54 29 373 17006 
7 54 44 373 17006 
7 54 59 373 17006 
7 55 14 373 17006 
7 55 49 373 17006 
7 56 4 373 17006 
7 56 19 373 17006 
7 56 34 373 17006 
7 56 49 373 17006 
7 57 4 373 17006 
7 57 19 373 17006 
7 57 34 373 17006 
7 57 49 373 17006 
7 58 4 373 17006 
7 58 19 373 17006 
7 58 34 373 17006 
7 58 49 373 17006 
7 59 4 373 17006 
7 59 19 373 17006 
7 59 34 373 17006 
7 59 49 373 17006 
8 0 4 373 17006 
8 0 19 373 17006 
8 0 34 373 17006 
8 0 49 373 17006 
8 1 4 374 17006 
8 1 19 373 17006 
8 1 34 372 17006 
8 1 49 373 17006 
8 2 4 373 17006 
8 2 19 373 17006 
8 2 34 373 17006 
8 2 49 373 17006 
8 3 4 373 17006 
8 3 19 373 17006 
8 3 34 373 17006 
8 3 49 373 17006 
8 4 4 373 17006 
8 4 19 373 17006 
8 4 34 373 17006 
8 4 49 373 17006 
8 5 4 373 17006 
8 5 19 373 17006 
8 5 34 373 17006 
8 5 49 373 17006 
8 6 4 373 17006 
8 6 19 373 17006 
8 6 34 374 17006 
8 6 49 373 17006 
8 7 4 373 17006 
8 7 19 373 17006 
8 7 34 373 17006 
8 7 49 373 17006 
8 8 4 373 17006 
8 8 19 373 17006 
8 8 34 373 17006 
8 8 49 373 17006 
8 9 4 373 17006 
8 9 19 373 17006 
8 9 34 372 17006 
8 9 49 373 17006 
8 10 4 373 17006 
8 10 19 373 17006 
8 11 8 373 17006 
8 11 23 373 17006 
8 11 38 373 17006 
8 11 53 373 17006 
8 12 8 374 17006 
8 12 23 373 17006 
8 12 38 373 17006 
8 12 53 373 17006 
8 13 8 373 17006 
8 13 23 373 17006 
8 13 38 373 17006 
8 13 53 373 17006 
8 14 8 373 17006 
8 14 23 373 17006 
8 14 38 373 17006 
8 14 53 373 17006 
8 15 8 373 17006 
8 15 23 373 17006 
8 15 38 373 17006 
8 15 53 373 17006 
8 16 8 373 17006 
8 16 23 372 17006 
8 16 38 373 17006 
8 16 53 373 17006 
8 17 8 373 17006 
8 17 23 373 17006 
8 17 38 374 17006 
8 17 53 373 17006 
8 18 8 373 17006 
8 18 23 373 17006 
8 18 38 373 17006 
8 18 53 373 17006 
8 19 8 373 17006 
8 19 23 373 17006 
8 19 38 373 17006 
8 19 53 373 17006 
8 20 8 373 17006 
8 20 23 373 17006 
8 20 38 373 17006 
8 20 53 373 17006 
8 21 8 373 17006 
8 21 23 373 17006 
8 21 38 373 17006 
8 21 53 373 17006 
8 22 8 373 17006 
8 22 23 373 17006 
8 22 38 373 17006 
8 22 53 373 17006 
8 23 8 373 17006 
8 23 23 373 17006 
8 23 38 373 17006 
8 23 53 373 17006 
8 24 8 373 17006 
8 24 23 372 17006 
8 24 38 373 17006 
8 24 53 373 17006 
8 25 8 373 17006 
8 25 23 373 17006 
8 25 57 373 17006 
8 26 12 373 17006 
8 26 27 373 17006 
8 26 42 373 17006 
8 26 57 373 17006 
8 27 12 373 17006 
8 27 27 373 17006 
8 27 42 373 17006 
8 27 57 373 17006 
8 28 12 373 17006 
8 28 27 373 17006 
8 28 42 374 17006 
8 28 57 373 17006 
8 29 12 373 17006 
8 29 27 373 17006 
8 29 42 373 17006 
8 29 57 373 17006 
8 30 12 373 17006 
8 30 27 373 17006 
8 30 42 373 17006 
8 30 57 372 17006 
8 31 12 373 17006 
8 31 27 373 17006 
8 31 42 373 17006 
8 31 57 373 17006 
8 32 12 373 17006 
8 32 27 373 17006 
8 32 42 373 17006 
8 32 57 373 17006 
8 33 12 373 17006 
8 33 27 373 17006 
8 33 42 373 17006 
8 33 57 373 17006 
8 34 12 374 17006 
8 34 27 373 17006 
8 34 42 373 17006 
8 34 57 373 17006 
8 35 12 373 17006 
8 35 27 373 17006 
8 35 42 373 17006 
8 35 57 373 17006 
8 36 12 373 17006 
8 36 27 373 17006 
8 36 42 373 17006 
8 36 57 373 17006 
8 37 12 373 17006 
8 37 27 373 17006 
8 37 42 373 17006 
8 37 57 373 17006 
8 38 12 373 17006 
8 38 27 373 17006 
8 38 42 372 17006 
8 38 57 373 17006 
8 39 12 373 17006 
8 39 27 373 17006 
8 39 42 374 17006 
8 39 57 373 17006 
8 40 12 373 17006 
8 40 27 373 17006 
8 41 16 373 17006 
8 41 31 373 17006 
8 41 46 373 17006 
8 42 1 373 17006 
8 42 16 373 17006 
8 42 31 373 17006 
8 42 46 373 17006 
8 43 1 373 17006 
8 43 16 373 17006 
8 43 31 373 17006 
8 43 46 373 17006 
8 44 1 373 17006 
8 44 16 373 17006 
8 44 31 373 17006 
8 44 46 373 17006 
8 45 1 374 17006 
8 45 16 373 17006 
8 45 31 373 17006 
8 45 46 372 17006 
8 46 1 373 17006 
8 46 16 373 17006 
8 46 31 373 17006 
8 46 46 373 17006 
8 47 1 373 17006 
8 47 16 373 17006 
8 47 31 373 17006 
8 47 46 373 17006 
8 48 1 373 17006 
8 48 16 373 17006 
8 48 31 373 17006 
8 48 46 373 17006 
8 49 1 373 17006 
8 49 16 373 17006 
8 49 31 373 17006 
8 49 46 373 17006 
8 50 1 373 17006 
8 50 16 373 17006 
8 50 31 373 17006 
8 50 46 373 17006 
8 51 1 373 17006 
8 51 16 373 17006 
8 51 31 373 17006 
8 51 46 373 17006 
8 52 1 373 17006 
8 52 16 373 17006 
8 52 31 373 17006 
8 52 46 373 17006 
8 53 1 373 17006 
8 53 16 373 17006 
8 53 31 373 17006 
8 53 46 373 17006 
8 54 1 373 17006 
8 54 16 373 17006 
8 54 31 373 17006 
8 54 46 373 17006 
8 55 1 373 17006 
8 55 16 373 17006 
8 55 31 373 17006 
8 56 5 373 17006 
8 56 20 373 17006 
8 56 35 373 17006 
8 56 50 373 17006 
8 57 5 373 17006 
8 57 20 373 17006 
8 57 35 373 17006 
8 57 50 373 17006 
8 58 5 373 17006 
8 58 20 373 17006 
8 58 35 373 17006 
8 58 50 373 17006 
8 59 5 373 17006 
8 59 20 373 17006 
8 59 35 373 17006 
8 59 50 373 17006 
9 0 5 373 17006 
9 0 20 373 17006 
9 0 35 373 17006 
9 0 50 373 17006 
9 1 5 373 17006 
9 1 20 373 17006 
9 1 35 373 17006 
9 1 50 373 17006 
9 2 5 373 17006 
9 2 20 373 17006 
9 2 35 373 17006 
9 2 50 373 17006 
9 3 5 373 17006 
9 3 20 373 17006 
9 3 35 373 17006 
9 3 50 373 17006 
9 4 5 373 17006 
9 4 20 373 17006 
9 4 35 373 17006 
9 4 50 373 17006 
9 5 5 373 17006 
9 5 20 373 17006 
9 5 35 373 17006 
9 5 50 373 17006 
9 6 5 374 17006 
9 6 20 373 17006 
9 6 35 373 17006 
9 6 50 373 17006 
9 7 5 373 17006 
9 7 20 373 17006 
9 7 35 373 17006 
9 7 50 373 17006 
9 8 5 372 17006 
9 8 20 373 17006 
9 8 35 373 17006 
9 8 50 373 17006 
9 9 5 373 17006 
9 9 20 373 17006 
9 9 35 373 17006 
9 9 50 373 17006 
9 10 5 373 17006 
9 10 20 373 17006 
9 10 35 373 17006 
9 11 24 374 17006 
9 11 39 373 17006 
9 11 54 373 17006 
9 12 9 373 17006 
9 12 24 373 17006 
9 12 39 373 17006 
9 12 54 373 17006 
9 13 9 373 17006 
9 13 24 373 17006 
9 13 39 373 17006 
9 13 54 373 17006 
9 14 9 373 17006 
9 14 24 373 17006 
9 14 39 373 17006 
9 14 54 372 17006 
9 15 9 373 17006 
9 15 24 373 17006 
9 15 39 373 17006 
9 15 54 373 17006 
9 16 9 373 17006 
9 16 24 373 17006 
9 16 39 374 17006 
9 16 54 373 17006 
9 17 9 373 17006 
9 17 24 373 17006 
9 17 39 373 17006 
9 17 54 373 17006 
9 18 9 373 17006 
9 18 24 373 17006 
9 18 39 373 17006 
9 18 54 373 17006 
9 19 9 373 17006 
9 19 24 373 17006 
9 19 39 373 17006 
9 19 54 373 17006 
9 20 9 373 17006 
9 20 24 373 17006 
9 20 39 373 17006 
9 20 54 373 17006 
9 21 9 373 17006 
9 21 24 373 17006 
9 21 39 373 17006 
9 21 54 373 17006 
9 22 9 373 17006 
9 22 24 373 17006 
9 22 39 373 17006 
9 22 54 372 17006 
9 23 9 373 17006 
9 23 24 373 17006 
9 23 39 373 17006 
9 23 54 373 17006 
9 24 9 373 17006 
9 24 24 373 17006 
9 24 39 373 17006 
9 24 54 373 17006 
9 25 9 373 17006 
9 25 24 373 17006 
9 25 39 373 17006 
9 26 28 373 17006 
9 26 43 374 17006 
9 26 58 373 17006 
9 27 13 373 17006 
9 27 28 373 17006 
9 27 43 373 17006 
9 27 58 373 17006 
9 28 13 373 17006 
9 28 28 373 17006 
9 28 43 373 17006 
9 28 58 373 17006 
9 29 13 373 17006 
9 29 28 373 17006 
9 29 43 372 17006 
9 29 58 373 17006 
9 30 13 373 17006 
9 30 28 373 17006 
9 30 43 373 17006 
9 30 58 373 17006 
9 31 13 373 17006 
9 31 28 373 17006 
9 31 43 373 17006 
9 31 58 374 17006 
9 32 13 373 17006 
9 32 28 373 17006 
9 32 43 373 17006 
9 32 58 373 17006 
9 33 13 373 17006 
9 33 28 373 17006 
9 33 43 373 17006 
9 33 58 373 17006 
9 34 13 373 17006 
9 34 28 373 17006 
9 34 43 373 17006 
9 34 58 373 17006 
9 35 13 373 17006 
9 35 28 373 17006 
9 35 43 373 17006 
9 35 58 373 17006 
9 36 13 373 17006 
9 36 28 373 17006 
9 36 43 373 17006 
9 36 58 373 17006 
9 37 13 373 17006 
9 37 28 373 17006 
9 37 43 373 17006 
9 37 58 373 17006 
9 38 13 373 17006 
9 38 28 373 17006 
9 38 43 373 17006 
9 38 58 373 17006 
9 39 13 373 17006 
9 39 28 373 17006 
9 39 43 373 17006 
9 39 58 373 17006 
9 40 13 373 17006 
9 40 28 373 17006 
9 40 43 373 17006 
9 41 32 373 17006 
9 41 47 373 17006 
9 42 2 374 17006 
9 42 17 373 17006 
9 42 32 373 17006 
9 42 47 373 17006 
9 43 2 373 17006 
9 43 17 373 17006 
9 43 32 373 17006 
9 43 47 373 17006 
9 44 2 373 17006 
9 44 17 372 17006 
9 44 32 373 17006 
9 44 47 373 17006 
9 45 2 373 17006 
9 45 17 373 17006 
9 45 32 373 17006 
9 45 47 373 17006 
9 46 2 373 17006 
9 46 17 373 17006 
9 46 32 373 17006 
9 46 47 373 17006 
9 47 2 373 17006 
9 47 17 374 17006 
9 47 32 373 17006 
9 47 47 373 17006 
9 48 2 373 17006 
9 48 17 373 17006 
9 48 32 373 17006 
9 48 47 373 17006 
9 49 2 373 17006 
9 49 17 373 17006 
9 49 32 373 17006 
9 49 47 373 17006 
9 50 2 373 17006 
9 50 17 373 17006 
9 50 32 373 17006 
9 50 47 373 17006 
9 51 2 373 17006 
9 51 17 373 17006 
9 51 32 373 17006 
9 51 47 373 17006 
9 52 2 373 17006 
9 52 17 373 17006 
9 52 32 373 17006 
9 52 47 373 17006 
9 53 2 373 17006 
9 53 17 373 17006 
9 53 32 373 17006 
9 53 47 373 17006 
9 54 2 373 17006 
9 54 17 373 17006 
9 54 32 373 17006 
9 54 47 373 17006 
9 55 2 373 17006 
9 55 17 373 17006 
9 55 32 373 17006 
9 55 47 373 17006 
9 56 21 373 17006 
9 56 36 373 17006 
9 56 51 373 17006 
9 57 6 373 17006 
9 57 21 374 17006 
9 57 36 373 17006 
9 57 51 373 17006 
9 58 6 373 17006 
9 58 21 373 17006 
9 58 36 373 17006 
9 58 51 372 17006 
9 59 6 373 17006 
9 59 21 373 17006 
9 59 36 373 17006 
9 59 51 373 17006 
10 0 6 373 17006 
10 0 21 373 17006 
10 0 36 373 17006 
10 0 51 373 17006 
10 1 6 373 17006 
10 1 21 373 17006 
10 1 36 373 17006 
10 1 51 373 17006 
10 2 6 373 17006 
10 2 21 373 17006 
10 2 36 374 17006 
10 2 51 373 17006 
10 3 6 373 17006 
10 3 21 373 17006 
10 3 36 373 17006 
10 3 51 373 17006 
10 4 6 373 17006 
10 4 21 373 17006 
10 4 36 373 17006 
10 4 51 373 17006 
10 5 6 373 17006 
10 5 21 373 17006 
10 5 36 373 17006 
10 5 51 373 17006 
10 6 6 373 17006 
10 6 21 373 17006 
10 6 36 372 17006 
10 6 51 373 17006 
10 7 6 373 17006 
10 7 21 373 17006 
10 7 36 374 17006 
10 7 51 373 17006 
10 8 6 373 17006 
10 8 21 373 17006 
10 8 36 373 17006 
10 8 51 373 17006 
10 9 6 373 17006 
10 9 21 373 17006 
10 9 36 373 17006 
10 9 51 373 17006 
10 10 6 373 17006 
10 10 21 373 17006 
10 10 36 373 17006 
10 10 51 373 17006 
10 11 40 373 17006 
10 11 55 373 17006 
10 12 10 373 17006 
10 12 25 373 17006 
10 12 40 374 17006 
10 12 55 373 17006 
10 13 10 373 17006 
10 13 25 373 17006 
10 13 40 372 17006 
10 13 55 373 17006 
10 14 10 373 17006 
10 14 25 373 17006 
10 14 40 373 17006 
10 14 55 373 17006 
10 15 10 373 17006 
10 15 25 373 17006 
10 15 40 373 17006 
10 15 55 373 17006 
10 16 10 373 17006 
10 16 25 373 17006 
10 16 40 373 17006 
10 16 55 373 17006 
10 17 10 373 17006 
10 17 25 373 17006 
10 17 40 373 17006 
10 17 55 373 17006 
10 18 10 373 17006 
10 18 25 373 17006 
10 18 40 373 17006 
10 18 55 373 17006 
10 19 10 373 17006 
10 19 25 373 17006 
10 19 40 373 17006 
10 19 55 373 17006 
10 20 10 373 17006 
10 20 25 373 17006 
10 20 40 373 17006 
10 20 55 373 17006 
10 21 10 373 17006 
10 21 25 373 17006 
10 21 40 373 17006 
10 21 55 373 17006 
10 22 10 373 17006 
10 22 25 373 17006 
10 22 40 373 17006 
10 22 55 373 17006 
10 23 10 373 17006 
10 23 25 373 17006 
10 23 40 373 17006 
10 23 55 373 17006 
10 24 10 373 17006 
10 24 25 373 17006 
10 24 40 373 17006 
10 24 55 373 17006 
10 25 10 373 17006 
10 25 25 373 17006 
10 25 40 373 17006 
10 25 55 373 17006 
10 26 29 373 17006 
10 26 44 373 17006 
10 26 59 373 17006 
10 27 14 373 17006 
10 27 29 373 17006 
10 27 44 373 17006 
10 27 59 373 17006 
10 28 14 373 17006 
10 28 29 373 17006 
10 28 44 373 17006 
10 28 59 373 17006 
10 29 14 373 17006 
10 29 29 373 17006 
10 29 44 373 17006 
10 29 59 373 17006 
10 30 14 373 17006 
10 30 29 373 17006 
10 30 44 373 17006 
10 30 59 373 17006 
10 31 14 373 17006 
10 31 29 373 17006 
10 31 44 373 17006 
10 31 59 373 17006 
10 32 14 373 17006 
10 32 29 373 17006 
10 32 44 373 17006 
10 32 59 374 17006 
10 33 14 373 17006 
10 33 29 373 17006 
10 33 44 373 17006 
10 33 59 373 17006 
10 34 14 373 17006 
10 34 29 373 17006 
10 34 44 373 17006 
10 34 59 373 17006 
10 35 14 373 17006 
10 35 29 373 17006 
10 35 44 373 17006 
10 35 59 372 17006 
10 36 14 373 17006 
10 36 29 373 17006 
10 36 44 373 17006 
10 36 59 373 17006 
10 37 14 373 17006 
10 37 29 373 17006 
10 37 44 373 17006 
10 37 59 373 17006 
10 38 14 373 17006 
10 38 29 373 17006 
10 38 44 373 17006 
10 38 59 373 17006 
10 39 14 373 17006 
10 39 29 373 17006 
10 39 44 373 17006 
10 39 59 373 17006 
10 40 14 373 17006 
10 40 29 373 17006 
10 40 44 373 17006 
10 40 59 373 17006 
10 41 48 373 17006 
10 42 3 373 17006 
10 42 18 373 17006 
10 42 33 373 17006 
10 42 48 373 17006 
10 43 3 373 17006 
10 43 18 373 17006 
10 43 33 373 17006 
10 43 48 373 17006 
10 44 3 373 17006 
10 44 18 373 17006 
10 44 33 373 17006 
10 44 48 373 17006 
10 45 3 373 17006 
10 45 18 373 17006 
10 45 33 373 17006 
10 45 48 373 17006 
10 46 3 373 17006 
10 46 18 373 17006 
10 46 33 373 17006 
10 46 48 373 17006 
10 47 3 373 17006 
10 47 18 373 17006 
10 47 33 373 17006 
10 47 48 373 17006 
10 48 3 373 17006 
10 48 18 374 17006 
10 48 33 373 17006 
10 48 48 373 17006 
10 49 3 373 17006 
10 49 18 373 17006 
10 49 33 373 17006 
10 49 48 373 17006 
10 50 3 373 17006 
10 50 18 373 17006 
10 50 33 373 17006 
10 50 48 372 17006 
10 51 3 373 17006 
10 51 18 373 17006 
10 51 33 373 17006 
10 51 48 373 17006 
10 52 3 373 17006 
10 52 18 373 17006 
10 52 33 373 17006 
10 52 48 373 17006 
10 53 3 373 17006 
10 53 18 374 17006 
10 53 33 373 17006 
10 53 48 373 17006 
10 54 3 373 17006 
10 54 18 373 17006 
10 54 33 373 17006 
10 54 48 373 17006 
10 55 3 373 17006 
10 55 18 373 17006 
10 55 33 373 17006 
10 55 48 373 17006 
10 56 3 373 17006 
10 56 37 373 17006 
10 56 52 373 17006 
10 57 7 373 17006 
10 57 22 372 17006 
10 57 37 373 17006 
10 57 52 373 17006 
10 58 7 373 17006 
10 58 22 374 17006 
10 58 37 373 17006 
10 58 52 373 17006 
10 59 7 373 17006 
10 59 22 373 17006 
10 59 37 373 17006 
10 59 52 373 17006 
11 0 7 373 17006 
11 0 22 373 17006 
11 0 37 373 17006 
11 0 52 373 17006 
11 1 7 373 17006 
11 1 22 373 17006 
11 1 37 373 17006 
11 1 52 373 17006 
11 2 7 373 17006 
11 2 22 373 17006 
11 2 37 373 17006 
11 2 52 373 17006 
11 3 7 373 17006 
11 3 22 373 17006 
11 3 37 373 17006 
11 3 52 373 17006 
11 4 7 373 17006 
11 4 22 373 17006 
11 4 37 373 17006 
11 4 52 373 17006 
11 5 7 373 17006 
11 5 22 373 17006 
11 5 37 373 17006 
11 5 52 373 17006 
11 6 7 373 17006 
11 6 22 373 17006 
11 6 37 373 17006 
11 6 52 373 17006 
11 7 7 373 17006 
11 7 22 373 17006 
11 7 37 373 17006 
11 7 52 373 17006 
11 8 7 373 17006 
11 8 22 373 17006 
11 8 37 373 17006 
11 8 52 373 17006 
11 9 7 373 17006 
11 9 22 373 17006 
11 9 37 373 17006 
11 9 52 373 17006 
11 10 7 373 17006 
11 10 22 373 17006 
11 10 37 373 17006 
11 10 52 373 17006 
11 11 7 373 17006 
11 11 56 373 17006 
11 12 11 372 17006 
11 12 26 373 17006 
11 12 41 373 17006 
11 12 56 373 17006 
11 13 11 373 17006 
11 13 26 373 17006 
11 13 41 374 17006 
11 13 56 373 17006 
11 14 11 373 17006 
11 14 26 373 17006 
11 14 41 373 17006 
11 14 56 373 17006 
11 15 11 373 17006 
11 15 26 373 17006 
11 15 41 373 17006 
11 15 56 373 17006 
11 16 11 373 17006 
11 16 26 373 17006 
11 16 41 373 17006 
11 16 56 373 17006 
11 17 11 373 17006 
11 17 26 373 17006 
11 17 41 373 17006 
11 17 56 373 17006 
11 18 11 373 17006 
11 18 26 373 17006 
11 18 42 373 17006 
11 18 57 373 17006 
11 19 12 373 17006 
11 19 27 373 17006 
11 19 42 373 17006 
11 19 57 373 17006 
11 20 12 373 17006 
11 20 27 373 17006 
11 20 42 373 17006 
11 20 57 373 17006 
11 21 12 373 17006 
11 21 27 373 17006 
11 21 42 373 17006 
11 21 57 373 17006 
11 22 12 373 17006 
11 22 27 373 17006 
11 22 42 373 17006 
11 22 57 373 17006 
11 23 12 373 17006 
11 23 27 373 17006 
11 23 42 373 17006 
11 23 57 373 17006 
11 24 12 373 17006 
11 24 27 373 17006 
11 24 42 373 17006 
11 24 57 373 17006 
11 25 12 373 17006 
11 25 27 373 17006 
11 25 42 373 17006 
11 25 57 373 17006 
11 26 12 373 17006 
11 27 2 373 17006 
11 27 17 373 17006 
11 27 32 373 17006 
11 27 47 373 17006 
11 28 2 373 17006 
11 28 17 373 17006 
11 28 32 373 17006 
11 28 47 374 17006 
11 29 2 373 17006 
11 29 17 373 17006 
11 29 32 373 17006 
11 29 47 373 17006 
11 30 2 373 17006 
11 30 17 373 17006 
11 30 32 373 17006 
11 30 47 373 17006 
11 31 2 373 17006 
11 31 17 373 17006 
11 31 32 373 17006 
11 31 47 373 17006 
11 32 2 373 17006 
11 32 17 373 17006 
11 32 32 373 17006 
11 32 47 373 17006 
11 33 2 373 17006 
11 33 17 373 17006 
11 33 32 373 17006 
11 33 47 373 17006 
11 34 2 373 17006 
11 34 17 373 17006 
11 34 32 373 17006 
11 34 47 372 17006 
11 35 2 373 17006 
11 35 17 373 17006 
11 35 32 373 17006 
11 35 47 373 17006 
11 36 2 373 17006 
11 36 17 373 17006 
11 36 32 373 17006 
11 36 47 373 17006 
11 37 2 373 17006 
11 37 17 373 17006 
11 37 32 373 17006 
11 37 47 373 17006 
11 38 2 373 17006 
11 38 17 373 17006 
11 38 32 373 17006 
11 38 47 373 17006 
11 39 2 374 17006 
11 39 17 373 17006 
11 39 32 373 17006 
11 39 47 373 17006 
11 40 2 373 17006 
11 40 17 373 17006 
11 40 32 373 17006 
11 40 47 373 17006 
11 41 2 373 17006 
11 41 17 373 17006 
11 42 7 373 17006 
11 42 22 373 17006 
11 42 37 373 17006 
11 42 52 373 17006 
11 43 7 373 17006 
11 43 22 373 17006 
11 43 37 373 17006 
11 43 52 373 17006 
11 44 7 374 17006 
11 44 22 373 17006 
11 44 37 373 17006 
11 44 52 373 17006 
11 45 7 373 17006 
11 45 22 373 17006 
11 45 37 373 17006 
11 45 52 373 17006 
11 46 7 373 17006 
11 46 22 373 17006 
11 46 37 373 17006 
11 46 52 373 17006 
11 47 7 373 17006 
11 47 22 373 17006 
11 47 37 373 17006 
11 47 52 373 17006 
11 48 7 373 17006 
11 48 22 373 17006 
11 48 37 373 17006 
11 48 52 373 17006 
11 49 7 373 17006 
11 49 22 373 17006 
11 49 37 373 17006 
11 49 52 373 17006 
11 50 7 373 17006 
11 50 22 373 17006 
11 50 37 373 17006 
11 50 52 373 17006 
11 51 7 373 17006 
11 51 22 373 17006 
11 51 37 373 17006 
11 51 52 373 17006 
11 52 7 373 17006 
11 52 22 373 17006 
11 52 37 373 17006 
11 52 52 373 17006 
11 53 7 373 17006 
11 53 22 373 17006 
11 53 37 373 17006 
11 53 52 373 17006 
11 54 7 373 17006 
11 54 22 373 17006 
11 54 37 373 17006 
11 54 52 373 17006 
11 55 7 373 17006 
11 55 22 373 17006 
11 55 37 373 17006 
11 55 52 373 17006 
11 56 7 373 17006 
11 56 22 373 17006 
11 57 12 373 17006 
11 57 27 373 17006 
11 57 42 373 17006 
11 57 57 373 17006 
11 58 12 373 17006 
11 58 27 373 17006 
11 58 42 373 17006 
11 58 57 373 17006 
11 59 12 373 17006 
11 59 27 374 17006 
11 59 42 373 17006 
11 59 57 373 17006 
12 0 12 373 17006 
12 0 27 373 17006 
12 0 42 373 17006 
12 0 57 373 17006 
12 1 12 373 17006 
12 1 27 373 17006 
12 1 42 373 17006 
12 1 57 373 17006 
12 2 12 373 17006 
12 2 27 373 17006 
12 2 42 373 17006 
12 2 57 373 17006 
12 3 12 373 17006 
12 3 27 373 17006 
12 3 42 373 17006 
12 3 57 373 17006 
12 4 12 372 17006 
12 4 27 373 17006 
12 4 42 373 17006 
12 4 57 373 17006 
12 5 12 373 17006 
12 5 27 373 17006 
12 5 42 373 17006 
12 5 57 373 17006 
12 6 12 373 17006 
12 6 27 373 17006 
12 6 42 373 17006 
12 6 57 373 17006 
12 7 12 373 17006 
12 7 27 373 17006 
12 7 42 373 17006 
12 7 57 373 17006 
12 8 12 373 17006 
12 8 27 373 17006 
12 8 42 373 17006 
12 8 57 373 17006 
12 9 12 373 17006 
12 9 27 374 17006 
12 9 42 373 17006 
12 9 57 373 17006 
12 10 12 373 17006 

/> 