h
h
<CR>
Available commands
------------------
h or ?  ---------------> Alias for Help 
ls      ---------------> List of Files 
read XXXX -------------> read the daily file XXXX  (month/day) 
read_ramp XXXXXXXX ----> read the text file XXXXXXXX  (month/day/Hours/Minutes) 

/> 
ls
ls
<CR>
         TIME          Size       File name 
----A 2021/11/11 15:49       120  1111
----A 2021/11/12 11:09      4168  1112
----A 2021/11/12 09:19    128000  11120902
----A 2021/11/12 09:35    128000  11120918
----A 2021/11/12 09:51    128000  11120934
----A 2021/11/12 10:07    128000  11120950
----A 2021/11/12 10:23    128000  11121006
----A 2021/11/12 10:39    128000  11121022
----A 2021/11/12 10:55    128000  11121038
----A 2021/11/12 10:54      2560  11121054
----A 2021/11/13 12:21      5352  1113
----A 2021/11/03 13:15      7088  1103
----A 2021/11/13 09:37    128000  11130921
----A 2021/11/13 09:53    128000  11130937
----A 2021/11/13 10:09    128000  11130953
----A 2021/11/13 10:25    128000  11131009
----A 2021/11/13 10:41    128000  11131025
----A 2021/11/13 10:57    128000  11131041
----A 2021/11/13 11:13    128000  11131057
----A 2021/11/13 11:29    128000  11131113
----A 2021/11/13 11:45    128000  11131129
----A 2021/11/13 11:45      2560  11131145
----A 2021/11/03 12:39    128000  11031224
----A 2021/11/03 12:55    128000  11031240
----A 2021/11/03 13:11    128000  11031256
----A 2021/11/03 13:12      2560  11031312
----A 2021/11/04 12:39      6672  1104
----A 2021/11/04 09:23    128000  11040906
----A 2021/11/04 09:39    128000  11040922
----A 2021/11/04 09:55    128000  11040938
----A 2021/11/04 10:11    128000  11040954
----A 2021/11/04 10:27    128000  11041010
----A 2021/11/04 10:43    128000  11041026
----A 2021/11/04 10:59    128000  11041042
----A 2021/11/04 11:15    128000  11041058
----A 2021/11/04 11:31    128000  11041114
----A 2021/11/04 11:47    128000  11041130
----A 2021/11/04 12:03    128000  11041146
----A 2021/11/04 12:19    128000  11041202
----A 2021/11/04 12:35    128000  11041218
----A 2021/11/04 12:35      2560  11041234

  41 File(s),   4129640 bytes total
   0 Dir(s),     996336K bytes free

/> 
read 1113
read 1113
<CR>Time:2021/11/04 12:35
Hours Minutes Seconds  Nb_Samples    Aver. Current 
9 6 21 25 2702 
9 6 35 24 3303 
9 6 51 26 6486 
9 7 5 24 6726 
9 7 20 25 6726 
9 7 35 25 7867 
9 7 50 25 8828 
9 8 5 25 9669 
9 8 20 25 10030 
9 8 35 25 10210 
9 8 50 25 10510 
9 9 5 25 10570 
9 9 20 25 10570 
9 9 35 25 10570 
9 9 50 25 10570 
9 10 5 25 10570 
9 11 19 25 10570 
9 11 34 25 10570 
9 11 49 25 10570 
9 12 4 25 10570 
9 12 19 25 10570 
9 12 34 25 10570 
9 12 49 25 10570 
9 13 4 25 10570 
9 13 19 25 10570 
9 13 34 25 10570 
9 13 49 25 10570 
9 14 4 25 10570 
9 14 19 25 10570 
9 14 34 25 10570 
9 14 49 25 10570 
9 15 4 25 10570 
9 15 19 25 10570 
9 15 34 25 10570 
9 15 49 25 10570 
9 16 4 25 10570 
9 16 19 25 10570 
9 16 34 25 10570 
9 16 49 25 10570 
9 17 4 25 10570 
9 17 19 25 10570 
9 17 34 25 10570 
9 17 49 25 10570 
9 18 4 25 10570 
9 18 19 25 10570 
9 18 34 25 10570 
9 18 49 25 10570 
9 19 4 25 10570 
9 19 19 25 10570 
9 19 34 25 10570 
9 19 49 25 10570 
9 20 4 25 10570 
9 20 19 25 10570 
9 21 56 25 10570 
9 22 11 25 10570 
9 22 26 25 10570 
9 22 41 25 10570 
9 22 56 25 10570 
9 23 11 25 10570 
9 23 26 25 10570 
9 23 41 25 10570 
9 23 56 25 10570 
9 24 11 25 10570 
9 24 26 25 10570 
9 24 41 25 10570 
9 24 56 25 10570 
9 25 11 25 10570 
9 25 26 25 10570 
9 25 41 25 10570 
9 25 56 25 10570 
9 26 11 25 10570 
9 26 26 25 10570 
9 26 41 25 10570 
9 26 56 25 10570 
9 27 11 25 10570 
9 27 26 25 10570 
9 27 41 25 10570 
9 27 56 25 10570 
9 28 11 25 10570 
9 28 26 25 10570 
9 28 41 25 10570 
9 28 56 25 10570 
9 29 11 25 10570 
9 29 26 25 10570 
9 29 41 25 10570 
9 29 56 25 10570 
9 30 11 25 10570 
9 30 26 25 10570 
9 30 41 25 10570 
9 30 56 25 10570 
9 31 11 25 10570 
9 31 26 25 10570 
9 31 41 25 10570 
9 31 56 25 10570 
9 32 11 25 10570 
9 32 26 25 10570 
9 32 41 25 10570 
9 32 56 25 10570 
9 33 11 25 10570 
9 33 26 25 10570 
9 33 41 25 10570 
9 33 56 25 10570 
9 34 11 25 10570 
9 34 26 25 10570 
9 34 41 25 10570 
9 34 56 25 10570 
9 35 11 25 10570 
9 35 26 25 10570 
9 35 41 25 10570 
9 35 56 25 10570 
9 36 11 25 10570 
9 36 26 25 10570 
9 37 56 25 10570 
9 38 11 25 10570 
9 38 26 25 10570 
9 38 41 25 10570 
9 38 56 25 10570 
9 39 11 25 10570 
9 39 26 25 10570 
9 39 41 25 10570 
9 39 56 25 10570 
9 40 11 25 10570 
9 40 26 25 10570 
9 40 41 25 10570 
9 40 56 25 10570 
9 41 11 25 10570 
9 41 26 25 10570 
9 41 41 25 10570 
9 41 56 25 10570 
9 42 11 25 10570 
9 42 26 25 10570 
9 42 41 25 10570 
9 42 56 25 10570 
9 43 11 25 10570 
9 43 26 25 10570 
9 43 41 25 10570 
9 43 56 25 10570 
9 44 11 25 10570 
9 44 26 25 10570 
9 44 41 25 10570 
9 44 56 25 10570 
9 45 11 25 10570 
9 45 26 25 10570 
9 45 41 25 10570 
9 45 56 25 10570 
9 46 11 25 10570 
9 46 26 25 10570 
9 46 41 25 10570 
9 46 56 25 10570 
9 47 11 25 10570 
9 47 26 25 10570 
9 47 41 25 10570 
9 47 56 25 10570 
9 48 11 25 10570 
9 48 26 25 10570 
9 48 41 25 10570 
9 48 56 25 10570 
9 49 11 25 10570 
9 49 26 25 10570 
9 49 41 25 10570 
9 49 56 25 10570 
9 50 11 25 10570 
9 50 26 25 10570 
9 50 41 25 10570 
9 50 56 25 10570 
9 51 11 25 10570 
9 51 26 25 10570 
9 51 41 25 10570 
9 51 56 25 10570 
9 52 11 25 10570 
9 52 26 25 10570 
9 53 56 25 10570 
9 54 11 25 10570 
9 54 26 25 10570 
9 54 41 25 10570 
9 54 56 25 10570 
9 55 11 25 10570 
9 55 26 25 10570 
9 55 41 25 10570 
9 55 56 25 10570 
9 56 11 25 10570 
9 56 26 25 10570 
9 56 41 25 10570 
9 56 56 25 10570 
9 57 11 25 10570 
9 57 26 25 10570 
9 57 41 25 10570 
9 57 56 25 10570 
9 58 11 25 10570 
9 58 26 25 10570 
9 58 41 25 10570 
9 58 56 25 10570 
9 59 11 25 10570 
9 59 26 25 10570 
9 59 41 25 10570 
9 59 56 25 10570 
10 0 11 25 10570 
10 0 26 25 10570 
10 0 41 25 10570 
10 0 56 25 10570 
10 1 11 25 10570 
10 1 26 25 10570 
10 1 41 25 10570 
10 1 56 25 10570 
10 2 11 25 10570 
10 2 26 25 10570 
10 2 41 25 10570 
10 2 56 25 10570 
10 3 11 25 105econds  Nb_Samples    Aver. Current 
9 6 21 25 2702 
9 6 35 24 3303 
9 6 51 26 6486 
9 7 5 24 6726 
9 7 20 25 6726 
9 7 35 25 7867 
9 7 50 25 8828 
9 8 5 25 9669 
9 8 20 25 10030 
9 8 35 25 10210 
9 8 50 25 10510 
9 9 5 25 10570 
9 9 20 25 10570 
9 9 35 25 10570 
9 9 50 25 10570 
9 10 5 25 10570 
9 11 19 25 10570 
9 11 34 25 10570 
9 11 49 25 10570 
9 12 4 25 10570 
9 12 19 25 10570 
9 12 34 25 10570 
9 12 49 25 10570 
9 13 4 25 10570 
9 13 19 25 10570 
9 13 34 25 10570 
9 13 49 25 10570 
9 14 4 25 10570 
9 14 19 25 10570 
9 14 34 25 10570 
9 14 49 25 10570 
9 15 4 25 10570 
9 15 19 25 10570 
9 15 34 25 10570 
9 15 49 25 10570 
9 16 4 25 10570 
9 16 19 25 10570 
9 16 34 25 10570 
9 16 49 25 10570 
9 17 4 25 10570 
9 17 19 25 10570 
9 17 34 25 10570 
9 17 49 25 10570 
9 18 4 25 10570 
9 18 19 25 10570 
9 18 34 25 10570 
9 18 49 25 10570 
9 19 4 25 10570 
9 19 19 25 10570 
9 19 34 25 10570 
9 19 49 25 10570 
9 20 4 25 10570 
9 20 19 25 10570 
9 21 56 25 10570 
9 22 11 25 10570 
9 22 26 25 10570 
9 22 41 25 10570 
9 22 56 25 10570 
9 23 11 25 10570 
9 23 26 25 10570 
9 23 41 25 10570 
9 23 56 25 10570 
9 24 11 25 10570 
9 24 26 25 10570 
9 24 41 25 10570 
9 24 56 25 10570 
9 25 11 25 10570 
9 25 26 25 10570 
9 25 41 25 10570 
9 25 56 25 10570 
9 26 11 25 10570 
9 26 26 25 10570 
9 26 41 25 10570 
9 26 56 25 10570 
9 27 11 25 10570 
9 27 26 25 10570 
9 27 41 25 10570 
9 27 56 25 10570 
9 28 11 25 10570 
9 28 26 25 10570 
9 28 41 25 10570 
9 28 56 25 10570 
9 29 11 25 10570 
9 29 26 25 10570 
9 29 41 25 10570 
9 29 56 25 10570 
9 30 11 25 10570 
9 30 26 25 10570 
9 30 41 25 10570 
9 30 56 25 10570 
9 31 11 25 10570 
9 31 26 25 10570 
9 31 41 25 10570 
9 31 56 25 10570 
9 32 11 25 10570 
9 32 26 25 10570 
9 32 41 25 10570 
9 32 56 25 10570 
9 33 11 25 10570 
9 33 26 25 10570 
9 33 41 25 10570 
9 33 56 25 10570 
9 34 11 25 10570 
9 34 26 25 10570 
9 34 41 25 10570 
9 34 56 25 10570 
9 35 11 25 10570 
9 35 26 25 10570 
9 35 41 25 10570 
9 35 56 25 10570 
9 36 11 25 10570 
9 36 26 25 10570 
9 37 56 25 10570 
9 38 11 25 10570 
9 38 26 25 10570 
9 38 41 25 10570 
9 38 56 25 10570 
9 39 11 25 10570 
9 39 26 25 10570 
9 39 41 25 10570 
9 39 56 25 10570 
9 40 11 25 10570 
9 40 26 25 10570 
9 40 41 25 10570 
9 40 56 25 10570 
9 41 11 25 10570 
9 41 26 25 10570 
9 41 41 25 10570 
9 41 56 25 10570 
9 42 11 25 10570 
9 42 26 25 10570 
9 42 41 25 10570 
9 42 56 25 10570 
9 43 11 25 10570 
9 43 26 25 10570 
9 43 41 25 10570 
9 43 56 25 10570 
9 44 11 25 10570 
9 44 26 25 10570 
9 44 41 25 10570 
9 44 56 25 10570 
9 45 11 25 10570 
9 45 26 25 10570 
9 45 41 25 10570 
9 45 56 25 10570 
9 46 11 25 10570 
9 46 26 25 10570 
9 46 41 25 10570 
9 46 56 25 10570 
9 47 11 25 10570 
9 47 26 25 10570 
9 47 41 25 10570 
9 47 56 25 10570 
9 48 11 25 10570 
9 48 26 25 10570 
9 48 41 25 10570 
9 48 56 25 10570 
9 49 11 25 10570 
9 49 26 25 10570 
9 49 41 25 10570 
9 49 56 25 10570 
9 50 11 25 10570 
9 50 26 25 10570 
9 50 41 25 10570 
9 50 56 25 10570 
9 51 11 25 10570 
9 51 26 25 10570 
9 51 41 25 10570 
9 51 56 25 10570 
9 52 11 25 10570 
9 52 26 25 10570 
9 53 56 25 10570 
9 54 11 25 10570 
9 54 26 25 10570 
9 54 41 25 10570 
9 54 56 25 10570 
9 55 11 25 10570 
9 55 26 25 10570 
9 55 41 25 10570 
9 55 56 25 10570 
9 56 11 25 10570 
9 56 26 25 10570 
9 56 41 25 10570 
9 56 56 25 10570 
9 57 11 25 10570 
9 57 26 25 10570 
9 57 41 25 10570 
9 57 56 25 10570 
9 58 11 25 10570 
9 58 26 25 10570 
9 58 41 25 10570 
9 58 56 25 10570 
9 59 11 25 10570 
9 59 26 25 10570 
9 59 41 25 10570 
9 59 56 25 10570 
10 0 11 25 10570 
10 0 26 25 10570 
10 0 41 25 10570 
10 0 56 25 10570 
10 1 11 25 10570 
10 1 26 25 10570 
10 1 41 25 10570 
10 1 56 25 10570 
10 2 11 25 10570 
10 2 26 25 10570 
10 2 41 25 10570 
10 2 56 25 10570 
10 3 11 25 10570 
10 3 26 25 10570 
10 3 41 25 10570 
10 3 56 25 10570 
10 4 11 25 10570 
10 4 26 25 10570 
10 4 41 25 10570 
10 4 56 25 10570 
10 5 11 25 10570 
10 5 26 25 10570 
10 5 41 25 10570 
10 5 56 25 10570 
10 6 11 25 10570 
10 6 26 25 10570 
10 6 41 25 10570 
10 6 56 25 10570 
10 7 11 25 10570 
10 7 26 25 10570 
10 7 41 25 10570 
10 7 56 25 10570 
10 8 11 25 10570 
10 8 26 25 10570 
10 9 56 25 10570 
10 10 11 25 10570 
10 10 26 25 10570 
10 10 41 25 10570 
10 10 56 25 10570 
10 11 11 25 10570 
10 11 26 25 10570 
10 11 41 25 10570 
10 11 56 25 10570 
10 12 11 25 10570 
10 12 26 25 10570 
10 12 41 25 10570 
10 12 56 25 10570 
10 13 11 25 10570 
10 13 26 25 10570 
10 13 41 25 10570 
10 13 56 25 10570 
10 14 11 25 10570 
10 14 26 25 10570 
10 14 41 25 10570 
10 14 56 25 10570 
10 15 11 25 10570 
10 15 26 25 10570 
10 15 41 25 10570 
10 15 56 25 10570 
10 16 11 25 10570 
10 16 26 25 10570 
10 16 41 25 10570 
10 16 56 25 10570 
10 17 11 25 10570 
10 17 26 25 10570 
1
9 19 4 25 10570 
9 19 19 25 10570 
9 19 34 25 10570 
9 19 49 25 10570 
9 20 4 25 10570 
9 20 19 25 10570 
9 21 56 25 10570 
9 22 11 25 10570 
9 22 26 25 10570 
9 22 41 25 10570 
9 22 56 25 10570 
9 23 11 25 10570 
9 23 26 25 10570 
9 23 41 25 10570 
9 23 56 25 10570 
9 24 11 25 10570 
9 24 26 25 10570 
9 24 41 25 10570 
9 24 56 25 10570 
9 25 11 25 10570 
9 25 26 25 10570 
9 25 41 25 10570 
9 25 56 25 10570 
9 26 11 25 10570 
9 26 26 25 10570 
9 26 41 25 10570 
9 26 56 25 10570 
9 27 11 25 10570 
9 27 26 25 10570 
9 27 41 25 10570 
9 27 56 25 10570 
9 28 11 25 10570 
9 28 26 25 10570 
9 28 41 25 10570 
9 28 56 25 10570 
9 29 11 25 10570 
9 29 26 25 10570 
9 29 41 25 10570 
9 29 56 25 10570 
9 30 11 25 10570 
9 30 26 25 10570 
9 30 41 25 10570 
9 30 56 25 10570 
9 31 11 25 10570 
9 31 26 25 10570 
9 31 41 25 10570 
9 31 56 25 10570 
9 32 11 25 10570 
9 32 26 25 10570 
9 32 41 25 10570 
9 32 56 25 10570 
9 33 11 25 10570 
9 33 26 25 10570 
9 33 41 25 10570 
9 33 56 25 10570 
9 34 11 25 10570 
9 34 26 25 10570 
9 34 41 25 10570 
9 34 56 25 10570 
9 35 11 25 10570 
9 35 26 25 10570 
9 35 41 25 10570 
9 35 56 25 10570 
9 36 11 25 10570 
9 36 26 25 10570 
9 37 56 25 10570 
9 38 11 25 10570 
9 38 26 25 10570 
9 38 41 25 10570 
9 38 56 25 10570 
9 39 11 25 10570 
9 39 26 25 10570 
9 39 41 25 10570 
9 39 56 25 10570 
9 40 11 25 10570 
9 40 26 25 10570 
9 40 41 25 10570 
9 40 56 25 10570 
9 41 11 25 10570 
9 41 26 25 10570 
9 41 41 25 10570 
9 41 56 25 10570 
9 42 11 25 10570 
9 42 26 25 10570 
9 42 41 25 10570 
9 42 56 25 10570 
9 43 11 25 10570 
9 43 26 25 10570 
9 43 41 25 10570 
9 43 56 25 10570 
9 44 11 25 10570 
9 44 26 25 10570 
9 44 41 25 10570 
9 44 56 25 10570 
9 45 11 25 10570 
9 45 26 25 10570 
9 45 41 25 10570 
9 45 56 25 10570 
9 46 11 25 10570 
9 46 26 25 10570 
9 46 41 25 10570 
9 46 56 25 10570 
9 47 11 25 10570 
9 47 26 25 10570 
9 47 41 25 10570 
9 47 56 25 10570 
9 48 11 25 10570 
9 48 26 25 10570 
9 48 41 25 10570 
9 48 56 25 10570 
9 49 11 25 10570 
9 49 26 25 10570 
9 49 41 25 10570 
9 49 56 25 10570 
9 50 11 25 10570 
9 50 26 25 10570 
9 50 41 25 10570 
9 50 56 25 10570 
9 51 11 25 10570 
9 51 26 25 10570 
9 51 41 25 10570 
9 51 56 25 10570 
9 52 11 25 10570 
9 52 26 25 10570 
9 53 56 25 10570 
9 54 11 25 10570 
9 54 26 25 10570 
9 54 41 25 10570 
9 54 56 25 10570 
9 55 11 25 10570 
9 55 26 25 10570 
9 55 41 25 10570 
9 55 56 25 10570 
9 56 11 25 10570 
9 56 26 25 10570 
9 56 41 25 10570 
9 56 56 25 10570 
9 57 11 25 10570 
9 57 26 25 10570 
9 57 41 25 10570 
9 57 56 25 10570 
9 58 11 25 10570 
9 58 26 25 10570 
9 58 41 25 10570 
9 58 56 25 10570 
9 59 11 25 10570 
9 59 26 25 10570 
9 59 41 25 10570 
9 59 56 25 10570 
10 0 11 25 10570 
10 0 26 25 10570 
10 0 41 25 10570 
10 0 56 25 10570 
10 1 11 25 10570 
10 1 26 25 10570 
10 1 41 25 10570 
10 1 56 25 10570 
10 2 11 25 10570 
10 2 26 25 10570 
10 2 41 25 10570 
10 2 56 25 10570 
10 3 11 25 10570 
10 3 26 25 10570 
10 3 41 25 10570 
10 3 56 25 10570 
10 4 11 25 10570 
10 4 26 25 10570 
10 4 41 25 10570 
10 4 56 20 17 41 25 10570 
10 17 56 25 10570 
10 18 11 25 10570 
10 18 26 25 10570 
10 18 41 25 10570 
10 18 56 25 10570 
10 19 11 25 10570 
10 19 26 25 10570 
10 19 41 25 10570 
10 19 56 25 10570 
10 20 11 25 10570 
10 20 26 25 10570 
10 20 41 25 10570 
10 20 56 25 10570 
10 21 11 25 10570 
10 21 26 25 10570 
10 21 41 25 10570 
10 21 56 25 10570 
10 22 11 25 10570 
10 22 26 25 10570 
10 22 41 25 10570 
10 22 56 25 10570 
10 23 11 25 10570 
10 23 26 25 10570 
10 23 41 25 10570 
10 23 56 25 10570 
10 24 11 25 10570 
10 24 26 25 10570 
10 25 56 25 10570 
10 26 11 25 10570 
10 26 26 25 10570 
10 26 41 25 10570 
10 26 56 25 10570 
10 27 11 25 10570 
10 27 26 25 10570 
10 27 41 25 10570 
10 27 56 25 10570 
10 28 11 25 10570 
10 28 26 25 10570 
10 28 41 25 10570 
10 28 56 25 10570 
10 29 11 25 10570 
10 29 26 25 10570 
10 29 41 25 10570 
10 29 56 25 10570 
10 30 11 25 10570 
10 30 26 25 10570 
10 30 41 25 10570 
10 30 56 25 10570 
10 31 11 25 10570 
10 31 26 25 10570 
10 31 41 25 10570 
10 31 56 25 10570 
10 32 11 25 10570 
10 32 26 25 10570 
10 32 41 25 10570 
10 32 56 25 10570 
10 33 11 25 10570 
10 33 26 25 10570 
10 33 41 25 10570 
10 33 56 25 10570 
10 34 11 25 10570 
10 34 26 25 10570 
10 34 41 25 10570 
10 34 56 25 10570 
10 35 11 25 10570 
10 35 26 25 10570 
10 35 41 25 10570 
10 35 56 25 10570 
10 36 11 25 10570 
10 36 26 25 10570 
10 36 41 25 10570 
10 36 56 25 10570 
10 37 11 25 10570 
10 37 26 25 10570 
10 37 41 25 10570 
10 37 56 25 10570 
10 38 11 25 10570 
10 38 26 25 10570 
10 38 41 25 10570 
10 38 56 25 10570 
10 39 11 25 10570 
10 39 26 25 10570 
10 39 41 25 10570 
10 39 56 25 10570 
10 40 11 25 10570 
10 40 26 25 10570 
10 41 56 25 10570 
10 42 11 25 10570 
10 42 26 25 10570 
10 42 41 25 10570 
10 42 56 25 10570 
10 43 11 25 10570 
10 43 26 25 10570 
10 43 41 25 10570 
10 43 56 25 10570 
10 44 11 25 10570 
10 44 26 25 10570 
10 44 41 25 10570 
10 44 56 25 10570 
10 45 11 25 10570 
10 45 26 25 10570 
10 45 41 25 10570 
10 45 56 25 10570 
10 46 11 25 10570 
10 46 26 25 10570 
10 46 41 25 10570 
10 46 56 25 10570 
10 47 11 25 10570 
10 47 26 25 10570 
10 47 41 25 10570 
10 47 56 25 10570 
10 48 11 25 10570 
10 48 26 25 10570 
10 48 41 25 10570 
10 48 56 25 10570 
10 49 11 25 10570 
10 49 26 25 10570 
10 49 41 25 10570 
10 49 56 25 10570 
10 50 11 25 10570 
10 50 26 25 10570 
10 50 41 25 10570 
10 50 56 25 10570 
10 51 11 25 10570 
10 51 26 25 10570 
10 51 41 25 10570 
10 51 56 25 10570 
10 52 11 25 10570 
10 52 26 25 10570 
10 52 41 25 10570 
10 52 56 25 10570 
10 53 11 25 10570 
10 53 26 25 10570 
10 53 41 25 10570 
10 53 56 25 10570 
10 54 11 25 10570 
10 54 26 25 10570 
10 54 41 25 10570 
10 54 56 25 10570 
10 55 11 25 10570 
10 55 26 25 10570 
10 55 41 25 10570 
10 55 56 25 10570 
10 56 11 25 10570 
10 56 26 25 10570 
10 57 56 25 10570 
10 58 11 25 10570 
10 58 26 25 10570 
10 58 41 25 10570 
10 58 56 25 10570 
10 59 11 25 10570 
10 59 26 25 10570 
10 59 41 25 10570 
10 59 56 25 10570 
11 0 11 25 10570 
11 0 26 25 10570 
11 0 41 25 10570 
11 0 56 25 10570 
11 1 11 25 10570 
11 1 26 25 10570 
11 1 41 25 10570 
11 1 56 25 10570 
11 2 11 25 10570 
11 2 26 25 10570 
11 2 41 25 10570 
11 2 56 25 10570 
11 3 11 25 10570 
11 3 26 25 10570 
11 3 41 25 10570 
11 3 56 25 10570 
11 4 11 25 10570 
11 4 26 25 10570 
11 4 41 25 10570 
11 4 56 25 10570 
11 5 11 25 10570 
11 5 26 25 10570 
11 5 41 25 10570 
11 5 56 25 10570 
11 6 11 25 10570 
11 6 26 25 10570 
11 6 41 25 10570 
11 6 56 25 10570 
11 7 11 25 10570 
11 7 26 25 10570 
11 7 41 25 10570 
11 7 56 25 10570 
11 8 11 25 10570 
11 8 26 25 10570 
11 8 41 25 10570 
11 8 56 25 10570 
11 9 11 25 10570 
11 9 26 25 10570 
11 9 41 25 10570 
11 9 56 25 10570 
11 10 11 25 10570 
11 10 26 25 10570 
11 10 41 25 10570 
11 10 56 25 10570 
11 11 11 25 10570 
11 11 26 25 10570 
11 11 41 25 10570 
11 11 56 25 10570 
11 12 11 25 10570 
11 12 26 25 10570 
11 13 56 25 10570 
11 14 11 25 10570 
11 14 26 25 10570 
11 14 41 25 10570 
11 14 56 25 10570 
11 15 11 25 10570 
11 15 26 25 10570 
11 15 41 25 10570 
11 15 56 25 10570 
11 16 11 25 10570 
11 16 26 25 10570 
11 16 41 25 10570 
11 16 56 25 10570 
11 17 11 25 10570 
11 17 26 25 10570 
11 17 41 25 10570 
11 17 56 25 10570 
11 18 11 25 10570 
11 18 26 25 10570 
11 18 41 25 10570 
11 18 56 25 10570 
11 19 11 25 10570 
11 19 26 25 10570 
11 19 41 25 10570 
11 19 56 25 10510 
11 20 11 25 10570 
11 20 26 25 10570 
11 20 41 25 10570 
11 20 56 25 10510 
11 21 11 25 10570 
11 21 26 25 10570 
11 21 41 25 10570 
11 21 56 25 10570 
11 22 11 25 10570 
11 22 26 25 10570 
11 22 41 25 10570 
11 22 56 25 10570 
11 23 11 25 10570 
11 23 26 25 10570 
11 23 41 25 10570 
11 23 56 25 10570 
11 24 11 25 10570 
11 24 27 26 10570 
11 24 41 24 10570 
11 24 56 25 10570 
11 25 11 25 10570 
11 25 26 25 10570 
11 25 41 25 10570 
11 25 57 26 10570 
11 26 11 24 10570 
11 26 27 26 10570 
11 26 41 24 10570 
11 26 56 25 10570 
11 27 11 25 10570 
11 27 27 26 10570 
11 27 41 24 10570 
11 27 56 25 10570 
11 28 11 25 10510 
11 28 26 25 10570 
11 29 56 25 10570 
11 30 11 25 10570 
11 30 26 25 10570 
11 30 41 25 10570 
11 30 56 25 10570 
11 31 11 25 10570 
11 31 26 25 10570 
11 31 41 25 10570 
11 31 56 25 10570 
11 32 11 25 10570 
11 32 26 25 10570 
11 32 41 25 10570 
11 32 56 25 10570 
11 33 11 25 10570 
11 33 26 25 10570 
11 33 41 25 10570 
11 33 56 25 10570 
11 34 11 25 10570 
11 34 26 25 10570 
11 34 41 25 10570 
11 34 56 25 10570 
11 35 11 25 10570 
11 35 26 25 10570 
11 35 41 25 10570 
11 35 57 26 10570 
11 36 11 24 10570 
11 36 26 25 10570 
11 36 41 25 10570 
11 36 56 25 10570 
11 37 11 25 10570 
11 37 26 25 10570 
11 37 41 25 10570 
11 37 57 26 10570 
11 38 11 24 10570 
11 38 26 25 10570 
11 38 41 25 10570 
11 38 56 25 10570 
11 39 11 25 10570 
11 39 26 25 10570 
11 39 41 25 10570 
11 39 56 25 10570 
11 40 11 25 10570 
11 40 26 25 10570 
11 40 41 25 10570 
11 40 56 25 10570 
11 41 12 26 10570 
11 41 27 25 10570 
11 41 42 25 10570 
11 41 57 25 10570 
11 42 12 25 10570 
11 42 27 25 10570 
11 42 42 25 10570 
11 42 57 25 10570 
11 43 12 25 10570 
11 43 27 25 10570 
11 43 42 25 10570 
11 43 57 25 10570 
11 44 12 25 10570 
11 44 27 25 10570 
11 45 57 25 10570 
11 46 12 25 10570 
11 46 27 25 10570 
11 46 42 25 10570 
11 46 57 25 10570 
11 47 12 25 10570 
11 47 27 25 10570 
11 47 42 25 10570 
11 47 57 25 10570 
11 48 12 25 10570 
11 48 27 25 10570 
11 48 42 25 10570 
11 48 57 25 10570 
11 49 12 25 10570 
11 49 27 25 10570 
11 49 42 25 10570 
11 49 57 25 10570 
11 50 12 25 10570 
11 50 27 25 10570 
11 50 42 25 10570 
11 50 57 25 10570 
11 51 12 25 10570 
11 51 27 25 10570 
11 51 42 25 10570 
11 51 57 25 10570 
11 52 12 25 10570 
11 52 27 25 10570 
11 52 42 25 10570 
11 52 57 25 10570 
11 53 12 25 10570 
11 53 27 25 10570 
11 53 42 25 10570 
11 53 57 25 10570 
11 54 12 25 10570 
11 54 27 25 10570 
11 54 42 25 10570 
11 54 57 25 10570 
11 55 12 25 10570 
11 55 27 25 10570 
11 55 42 25 10570 
11 55 57 25 10570 
11 56 12 25 10570 
11 56 27 25 10570 
11 56 42 25 10570 
11 56 57 25 10570 
11 57 12 25 10570 
11 57 27 25 10570 
11 57 42 25 10570 
11 57 57 25 10570 
11 58 12 25 10570 
11 58 27 25 10570 
12 13 2 25 9189 
12 13 17 25 9309 
12 13 32 25 10570 
12 13 47 25 10570 
12 14 2 25 10570 
12 14 17 25 10570 
12 14 32 25 10510 
12 14 47 25 10570 
12 15 2 25 10570 
12 15 17 25 10570 
12 15 32 25 10510 
12 15 47 25 10570 
12 16 2 25 10510 
12 16 17 25 10510 
12 16 32 25 10510 
12 16 47 25 10510 
12 17 2 25 10570 
12 17 17 25 10570 
12 17 32 25 10510 
12 17 47 25 10510 
12 18 2 25 10510 
12 18 17 25 10510 
12 18 32 25 10570 
12 18 47 25 10510 
12 19 2 25 10510 
12 19 17 25 10510 
12 19 32 25 10570 
12 19 47 25 10510 
12 20 2 25 10510 
12 20 17 25 10510 
12 20 32 25 10570 
12 20 47 25 10210 
12 21 2 25 8828 
12 21 17 25 5946 

/> 