h
h

<CR>Bad command!

/> 


<CR>Bad command!

/> 
ls
ls
<CR>
         TIME          Size       File name 
----A 2019/08/09 13:17        32  0809
----A 2020/12/08 14:27        80  1208
----A 2020/12/11 13:38     11760  1211
----A 2020/12/11 07:59    128000  12110744
----A 2020/12/11 08:14    128000  12110759
----A 2020/12/11 08:31    128000  12110814
----A 2020/12/11 08:47    128000  12110829
----A 2020/12/11 09:00    128000  12110845
----A 2020/12/11 09:15    128000  12110900
----A 2020/12/11 09:31    128000  12110915
----A 2020/12/11 09:45    128000  12110930
----A 2020/12/11 10:02    128000  12110945
----A 2020/12/11 10:15    128000  12111000
----A 2020/12/11 10:31    128000  12111015
----A 2020/12/11 10:47    128000  12111030
----A 2020/12/11 11:01    128000  12111046
----A 2020/12/11 11:16    128000  12111101
----A 2020/12/11 11:31    128000  12111116
----A 2020/12/11 11:46    128000  12111131
----A 2020/12/11 12:03    128000  12111146
----A 2020/12/11 12:19    128000  12111201
----A 2020/12/11 12:31    128000  12111216
----A 2020/12/11 12:47    128000  12111232
----A 2020/12/11 13:02    128000  12111247
----A 2020/12/11 13:17    128000  12111302
----A 2020/12/11 13:33    128000  12111317
----A 2020/12/11 13:34      2560  12111332

  27 File(s),   2958432 bytes total
   0 Dir(s),     997568K bytes free

/> 
h
h
<CR>
Available commands
------------------
h or ?  ---------------> Alias for Help 
ls      ---------------> List of Files 
read XXXX -------------> read the daily file XXXX  (month/day) 
read_ramp XXXXXXXX ----> read the text file XXXXXXXX  (month/day/Hours/Minutes) 

/> 
ls
ls
<CR>
         TIME          Size       File name 
----A 2019/08/09 13:17        32  0809
----A 2020/12/08 14:27        80  1208
----A 2020/12/11 13:38     11760  1211
----A 2020/12/11 07:59    128000  12110744
----A 2020/12/11 08:14    128000  12110759
----A 2020/12/11 08:31    128000  12110814
----A 2020/12/11 08:47    128000  12110829
----A 2020/12/11 09:00    128000  12110845
----A 2020/12/11 09:15    128000  12110900
----A 2020/12/11 09:31    128000  12110915
----A 2020/12/11 09:45    128000  12110930
----A 2020/12/11 10:02    128000  12110945
----A 2020/12/11 10:15    128000  12111000
----A 2020/12/11 10:31    128000  12111015
----A 2020/12/11 10:47    128000  12111030
----A 2020/12/11 11:01    128000  12111046
----A 2020/12/11 11:16    128000  12111101
----A 2020/12/11 11:31    128000  12111116
----A 2020/12/11 11:46    128000  12111131
----A 2020/12/11 12:03    128000  12111146
----A 2020/12/11 12:19    128000  12111201
----A 2020/12/11 12:31    128000  12111216
----A 2020/12/11 12:47    128000  12111232
----A 2020/12/11 13:02    128000  12111247
----A 2020/12/11 13:17    128000  12111302
----A 2020/12/11 13:33    128000  12111317
----A 2020/12/11 13:34      2560  12111332

  27 File(s),   2958432 bytes total
   0 Dir(s),     997568K bytes free

/> 
read 1211
read 1211
<CR>Time:2020/12/11 13:34
Hours Minutes Seconds  Nb_Samples    Aver. Current 
7 17 2 186 4992 
7 17 17 183 6088 
7 18 14 187 11689 
7 18 29 186 14672 
7 21 5 187 20151 
7 21 20 186 20151 
7 21 35 187 20090 
7 21 50 186 20090 
7 22 5 187 20090 
7 22 20 186 20090 
7 22 35 187 20090 
7 22 50 186 20090 
7 23 5 187 20090 
7 23 20 186 20090 
7 23 35 187 20090 
7 23 50 186 20090 
7 24 5 187 20090 
7 24 20 186 20090 
7 24 35 187 20090 
7 24 50 186 20090 
7 25 5 187 20090 
7 25 20 186 20090 
7 25 35 187 20090 
7 25 50 187 20090 
7 26 5 186 20090 
7 26 20 187 20090 
7 26 35 186 20090 
7 26 50 187 20090 
7 27 5 186 20090 
7 27 20 187 20090 
7 27 35 186 20090 
7 27 50 187 20090 
7 28 5 186 20090 
7 28 20 187 20090 
7 30 7 187 17412 
7 30 22 183 19603 
7 30 37 187 20090 
7 30 52 186 20090 
7 31 7 187 20090 
7 31 22 186 20090 
7 31 37 186 20090 
7 31 52 187 20090 
7 32 7 186 20090 
7 32 22 187 20090 
7 32 37 186 20090 
7 32 52 187 20090 
7 33 7 186 20090 
7 33 22 187 20090 
7 33 37 186 20090 
7 33 52 187 20090 
7 34 7 186 20090 
7 34 22 187 20090 
7 34 37 186 20090 
7 34 52 187 20090 
7 35 7 186 20090 
7 35 22 187 20090 
7 35 37 186 20090 
7 35 52 187 20090 
7 36 7 186 20090 
7 36 22 187 20090 
7 36 37 186 20090 
7 36 52 187 20090 
7 37 7 186 20090 
7 37 22 187 20090 
7 37 37 186 20090 
7 37 52 187 20090 
7 38 7 186 20090 
7 38 22 187 20090 
7 38 37 186 20090 
7 38 52 187 20090 
7 39 7 186 20090 
7 39 22 187 20090 
7 39 37 186 20090 
7 39 52 187 20090 
7 40 7 186 20090 
7 40 22 187 20090 
7 40 37 186 20090 
7 40 52 187 20090 
7 41 7 186 20090 
7 41 22 187 20090 
7 41 37 186 20090 
7 41 52 187 20090 
7 42 7 186 20090 
7 42 22 187 20090 
7 42 37 186 20090 
7 42 52 187 20090 
7 43 7 187 20090 
7 43 22 186 20090 
7 43 37 187 20090 
7 43 52 186 20090 
7 44 7 187 20090 
7 44 22 186 20090 
7 45 0 187 20090 
7 45 15 186 20090 
7 45 30 187 20090 
7 45 45 186 20090 
7 46 0 187 20090 
7 46 15 186 20090 
7 46 30 187 20090 
7 46 45 186 20090 
7 47 0 187 20090 
7 47 15 186 20090 
7 47 30 187 20090 
7 47 45 186 20090 
7 48 0 187 20090 
7 48 15 186 20090 
7 48 30 187 20090 
7 48 45 186 20090 
7 49 0 187 20090 
7 49 15 186 20090 
7 49 30 187 20090 
7 49 45 186 20090 
7 50 0 187 20090 
7 50 15 186 20090 
7 50 30 187 20090 
7 50 45 186 20090 
7 51 0 187 20090 
7 51 15 186 20090 
7 51 30 187 20090 
7 51 45 186 20090 
7 52 0 187 20090 
7 52 15 186 20090 
7 52 30 187 20090 
7 52 45 186 20090 
7 53 0 187 20090 
7 53 15 186 20090 
7 53 30 187 20090 
7 53 45 186 20090 
7 54 0 187 20090 
7 54 15 186 20090 
7 54 30 187 20090 
7 54 45 186 20090 
7 55 0 187 20090 
7 55 15 187 20090 
7 55 30 186 20090 
7 55 45 187 20090 
7 56 0 186 20090 
7 56 15 187 20090 
7 56 30 186 20090 
7 56 45 187 20090 
7 57 0 186 20090 
7 57 15 187 20090 
7 57 30 186 20090 
7 57 45 187 20090 
7 58 0 186 20090 
7 58 15 187 20090 
7 58 30 186 20090 
7 58 45 187 20090 
7 59 0 186 20090 
7 59 15 187 20090 
7 59 30 186 20090 
8 0 8 187 20090 
8 0 23 186 20090 
8 0 38 187 20090 
8 0 53 186 20090 
8 1 8 187 20090 
8 1 23 186 20090 
8 1 38 187 20090 
8 1 53 186 20090 
8 2 8 187 20090 
8 2 23 186 20090 
8 2 38 187 20090 
8 2 53 186 20090 
8 3 8 187 20090 
8 3 23 186 20090 
8 3 38 187 20090 
8 3 53 186 20090 
8 4 8 187 20090 
8 4 23 186 20090 
8 4 38 187 20090 
8 4 53 186 20090 
8 5 8 186 20090 
8 5 23 187 20090 
8 5 38 186 20090 
8 5 53 187 20090 
8 6 8 186 20090 
8 6 23 187 20090 
8 6 38 186 20090 
8 6 53 187 20090 
8 7 8 187 20090 
8 7 23 186 20090 
8 7 38 187 20090 
8 7 53 186 20090 
8 8 8 187 20090 
8 8 23 186 20090 
8 8 38 187 20090 
8 8 53 186 20090 
8 9 8 187 20090 
8 9 23 186 20090 
8 9 38 187 20090 
8 9 53 186 20090 
8 10 8 187 20090 
8 10 23 186 20090 
8 10 38 187 20090 
8 10 53 186 20090 
8 11 8 187 20090 
8 11 23 186 20090 
8 11 38 187 20090 
8 11 53 186 20090 
8 12 8 187 20090 
8 12 23 186 20090 
8 12 38 187 20090 
8 12 53 186 20090 
8 13 8 187 20090 
8 13 23 186 20090 
8 13 38 187 20090 
8 13 53 186 20090 
8 14 8 187 20090 
8 14 23 186 20090 
8 14 38 187 20090 
8 15 16 187 20090 
8 15 31 186 20090 
8 15 46 187 20090 
8 16 1 186 20090 
8 16 16 187 20090 
8 16 31 186 20090 
8 16 46 187 20090 
8 17 1 186 20090 
8 17 16 187 20090 
8 17 31 186 20090 
8 17 46 187 20090 
8 18 1 186 20090 
8 18 16 187 20090 
8 18 31 187 20090 
8 18 46 186 20090 
8 19 1 187 20090 
8 19 16 186 20090 
8 19 31 187 20090 
8 19 46 186 20090 
8 20 1 187 20090 
8 20 16 186 20090 
8 20 31 187 20090 
8 20 46 186 20090 
8 21 1 187 20090 
8 21 16 186 20090 
8 21 31 187 20090 
8 21 46 186 20090 
8 22 1 187 20090 
8 22 16 186 20090 
8 22 31 187 20090 
8 22 46 186 20090 
8 23 1 187 20090 
8 23 16 186 20090 
8 23 31 187 20090 
8 23 46 186 20090 
8 24 1 187 20090 
8 24 16 186 20090 
8 24 31 187 20090 
8 24 46 186 20090 
8 25 1 187 20090 
8 25 16 186 20090 
8 25 31 187 20090 
8 25 46 186 20090 
8 26 1 187 20090 
8 26 16 186 20090 
8 26 31 187 20090 
8 26 46 186 20090 
8 27 1 187 20090 
8 27 16 186 20090 
8 27 31 187 20090 
8 27 46 186 20090 
8 28 1 187 20090 
8 28 16 186 20090 
8 28 31 187 20090 
8 28 46 186 20090 
8 29 1 187 20090 
8 29 16 186 20090 
8 29 31 187 20090 
8 29 46 187 20090 
8 30 24 187 20090 
8 30 39 186 20090 
8 30 54 187 20090 
8 31 9 186 20090 
8 31 24 187 20090 
8 31 39 186 20090 
8 31 54 187 20090 
8 32 9 186 20090 
8 32 24 187 20090 
8 32 39 186 20090 
8 32 54 187 20090 
8 33 9 186 20090 
8 33 24 187 20090 
8 33 39 186 20090 
8 33 54 187 20090 
8 34 9 186 20090 
8 34 24 187 20090 
8 34 39 186 20090 
8 34 54 187 20090 
8 35 9 186 20090 
8 35 24 187 20090 
8 35 39 186 20090 
8 35 54 187 20090 
8 36 9 186 20090 
8 36 24 187 20090 
8 36 39 186 20090 
8 36 54 187 20090 
8 37 9 186 20090 
8 37 24 187 20090 
8 37 39 186 20090 
8 37 54 187 20090 
8 38 9 186 20090 
8 38 24 187 20090 
8 38 39 186 20090 
8 38 54 187 20090 
8 39 9 186 20090 
8 39 24 187 20090 
8 39 39 186 20090 
8 39 54 187 20090 
8 40 9 186 20090 
8 40 24 187 20090 
8 40 39 186 20090 
8 40 54 187 20090 
8 41 9 187 20090 
8 41 24 186 20090 
8 41 39 187 20090 
8 41 54 186 20090 
8 42 9 187 20090 
8 42 24 186 20090 
8 42 39 187 20090 
8 42 54 186 20090 
8 43 9 187 20090 
8 43 24 186 20090 
8 43 39 187 20090 
8 43 54 186 20090 
8 44 9 187 20090 
8 44 24 186 20090 
8 44 39 187 20090 
8 44 54 186 20090 
8 45 32 187 20090 
8 45 47 186 20090 
8 46 2 187 20090 
8 46 17 186 20090 
8 46 32 187 20090 
8 46 47 186 20090 
8 47 2 187 20090 
8 47 17 186 20090 
8 47 32 187 20090 
8 47 47 186 20090 
8 48 2 187 20090 
8 48 17 186 20090 
8 48 32 187 20090 
8 48 47 186 20090 
8 49 2 187 20090 
8 49 17 186 20090 
8 49 32 187 20090 
8 49 47 186 20090 
8 50 2 187 20090 
8 50 17 186 20090 
8 50 32 187 20090 
8 50 47 186 20090 
8 51 2 187 20090 
8 51 17 186 20090 
8 51 32 187 20090 
8 51 47 186 20090 
8 52 2 187 20090 
8 52 17 186 20090 
8 52 32 187 20090 
8 52 47 187 20090 
8 53 2 186 20090 
8 53 17 187 20090 
8 53 32 186 20090 
8 53 47 187 20090 
8 54 2 186 20090 
8 54 17 187 20090 
8 54 32 186 20090 
8 54 47 187 20090 
8 55 2 186 20090 
8 55 17 187 20090 
8 55 32 186 20090 
8 55 47 187 20090 
8 56 2 186 20090 
8 56 17 187 20090 
8 56 32 186 20090 
8 56 47 187 20090 
8 57 2 186 20090 
8 57 17 187 20090 
8 57 32 186 20090 
8 57 47 187 20090 
8 58 2 186 20090 
8 58 17 187 20090 
8 58 32 186 20090 
8 58 47 187 20090 
8 59 2 186 20090 
8 59 17 187 20090 
8 59 32 186 20090 
8 59 47 187 20090 
9 0 2 186 20090 
9 0 40 187 20090 
9 0 55 186 20090 
9 1 10 187 20090 
9 1 25 186 20090 
9 1 40 187 20090 
9 1 55 186 20090 
9 2 10 187 20090 
9 2 25 186 20090 
9 2 40 187 20090 
9 2 55 186 20090 
9 3 10 187 20090 
9 3 25 186 20090 
9 3 40 187 20090 
9 3 55 187 20090 
9 4 10 186 20090 
9 4 25 187 20090 
9 4 40 186 20090 
9 4 55 187 20090 
9 5 10 186 20090 
9 5 25 187 20090 
9 5 40 186 20090 
9 5 55 187 20090 
9 6 10 186 20090 
9 6 25 187 20090 
9 6 40 186 20090 
9 6 55 187 20090 
9 7 10 186 20090 
9 7 25 187 20090 
9 7 40 186 20090 
9 7 55 187 20090 
9 8 10 186 20090 
9 8 25 187 20090 
9 8 40 186 20090 
9 8 55 187 20090 
9 9 10 186 20090 
9 9 25 187 20090 
9 9 40 186 20090 
9 9 55 187 20090 
9 10 10 186 20090 
9 10 25 187 20090 
9 10 40 186 20090 
9 10 55 187 20090 
9 11 10 186 20090 
9 11 25 187 20090 
9 11 40 186 20090 
9 11 55 187 20090 
9 12 10 186 20090 
9 12 25 187 20090 
9 12 40 186 20090 
9 12 55 187 20090 
9 13 10 186 20090 
9 13 25 187 20090 
9 13 40 186 20090 
9 13 55 187 20090 
9 14 10 186 20090 
9 14 25 187 20090 
9 14 40 186 20090 
9 14 55 187 20090 
9 15 10 187 20090 
9 15 48 187 20090 
9 16 3 186 20090 
9 16 18 187 20090 
9 16 33 186 20090 
9 16 48 187 20090 
9 17 3 186 20090 
9 17 18 187 20090 
9 17 33 186 20090 
9 17 48 187 20090 
9 18 3 186 20090 
9 18 18 187 20090 
9 18 33 186 20090 
9 18 48 187 20090 
9 19 3 186 20090 
9 19 18 187 20090 
9 19 33 186 20090 
9 19 48 187 20090 
9 20 3 186 20090 
9 20 18 187 20090 
9 20 33 186 20090 
9 20 48 187 20090 
9 21 3 186 20151 
9 21 18 187 20090 
9 21 33 186 20090 
9 21 48 187 20090 
9 22 3 186 20090 
9 22 18 187 20090 
9 22 33 186 20090 
9 22 48 187 20090 
9 23 3 186 20090 
9 23 18 187 20151 
9 23 33 186 20090 
9 23 48 187 20090 
9 24 3 186 20090 
9 24 18 187 20090 
9 24 33 186 20090 
9 24 48 187 20090 
9 25 3 186 20151 
9 25 18 187 20151 
9 25 33 186 20151 
9 25 48 187 20151 
9 26 3 187 20151 
9 26 18 186 20151 
9 26 33 187 20151 
9 26 48 186 20151 
9 27 3 187 20151 
9 27 18 186 20151 
9 27 33 187 20151 
9 27 48 186 20090 
9 28 3 187 20151 
9 28 18 186 20151 
9 28 33 187 20151 
9 28 48 186 20151 
9 29 3 187 20151 
9 29 18 186 20151 
9 29 33 187 20090 
9 29 48 186 20151 
9 30 3 187 20090 
9 30 18 186 20090 
9 30 56 187 20151 
9 31 11 186 20090 
9 31 26 187 20151 
9 31 41 186 20151 
9 31 56 187 20151 
9 32 11 186 20151 
9 32 26 187 20090 
9 32 41 186 20090 
9 32 56 187 20151 
9 33 11 186 20090 
9 33 26 187 20090 
9 33 41 186 20090 
9 33 56 187 20090 
9 34 11 186 20090 
9 34 26 187 20151 
9 34 41 186 20151 
9 34 56 187 20151 
9 35 11 186 20151 
9 35 26 187 20151 
9 35 41 186 20151 
9 35 56 187 20151 
9 36 11 186 20151 
9 36 26 187 20151 
9 36 41 186 20151 
9 36 56 187 20151 
9 37 11 187 20151 
9 37 26 186 20151 
9 37 41 187 20151 
9 37 56 186 20151 
9 38 11 187 20151 
9 38 26 186 20151 
9 38 41 187 20151 
9 38 56 186 20151 
9 39 11 187 20151 
9 39 26 186 20151 
9 39 41 187 20151 
9 39 56 186 20151 
9 40 11 187 20151 
9 40 26 186 20151 
9 40 41 187 20151 
9 40 56 186 20151 
9 41 11 187 20151 
9 41 26 186 20151 
9 41 41 187 20090 
9 41 56 186 20151 
9 42 11 187 20151 
9 42 26 186 20090 
9 42 41 187 20151 
9 42 56 186 20090 
9 43 11 187 20090 
9 43 26 186 20151 
9 43 41 187 20151 
9 43 56 186 20090 
9 44 11 187 20090 
9 44 26 186 20090 
9 44 41 187 20090 
9 44 56 186 20090 
9 45 11 187 20090 
9 45 26 186 20090 
9 46 4 187 20090 
9 46 19 186 20090 
9 46 34 187 20090 
9 46 49 186 20090 
9 47 4 187 20090 
9 47 19 186 20090 
9 47 34 187 20090 
9 47 49 186 20090 
9 48 4 187 20090 
9 48 19 187 20090 
9 48 34 186 20090 
9 48 49 187 20090 
9 49 4 186 20090 
9 49 19 187 20090 
9 49 34 186 20090 
9 49 49 187 20090 
9 50 4 186 20090 
9 50 19 187 20090 
9 50 34 186 20090 
9 50 49 187 20090 
9 51 4 186 20090 
9 51 19 187 20090 
9 51 34 186 20090 
9 51 49 187 20090 
9 52 4 186 20090 
9 52 19 187 20090 
9 52 34 186 20090 
9 52 49 187 20090 
9 53 4 186 20090 
9 53 19 187 20090 
9 53 34 186 20090 
9 53 49 187 20090 
9 54 4 186 20090 
9 54 19 187 20090 
9 54 34 186 20090 
9 54 49 187 20090 
9 55 4 186 20090 
9 55 19 187 20090 
9 55 34 186 20090 
9 55 49 187 20090 
9 56 4 186 20090 
9 56 19 187 20090 
9 56 34 186 20090 
9 56 49 187 20090 
9 57 4 186 20090 
9 57 19 187 20090 
9 57 34 186 20090 
9 57 49 187 20090 
9 58 4 186 20090 
9 58 19 187 20090 
9 58 34 186 20090 
9 58 49 187 20090 
9 59 4 187 20090 
9 59 19 186 20090 
9 59 34 187 20090 
9 59 49 186 20090 
10 0 4 187 20090 
10 0 19 186 20090 
10 0 34 187 20090 
10 1 12 187 20151 
10 1 27 186 20151 
10 1 42 187 20151 
10 1 57 186 20151 
10 2 12 187 20151 
10 2 27 186 20151 
10 2 42 187 20151 
10 2 57 186 20151 
10 3 12 187 20151 
10 3 27 186 20151 
10 3 42 187 20090 
10 3 57 186 20151 
10 4 12 187 20151 
10 4 27 186 20151 
10 4 42 187 20151 
10 4 57 186 20151 
10 5 12 187 20151 
10 5 27 186 20151 
10 5 42 187 20151 
10 5 57 186 20151 
10 6 12 187 20151 
10 6 27 186 20151 
10 6 42 187 20151 
10 6 57 186 20151 
10 7 12 187 20151 
10 7 27 186 20151 
10 7 42 187 20151 
10 7 57 186 20151 
10 8 12 187 20151 
10 8 27 186 20151 
10 8 42 187 20151 
10 8 57 186 20151 
10 9 12 187 20151 
10 9 27 186 20151 
10 9 42 187 20151 
10 9 58 187 20151 
10 10 13 186 20151 
10 10 28 187 20151 
10 10 43 186 20151 
10 10 58 187 20151 
10 11 13 186 20090 
10 11 28 187 20151 
10 11 43 186 20151 
10 11 58 187 20151 
10 12 13 186 20151 
10 12 28 187 20151 
10 12 43 186 20151 
10 12 58 187 20151 
10 13 13 186 20151 
10 13 28 187 20151 
10 13 43 186 20151 
10 13 58 187 20151 
10 14 13 186 20151 
10 14 28 187 20151 
10 14 43 186 20151 
10 14 58 187 20151 
10 15 13 186 20151 
10 15 28 187 20151 
10 15 43 186 20151 
10 16 21 187 20151 
10 16 36 186 20151 
10 16 51 187 20151 
10 17 6 186 20151 
10 17 21 187 20151 
10 17 36 186 20151 
10 17 51 187 20151 
10 18 6 186 20151 
10 18 21 187 20151 
10 18 36 186 20151 
10 18 51 187 20151 
10 19 6 186 20151 
10 19 21 187 20151 
10 19 36 186 20151 
10 19 51 187 20151 
10 20 6 186 20151 
10 20 21 187 20151 
10 20 36 187 20151 
10 20 51 186 20151 
10 21 6 187 20151 
10 21 21 186 20151 
10 21 36 187 20151 
10 21 51 186 20151 
10 22 6 187 20151 
10 22 21 186 20151 
10 22 36 187 20151 
10 22 51 186 20151 
10 23 6 187 20151 
10 23 21 186 20151 
10 23 36 187 20151 
10 23 51 186 20151 
10 24 6 187 20151 
10 24 21 186 20151 
10 24 36 187 20151 
10 24 51 186 20151 
10 25 6 187 20151 
10 25 21 186 20151 
10 25 36 187 20151 
10 25 51 186 20151 
10 26 6 187 20151 
10 26 21 186 20151 
10 26 36 187 20151 
10 26 51 186 20151 
10 27 6 187 20151 
10 27 21 186 20151 
10 27 36 187 20151 
10 27 51 186 20151 
10 28 6 187 20151 
10 28 21 186 20151 
10 28 36 187 20151 
10 28 51 186 20151 
10 29 6 187 20151 
10 29 21 186 20151 
10 29 36 187 20151 
10 29 51 186 20151 
10 30 6 187 20151 
10 30 21 186 20151 
10 30 36 187 20151 
10 30 51 186 20151 
10 31 29 187 20151 
10 31 44 186 20151 
10 31 59 187 20151 
10 32 14 186 20151 
10 32 29 187 20151 
10 32 44 186 20151 
10 32 59 187 20151 
10 33 14 186 20151 
10 33 29 187 20151 
10 33 44 186 20151 
10 33 59 187 20151 
10 34 14 186 20151 
10 34 29 187 20151 
10 34 44 186 20151 
10 34 59 187 20151 
10 35 14 186 20151 
10 35 29 187 20151 
10 35 44 186 20151 
10 35 59 187 20151 
10 36 14 186 20151 
10 36 29 187 20151 
10 36 44 186 20151 
10 36 59 187 20151 
10 37 14 186 20151 
10 37 29 187 20151 
10 37 44 186 20151 
10 37 59 187 20151 
10 38 14 186 20151 
10 38 29 187 20151 
10 38 44 186 20151 
10 38 59 187 20151 
10 39 14 186 20151 
10 39 29 187 20151 
10 39 44 186 20151 
10 39 59 187 20151 
10 40 14 186 20151 
10 40 29 187 20151 
10 40 44 186 20151 
10 40 59 187 20151 
10 41 14 186 20151 
10 41 29 187 20151 
10 41 44 186 20151 
10 41 59 187 20151 
10 42 14 187 20151 
10 42 29 186 20151 
10 42 44 187 20151 
10 42 59 186 20151 
10 43 14 187 20151 
10 43 29 186 20151 
10 43 44 187 20151 
10 43 59 186 20151 
10 44 14 187 20151 
10 44 29 186 20151 
10 44 44 187 20151 
10 44 59 186 20151 
10 45 14 187 20151 
10 45 29 186 20151 
10 45 44 187 20151 
10 45 59 186 20151 
10 46 37 187 20151 
10 46 52 186 20151 
10 47 7 187 20151 
10 47 22 186 20151 
10 47 37 187 20151 
10 47 52 186 20151 
10 48 7 187 20151 
10 48 22 186 20151 
10 48 37 187 20151 
10 48 52 186 20151 
10 49 7 187 20151 
10 49 22 186 20151 
10 49 37 187 20151 
10 49 52 186 20151 
10 50 7 187 20151 
10 50 22 186 20151 
10 50 37 187 20151 
10 50 52 186 20151 
10 51 7 187 20151 
10 51 22 186 20151 
10 51 37 187 20151 
10 51 52 186 20151 
10 52 7 187 20151 
10 52 22 186 20151 
10 52 37 187 20151 
10 52 52 186 20151 
10 53 7 187 20151 
10 53 22 187 20151 
10 53 37 186 20151 
10 53 52 187 20151 
10 54 7 186 20151 
10 54 22 187 20151 
10 54 37 186 20151 
10 54 52 187 20151 
10 55 7 186 20151 
10 55 22 187 20151 
10 55 37 186 20151 
10 55 52 187 20151 
10 56 7 186 20151 
10 56 22 187 20151 
10 56 37 186 20151 
10 56 52 187 20151 
10 57 7 186 20151 
10 57 22 187 20151 
10 57 37 186 20151 
10 57 52 187 20151 
10 58 7 186 20151 
10 58 22 187 20151 
10 58 37 186 20151 
10 58 52 187 20151 
10 59 7 186 20151 
10 59 22 187 20151 
10 59 37 186 20151 
10 59 52 187 20151 
11 0 7 186 20151 
11 0 22 187 20151 
11 0 37 186 20151 
11 0 52 187 20151 
11 1 7 186 20151 
11 1 45 187 20151 
11 2 0 186 20151 
11 2 15 187 20151 
11 2 30 186 20151 
11 2 45 187 20151 
11 3 0 186 20151 
11 3 15 187 20151 
11 3 30 186 20151 
11 3 45 187 20151 
11 4 0 187 20151 
11 4 15 186 20151 
11 4 30 187 20151 
11 4 45 186 20151 
11 5 0 187 20151 
11 5 15 186 20151 
11 5 30 187 20151 
11 5 45 186 20151 
11 6 0 187 20151 
11 6 15 186 20151 
11 6 30 187 20151 
11 6 45 186 20151 
11 7 0 187 20151 
11 7 15 186 20151 
11 7 30 187 20151 
11 7 45 186 20151 
11 8 0 187 20151 
11 8 15 186 20151 
11 8 30 187 20151 
11 8 45 186 20151 
11 9 0 187 20151 
11 9 15 186 20151 
11 9 30 187 20151 
11 9 45 186 20151 
11 10 0 187 20151 
11 10 15 186 20151 
11 10 30 187 20151 
11 10 45 186 20151 
11 11 0 187 20151 
11 11 15 186 20151 
11 11 30 187 20151 
11 11 45 186 20151 
11 12 0 187 20151 
11 12 15 186 20151 
11 12 30 187 20151 
11 12 45 186 20151 
11 13 0 187 20151 
11 13 15 186 20151 
11 13 30 187 20151 
11 13 45 186 20151 
11 14 0 187 20151 
11 14 15 186 20151 
11 14 30 187 20151 
11 14 45 187 20151 
11 15 0 186 20151 
11 15 15 187 20151 
11 15 30 186 20151 
11 15 45 187 20151 
11 16 0 186 20151 
11 16 15 187 20151 
11 16 54 187 20151 
11 17 9 186 20151 
11 17 24 187 20151 
11 17 39 186 20151 
11 17 54 187 20151 
11 18 9 186 20151 
11 18 24 187 20151 
11 18 39 186 20151 
11 18 54 187 20151 
11 19 9 186 20151 
11 19 24 187 20151 
11 19 39 186 20151 
11 19 54 187 20151 
11 20 9 186 20151 
11 20 24 187 20151 
11 20 39 186 20151 
11 20 54 187 20151 
11 21 9 186 20151 
11 21 24 187 20151 
11 21 39 186 20151 
11 21 54 187 20151 
11 22 9 186 20151 
11 22 24 187 20151 
11 22 39 186 20151 
11 22 54 187 20151 
11 23 9 186 20151 
11 23 24 187 20151 
11 23 39 186 20151 
11 23 54 187 20151 
11 24 9 186 20151 
11 24 24 187 20151 
11 24 39 186 20151 
11 24 54 187 20151 
11 25 9 187 20151 
11 25 24 186 20151 
11 25 39 187 20151 
11 25 54 186 20151 
11 26 9 187 20151 
11 26 24 186 20151 
11 26 39 187 20151 
11 26 54 186 20151 
11 27 9 187 20151 
11 27 24 186 20151 
11 27 39 187 20151 
11 27 54 186 20151 
11 28 9 187 20151 
11 28 24 186 20151 
11 28 39 187 20151 
11 28 54 186 20151 
11 29 9 187 20151 
11 29 24 186 20151 
11 29 39 187 20151 
11 29 54 186 20151 
11 30 9 187 20151 
11 30 24 186 20151 
11 30 39 187 20151 
11 30 54 186 20151 
11 31 9 187 20151 
11 31 24 186 20151 
11 32 2 187 20151 
11 32 17 186 20151 
11 32 32 187 20151 
11 32 47 186 20151 
11 33 2 187 20151 
11 33 17 186 20151 
11 33 32 187 20151 
11 33 47 186 20151 
11 34 2 187 20151 
11 34 17 186 20151 
11 34 32 187 20151 
11 34 47 186 20151 
11 35 2 187 20151 
11 35 17 186 20151 
11 35 32 187 20151 
11 35 47 186 20151 
11 36 2 187 20151 
11 36 17 187 20151 
11 36 32 186 20151 
11 36 47 187 20151 
11 37 2 186 20151 
11 37 17 187 20151 
11 37 32 186 20151 
11 37 47 187 20151 
11 38 2 186 20151 
11 38 17 187 20151 
11 38 32 186 20151 
11 38 47 187 20151 
11 39 2 186 20151 
11 39 17 187 20151 
11 39 32 186 20151 
11 39 47 187 20151 
11 40 2 186 20151 
11 40 17 187 20151 
11 40 32 186 20151 
11 40 47 187 20151 
11 41 2 186 20151 
11 41 17 187 20151 
11 41 32 186 20151 
11 41 47 187 20151 
11 42 2 186 20151 
11 42 17 187 20151 
11 42 32 186 20151 
11 42 47 187 20151 
11 43 2 186 20151 
11 43 17 187 20151 
11 43 32 186 20151 
11 43 47 187 20151 
11 44 2 186 20151 
11 44 17 187 20151 
11 44 32 186 20151 
11 44 47 187 20151 
11 45 2 186 20151 
11 45 17 187 20151 
11 45 32 186 20151 
11 45 47 187 20151 
11 46 2 186 20151 
11 46 17 187 20151 
11 46 32 187 20151 
11 47 10 187 20151 
11 47 25 186 20151 
11 47 40 187 20151 
11 47 55 186 20151 
11 48 10 187 20151 
11 48 25 186 20151 
11 48 40 187 20151 
11 48 55 186 20151 
11 49 10 187 20151 
11 49 25 186 20151 
11 49 40 187 20151 
11 49 55 186 20151 
11 50 10 187 20151 
11 50 25 186 20151 
11 50 40 187 20151 
11 50 55 186 20151 
11 51 10 187 20151 
11 51 25 186 20151 
11 51 40 187 20151 
11 51 55 186 20151 
11 52 10 187 20151 
11 52 25 186 20151 
11 52 40 187 20151 
11 52 55 186 20151 
11 53 10 187 20151 
11 53 25 186 20151 
11 53 40 187 20151 
11 53 55 186 20151 
11 54 10 187 20151 
11 54 25 186 20151 
11 54 40 187 20151 
11 54 55 186 20151 
11 55 10 187 20151 
11 55 25 186 20151 
11 55 40 187 20151 
11 55 55 186 20151 
11 56 10 187 20151 
11 56 25 186 20151 
11 56 40 187 20151 
11 56 55 186 20151 
11 57 10 187 20151 
11 57 25 187 20151 
11 57 40 186 20212 
11 57 55 187 20212 
11 58 10 186 20212 
11 58 25 187 20212 
11 58 40 186 20212 
11 58 55 187 20212 
11 59 10 186 20212 
11 59 25 187 20212 
11 59 40 186 20212 
11 59 55 187 20212 
12 0 10 186 20212 
12 0 25 187 20212 
12 0 40 186 20212 
12 0 55 187 20212 
12 1 10 186 20212 
12 1 25 187 20212 
12 1 40 186 20212 
12 2 18 187 20212 
12 2 33 186 20212 
12 2 48 187 20212 
12 3 3 186 20212 
12 3 18 187 20212 
12 3 33 186 20212 
12 3 48 187 20212 
12 4 3 186 20212 
12 4 18 187 20212 
12 4 33 186 20212 
12 4 48 187 20212 
12 5 3 186 20212 
12 5 18 187 20212 
12 5 33 186 20212 
12 5 48 187 20212 
12 6 3 186 20212 
12 6 18 187 20212 
12 6 33 186 20212 
12 6 48 187 20212 
12 7 3 186 20212 
12 7 18 187 20212 
12 7 33 186 20212 
12 7 48 187 20212 
12 8 3 187 20212 
12 8 18 186 20212 
12 8 33 187 20212 
12 8 48 186 20212 
12 9 3 187 20212 
12 9 18 186 20212 
12 9 33 187 20212 
12 9 48 186 20212 
12 10 3 187 20212 
12 10 18 186 20212 
12 10 33 187 20212 
12 10 48 186 20212 
12 11 3 187 20212 
12 11 18 186 20212 
12 11 33 187 20212 
12 11 48 186 20212 
12 12 3 187 20212 
12 12 18 186 20212 
12 12 33 187 20212 
12 12 48 186 20212 
12 13 3 187 20212 
12 13 18 186 20212 
12 13 33 187 20212 
12 13 48 186 20212 
12 14 3 187 20212 
12 14 18 186 20212 
12 14 33 187 20212 
12 14 48 186 20212 
12 15 3 187 20212 
12 15 18 186 20212 
12 15 33 187 20212 
12 15 48 186 20212 
12 16 3 187 20212 
12 16 18 186 20212 
12 16 33 187 20212 
12 16 48 186 20212 
12 17 26 187 20212 
12 17 41 186 20212 
12 17 56 187 20212 
12 18 11 186 20212 
12 18 26 187 20212 
12 18 41 187 20212 
12 18 56 186 20212 
12 19 11 187 20212 
12 19 26 186 20212 
12 19 41 187 20212 
12 19 56 186 20212 
12 20 11 187 20212 
12 20 26 186 20212 
12 20 41 187 20212 
12 20 56 186 20212 
12 21 11 187 20212 
12 21 26 186 20212 
12 21 41 187 20212 
12 21 56 186 20212 
12 22 11 187 20212 
12 22 26 186 20212 
12 22 41 187 20212 
12 22 56 186 20212 
12 23 11 187 20212 
12 23 26 186 20212 
12 23 41 187 20212 
12 23 56 186 20212 
12 24 11 187 20212 
12 24 26 186 20212 
12 24 41 187 20212 
12 24 56 186 20212 
12 25 11 187 20212 
12 25 26 186 20212 
12 25 41 187 20212 
12 25 56 186 20212 
12 26 11 187 20212 
12 26 26 186 20212 
12 26 41 187 20212 
12 26 56 186 20212 
12 27 11 187 20212 
12 27 26 186 20212 
12 27 41 187 20212 
12 27 56 186 20212 
12 28 11 187 20212 
12 28 26 186 20212 
12 28 41 187 20212 
12 28 56 187 20212 
12 29 11 186 20212 
12 29 26 187 20212 
12 29 41 186 20212 
12 29 56 187 20212 
12 30 11 186 20212 
12 30 26 187 20212 
12 30 41 186 20212 
12 30 56 187 20212 
12 31 11 186 20212 
12 31 26 187 20212 
12 31 41 186 20212 
12 31 56 187 20212 
12 32 34 187 20212 
12 32 49 186 20212 
12 33 4 187 20212 
12 33 19 186 20212 
12 33 34 187 20212 
12 33 49 186 20212 
12 34 4 187 20212 
12 34 19 186 20212 
12 34 34 187 20212 
12 34 49 186 20212 
12 35 4 187 20212 
12 35 19 186 20212 
12 35 34 187 20212 
12 35 49 186 20212 
12 36 4 187 20212 
12 36 19 186 20212 
12 36 34 187 20212 
12 36 49 186 20212 
12 37 4 187 20212 
12 37 19 186 20212 
12 37 34 187 20212 
12 37 49 186 20212 
12 38 4 187 20212 
12 38 19 186 20212 
12 38 34 187 20212 
12 38 49 186 20212 
12 39 4 187 20212 
12 39 19 186 20212 
12 39 34 187 20212 
12 39 49 187 20212 
12 40 4 186 20212 
12 40 19 187 20212 
12 40 34 186 20212 
12 40 49 187 20212 
12 41 4 186 20212 
12 41 19 187 20212 
12 41 34 186 20212 
12 41 49 187 20273 
12 42 4 186 20212 
12 42 19 187 20212 
12 42 34 186 20273 
12 42 49 187 20273 
12 43 4 186 20273 
12 43 19 187 20273 
12 43 34 186 20273 
12 43 49 187 20273 
12 44 4 186 20273 
12 44 19 187 20273 
12 44 34 186 20273 
12 44 49 187 20273 
12 45 4 186 20273 
12 45 19 187 20273 
12 45 34 186 20273 
12 45 49 187 20273 
12 46 4 186 20273 
12 46 19 187 20273 
12 46 34 186 20273 
12 46 49 187 20273 
12 47 4 186 20273 
12 47 42 187 20273 
12 47 57 186 20273 
12 48 12 187 20273 
12 48 27 186 20273 
12 48 42 187 20273 
12 48 57 186 20273 
12 49 12 187 20273 
12 49 27 186 20273 
12 49 42 187 20273 
12 49 57 186 20273 
12 50 12 187 20273 
12 50 27 187 20273 
12 50 42 186 20273 
12 50 57 187 20273 
12 51 12 186 20273 
12 51 27 187 20273 
12 51 42 186 20273 
12 51 57 187 20273 
12 52 12 186 20273 
12 52 27 187 20273 
12 52 42 186 20273 
12 52 57 187 20273 
12 53 12 186 20273 
12 53 27 187 20273 
12 53 42 186 20273 
12 53 57 187 20273 
12 54 12 186 20273 
12 54 27 187 20273 
12 54 42 186 20273 
12 54 57 187 20273 
12 55 12 186 20273 
12 55 27 187 20273 
12 55 42 186 20273 
12 55 57 187 20273 
12 56 12 186 20273 
12 56 27 187 20273 
12 56 42 186 20273 
12 56 57 187 20273 
12 57 12 186 20273 
12 57 27 187 20273 
12 57 42 186 20273 
12 57 57 187 20273 
12 58 12 186 20273 
12 58 27 187 20273 
12 58 42 186 20273 
12 58 57 187 20273 
12 59 12 186 20273 
12 59 27 187 20273 
12 59 42 186 20273 
12 59 57 187 20273 
13 0 12 186 20273 
13 0 27 187 20273 
13 0 42 186 20273 
13 0 57 187 20273 
13 1 12 187 20273 
13 1 27 186 20273 
13 1 42 187 20273 
13 1 57 186 20273 
13 2 12 187 20273 
13 2 50 187 20273 
13 3 5 186 20273 
13 3 20 187 20273 
13 3 35 186 20273 
13 3 50 187 20273 
13 4 5 186 20273 
13 4 20 187 20273 
13 4 35 186 20273 
13 4 50 187 20273 
13 5 5 186 20273 
13 5 20 187 20273 
13 5 35 186 20273 
13 5 50 187 20273 
13 6 5 186 20273 
13 6 20 187 20273 
13 6 35 186 20273 
13 6 50 187 20273 
13 7 5 186 20273 
13 7 20 187 20273 
13 7 35 186 20273 
13 7 50 187 20273 
13 8 5 186 20273 
13 8 20 187 20273 
13 8 35 186 20273 
13 8 50 187 20273 
13 9 5 186 20273 
13 9 20 187 20273 
13 9 35 186 20273 
13 9 50 187 20273 
13 10 5 186 20273 
13 10 20 187 20273 
13 10 35 186 20273 
13 10 50 187 20273 
13 11 5 186 20273 
13 11 20 187 20273 
13 11 35 187 20273 
13 11 50 186 20273 
13 12 5 187 20273 
13 12 20 186 20273 
13 12 35 187 20273 
13 12 50 186 20273 
13 13 5 187 20273 
13 13 20 186 20273 
13 13 35 187 20273 
13 13 50 186 20273 
13 14 5 187 20273 
13 14 20 186 20273 
13 14 35 187 20273 
13 14 50 186 20273 
13 15 5 187 20273 
13 15 20 186 20273 
13 15 35 187 20273 
13 15 50 186 20273 
13 16 5 187 20273 
13 16 20 186 20273 
13 16 35 187 20273 
13 16 50 186 20273 
13 17 5 187 20273 
13 17 20 186 20273 
13 17 58 187 20273 
13 18 13 186 20273 
13 18 28 187 20273 
13 18 43 186 20273 
13 18 58 187 20273 
13 19 13 186 20273 
13 19 28 187 20273 
13 19 43 186 20273 
13 19 58 187 20273 
13 20 13 186 20273 
13 20 28 187 20273 
13 20 43 186 20273 
13 20 58 187 20273 
13 21 13 186 20273 
13 21 28 187 20273 
13 21 43 186 20273 
13 21 58 187 20273 
13 22 13 186 20273 
13 22 28 187 20273 
13 22 43 187 20273 
13 22 58 186 20273 
13 23 13 187 20273 
13 23 28 186 20273 
13 23 43 187 20273 
13 23 58 186 20273 
13 24 13 187 20273 
13 24 28 186 20273 
13 24 43 187 20273 
13 24 58 186 20273 
13 25 13 187 20273 
13 25 28 186 20273 
13 25 43 187 20273 
13 25 58 186 20273 
13 26 13 187 20273 
13 26 28 186 20273 
13 26 43 187 20273 
13 26 58 186 20273 
13 27 13 187 20273 
13 27 28 186 20273 
13 27 43 187 20273 
13 27 58 186 20273 
13 28 13 186 20273 
13 28 28 187 20273 
13 28 43 186 20273 
13 28 58 187 20273 
13 29 13 186 20273 
13 29 28 187 20273 
13 29 43 186 20273 
13 29 58 187 20273 
13 30 13 186 20273 
13 30 28 187 20273 
13 30 43 186 20273 
13 30 58 187 20273 
13 31 13 186 20273 
13 31 28 187 20273 
13 31 43 186 20273 
13 31 58 187 20273 
13 32 13 186 20273 
13 32 28 187 20273 
13 33 6 187 20273 
13 33 21 187 20273 
13 33 36 186 20273 
13 33 51 187 20273 
13 34 6 186 20273 
13 34 21 187 20273 
13 34 36 186 20273 
13 34 51 187 20273 
13 35 6 186 20273 
13 35 21 187 20273 
13 35 36 186 20273 
13 35 51 187 20273 
13 36 6 186 20273 
13 36 21 187 20273 
13 36 36 186 20273 
13 36 51 187 20273 
13 37 6 186 20273 
13 37 21 187 20273 
13 37 36 186 20273 
13 37 51 187 20273 
13 38 6 186 20273 

/> 