h

h
<CR>Bad command!

/> 
h
h
<CR>
Available commands
------------------
h or ?  ---------------> Alias for Help 
ls      ---------------> List of Files 
read XXXX -------------> read the daily file XXXX  (month/day) 
read_ramp XXXXXXXX ----> read the text file XXXXXXXX  (month/day/Hours/Minutes) 

/> 
ls
ls
<CR>
         TIME          Size       File name 
----A 2019/08/09 13:17        32  0809
----A 2020/12/08 14:27        80  1208
----A 2020/12/11 13:38     11760  1211
----A 2020/12/11 07:59    128000  12110744
----A 2020/12/11 08:14    128000  12110759
----A 2020/12/11 08:31    128000  12110814
----A 2020/12/11 08:47    128000  12110829
----A 2020/12/11 09:00    128000  12110845
----A 2020/12/11 09:15    128000  12110900
----A 2020/12/11 09:31    128000  12110915
----A 2020/12/11 09:45    128000  12110930
----A 2020/12/11 10:02    128000  12110945
----A 2020/12/11 10:15    128000  12111000
----A 2020/12/11 10:31    128000  12111015
----A 2020/12/11 10:47    128000  12111030
----A 2020/12/11 11:01    128000  12111046
----A 2020/12/11 11:16    128000  12111101
----A 2020/12/11 11:31    128000  12111116
----A 2020/12/11 11:46    128000  12111131
----A 2020/12/11 12:03    128000  12111146
----A 2020/12/11 12:19    128000  12111201
----A 2020/12/11 12:31    128000  12111216
----A 2020/12/11 12:47    128000  12111232
----A 2020/12/11 13:02    128000  12111247
----A 2020/12/11 13:17    128000  12111302
----A 2020/12/11 13:33    128000  12111317
----A 2020/12/11 13:34      2560  12111332
----A 2020/12/12 12:15      9408  1212
----A 2020/12/12 07:43    128000  12120727
----A 2020/12/12 07:59    128000  12120742
----A 2020/12/12 08:13    128000  12120758
----A 2020/12/12 08:29    128000  12120813
----A 2020/12/12 08:43    128000  12120828
----A 2020/12/12 08:58    128000  12120843
----A 2020/12/12 09:15    128000  12120858
----A 2020/12/12 09:31    128000  12120913
----A 2020/12/12 09:44    128000  12120929
----A 2020/12/12 09:59    128000  12120944
----A 2020/12/12 10:15    128000  12120959
----A 2020/12/12 10:29    128000  12121014
----A 2020/12/12 10:46    128000  12121029
----A 2020/12/12 10:59    128000  12121044
----A 2020/12/12 11:15    128000  12121059
----A 2020/12/12 11:30    128000  12121115
----A 2020/12/12 11:45    128000  12121130
----A 2020/12/12 12:01    128000  12121145
----A 2020/12/12 12:15    128000  12121200
----A 2020/12/12 12:15      2560  12121215

  48 File(s),   5402400 bytes total
   0 Dir(s),     995104K bytes free

/> 
read 1212
read 1212
<CR>Time:2020/12/12 12:15
Hours Minutes Seconds  Nb_Samples    Aver. Current 
7 13 31 186 10410 
7 13 46 182 11689 
7 14 1 187 14672 
7 14 16 186 17594 
7 14 31 187 19542 
7 15 28 187 20090 
7 15 43 186 20029 
7 15 58 187 20029 
7 16 13 186 20029 
7 16 28 187 20029 
7 16 43 186 20029 
7 16 58 186 20029 
7 17 13 187 20029 
7 17 28 186 20029 
7 17 43 187 20029 
7 17 58 186 20029 
7 18 13 187 20029 
7 18 28 186 20029 
7 18 43 187 20029 
7 18 58 186 20029 
7 19 13 187 20029 
7 19 28 186 20029 
7 19 43 187 20029 
7 19 58 186 20029 
7 20 13 187 20029 
7 20 28 186 20029 
7 20 43 187 20029 
7 20 58 187 20029 
7 21 13 186 20029 
7 21 28 187 20029 
7 21 43 186 20029 
7 21 58 187 20029 
7 22 13 186 20029 
7 22 28 187 20029 
7 22 43 186 20029 
7 22 58 187 20029 
7 23 13 186 20029 
7 23 28 187 20029 
7 23 43 186 20029 
7 23 58 186 20029 
7 24 13 187 20029 
7 24 28 186 20029 
7 24 43 187 20029 
7 24 58 186 20029 
7 25 13 187 20029 
7 25 28 186 20029 
7 25 43 187 20029 
7 25 58 186 20029 
7 26 13 187 20029 
7 26 28 186 20029 
7 26 43 187 20029 
7 26 58 186 20029 
7 27 13 187 20029 
7 27 28 186 20029 
7 27 43 187 20029 
7 28 21 187 19969 
7 28 36 186 19969 
7 28 51 187 19969 
7 29 6 186 19969 
7 29 21 187 19969 
7 29 36 186 19969 
7 29 51 187 19969 
7 30 6 186 19969 
7 30 21 187 19969 
7 30 36 186 19969 
7 30 51 187 19969 
7 31 6 186 19969 
7 31 21 187 19969 
7 31 36 186 19969 
7 31 51 186 19969 
7 32 6 187 19969 
7 32 21 186 19969 
7 32 36 187 19969 
7 32 51 186 19969 
7 33 6 187 19969 
7 33 21 187 19969 
7 33 36 186 19969 
7 33 51 187 19969 
7 34 6 186 19969 
7 34 21 187 19969 
7 34 36 186 19969 
7 34 51 187 19969 
7 35 6 186 19969 
7 35 21 187 19969 
7 35 36 186 19969 
7 35 51 187 19969 
7 36 6 186 19969 
7 36 21 187 19969 
7 36 36 186 19969 
7 36 51 187 19969 
7 37 6 186 19969 
7 37 21 187 19969 
7 37 36 186 19969 
7 37 51 187 19969 
7 38 6 186 19969 
7 38 21 186 19969 
7 38 36 187 19969 
7 38 51 186 19969 
7 39 6 187 19969 
7 39 21 186 19969 
7 39 36 187 20029 
7 39 51 186 19969 
7 40 6 187 19969 
7 40 21 186 19969 
7 40 36 187 20029 
7 40 51 186 19969 
7 41 6 187 19969 
7 41 21 186 19969 
7 41 36 187 19969 
7 41 51 186 19969 
7 42 6 187 19969 
7 42 21 186 19969 
7 42 36 187 19969 
7 42 51 186 19969 
7 43 29 187 19969 
7 43 44 186 19969 
7 43 59 186 19969 
7 44 14 187 19969 
7 44 29 186 19969 
7 44 44 187 19969 
7 44 59 186 19969 
7 45 14 187 19969 
7 45 29 187 19969 
7 45 44 186 19969 
7 45 59 187 19969 
7 46 14 186 19969 
7 46 29 187 19969 
7 46 44 186 19969 
7 46 59 187 19969 
7 47 14 186 19969 
7 47 29 187 19969 
7 47 44 186 19969 
7 47 59 187 19969 
7 48 14 186 19969 
7 48 29 187 19969 
7 48 44 186 19969 
7 48 59 187 19969 
7 49 14 186 19969 
7 49 29 187 19969 
7 49 44 186 19969 
7 49 59 187 19969 
7 50 14 186 19969 
7 50 29 187 19969 
7 50 44 186 19969 
7 50 59 187 19969 
7 51 14 186 19969 
7 51 29 187 19969 
7 51 44 186 19969 
7 51 59 187 19969 
7 52 14 186 19969 
7 52 29 187 19969 
7 52 44 186 20029 
7 52 59 187 19969 
7 53 14 186 19969 
7 53 29 187 19969 
7 53 44 186 19969 
7 53 59 187 19969 
7 54 14 186 19969 
7 54 29 187 19969 
7 54 44 186 20029 
7 54 59 187 19969 
7 55 14 186 19969 
7 55 29 187 19969 
7 55 44 186 19969 
7 55 59 187 20029 
7 56 14 186 19969 
7 56 29 187 19969 
7 56 44 186 19969 
7 56 59 187 20029 
7 57 14 187 19969 
7 57 29 186 19969 
7 57 44 187 20029 
7 57 59 186 19969 
7 58 38 187 19969 
7 58 53 186 19969 
7 59 8 186 20029 
7 59 23 187 20029 
7 59 38 186 19969 
7 59 53 187 19969 
8 0 8 186 19969 
8 0 23 187 19969 
8 0 38 186 20029 
8 0 53 187 19969 
8 1 8 186 19969 
8 1 23 187 19969 
8 1 38 186 20029 
8 1 53 187 20029 
8 2 8 186 19969 
8 2 23 187 19969 
8 2 38 186 19969 
8 2 53 187 19969 
8 3 8 186 19969 
8 3 23 187 19969 
8 3 38 186 20029 
8 3 53 187 19969 
8 4 8 186 19969 
8 4 23 187 20029 
8 4 38 186 20029 
8 4 53 187 20029 
8 5 8 186 20029 
8 5 23 187 20029 
8 5 38 186 20029 
8 5 53 187 20029 
8 6 8 186 20029 
8 6 23 187 20029 
8 6 38 186 20029 
8 6 53 187 20029 
8 7 8 186 20029 
8 7 23 187 20029 
8 7 38 186 20029 
8 7 53 187 20029 
8 8 8 186 20029 
8 8 23 187 20029 
8 8 38 187 20029 
8 8 53 186 20029 
8 9 8 187 20029 
8 9 23 186 20029 
8 9 38 187 20029 
8 9 53 186 20029 
8 10 8 187 20029 
8 10 23 186 20029 
8 10 38 187 20029 
8 10 53 186 20029 
8 11 8 187 20029 
8 11 23 186 20029 
8 11 38 187 20029 
8 11 53 186 20029 
8 12 8 187 20029 
8 12 23 186 20029 
8 12 38 187 20029 
8 12 53 186 20029 
8 13 8 187 20029 
8 13 47 187 20029 
8 14 2 186 19969 
8 14 17 187 20029 
8 14 32 186 20029 
8 14 47 187 20029 
8 15 2 186 20029 
8 15 17 187 20029 
8 15 32 186 20029 
8 15 47 187 20029 
8 16 2 186 20029 
8 16 17 187 20029 
8 16 32 186 20029 
8 16 47 187 20029 
8 17 2 186 20029 
8 17 17 187 20029 
8 17 32 186 20029 
8 17 47 187 20029 
8 18 2 186 20029 
8 18 17 187 20029 
8 18 32 186 20029 
8 18 47 187 20029 
8 19 2 186 20029 
8 19 17 187 20029 
8 19 32 186 20029 
8 19 47 187 20029 
8 20 2 186 20029 
8 20 17 187 20029 
8 20 32 187 20029 
8 20 47 186 20029 
8 21 2 187 20029 
8 21 17 186 20029 
8 21 32 187 20029 
8 21 47 186 20029 
8 22 2 187 20029 
8 22 17 186 20029 
8 22 32 187 20029 
8 22 47 186 20029 
8 23 2 187 20029 
8 23 17 186 19969 
8 23 32 187 19969 
8 23 47 186 20029 
8 24 2 187 20029 
8 24 17 186 20029 
8 24 32 187 20029 
8 24 47 186 20029 
8 25 2 187 20029 
8 25 17 186 20029 
8 25 32 187 20029 
8 25 47 186 20029 
8 26 2 187 20029 
8 26 17 186 20029 
8 26 32 187 20029 
8 26 47 186 20029 
8 27 2 187 20029 
8 27 17 186 20029 
8 27 32 187 20029 
8 27 47 186 20029 
8 28 2 187 20029 
8 28 17 186 20029 
8 28 56 187 20029 
8 29 11 186 20029 
8 29 26 186 20029 
8 29 41 187 20029 
8 29 56 186 20029 
8 30 11 187 20029 
8 30 26 186 20029 
8 30 41 187 20029 
8 30 56 186 20029 
8 31 11 187 20029 
8 31 26 187 20029 
8 31 41 186 20029 
8 31 56 187 20029 
8 32 11 186 20029 
8 32 26 187 20029 
8 32 41 186 20029 
8 32 56 187 20029 
8 33 11 186 20029 
8 33 26 187 20029 
8 33 41 186 20029 
8 33 56 187 20029 
8 34 11 186 20029 
8 34 26 187 20029 
8 34 41 186 20029 
8 34 56 187 20029 
8 35 11 186 20029 
8 35 26 187 20029 
8 35 41 186 20029 
8 35 56 187 20029 
8 36 11 186 20029 
8 36 26 187 20029 
8 36 41 186 20029 
8 36 56 187 20029 
8 37 11 186 20029 
8 37 26 187 20029 
8 37 41 186 20029 
8 37 56 187 20029 
8 38 11 186 20029 
8 38 26 187 20029 
8 38 41 186 20029 
8 38 56 187 20029 
8 39 11 186 20029 
8 39 26 187 20029 
8 39 41 186 20029 
8 39 56 187 20029 
8 40 11 186 20029 
8 40 26 187 20029 
8 40 41 186 20029 
8 40 56 187 20029 
8 41 11 186 20029 
8 41 26 187 20029 
8 41 41 186 20029 
8 41 56 187 20029 
8 42 11 186 20029 
8 42 26 187 20029 
8 42 41 186 20029 
8 42 56 187 20029 
8 43 11 187 20029 
8 43 26 186 20029 
8 44 5 187 20029 
8 44 20 186 20029 
8 44 35 186 20029 
8 44 50 187 20029 
8 45 5 186 20029 
8 45 20 187 20029 
8 45 35 186 20029 
8 45 50 187 20029 
8 46 5 186 20029 
8 46 20 187 20029 
8 46 35 186 20029 
8 46 50 187 20029 
8 47 5 186 20029 
8 47 20 187 20029 
8 47 35 186 20029 
8 47 50 187 20029 
8 48 5 186 20029 
8 48 20 187 20029 
8 48 35 186 20029 
8 48 50 187 20029 
8 49 5 186 20029 
8 49 20 187 20029 
8 49 35 186 20029 
8 49 50 187 20029 
8 50 5 186 20029 
8 50 20 187 20029 
8 50 35 186 20029 
8 50 50 187 20029 
8 51 5 186 20029 
8 51 20 187 20029 
8 51 35 186 20029 
8 51 50 187 20029 
8 52 5 186 20029 
8 52 20 187 20029 
8 52 35 186 20029 
8 52 50 187 20029 
8 53 5 186 20029 
8 53 20 187 20029 
8 53 35 186 20029 
8 53 50 187 20029 
8 54 5 187 20029 
8 54 20 186 20029 
8 54 35 187 20029 
8 54 50 186 20029 
8 55 5 187 20029 
8 55 20 186 20029 
8 55 35 187 20029 
8 55 50 186 20029 
8 56 5 187 20029 
8 56 20 186 20029 
8 56 35 187 20029 
8 56 50 186 20029 
8 57 5 187 20029 
8 57 20 186 20029 
8 57 35 187 20029 
8 57 50 186 20029 
8 58 5 187 20029 
8 58 20 186 20029 
8 58 35 187 20029 
8 59 14 187 20029 
8 59 29 186 20029 
8 59 44 186 20029 
8 59 59 187 20029 
9 0 14 186 20029 
9 0 29 187 20029 
9 0 44 186 20029 
9 0 59 187 20029 
9 1 14 186 20029 
9 1 29 187 20029 
9 1 44 186 20029 
9 1 59 187 20029 
9 2 14 186 20029 
9 2 29 187 20029 
9 2 44 186 20029 
9 2 59 187 20029 
9 3 14 186 20029 
9 3 29 187 20029 
9 3 44 186 20029 
9 3 59 187 20029 
9 4 14 186 20029 
9 4 29 187 20029 
9 4 44 186 20029 
9 4 59 187 20029 
9 5 14 187 20029 
9 5 29 186 20029 
9 5 44 187 20029 
9 5 59 186 20029 
9 6 14 187 20029 
9 6 29 186 20029 
9 6 44 187 20029 
9 6 59 186 20029 
9 7 14 187 20029 
9 7 29 186 20029 
9 7 44 187 20029 
9 7 59 186 20029 
9 8 14 187 20029 
9 8 29 186 20029 
9 8 44 187 20029 
9 8 59 186 20029 
9 9 14 187 20029 
9 9 29 186 20029 
9 9 44 187 20029 
9 9 59 186 20029 
9 10 14 187 20029 
9 10 29 186 20029 
9 10 44 187 20029 
9 10 59 186 20029 
9 11 14 187 20029 
9 11 29 186 20029 
9 11 44 187 20029 
9 11 59 186 20029 
9 12 14 187 20029 
9 12 29 186 20029 
9 12 44 187 20029 
9 12 59 186 20029 
9 13 14 187 20029 
9 13 29 186 20029 
9 13 44 187 20029 
9 14 23 187 20029 
9 14 38 186 20029 
9 14 53 187 20029 
9 15 8 186 20029 
9 15 23 187 20029 
9 15 38 186 20029 
9 15 53 187 20029 
9 16 8 186 20029 
9 16 23 187 20029 
9 16 38 187 20029 
9 16 53 186 20029 
9 17 8 187 20029 
9 17 23 186 20029 
9 17 38 187 20029 
9 17 53 186 20029 
9 18 8 187 20029 
9 18 23 186 20029 
9 18 38 187 20029 
9 18 53 186 20029 
9 19 8 187 20029 
9 19 23 186 20029 
9 19 38 187 20029 
9 19 53 186 20029 
9 20 8 187 20029 
9 20 23 186 20029 
9 20 38 187 20029 
9 20 53 186 20029 
9 21 8 187 20029 
9 21 23 186 20029 
9 21 38 187 20029 
9 21 53 186 20029 
9 22 8 187 20029 
9 22 23 186 20029 
9 22 38 187 20029 
9 22 53 186 20029 
9 23 8 187 20029 
9 23 23 186 20029 
9 23 38 187 20029 
9 23 53 186 20029 
9 24 8 187 20029 
9 24 23 186 20029 
9 24 38 187 20029 
9 24 53 186 20029 
9 25 8 187 20029 
9 25 23 186 20029 
9 25 38 187 20029 
9 25 53 186 20029 
9 26 8 187 20029 
9 26 23 186 20029 
9 26 38 187 20029 
9 26 53 186 20029 
9 27 8 187 20029 
9 27 23 186 20029 
9 27 38 187 20029 
9 27 53 187 20029 
9 28 8 186 20029 
9 28 23 187 20029 
9 28 38 186 20029 
9 28 53 187 20029 
9 29 32 187 20029 
9 29 47 186 20029 
9 30 2 186 20029 
9 30 17 187 20029 
9 30 32 186 20029 
9 30 47 187 20029 
9 31 2 186 20029 
9 31 17 187 20029 
9 31 32 186 20029 
9 31 47 187 20029 
9 32 2 186 20029 
9 32 17 187 20029 
9 32 32 186 20029 
9 32 47 187 20029 
9 33 2 186 20029 
9 33 17 187 20029 
9 33 32 186 20029 
9 33 47 187 20029 
9 34 2 186 20029 
9 34 17 187 20029 
9 34 32 186 20029 
9 34 47 187 20029 
9 35 2 186 20029 
9 35 17 187 20029 
9 35 32 186 20029 
9 35 47 187 20029 
9 36 2 186 20029 
9 36 17 187 20029 
9 36 32 186 20029 
9 36 47 187 20029 
9 37 2 186 20029 
9 37 17 187 20029 
9 37 32 186 20029 
9 37 47 187 20029 
9 38 2 186 20029 
9 38 17 187 20029 
9 38 32 186 20029 
9 38 47 187 20029 
9 39 2 187 20029 
9 39 17 186 20029 
9 39 32 187 20029 
9 39 47 186 20029 
9 40 2 187 20029 
9 40 17 186 20029 
9 40 32 187 20029 
9 40 47 186 20029 
9 41 2 187 20029 
9 41 17 186 20029 
9 41 32 187 20029 
9 41 47 186 20029 
9 42 2 187 20029 
9 42 17 186 20029 
9 42 32 187 20029 
9 42 47 186 20029 
9 43 2 187 20029 
9 43 17 186 20029 
9 43 32 187 20029 
9 43 47 186 20029 
9 44 2 187 20029 
9 44 41 187 20029 
9 44 56 186 20029 
9 45 11 186 20029 
9 45 26 187 20029 
9 45 41 186 20029 
9 45 56 187 20029 
9 46 11 186 20029 
9 46 26 187 20029 
9 46 41 186 20029 
9 46 56 187 20029 
9 47 11 186 20029 
9 47 26 187 20029 
9 47 41 186 20029 
9 47 56 187 20029 
9 48 11 186 20029 
9 48 26 187 20029 
9 48 41 186 20029 
9 48 56 187 20029 
9 49 11 186 20029 
9 49 26 187 20029 
9 49 41 186 20029 
9 49 56 187 20029 
9 50 11 187 20029 
9 50 26 186 20029 
9 50 41 187 20029 
9 50 56 186 20029 
9 51 11 187 20029 
9 51 26 186 20029 
9 51 41 187 20029 
9 51 56 186 20029 
9 52 11 187 20029 
9 52 26 186 20029 
9 52 41 187 20029 
9 52 56 186 20029 
9 53 11 187 20029 
9 53 26 186 20029 
9 53 41 187 20029 
9 53 56 186 20029 
9 54 11 187 20029 
9 54 26 186 20029 
9 54 41 187 20029 
9 54 56 186 20029 
9 55 11 187 20029 
9 55 26 186 20029 
9 55 41 187 20029 
9 55 56 186 20029 
9 56 11 187 20029 
9 56 26 186 20029 
9 56 41 187 20029 
9 56 56 186 20029 
9 57 11 187 20029 
9 57 26 186 20029 
9 57 41 187 20029 
9 57 56 186 20029 
9 58 11 187 20029 
9 58 26 186 20029 
9 58 41 187 20029 
9 58 56 186 20029 
9 59 11 187 20029 
9 59 50 187 20029 
10 0 5 186 20029 
10 0 20 187 20029 
10 0 35 186 20029 
10 0 50 187 20029 
10 1 5 187 20029 
10 1 20 186 20029 
10 1 35 187 20029 
10 1 50 186 20029 
10 2 5 187 20029 
10 2 20 186 20029 
10 2 35 187 20029 
10 2 50 186 20029 
10 3 5 187 20029 
10 3 20 186 20029 
10 3 35 187 20029 
10 3 50 186 20029 
10 4 5 187 20029 
10 4 20 186 20029 
10 4 35 187 20029 
10 4 50 186 20029 
10 5 5 187 20029 
10 5 20 186 20029 
10 5 35 187 20029 
10 5 50 186 20029 
10 6 5 187 20029 
10 6 20 186 20029 
10 6 35 187 20029 
10 6 50 186 20029 
10 7 5 187 20029 
10 7 20 186 20029 
10 7 35 187 20029 
10 7 50 186 20029 
10 8 5 187 20029 
10 8 20 186 20029 
10 8 35 187 20029 
10 8 50 186 20029 
10 9 5 187 20029 
10 9 20 186 20029 
10 9 35 187 20029 
10 9 50 186 20029 
10 10 5 187 20029 
10 10 20 186 20029 
10 10 35 187 20029 
10 10 50 186 20029 
10 11 5 187 20029 
10 11 20 186 20029 
10 11 35 187 20029 
10 11 50 186 20029 
10 12 5 187 20029 
10 12 20 187 20029 
10 12 35 186 20029 
10 12 50 187 20029 
10 13 5 186 20029 
10 13 20 187 20029 
10 13 35 186 20029 
10 13 50 187 20029 
10 14 5 186 20029 
10 14 20 187 20029 
10 14 59 187 20029 
10 15 14 186 20029 
10 15 29 187 20029 
10 15 44 186 20029 
10 15 59 187 20029 
10 16 14 186 20029 
10 16 29 187 20029 
10 16 44 186 20029 
10 16 59 187 20029 
10 17 14 186 20029 
10 17 29 187 20029 
10 17 44 186 20029 
10 17 59 187 20029 
10 18 14 186 20029 
10 18 29 187 20029 
10 18 44 186 20029 
10 18 59 187 20029 
10 19 14 186 20029 
10 19 29 187 20029 
10 19 44 186 20029 
10 19 59 187 20029 
10 20 14 186 20029 
10 20 29 187 20029 
10 20 44 186 20029 
10 20 59 187 20029 
10 21 14 186 20029 
10 21 29 187 20029 
10 21 44 186 20029 
10 21 59 187 20029 
10 22 14 186 20029 
10 22 29 187 20029 
10 22 44 186 20029 
10 22 59 187 20029 
10 23 15 187 20029 
10 23 29 186 20029 
10 23 45 187 20029 
10 23 59 186 20029 
10 24 15 187 20029 
10 24 29 186 20029 
10 24 45 187 20029 
10 24 59 186 20029 
10 25 15 187 20029 
10 25 29 186 20029 
10 25 45 187 20029 
10 26 0 186 20029 
10 26 15 187 20029 
10 26 30 186 20029 
10 26 45 187 20029 
10 27 0 186 20029 
10 27 15 187 20029 
10 27 30 186 20029 
10 27 45 187 20029 
10 28 0 186 20029 
10 28 15 187 20029 
10 28 30 186 20029 
10 28 45 187 20029 
10 29 0 186 20029 
10 29 15 187 20029 
10 29 30 186 20029 
10 30 9 187 20029 
10 30 24 186 20029 
10 30 39 186 20029 
10 30 54 187 20029 
10 31 9 186 20029 
10 31 24 187 20029 
10 31 39 186 20029 
10 31 54 187 20029 
10 32 9 186 20029 
10 32 24 187 20029 
10 32 39 186 20029 
10 32 54 187 20029 
10 33 9 186 20029 
10 33 24 187 20029 
10 33 39 186 20029 
10 33 54 187 20029 
10 34 9 187 20029 
10 34 24 186 20029 
10 34 39 187 20029 
10 34 54 186 20029 
10 35 9 187 20029 
10 35 24 186 20029 
10 35 39 187 20029 
10 35 54 186 20029 
10 36 9 187 20029 
10 36 24 186 20029 
10 36 39 187 20029 
10 36 54 186 20029 
10 37 9 187 20029 
10 37 24 186 20029 
10 37 39 187 20029 
10 37 54 186 20029 
10 38 9 187 20029 
10 38 24 186 20029 
10 38 39 187 20029 
10 38 54 186 20029 
10 39 9 187 20029 
10 39 24 186 20029 
10 39 39 187 20029 
10 39 54 186 20029 
10 40 9 187 20029 
10 40 24 186 20029 
10 40 39 187 20029 
10 40 54 186 20029 
10 41 9 187 20029 
10 41 24 186 20029 
10 41 39 187 20029 
10 41 54 186 20029 
10 42 9 187 20029 
10 42 24 186 20029 
10 42 39 187 20029 
10 42 54 186 20029 
10 43 9 187 20029 
10 43 24 186 20029 
10 43 39 187 20029 
10 43 54 186 20029 
10 44 9 187 20029 
10 44 24 186 20029 
10 44 39 187 20029 
10 45 18 187 20029 
10 45 33 186 20029 
10 45 48 187 20029 
10 46 3 186 20029 
10 46 18 187 20029 
10 46 33 186 20029 
10 46 48 187 20029 
10 47 3 186 20029 
10 47 18 187 20029 
10 47 33 186 20029 
10 47 48 187 20029 
10 48 3 186 20029 
10 48 18 187 20029 
10 48 33 186 20029 
10 48 48 187 20029 
10 49 3 186 20029 
10 49 18 187 20029 
10 49 33 186 20029 
10 49 48 187 20029 
10 50 3 186 20029 
10 50 18 187 20029 
10 50 33 186 20029 
10 50 48 187 20029 
10 51 3 186 20029 
10 51 18 187 20029 
10 51 33 186 20029 
10 51 48 187 20029 
10 52 3 186 20029 
10 52 18 187 20029 
10 52 33 186 20029 
10 52 48 187 20029 
10 53 3 186 20029 
10 53 18 187 20029 
10 53 33 186 20029 
10 53 48 187 20029 
10 54 3 186 20029 
10 54 18 187 20029 
10 54 33 186 20029 
10 54 48 187 20029 
10 55 3 186 20029 
10 55 18 187 20029 
10 55 33 186 20029 
10 55 48 187 20029 
10 56 3 186 20029 
10 56 18 187 20029 
10 56 33 187 20029 
10 56 48 186 20029 
10 57 3 187 20029 
10 57 18 186 20029 
10 57 33 187 20029 
10 57 48 186 20029 
10 58 3 187 20029 
10 58 18 186 20029 
10 58 33 187 20029 
10 58 48 186 20029 
10 59 3 187 20029 
10 59 18 186 20029 
10 59 33 187 20029 
10 59 48 186 20029 
11 0 27 187 20029 
11 0 42 186 20029 
11 0 57 187 20029 
11 1 12 186 20029 
11 1 27 187 20029 
11 1 42 186 20029 
11 1 57 187 20029 
11 2 12 186 20029 
11 2 27 187 20029 
11 2 42 186 20029 
11 2 57 187 20029 
11 3 12 186 20029 
11 3 27 187 20029 
11 3 42 186 20029 
11 3 57 187 20029 
11 4 12 186 20029 
11 4 27 187 20029 
11 4 42 186 20029 
11 4 57 187 20029 
11 5 12 186 20029 
11 5 27 187 20029 
11 5 42 186 20029 
11 5 57 187 20029 
11 6 12 186 20029 
11 6 27 187 20029 
11 6 42 186 20029 
11 6 57 187 20029 
11 7 12 187 20029 
11 7 27 186 20029 
11 7 42 187 20029 
11 7 57 186 20029 
11 8 12 187 20029 
11 8 27 186 20029 
11 8 42 187 20029 
11 8 57 186 20029 
11 9 12 187 20029 
11 9 27 186 20029 
11 9 42 187 20029 
11 9 57 186 20029 
11 10 12 187 20029 
11 10 27 186 20029 
11 10 42 187 20029 
11 10 57 186 20029 
11 11 12 187 20029 
11 11 27 186 20029 
11 11 42 187 20029 
11 11 57 186 20029 
11 12 12 187 20029 
11 12 27 186 20029 
11 12 42 187 20029 
11 12 57 186 20029 
11 13 12 187 20029 
11 13 27 186 20029 
11 13 42 187 20029 
11 13 57 186 20029 
11 14 12 187 20029 
11 14 27 186 20029 
11 14 42 187 20029 
11 14 57 186 20029 
11 15 36 187 20029 
11 15 51 186 20029 
11 16 6 187 20029 
11 16 21 186 20029 
11 16 36 187 20029 
11 16 51 186 20029 
11 17 6 187 20029 
11 17 21 186 20029 
11 17 36 187 20029 
11 17 51 186 20029 
11 18 6 187 20029 
11 18 21 187 20029 
11 18 36 186 20029 
11 18 51 187 20029 
11 19 6 186 20029 
11 19 21 187 20029 
11 19 36 186 20029 
11 19 51 187 20029 
11 20 6 186 20029 
11 20 21 187 20029 
11 20 36 186 20029 
11 20 51 187 20029 
11 21 6 186 20029 
11 21 21 187 20029 
11 21 36 186 20029 
11 21 51 187 20029 
11 22 6 186 20029 
11 22 21 187 20029 
11 22 36 186 20029 
11 22 51 187 20029 
11 23 6 186 20029 
11 23 21 187 20029 
11 23 36 186 20029 
11 23 51 187 20029 
11 24 6 186 20029 
11 24 21 187 20029 
11 24 36 186 20029 
11 24 51 187 20029 
11 25 6 186 20029 
11 25 21 187 20029 
11 25 36 186 20029 
11 25 51 187 20029 
11 26 6 186 20029 
11 26 21 187 20029 
11 26 36 186 20029 
11 26 51 187 20029 
11 27 6 186 20029 
11 27 21 187 20029 
11 27 36 186 20029 
11 27 51 187 20029 
11 28 6 186 20029 
11 28 21 187 20029 
11 28 36 186 20029 
11 28 51 187 20029 
11 29 6 187 20029 
11 29 21 186 20029 
11 29 36 187 20029 
11 29 51 186 20029 
11 30 6 187 20029 
11 30 45 187 20029 
11 31 0 186 20029 
11 31 15 186 20029 
11 31 30 187 20029 
11 31 45 186 20029 
11 32 0 187 20029 
11 32 15 186 20029 
11 32 30 187 20029 
11 32 45 186 20029 
11 33 0 187 20029 
11 33 15 186 20029 
11 33 30 187 20029 
11 33 45 186 20029 
11 34 0 187 20029 
11 34 15 186 20029 
11 34 30 187 20029 
11 34 45 186 20029 
11 35 0 187 20029 
11 35 15 186 20029 
11 35 30 187 20029 
11 35 45 186 20029 
11 36 0 187 20029 
11 36 15 186 20029 
11 36 30 187 20029 
11 36 45 186 20029 
11 37 0 187 20029 
11 37 15 186 20029 
11 37 30 187 20029 
11 37 45 186 20029 
11 38 0 187 20029 
11 38 15 186 20029 
11 38 30 187 20029 
11 38 45 186 20029 
11 39 0 187 20029 
11 39 15 186 20029 
11 39 30 187 20029 
11 39 45 186 20029 
11 40 0 187 20029 
11 40 15 187 20029 
11 40 30 186 20029 
11 40 45 187 20029 
11 41 0 186 20029 
11 41 15 187 20029 
11 41 30 186 20029 
11 41 45 187 20029 
11 42 0 186 20029 
11 42 15 187 20029 
11 42 30 186 20029 
11 42 45 187 20029 
11 43 0 186 20029 
11 43 15 187 20029 
11 43 30 186 20029 
11 43 45 187 20029 
11 44 0 186 20029 
11 44 15 187 20029 
11 44 30 186 20029 
11 44 45 187 20029 
11 45 0 186 20029 
11 45 15 187 20029 
11 45 54 187 20029 
11 46 9 186 20029 
11 46 24 186 20029 
11 46 39 187 20029 
11 46 54 186 20029 
11 47 9 187 20029 
11 47 24 186 20029 
11 47 39 187 20029 
11 47 54 186 20029 
11 48 9 187 20029 
11 48 24 186 20029 
11 48 39 187 20029 
11 48 54 186 20029 
11 49 9 187 20029 
11 49 24 186 20029 
11 49 39 187 20029 
11 49 54 186 20029 
11 50 9 187 20029 
11 50 24 186 20029 
11 50 39 187 20029 
11 50 54 186 20029 
11 51 9 187 20029 
11 51 24 187 20029 
11 51 39 186 20029 
11 51 54 187 20029 
11 52 9 186 20029 
11 52 24 187 20029 
11 52 39 186 20029 
11 52 54 187 20029 
11 53 9 186 20029 
11 53 24 187 20029 
11 53 39 186 20029 
11 53 54 187 20029 
11 54 9 186 20029 
11 54 24 187 20029 
11 54 39 186 20029 
11 54 54 187 20029 
11 55 9 186 20029 
11 55 24 187 20029 
11 55 39 186 20029 
11 55 54 187 20029 
11 56 9 186 20029 
11 56 24 187 20029 
11 56 39 186 20029 
11 56 54 187 20029 
11 57 9 186 20029 
11 57 24 187 20029 
11 57 39 186 20029 
11 57 54 187 20029 
11 58 9 186 20029 
11 58 24 187 20029 
11 58 39 186 20029 
11 58 54 187 20029 
11 59 9 186 20029 
11 59 24 187 20029 
11 59 39 186 20029 
11 59 54 187 20029 
12 0 9 186 20029 
12 0 24 187 20029 
12 1 3 187 20029 
12 1 18 186 20029 
12 1 33 186 20029 
12 1 48 187 20029 
12 2 3 187 20029 
12 2 18 186 20029 
12 2 33 187 20029 
12 2 48 186 20029 
12 3 3 187 20029 
12 3 18 186 20029 
12 3 33 187 20029 
12 3 48 186 20029 
12 4 3 187 20029 
12 4 18 186 20029 
12 4 33 187 20029 
12 4 48 186 20029 
12 5 3 187 20029 
12 5 18 186 20029 
12 5 33 187 20029 
12 5 48 186 20029 
12 6 3 187 20029 
12 6 18 186 20029 
12 6 33 187 20029 
12 6 48 186 20029 
12 7 3 187 20029 
12 7 18 186 20029 
12 7 33 187 20029 
12 7 48 186 20029 
12 8 3 187 20029 
12 8 18 186 20029 
12 8 33 187 20029 
12 8 48 186 20029 
12 9 3 187 20029 
12 9 18 186 20029 
12 9 33 187 20029 
12 9 48 186 20029 
12 10 3 187 20029 
12 10 18 186 20029 
12 10 33 187 20029 
12 10 48 186 20029 
12 11 3 187 20029 
12 11 18 186 20029 
12 11 33 187 20029 
12 11 48 186 20029 
12 12 3 187 20029 
12 12 18 186 20029 
12 12 33 187 20029 
12 12 48 187 20029 
12 13 3 186 20029 
12 13 18 187 20029 
12 13 33 186 20029 
12 13 48 187 20029 
12 14 3 186 20029 
12 14 18 187 20029 
12 14 33 186 20029 
12 14 48 187 20029 
12 15 3 186 20029 
12 15 18 187 20029 
12 15 33 186 20029 

/> 