h

h
<CR>Bad command!

/> 
h
h
<CR>
Available commands
------------------
h or ?  ---------------> Alias for Help 
ls      ---------------> List of Files 
read XXXX -------------> read the daily file XXXX  (month/day) 
read_ramp XXXXXXXX ----> read the text file XXXXXXXX  (month/day/Hours/Minutes) 

/> 
ls
ls
<CR>
         TIME          Size       File name 
----A 2020/12/13 12:42     10616  1213
----A 2020/12/13 07:25    128640  12130709
----A 2020/12/13 07:39    128640  12130724
----A 2020/12/13 07:54    128640  12130739
----A 2020/12/13 08:11    128640  12130754
----A 2020/12/13 08:27    128640  12130809
----A 2020/12/13 08:40    128640  12130825
----A 2020/12/13 08:55    128640  12130840
----A 2020/12/13 09:11    128640  12130855
----A 2020/12/13 09:25    128640  12130910
----A 2020/12/13 09:42    128640  12130925
----A 2020/12/13 09:55    128640  12130940
----A 2020/12/13 10:11    128640  12130955
----A 2020/12/13 10:26    128640  12131011
----A 2020/12/13 10:41    128640  12131026
----A 2020/12/13 10:57    128640  12131041
----A 2020/12/13 11:11    128640  12131056
----A 2020/12/13 11:26    128640  12131111
----A 2020/12/13 11:43    128640  12131126
----A 2020/12/13 11:59    128640  12131141
----A 2020/12/13 12:12    128640  12131157
----A 2020/12/13 12:27    128000  12131212
----A 2020/12/13 12:27      2560  12131227
----A 2020/12/12 12:15      9408  1212
----A 2020/12/12 09:31    128000  12120913
----A 2020/12/12 09:44    128000  12120929
----A 2020/12/12 09:59    128000  12120944
----A 2020/12/12 10:15    128000  12120959
----A 2020/12/12 10:29    128000  12121014
----A 2020/12/12 10:46    128000  12121029
----A 2020/12/12 10:59    128000  12121044
----A 2020/12/12 11:15    128000  12121059
----A 2020/12/12 11:30    128000  12121115
----A 2020/12/12 11:45    128000  12121130
----A 2020/12/12 12:01    128000  12121145
----A 2020/12/12 12:15    128000  12121200
----A 2020/12/12 12:15      2560  12121215

  37 File(s),   4261944 bytes total
   0 Dir(s),     996288K bytes free

/> 
read 1213
read 1213
<CR>Time:2020/12/12 12:15
Hours Minutes Seconds  Nb_Samples    Aver. Current 
6 55 18 186 16316 
6 55 33 182 19238 
6 56 16 187 20151 
6 56 31 186 20151 
6 56 46 187 20151 
6 57 1 186 20151 
6 57 16 187 20151 
6 57 31 186 20151 
6 57 46 187 20151 
6 58 1 186 20151 
6 58 16 187 20151 
6 58 31 186 20151 
6 58 46 187 20151 
6 59 1 186 20090 
6 59 16 187 20090 
6 59 31 186 20090 
6 59 46 187 20090 
7 0 1 186 20090 
7 0 16 187 20090 
7 0 31 186 20090 
7 0 46 187 20090 
7 1 1 187 20090 
7 1 16 186 20090 
7 1 31 187 20090 
7 1 46 186 20090 
7 2 1 187 20090 
7 2 16 186 20090 
7 2 31 187 20090 
7 2 46 186 20090 
7 3 1 187 20090 
7 3 16 186 20090 
7 3 31 187 20090 
7 3 46 186 20090 
7 4 1 187 20090 
7 4 16 186 20090 
7 4 31 187 20090 
7 4 46 186 20090 
7 5 1 187 20090 
7 5 16 186 20090 
7 5 31 187 20090 
7 5 46 186 20090 
7 6 1 187 20090 
7 6 16 186 20090 
7 6 31 187 20090 
7 6 46 186 20090 
7 7 1 187 20090 
7 7 16 186 20090 
7 7 31 187 20090 
7 7 46 186 20090 
7 8 1 187 20090 
7 8 16 186 20090 
7 8 31 187 20090 
7 8 46 186 20090 
7 9 1 187 20090 
7 9 16 186 20090 
7 10 9 187 20090 
7 10 24 186 20090 
7 10 39 187 20090 
7 10 54 186 20090 
7 11 9 187 20090 
7 11 24 186 20090 
7 11 39 187 20090 
7 11 54 186 20090 
7 12 9 187 20090 
7 12 24 186 20090 
7 12 39 187 20090 
7 12 54 186 20090 
7 13 9 187 20090 
7 13 24 186 20090 
7 13 39 187 20090 
7 13 54 187 20090 
7 14 9 186 20090 
7 14 24 187 20090 
7 14 39 186 20090 
7 14 54 187 20090 
7 15 9 186 20090 
7 15 24 187 20090 
7 15 39 186 20090 
7 15 54 187 20090 
7 16 9 186 20090 
7 16 24 187 20090 
7 16 39 186 20029 
7 16 54 187 20090 
7 17 9 186 20090 
7 17 24 187 20090 
7 17 39 186 20090 
7 17 54 187 20090 
7 18 9 186 20090 
7 18 24 187 20090 
7 18 39 186 20090 
7 18 54 187 20090 
7 19 9 186 20090 
7 19 24 187 20090 
7 19 39 186 20090 
7 19 54 187 20090 
7 20 9 186 20090 
7 20 24 187 20090 
7 20 39 186 20090 
7 20 54 187 20090 
7 21 9 186 20090 
7 21 24 187 20090 
7 21 39 186 20090 
7 21 54 187 20090 
7 22 9 186 20090 
7 22 24 187 20090 
7 22 39 186 20090 
7 22 54 187 20090 
7 23 9 186 20090 
7 23 24 187 20090 
7 23 39 186 20090 
7 23 54 187 20090 
7 24 9 186 20090 
7 24 24 187 20090 
7 25 17 187 20090 
7 25 32 186 20090 
7 25 47 187 20090 
7 26 2 187 20090 
7 26 17 186 20090 
7 26 32 187 20090 
7 26 47 186 20090 
7 27 2 187 20090 
7 27 17 186 20090 
7 27 32 187 20090 
7 27 47 186 20090 
7 28 2 187 20090 
7 28 17 186 20090 
7 28 32 187 20090 
7 28 47 186 20090 
7 29 2 187 20090 
7 29 17 186 20090 
7 29 32 187 20090 
7 29 47 186 20090 
7 30 2 187 20090 
7 30 17 186 20090 
7 30 32 187 20090 
7 30 47 186 20090 
7 31 2 187 20090 
7 31 17 186 20090 
7 31 32 187 20090 
7 31 47 186 20090 
7 32 2 187 20090 
7 32 17 186 20090 
7 32 32 187 20090 
7 32 47 186 20090 
7 33 2 187 20090 
7 33 17 186 20090 
7 33 32 187 20090 
7 33 47 186 20090 
7 34 2 187 20090 
7 34 17 186 20090 
7 34 32 187 20090 
7 34 47 186 20090 
7 35 2 187 20090 
7 35 17 186 20090 
7 35 32 187 20090 
7 35 47 186 20090 
7 36 2 187 20090 
7 36 17 186 20090 
7 36 32 187 20090 
7 36 47 186 20090 
7 37 2 187 20090 
7 37 17 186 20090 
7 37 32 187 20090 
7 37 47 186 20090 
7 38 2 187 20090 
7 38 17 187 20090 
7 38 32 186 20090 
7 38 47 187 20090 
7 39 2 186 20090 
7 39 17 187 20090 
7 39 32 186 20090 
7 40 26 187 20090 
7 40 41 186 20090 
7 40 56 187 20090 
7 41 11 186 20090 
7 41 26 187 20090 
7 41 41 186 20090 
7 41 56 187 20090 
7 42 11 186 20090 
7 42 26 187 20090 
7 42 41 186 20090 
7 42 56 187 20090 
7 43 11 186 20090 
7 43 26 187 20090 
7 43 41 186 20090 
7 43 56 187 20090 
7 44 11 186 20090 
7 44 26 187 20090 
7 44 41 186 20090 
7 44 56 187 20090 
7 45 11 186 20090 
7 45 26 187 20090 
7 45 41 186 20090 
7 45 56 187 20090 
7 46 11 186 20090 
7 46 26 187 20090 
7 46 41 186 20090 
7 46 56 187 20090 
7 47 11 186 20090 
7 47 26 187 20090 
7 47 41 186 20090 
7 47 56 187 20090 
7 48 11 186 20090 
7 48 26 187 20090 
7 48 41 186 20090 
7 48 56 187 20090 
7 49 11 186 20090 
7 49 26 187 20090 
7 49 41 186 20090 
7 49 56 187 20090 
7 50 11 187 20090 
7 50 26 186 20090 
7 50 41 187 20090 
7 50 56 186 20090 
7 51 11 187 20090 
7 51 26 186 20090 
7 51 41 187 20090 
7 51 56 186 20090 
7 52 11 187 20090 
7 52 26 186 20090 
7 52 41 187 20090 
7 52 56 186 20090 
7 53 11 187 20090 
7 53 26 186 20090 
7 53 41 187 20090 
7 53 56 186 20090 
7 54 11 187 20090 
7 54 26 186 20090 
7 54 41 187 20090 
7 55 34 187 20090 
7 55 49 186 20090 
7 56 4 187 20090 
7 56 19 186 20090 
7 56 34 187 20090 
7 56 49 186 20090 
7 57 4 187 20090 
7 57 19 186 20090 
7 57 34 187 20090 
7 57 49 186 20090 
7 58 4 187 20090 
7 58 19 186 20090 
7 58 34 187 20090 
7 58 49 186 20090 
7 59 4 187 20090 
7 59 19 186 20090 
7 59 34 187 20090 
7 59 49 186 20090 
8 0 4 187 20090 
8 0 19 186 20090 
8 0 34 187 20090 
8 0 49 186 20090 
8 1 4 187 20090 
8 1 19 186 20090 
8 1 34 187 20090 
8 1 49 187 20090 
8 2 4 186 20090 
8 2 19 187 20090 
8 2 34 186 20090 
8 2 49 187 20090 
8 3 4 186 20090 
8 3 19 187 20090 
8 3 34 186 20090 
8 3 49 187 20090 
8 4 4 186 20090 
8 4 19 187 20090 
8 4 34 186 20090 
8 4 49 187 20090 
8 5 4 186 20090 
8 5 19 187 20090 
8 5 34 186 20090 
8 5 49 187 20090 
8 6 4 186 20090 
8 6 19 187 20090 
8 6 34 186 20090 
8 6 49 187 20090 
8 7 4 186 20090 
8 7 19 187 20090 
8 7 34 186 20090 
8 7 49 187 20090 
8 8 4 186 20090 
8 8 19 187 20090 
8 8 34 186 20090 
8 8 49 187 20090 
8 9 4 186 20090 
8 9 19 187 20090 
8 9 34 186 20090 
8 9 49 187 20090 
8 10 42 187 20090 
8 10 57 186 20090 
8 11 12 187 20090 
8 11 27 186 20090 
8 11 42 187 20090 
8 11 57 186 20090 
8 12 12 187 20090 
8 12 27 186 20090 
8 12 42 187 20090 
8 12 57 186 20090 
8 13 12 187 20090 
8 13 27 186 20090 
8 13 42 187 20090 
8 13 57 187 20090 
8 14 12 186 20090 
8 14 27 187 20090 
8 14 42 186 20090 
8 14 57 187 20090 
8 15 12 186 20090 
8 15 27 187 20090 
8 15 42 186 20090 
8 15 57 187 20090 
8 16 12 186 20090 
8 16 27 187 20090 
8 16 42 186 20090 
8 16 57 187 20090 
8 17 12 186 20090 
8 17 27 187 20090 
8 17 42 186 20090 
8 17 57 187 20090 
8 18 12 186 20090 
8 18 27 187 20090 
8 18 42 186 20090 
8 18 57 187 20090 
8 19 12 186 20090 
8 19 27 187 20090 
8 19 42 186 20090 
8 19 57 187 20090 
8 20 12 186 20090 
8 20 27 187 20090 
8 20 42 186 20090 
8 20 57 187 20090 
8 21 12 186 20090 
8 21 27 187 20090 
8 21 42 186 20090 
8 21 57 187 20090 
8 22 12 186 20090 
8 22 27 187 20090 
8 22 42 186 20090 
8 22 57 187 20090 
8 23 12 186 20090 
8 23 27 187 20090 
8 23 42 186 20090 
8 23 57 187 20090 
8 24 12 186 20090 
8 24 27 187 20090 
8 24 42 186 20090 
8 24 57 187 20090 
8 25 50 187 20090 
8 26 5 186 20090 
8 26 20 187 20090 
8 26 35 186 20090 
8 26 50 187 20090 
8 27 5 186 20090 
8 27 20 187 20090 
8 27 35 186 20090 
8 27 50 187 20090 
8 28 5 186 20090 
8 28 20 187 20090 
8 28 35 186 20090 
8 28 50 187 20090 
8 29 5 186 20090 
8 29 20 187 20090 
8 29 35 186 20090 
8 29 50 187 20090 
8 30 5 186 20090 
8 30 20 187 20090 
8 30 35 186 20090 
8 30 50 187 20090 
8 31 5 186 20090 
8 31 20 187 20090 
8 31 35 186 20090 
8 31 50 187 20090 
8 32 5 186 20090 
8 32 20 187 20090 
8 32 35 186 20090 
8 32 50 187 20090 
8 33 5 186 20090 
8 33 20 187 20090 
8 33 35 186 20090 
8 33 50 187 20090 
8 34 5 186 20090 
8 34 20 187 20090 
8 34 35 186 20090 
8 34 50 187 20090 
8 35 5 186 20090 
8 35 20 187 20090 
8 35 35 186 20090 
8 35 50 187 20090 
8 36 5 186 20090 
8 36 20 187 20090 
8 36 35 186 20090 
8 36 50 187 20090 
8 37 5 186 20090 
8 37 20 187 20090 
8 37 35 187 20090 
8 37 50 186 20090 
8 38 5 187 20090 
8 38 20 186 20090 
8 38 35 187 20090 
8 38 50 186 20090 
8 39 5 187 20090 
8 39 20 186 20090 
8 39 35 187 20090 
8 39 50 186 20090 
8 40 5 187 20090 
8 40 58 187 20090 
8 41 13 186 20090 
8 41 28 187 20090 
8 41 43 186 20090 
8 41 58 187 20090 
8 42 13 186 20090 
8 42 28 187 20090 
8 42 43 186 20090 
8 42 58 187 20090 
8 43 13 186 20090 
8 43 28 187 20090 
8 43 43 186 20090 
8 43 58 187 20090 
8 44 13 186 20090 
8 44 28 187 20090 
8 44 43 186 20090 
8 44 58 187 20090 
8 45 13 186 20090 
8 45 28 187 20090 
8 45 43 186 20090 
8 45 58 187 20090 
8 46 13 186 20090 
8 46 28 187 20090 
8 46 43 186 20090 
8 46 58 187 20090 
8 47 13 186 20090 
8 47 28 187 20090 
8 47 43 186 20090 
8 47 58 187 20090 
8 48 13 186 20090 
8 48 28 187 20090 
8 48 43 186 20090 
8 48 58 187 20090 
8 49 13 187 20090 
8 49 28 186 20090 
8 49 43 187 20090 
8 49 58 186 20090 
8 50 13 187 20090 
8 50 28 186 20090 
8 50 43 187 20090 
8 50 58 186 20090 
8 51 13 187 20090 
8 51 28 186 20090 
8 51 43 187 20090 
8 51 58 186 20090 
8 52 13 187 20090 
8 52 28 186 20090 
8 52 43 187 20090 
8 52 58 186 20090 
8 53 13 187 20090 
8 53 28 186 20090 
8 53 43 187 20090 
8 53 58 186 20090 
8 54 13 187 20090 
8 54 28 186 20090 
8 54 43 187 20090 
8 54 58 186 20090 
8 55 13 187 20090 
8 56 6 187 20090 
8 56 21 186 20090 
8 56 36 187 20090 
8 56 51 186 20090 
8 57 6 187 20090 
8 57 21 186 20090 
8 57 36 187 20090 
8 57 51 186 20090 
8 58 6 187 20090 
8 58 21 186 20090 
8 58 36 187 20090 
8 58 51 186 20090 
8 59 6 187 20090 
8 59 21 186 20090 
8 59 36 187 20090 
8 59 51 186 20090 
9 0 6 187 20090 
9 0 21 186 20090 
9 0 36 187 20090 
9 0 51 187 20090 
9 1 6 186 20090 
9 1 21 187 20090 
9 1 36 186 20090 
9 1 51 187 20090 
9 2 6 186 20090 
9 2 21 187 20090 
9 2 36 186 20090 
9 2 51 187 20090 
9 3 6 186 20090 
9 3 21 187 20090 
9 3 36 186 20090 
9 3 51 187 20090 
9 4 6 186 20090 
9 4 21 187 20090 
9 4 36 186 20090 
9 4 51 187 20090 
9 5 6 186 20090 
9 5 21 187 20090 
9 5 36 186 20090 
9 5 51 187 20090 
9 6 6 186 20090 
9 6 21 187 20090 
9 6 36 186 20090 
9 6 51 187 20090 
9 7 6 186 20090 
9 7 21 187 20090 
9 7 36 186 20090 
9 7 51 187 20090 
9 8 6 186 20090 
9 8 21 187 20090 
9 8 36 186 20090 
9 8 51 187 20090 
9 9 6 186 20090 
9 9 21 187 20090 
9 9 36 186 20090 
9 9 51 187 20090 
9 10 6 186 20090 
9 10 21 187 20090 
9 11 14 187 20090 
9 11 29 186 20090 
9 11 44 186 20090 
9 11 59 187 20090 
9 12 14 187 20090 
9 12 29 186 20090 
9 12 44 187 20090 
9 12 59 186 20090 
9 13 14 187 20090 
9 13 29 186 20090 
9 13 44 187 20090 
9 13 59 186 20090 
9 14 14 187 20090 
9 14 29 186 20090 
9 14 44 187 20090 
9 14 59 186 20090 
9 15 14 187 20090 
9 15 29 186 20090 
9 15 44 187 20090 
9 15 59 186 20090 
9 16 14 187 20090 
9 16 29 186 20090 
9 16 44 187 20090 
9 16 59 186 20090 
9 17 14 187 20090 
9 17 29 186 20090 
9 17 44 187 20090 
9 17 59 186 20090 
9 18 14 187 20090 
9 18 29 186 20090 
9 18 44 187 20090 
9 18 59 186 20090 
9 19 14 187 20090 
9 19 29 186 20090 
9 19 44 187 20090 
9 19 59 186 20090 
9 20 14 187 20090 
9 20 29 186 20090 
9 20 44 187 20090 
9 20 59 186 20090 
9 21 14 187 20090 
9 21 29 186 20090 
9 21 44 187 20090 
9 21 59 186 20090 
9 22 14 187 20090 
9 22 29 186 20090 
9 22 44 187 20090 
9 22 59 186 20090 
9 23 14 187 20090 
9 23 29 187 20090 
9 23 44 186 20090 
9 23 59 187 20090 
9 24 14 186 20090 
9 24 29 187 20090 
9 24 44 186 20090 
9 24 59 187 20090 
9 25 14 186 20090 
9 25 29 187 20090 
9 26 22 187 20090 
9 26 37 186 20090 
9 26 52 187 20090 
9 27 7 186 20090 
9 27 22 187 20090 
9 27 37 186 20090 
9 27 52 187 20090 
9 28 7 186 20090 
9 28 22 187 20090 
9 28 37 186 20090 
9 28 52 187 20090 
9 29 7 186 20090 
9 29 22 187 20090 
9 29 37 186 20090 
9 29 52 187 20090 
9 30 7 186 20090 
9 30 22 187 20090 
9 30 37 186 20090 
9 30 52 187 20090 
9 31 7 186 20090 
9 31 22 187 20090 
9 31 37 186 20090 
9 31 52 187 20090 
9 32 7 186 20090 
9 32 22 187 20090 
9 32 37 186 20090 
9 32 52 187 20090 
9 33 7 186 20090 
9 33 22 187 20090 
9 33 37 186 20090 
9 33 52 187 20090 
9 34 7 186 20090 
9 34 22 187 20090 
9 34 37 187 20090 
9 34 52 186 20090 
9 35 7 187 20090 
9 35 22 186 20090 
9 35 37 187 20090 
9 35 52 186 20090 
9 36 7 187 20090 
9 36 22 186 20090 
9 36 37 187 20090 
9 36 52 186 20090 
9 37 7 187 20090 
9 37 22 186 20090 
9 37 37 187 20090 
9 37 52 186 20090 
9 38 7 187 20090 
9 38 22 186 20090 
9 38 37 187 20090 
9 38 52 186 20090 
9 39 7 187 20090 
9 39 22 186 20090 
9 39 37 187 20090 
9 39 52 186 20090 
9 40 7 187 20090 
9 40 22 186 20090 
9 40 37 187 20090 
9 41 30 187 20090 
9 41 45 186 20090 
9 42 0 187 20090 
9 42 15 186 20090 
9 42 30 187 20090 
9 42 45 186 20090 
9 43 0 187 20090 
9 43 15 186 20090 
9 43 30 187 20090 
9 43 45 186 20090 
9 44 0 187 20090 
9 44 15 186 20090 
9 44 30 187 20090 
9 44 45 186 20090 
9 45 0 187 20090 
9 45 15 186 20090 
9 45 30 187 20090 
9 45 45 186 20090 
9 46 0 187 20090 
9 46 15 187 20090 
9 46 30 186 20090 
9 46 45 187 20090 
9 47 0 186 20090 
9 47 15 187 20090 
9 47 30 186 20090 
9 47 45 187 20090 
9 48 0 186 20090 
9 48 15 187 20090 
9 48 30 186 20090 
9 48 45 187 20090 
9 49 0 186 20090 
9 49 15 187 20090 
9 49 30 186 20090 
9 49 45 187 20090 
9 50 0 186 20090 
9 50 15 187 20090 
9 50 30 186 20090 
9 50 45 187 20090 
9 51 0 186 20090 
9 51 15 187 20090 
9 51 30 186 20090 
9 51 45 187 20090 
9 52 0 186 20090 
9 52 15 187 20090 
9 52 30 186 20090 
9 52 45 187 20090 
9 53 0 186 20090 
9 53 15 187 20090 
9 53 30 186 20090 
9 53 45 187 20090 
9 54 0 186 20090 
9 54 15 187 20090 
9 54 30 186 20090 
9 54 45 187 20090 
9 55 0 186 20090 
9 55 15 187 20090 
9 55 30 186 20090 
9 55 45 187 20090 
9 56 38 187 20090 
9 56 53 186 20090 
9 57 8 187 20090 
9 57 23 187 20090 
9 57 38 186 20090 
9 57 53 187 20090 
9 58 8 186 20090 
9 58 23 187 20090 
9 58 38 186 20090 
9 58 53 187 20090 
9 59 8 186 20090 
9 59 23 187 20090 
9 59 38 186 20090 
9 59 53 187 20090 
10 0 8 186 20090 
10 0 23 187 20090 
10 0 38 186 20090 
10 0 53 187 20090 
10 1 8 186 20090 
10 1 23 187 20090 
10 1 38 186 20090 
10 1 53 187 20090 
10 2 8 186 20090 
10 2 23 187 20090 
10 2 38 186 20090 
10 2 53 187 20090 
10 3 8 186 20090 
10 3 23 187 20090 
10 3 38 186 20090 
10 3 53 187 20090 
10 4 8 186 20090 
10 4 23 187 20090 
10 4 38 186 20090 
10 4 53 187 20090 
10 5 8 186 20090 
10 5 23 187 20090 
10 5 38 186 20090 
10 5 53 187 20090 
10 6 8 186 20090 
10 6 23 187 20090 
10 6 38 186 20090 
10 6 53 187 20090 
10 7 8 186 20090 
10 7 23 187 20090 
10 7 38 186 20090 
10 7 53 187 20090 
10 8 8 186 20090 
10 8 23 187 20090 
10 8 38 187 20090 
10 8 53 186 20090 
10 9 8 187 20090 
10 9 23 186 20090 
10 9 38 187 20090 
10 9 53 186 20090 
10 10 8 187 20090 
10 10 23 186 20090 
10 10 38 187 20090 
10 10 53 186 20090 
10 11 47 187 20090 
10 12 2 186 20090 
10 12 17 187 20090 
10 12 32 186 20090 
10 12 47 187 20090 
10 13 2 186 20090 
10 13 17 187 20090 
10 13 32 186 20090 
10 13 47 187 20090 
10 14 2 186 20090 
10 14 17 187 20090 
10 14 32 186 20090 
10 14 47 187 20090 
10 15 2 186 20090 
10 15 17 187 20090 
10 15 32 186 20090 
10 15 47 187 20090 
10 16 2 186 20090 
10 16 17 187 20090 
10 16 32 186 20090 
10 16 47 187 20090 
10 17 2 186 20090 
10 17 17 187 20090 
10 17 32 186 20090 
10 17 47 187 20090 
10 18 2 186 20090 
10 18 17 187 20090 
10 18 32 186 20090 
10 18 47 187 20090 
10 19 2 186 20090 
10 19 17 187 20090 
10 19 32 186 20090 
10 19 47 187 20090 
10 20 2 187 20090 
10 20 17 186 20090 
10 20 32 187 20090 
10 20 47 186 20090 
10 21 2 187 20090 
10 21 17 186 20090 
10 21 32 187 20090 
10 21 47 186 20090 
10 22 2 187 20090 
10 22 17 186 20090 
10 22 32 187 20090 
10 22 47 186 20090 
10 23 2 187 20090 
10 23 17 186 20090 
10 23 32 187 20090 
10 23 47 186 20090 
10 24 2 187 20090 
10 24 17 186 20090 
10 24 32 187 20090 
10 24 47 186 20090 
10 25 2 187 20090 
10 25 17 186 20090 
10 25 32 187 20090 
10 25 47 186 20090 
10 26 2 187 20090 
10 26 55 187 20029 
10 27 10 186 20090 
10 27 25 187 20090 
10 27 40 186 20090 
10 27 55 187 20090 
10 28 10 186 20090 
10 28 25 187 20090 
10 28 40 186 20090 
10 28 55 187 20090 
10 29 10 186 20090 
10 29 25 187 20090 
10 29 40 186 20090 
10 29 55 187 20090 
10 30 10 186 20090 
10 30 25 187 20090 
10 30 40 186 20090 
10 30 56 187 20090 
10 31 11 187 20090 
10 31 26 186 20090 
10 31 41 187 20090 
10 31 56 186 20090 
10 32 11 187 20090 
10 32 26 186 20090 
10 32 41 187 20090 
10 32 56 186 20090 
10 33 11 187 20090 
10 33 26 186 20090 
10 33 41 187 20090 
10 33 56 186 20090 
10 34 11 187 20090 
10 34 26 186 20090 
10 34 41 187 20090 
10 34 56 186 20090 
10 35 11 187 20090 
10 35 26 186 20090 
10 35 41 187 20090 
10 35 56 186 20090 
10 36 11 187 20090 
10 36 26 186 20090 
10 36 41 187 20090 
10 36 56 186 20090 
10 37 11 187 20090 
10 37 26 186 20090 
10 37 41 187 20090 
10 37 56 186 20090 
10 38 11 187 20090 
10 38 26 186 20090 
10 38 41 187 20090 
10 38 56 186 20090 
10 39 11 187 20090 
10 39 26 186 20090 
10 39 41 187 20090 
10 39 56 186 20090 
10 40 11 187 20090 
10 40 26 186 20090 
10 40 41 187 20090 
10 40 56 186 20090 
10 41 11 187 20090 
10 42 4 187 20090 
10 42 19 186 20090 
10 42 34 187 20029 
10 42 49 186 20090 
10 43 4 187 20090 
10 43 19 186 20029 
10 43 34 187 20090 
10 43 49 186 20029 
10 44 4 187 20029 
10 44 19 186 20090 
10 44 34 187 20029 
10 44 49 186 20029 
10 45 4 187 20090 
10 45 19 186 20090 
10 45 34 187 20090 
10 45 49 186 20090 
10 46 4 187 20090 
10 46 19 186 20090 
10 46 34 187 20029 
10 46 49 186 20029 
10 47 4 187 20090 
10 47 19 186 20029 
10 47 34 187 20090 
10 47 49 186 20029 
10 48 4 187 20029 
10 48 19 186 20029 
10 48 34 187 20029 
10 48 49 186 20090 
10 49 4 187 20029 
10 49 19 186 20029 
10 49 34 187 20090 
10 49 49 186 20029 
10 50 4 187 20090 
10 50 19 186 20090 
10 50 34 187 20029 
10 50 49 186 20029 
10 51 4 187 20029 
10 51 19 186 20090 
10 51 34 187 20090 
10 51 49 186 20090 
10 52 4 187 20029 
10 52 19 186 20090 
10 52 34 187 20090 
10 52 49 187 20090 
10 53 4 186 20090 
10 53 19 187 20090 
10 53 34 186 20090 
10 53 49 187 20090 
10 54 4 186 20029 
10 54 19 187 20029 
10 54 34 186 20090 
10 54 49 187 20090 
10 55 4 186 20090 
10 55 19 187 20090 
10 55 34 186 20090 
10 55 49 187 20090 
10 56 4 186 20090 
10 56 19 187 20090 
10 57 12 187 20090 
10 57 27 186 20090 
10 57 42 187 20090 
10 57 57 186 20090 
10 58 12 187 20090 
10 58 27 186 20090 
10 58 42 187 20090 
10 58 57 186 20090 
10 59 12 187 20090 
10 59 27 186 20090 
10 59 42 187 20090 
10 59 57 186 20090 
11 0 12 187 20090 
11 0 27 186 20090 
11 0 42 187 20090 
11 0 57 186 20090 
11 1 12 187 20090 
11 1 27 186 20090 
11 1 42 187 20090 
11 1 57 186 20090 
11 2 12 187 20090 
11 2 27 186 20090 
11 2 42 187 20090 
11 2 57 186 20090 
11 3 12 187 20090 
11 3 27 186 20090 
11 3 42 187 20090 
11 3 57 187 20090 
11 4 12 186 20090 
11 4 27 187 20090 
11 4 42 186 20090 
11 4 57 187 20090 
11 5 12 186 20090 
11 5 27 187 20090 
11 5 42 186 20090 
11 5 57 187 20090 
11 6 12 186 20090 
11 6 27 187 20090 
11 6 42 186 20090 
11 6 57 187 20090 
11 7 12 186 20090 
11 7 27 187 20090 
11 7 42 186 20090 
11 7 57 187 20090 
11 8 12 186 20090 
11 8 27 187 20090 
11 8 42 186 20090 
11 8 57 187 20090 
11 9 12 186 20090 
11 9 27 187 20090 
11 9 42 186 20090 
11 9 57 187 20090 
11 10 12 186 20090 
11 10 27 187 20090 
11 10 42 186 20090 
11 10 57 187 20090 
11 11 12 186 20090 
11 11 27 187 20090 
11 12 21 187 20090 
11 12 36 186 20090 
11 12 51 187 20090 
11 13 6 186 20090 
11 13 21 187 20090 
11 13 36 186 20090 
11 13 51 187 20090 
11 14 6 186 20090 
11 14 21 187 20090 
11 14 36 187 20090 
11 14 51 186 20090 
11 15 6 187 20090 
11 15 21 186 20090 
11 15 36 187 20090 
11 15 51 186 20090 
11 16 6 187 20090 
11 16 21 186 20090 
11 16 36 187 20090 
11 16 51 186 20090 
11 17 6 187 20090 
11 17 21 186 20090 
11 17 36 187 20090 
11 17 51 186 20090 
11 18 6 187 20090 
11 18 21 186 20090 
11 18 36 187 20090 
11 18 51 186 20090 
11 19 6 187 20090 
11 19 21 186 20090 
11 19 36 187 20090 
11 19 51 186 20090 
11 20 6 187 20090 
11 20 21 186 20090 
11 20 36 187 20090 
11 20 51 186 20090 
11 21 6 187 20090 
11 21 21 186 20090 
11 21 36 187 20090 
11 21 51 186 20090 
11 22 6 187 20090 
11 22 21 186 20090 
11 22 36 187 20090 
11 22 51 186 20090 
11 23 6 187 20090 
11 23 21 186 20090 
11 23 36 187 20090 
11 23 51 186 20090 
11 24 6 187 20090 
11 24 21 186 20090 
11 24 36 187 20090 
11 24 51 186 20090 
11 25 6 187 20090 
11 25 21 187 20090 
11 25 36 186 20090 
11 25 51 187 20090 
11 26 6 186 20090 
11 26 21 187 20090 
11 26 36 186 20090 
11 27 29 187 20090 
11 27 44 186 20090 
11 27 59 187 20090 
11 28 14 186 20090 
11 28 29 187 20029 
11 28 44 186 20090 
11 28 59 187 20029 
11 29 14 186 20090 
11 29 29 187 20090 
11 29 44 186 20029 
11 29 59 187 20090 
11 30 14 186 20029 
11 30 29 187 20090 
11 30 44 186 20090 
11 30 59 187 20090 
11 31 14 186 20090 
11 31 29 187 20090 
11 31 44 186 20090 
11 31 59 187 20090 
11 32 14 186 20090 
11 32 29 187 20090 
11 32 44 186 20090 
11 32 59 187 20090 
11 33 14 186 20090 
11 33 29 187 20090 
11 33 44 186 20090 
11 33 59 187 20090 
11 34 14 186 20090 
11 34 29 187 20090 
11 34 44 186 20090 
11 34 59 187 20090 
11 35 14 186 20090 
11 35 29 187 20090 
11 35 44 186 20090 
11 35 59 187 20090 
11 36 14 187 20090 
11 36 29 186 20090 
11 36 44 187 20090 
11 36 59 186 20090 
11 37 14 187 20090 
11 37 29 186 20090 
11 37 44 187 20090 
11 37 59 186 20090 
11 38 14 187 20090 
11 38 29 186 20090 
11 38 44 187 20090 
11 38 59 186 20090 
11 39 14 187 20090 
11 39 29 186 20090 
11 39 44 187 20090 
11 39 59 186 20090 
11 40 14 187 20090 
11 40 29 186 20090 
11 40 44 187 20090 
11 40 59 186 20090 
11 41 14 187 20090 
11 41 29 186 20090 
11 41 44 187 20090 
11 42 37 187 20090 
11 42 52 186 20090 
11 43 7 187 20090 
11 43 22 186 20090 
11 43 37 187 20090 
11 43 52 186 20090 
11 44 7 187 20090 
11 44 22 186 20090 
11 44 37 187 20090 
11 44 52 186 20090 
11 45 7 187 20090 
11 45 22 186 20090 
11 45 37 187 20090 
11 45 52 186 20090 
11 46 7 187 20090 
11 46 22 186 20090 
11 46 37 187 20090 
11 46 52 187 20090 
11 47 7 186 20090 
11 47 22 187 20090 
11 47 37 186 20090 
11 47 52 187 20090 
11 48 7 186 20090 
11 48 22 187 20090 
11 48 37 186 20090 
11 48 52 187 20090 
11 49 7 186 20090 
11 49 22 187 20090 
11 49 37 186 20090 
11 49 52 187 20090 
11 50 7 186 20090 
11 50 22 187 20090 
11 50 37 186 20090 
11 50 52 187 20090 
11 51 7 186 20090 
11 51 22 187 20090 
11 51 37 186 20090 
11 51 52 187 20090 
11 52 7 186 20090 
11 52 22 187 20090 
11 52 37 186 20090 
11 52 52 187 20090 
11 53 7 186 20090 
11 53 22 187 20090 
11 53 37 186 20090 
11 53 52 187 20090 
11 54 7 186 20090 
11 54 22 187 20090 
11 54 37 186 20090 
11 54 52 187 20090 
11 55 7 186 20090 
11 55 22 187 20090 
11 55 37 186 20090 
11 55 52 187 20090 
11 56 7 186 20090 
11 56 22 187 20090 
11 56 37 186 20090 
11 56 52 187 20090 
11 57 45 187 20090 
11 58 0 187 20090 
11 58 15 186 20090 
11 58 30 187 20090 
11 58 45 186 20090 
11 59 0 187 20029 
11 59 15 186 20090 
11 59 30 187 20090 
11 59 45 186 20090 
12 0 0 187 20090 
12 0 15 186 20090 
12 0 30 187 20090 
12 0 45 186 20090 
12 1 0 187 20090 
12 1 15 186 20090 
12 1 30 187 20090 
12 1 45 186 20090 
12 2 0 187 20090 
12 2 15 186 20090 
12 2 30 187 20090 
12 2 45 186 20090 
12 3 0 187 20090 
12 3 15 186 20090 
12 3 30 187 20090 
12 3 45 186 20090 
12 4 0 187 20090 
12 4 15 186 20090 
12 4 30 187 20090 
12 4 45 186 20090 
12 5 0 187 20090 
12 5 15 186 20090 
12 5 30 187 20090 
12 5 45 186 20090 
12 6 0 187 20090 
12 6 15 186 20090 
12 6 30 187 20090 
12 6 45 186 20090 
12 7 0 187 20090 
12 7 15 186 20090 
12 7 30 187 20029 
12 7 45 186 20090 
12 8 0 187 20090 
12 8 15 186 20090 
12 8 30 187 20090 
12 8 45 187 20090 
12 9 0 186 20090 
12 9 15 187 20090 
12 9 30 186 20029 
12 9 45 187 20090 
12 10 0 186 20090 
12 10 15 187 20029 
12 10 30 186 20090 
12 10 45 187 20090 
12 11 0 186 20090 
12 11 15 187 20029 
12 11 30 186 20090 
12 11 45 187 20090 
12 12 0 186 20090 
12 12 38 187 20090 
12 12 53 186 20090 
12 13 8 187 20029 
12 13 23 186 20090 
12 13 38 187 20090 
12 13 53 186 20090 
12 14 8 187 20090 
12 14 23 186 20090 
12 14 38 187 20029 
12 14 53 186 20090 
12 15 8 187 20090 
12 15 23 186 20090 
12 15 38 187 20090 
12 15 53 186 20090 
12 16 8 187 20090 
12 16 23 186 20090 
12 16 38 187 20029 
12 16 53 186 20090 
12 17 8 187 20090 
12 17 23 186 20090 
12 17 38 187 20029 
12 17 53 186 20090 
12 18 8 187 20090 
12 18 23 186 20090 
12 18 38 187 20090 
12 18 53 186 20029 
12 19 8 187 20029 
12 19 23 187 20029 
12 19 38 186 20029 
12 19 53 187 20029 
12 20 8 186 20090 
12 20 23 187 20090 
12 20 38 186 20090 
12 20 53 187 20029 
12 21 8 186 20090 
12 21 23 187 20029 
12 21 38 186 20090 
12 21 53 187 20090 
12 22 8 186 20090 
12 22 23 187 20090 
12 22 38 186 20090 
12 22 53 187 20090 
12 23 8 186 20090 
12 23 23 187 20090 
12 23 38 186 20090 
12 23 53 187 20090 
12 24 8 186 20090 
12 24 23 187 20090 
12 24 38 186 20090 
12 24 53 187 20090 
12 25 8 186 20090 
12 25 23 187 20090 
12 25 38 186 20090 
12 25 53 187 20090 
12 26 8 186 20090 
12 26 23 187 20090 
12 26 38 186 20090 
12 26 53 187 20090 
12 27 8 186 20090 
12 27 46 187 20090 
12 28 1 186 20090 
12 28 16 187 20090 
12 28 31 186 20090 
12 28 46 187 20090 
12 29 1 186 20090 
12 29 16 187 20090 
12 29 31 186 20090 
12 29 46 187 20090 
12 30 1 187 20090 
12 30 16 186 20090 
12 30 31 187 20090 
12 30 46 186 20090 
12 31 1 187 20090 
12 31 16 186 20090 
12 31 31 187 20090 
12 31 46 186 20090 
12 32 1 187 20090 
12 32 16 186 20090 
12 32 31 187 20090 
12 32 46 186 20090 
12 33 1 187 20090 
12 33 16 186 20090 
12 33 31 187 20090 
12 33 46 186 20090 
12 34 1 187 20090 
12 34 16 186 20090 
12 34 31 187 20090 
12 34 46 186 20090 
12 35 1 187 20090 
12 35 16 186 20090 
12 35 31 187 20090 
12 35 46 186 20090 
12 36 1 187 20090 
12 36 16 186 20090 
12 36 31 187 20090 
12 36 46 186 20090 
12 37 1 187 20090 
12 37 16 186 20090 
12 37 31 187 20090 
12 37 46 186 20090 
12 38 1 187 20090 
12 38 16 186 20090 
12 38 31 187 20090 
12 38 46 186 20090 
12 39 1 187 20090 
12 39 16 186 20090 
12 39 31 187 20090 
12 39 46 186 20090 
12 40 1 187 20090 
12 40 16 187 20090 
12 40 31 186 20090 
12 40 46 187 20090 

/> 