h
h

<CR>Bad command!

/> 
h
h
<CR>
Available commands
------------------
h or ?  ---------------> Alias for Help 
ls      ---------------> List of Files 
read XXXX -------------> read the daily file XXXX  (month/day) 
read_ramp XXXXXXXX ----> read the text file XXXXXXXX  (month/day/Hours/Minutes) 

/> 
ls
ls
<CR>
         TIME          Size       File name 
----A 2020/12/13 12:42     10616  1213
----A 2020/12/13 07:25    128640  12130709
----A 2020/12/13 07:39    128640  12130724
----A 2020/12/13 07:54    128640  12130739
----A 2020/12/13 08:11    128640  12130754
----A 2020/12/13 08:27    128640  12130809
----A 2020/12/13 08:40    128640  12130825
----A 2020/12/13 08:55    128640  12130840
----A 2020/12/13 09:11    128640  12130855
----A 2020/12/13 09:25    128640  12130910
----A 2020/12/13 09:42    128640  12130925
----A 2020/12/13 09:55    128640  12130940
----A 2020/12/13 10:11    128640  12130955
----A 2020/12/13 10:26    128640  12131011
----A 2020/12/13 10:41    128640  12131026
----A 2020/12/13 10:57    128640  12131041
----A 2020/12/13 11:11    128640  12131056
----A 2020/12/13 11:26    128640  12131111
----A 2020/12/13 11:43    128640  12131126
----A 2020/12/13 11:59    128640  12131141
----A 2020/12/13 12:12    128640  12131157
----A 2020/12/13 12:27    128000  12131212
----A 2020/12/13 12:27      2560  12131227
----A 2020/12/14 12:12      9840  1214
----A 2020/12/14 07:27    128000  12140710
----A 2020/12/14 07:42    128000  12140725
----A 2020/12/14 07:55    128000  12140740
----A 2020/12/12 12:15      9408  1212
----A 2020/12/14 08:11    128000  12140755
----A 2020/12/14 08:26    128000  12140811
----A 2020/12/14 08:41    128000  12140826
----A 2020/12/14 08:57    128000  12140841
----A 2020/12/14 09:11    128000  12140856
----A 2020/12/14 09:26    128000  12140911
----A 2020/12/14 09:43    128000  12140926
----A 2020/12/12 09:31    128000  12120913
----A 2020/12/12 09:44    128000  12120929
----A 2020/12/12 09:59    128000  12120944
----A 2020/12/12 10:15    128000  12120959
----A 2020/12/12 10:29    128000  12121014
----A 2020/12/12 10:46    128000  12121029
----A 2020/12/12 10:59    128000  12121044
----A 2020/12/12 11:15    128000  12121059
----A 2020/12/12 11:30    128000  12121115
----A 2020/12/12 11:45    128000  12121130
----A 2020/12/12 12:01    128000  12121145
----A 2020/12/12 12:15    128000  12121200
----A 2020/12/12 12:15      2560  12121215
----A 2020/12/14 09:57    128000  12140942
----A 2020/12/14 10:12    128000  12140957
----A 2020/12/14 10:27    128000  12141012
----A 2020/12/14 10:43    128000  12141027
----A 2020/12/14 10:59    128000  12141042
----A 2020/12/14 11:14    128000  12141057
----A 2020/12/14 11:27    128000  12141112
----A 2020/12/14 11:43    128000  12141128
----A 2020/12/14 11:58    128000  12141143
----A 2020/12/14 11:59      2560  12141158
----A 2020/12/15 10:26      6952  1215
----A 2020/12/15 07:07    128640  12150652
----A 2020/12/15 07:23    128640  12150707
----A 2020/12/15 07:38    128640  12150723
----A 2020/12/15 07:53    128640  12150738
----A 2020/12/15 08:09    128640  12150753
----A 2020/12/15 08:23    128640  12150808
----A 2020/12/15 08:38    128000  12150823
----A 2020/12/15 08:55    128640  12150838
----A 2020/12/15 09:11    128640  12150853
----A 2020/12/15 09:24    128640  12150909
----A 2020/12/15 09:39    128640  12150924
----A 2020/12/15 09:55    128640  12150939
----A 2020/12/15 10:11    128640  12150954
----A 2020/12/15 10:26    128640  12151009
----A 2020/12/15 10:27      2560  12151024

  74 File(s),   8516176 bytes total
   0 Dir(s),     992000K bytes free

/> 
read 1215

read 1215
<CR>Time:2020/12/15 10:27
Hours Minutes Seconds  Nb_Samples    Aver. Current 
6 38 51 186 14489 
6 39 6 182 16255 
6 39 21 186 17899 
6 39 36 187 19725 
6 39 51 186 20090 
6 40 6 186 20090 
6 40 21 187 20029 
6 40 36 186 20029 
6 40 51 187 20029 
6 41 6 186 20029 
6 41 21 187 20029 
6 41 36 186 20029 
6 41 51 187 20029 
6 42 6 186 20029 
6 42 21 187 20029 
6 42 36 186 20029 
6 42 51 187 20029 
6 43 6 186 20029 
6 43 21 187 20029 
6 43 36 186 20029 
6 43 51 187 20029 
6 44 6 187 20029 
6 44 21 186 20029 
6 44 36 187 20029 
6 44 51 186 20029 
6 45 6 187 20029 
6 45 21 186 20029 
6 45 36 187 20029 
6 45 51 186 20029 
6 46 6 187 20029 
6 46 21 186 20029 
6 46 36 187 20029 
6 46 51 186 20029 
6 47 6 187 20029 
6 47 21 186 20029 
6 47 36 187 20029 
6 47 51 186 20029 
6 48 6 187 20029 
6 48 21 186 20029 
6 48 36 186 20029 
6 48 51 187 20029 
6 49 6 186 20029 
6 49 21 187 20029 
6 49 36 186 20029 
6 49 51 187 20029 
6 50 6 186 20029 
6 50 21 187 20029 
6 50 36 186 20029 
6 50 51 187 20029 
6 51 6 186 20029 
6 51 21 187 20029 
6 51 36 186 20029 
6 51 51 187 20029 
6 52 6 186 20029 
6 52 21 187 20029 
6 52 36 186 20029 
6 53 29 186 20029 
6 53 44 187 20029 
6 53 59 186 20029 
6 54 14 187 20029 
6 54 29 186 20029 
6 54 44 187 20029 
6 54 59 186 20029 
6 55 14 186 20029 
6 55 29 187 20029 
6 55 44 186 20029 
6 55 59 187 20029 
6 56 14 186 20029 
6 56 29 187 20029 
6 56 44 186 20029 
6 56 59 187 20029 
6 57 14 187 20029 
6 57 29 186 20029 
6 57 44 187 20029 
6 57 59 186 20029 
6 58 14 187 20029 
6 58 29 186 20029 
6 58 44 187 20029 
6 58 59 186 20029 
6 59 14 187 20029 
6 59 29 186 20029 
6 59 44 187 20029 
6 59 59 186 20029 
7 0 14 187 20029 
7 0 29 186 20029 
7 0 44 187 20029 
7 0 59 186 20029 
7 1 14 187 20029 
7 1 29 186 20029 
7 1 44 187 20029 
7 1 59 186 20029 
7 2 14 187 20029 
7 2 29 186 20029 
7 2 44 187 20029 
7 2 59 186 20029 
7 3 14 187 20029 
7 3 29 186 20029 
7 3 44 187 20029 
7 3 59 186 20029 
7 4 14 187 20029 
7 4 29 186 19969 
7 4 44 187 20029 
7 4 59 186 20029 
7 5 14 187 20029 
7 5 29 186 19969 
7 5 44 187 19969 
7 5 59 186 19969 
7 6 14 187 19969 
7 6 29 186 19969 
7 6 44 187 20029 
7 6 59 186 20029 
7 7 14 187 20029 
7 7 29 186 19969 
7 7 44 187 19969 
7 8 38 186 19969 
7 8 53 186 19969 
7 9 8 187 19969 
7 9 23 187 19969 
7 9 38 186 19969 
7 9 53 187 19969 
7 10 8 186 19969 
7 10 23 187 19969 
7 10 38 186 19969 
7 10 53 187 19969 
7 11 8 186 19969 
7 11 23 187 19969 
7 11 38 186 19969 
7 11 53 187 19969 
7 12 8 186 19969 
7 12 23 187 19969 
7 12 38 186 19969 
7 12 53 187 19969 
7 13 8 186 19969 
7 13 23 187 19969 
7 13 38 186 19969 
7 13 53 187 19969 
7 14 8 186 19969 
7 14 23 187 19969 
7 14 38 186 19969 
7 14 53 187 19969 
7 15 8 186 19969 
7 15 23 187 19969 
7 15 38 186 19969 
7 15 53 187 19969 
7 16 8 186 19969 
7 16 23 187 19969 
7 16 38 186 19969 
7 16 53 187 19969 
7 17 8 186 19969 
7 17 23 187 19969 
7 17 38 186 19969 
7 17 53 187 19969 
7 18 8 186 19969 
7 18 23 187 19969 
7 18 38 186 19969 
7 18 53 187 19969 
7 19 8 186 19969 
7 19 23 187 19969 
7 19 38 186 19969 
7 19 53 187 19969 
7 20 8 186 19969 
7 20 23 187 19969 
7 20 38 186 19969 
7 20 53 187 19969 
7 21 9 187 19969 
7 21 24 186 19969 
7 21 39 187 19969 
7 21 54 186 19969 
7 22 9 187 19969 
7 22 24 186 19969 
7 22 39 187 19969 
7 22 54 186 19969 
7 23 48 187 19969 
7 24 3 186 19969 
7 24 18 186 19969 
7 24 33 187 19969 
7 24 48 186 19969 
7 25 3 187 19969 
7 25 18 186 19969 
7 25 33 187 19969 
7 25 48 186 19969 
7 26 3 187 19969 
7 26 18 186 19969 
7 26 33 187 19969 
7 26 48 186 19969 
7 27 3 187 19969 
7 27 18 186 19969 
7 27 33 187 19969 
7 27 48 186 19969 
7 28 3 187 19969 
7 28 18 186 19969 
7 28 33 187 19969 
7 28 48 186 19969 
7 29 3 187 19969 
7 29 18 186 19969 
7 29 33 187 19969 
7 29 48 186 19969 
7 30 3 187 19969 
7 30 18 186 19969 
7 30 33 187 19969 
7 30 48 186 19969 
7 31 3 187 19969 
7 31 18 186 19969 
7 31 33 187 19969 
7 31 48 186 19969 
7 32 3 187 19969 
7 32 18 186 19969 
7 32 33 187 19969 
7 32 48 186 19969 
7 33 3 187 19969 
7 33 18 187 19969 
7 33 33 186 19969 
7 33 48 187 19969 
7 34 3 186 19969 
7 34 18 187 19969 
7 34 33 186 19969 
7 34 48 187 19969 
7 35 3 186 19969 
7 35 18 187 19969 
7 35 33 186 19969 
7 35 48 187 19969 
7 36 3 186 19969 
7 36 18 187 19969 
7 36 33 186 19969 
7 36 48 187 19969 
7 37 3 186 19969 
7 37 18 187 19969 
7 37 33 186 19969 
7 37 48 187 19969 
7 38 3 186 19969 
7 38 57 187 19969 
7 39 12 186 19969 
7 39 27 186 19969 
7 39 42 187 19969 
7 39 57 186 19969 
7 40 12 187 19969 
7 40 27 186 19969 
7 40 42 187 19969 
7 40 57 186 19969 
7 41 12 187 19969 
7 41 27 186 19969 
7 41 42 187 19969 
7 41 57 186 19969 
7 42 12 187 19969 
7 42 27 186 19969 
7 42 42 187 19969 
7 42 57 186 19969 
7 43 12 187 19969 
7 43 27 186 19969 
7 43 42 187 19969 
7 43 57 186 19969 
7 44 12 187 19969 
7 44 27 187 19969 
7 44 42 186 19969 
7 44 57 187 19969 
7 45 12 186 19969 
7 45 27 187 19969 
7 45 42 186 19969 
7 45 57 187 19969 
7 46 12 186 19969 
7 46 27 187 19969 
7 46 42 186 19969 
7 46 57 187 19969 
7 47 12 186 19969 
7 47 27 187 19969 
7 47 42 186 19969 
7 47 57 187 19969 
7 48 12 186 19969 
7 48 27 187 19969 
7 48 42 186 19969 
7 48 57 187 19969 
7 49 12 186 19969 
7 49 27 187 19969 
7 49 42 186 19969 
7 49 57 187 19969 
7 50 12 186 19969 
7 50 27 187 19969 
7 50 42 186 19969 
7 50 57 187 19969 
7 51 12 186 19969 
7 51 27 187 19969 
7 51 42 186 19969 
7 51 57 187 19969 
7 52 12 186 19969 
7 52 27 187 19969 
7 52 42 186 19969 
7 52 57 187 19969 
7 53 12 186 19969 
7 54 6 187 19969 
7 54 21 186 19969 
7 54 36 186 19969 
7 54 51 187 19969 
7 55 6 186 19969 
7 55 21 187 19969 
7 55 36 187 19969 
7 55 51 186 19969 
7 56 6 186 19969 
7 56 21 187 19969 
7 56 36 186 19969 
7 56 51 187 19969 
7 57 6 186 19969 
7 57 21 187 19969 
7 57 36 186 19969 
7 57 51 187 19969 
7 58 6 186 19969 
7 58 21 187 19969 
7 58 36 186 19969 
7 58 51 187 19969 
7 59 6 186 19969 
7 59 21 187 19969 
7 59 36 186 19969 
7 59 51 187 19969 
8 0 6 186 19969 
8 0 21 187 19969 
8 0 36 186 19969 
8 0 51 187 19969 
8 1 6 186 19969 
8 1 21 187 19969 
8 1 36 186 19969 
8 1 51 187 19969 
8 2 6 186 19969 
8 2 21 187 19969 
8 2 36 186 19969 
8 2 51 187 19969 
8 3 6 186 19969 
8 3 21 187 19969 
8 3 36 186 19969 
8 3 51 187 19969 
8 4 6 186 19969 
8 4 21 187 19969 
8 4 36 186 19969 
8 4 51 187 19969 
8 5 6 186 19969 
8 5 21 187 19969 
8 5 36 186 19969 
8 5 51 187 19969 
8 6 6 186 19969 
8 6 21 187 19969 
8 6 36 186 19969 
8 6 51 187 19969 
8 7 6 187 19969 
8 7 21 186 19969 
8 7 36 187 19969 
8 7 51 186 19969 
8 8 6 187 19969 
8 8 21 186 19969 
8 9 15 186 19969 
8 9 30 186 19969 
8 9 45 187 19969 
8 10 0 186 19969 
8 10 15 187 19969 
8 10 30 186 19969 
8 10 45 187 19969 
8 11 0 186 19969 
8 11 15 186 19969 
8 11 30 187 19969 
8 11 45 186 19969 
8 12 0 187 19969 
8 12 15 186 19969 
8 12 30 187 19969 
8 12 45 186 19969 
8 13 0 187 19969 
8 13 15 186 19969 
8 13 30 187 19969 
8 13 45 186 19969 
8 14 0 187 19969 
8 14 15 186 19969 
8 14 30 187 19969 
8 14 45 186 19969 
8 15 0 187 19969 
8 15 15 186 19969 
8 15 30 187 19969 
8 15 45 186 19969 
8 16 0 187 19969 
8 16 15 186 19969 
8 16 30 187 19969 
8 16 45 186 19969 
8 17 0 187 19969 
8 17 15 186 19969 
8 17 30 187 19969 
8 17 45 186 19969 
8 18 0 187 19969 
8 18 15 187 19969 
8 18 30 186 19969 
8 18 45 187 19969 
8 19 0 186 19969 
8 19 15 187 19969 
8 19 30 186 19969 
8 19 45 187 19969 
8 20 0 186 19969 
8 20 15 187 19969 
8 20 30 186 19969 
8 20 45 187 19969 
8 21 0 186 19969 
8 21 15 187 19969 
8 21 30 186 19969 
8 21 45 187 19969 
8 22 0 186 19969 
8 22 15 187 19969 
8 22 30 186 19969 
8 22 45 187 19969 
8 23 0 186 19969 
8 23 15 187 19969 
8 23 30 186 19969 
8 24 9 187 19969 
8 24 24 186 19969 
8 24 39 186 19969 
8 24 54 187 19969 
8 25 9 186 19969 
8 25 24 187 19969 
8 25 39 186 19969 
8 25 54 187 19969 
8 26 9 186 19969 
8 26 24 187 19969 
8 26 39 186 19969 
8 26 54 187 19969 
8 27 9 186 19969 
8 27 24 187 19969 
8 27 39 186 19969 
8 27 54 187 19969 
8 28 9 186 19969 
8 28 24 187 19969 
8 28 39 186 19969 
8 28 54 187 19969 
8 29 9 187 19969 
8 29 24 186 19969 
8 29 39 187 19969 
8 29 54 186 19969 
8 30 9 187 19969 
8 30 24 186 19969 
8 30 39 187 19969 
8 30 54 186 19969 
8 31 9 187 19969 
8 31 24 186 19969 
8 31 39 187 19969 
8 31 54 186 19969 
8 32 9 187 19969 
8 32 24 186 19969 
8 32 39 187 19969 
8 32 54 186 19969 
8 33 9 187 19969 
8 33 24 186 19969 
8 33 39 187 19969 
8 33 54 186 19969 
8 34 9 187 19969 
8 34 24 186 19969 
8 34 39 187 19969 
8 34 54 186 19969 
8 35 9 187 19969 
8 35 24 186 19969 
8 35 39 187 19969 
8 35 54 186 19969 
8 36 9 187 19969 
8 36 24 186 19969 
8 36 39 187 19969 
8 36 54 186 19969 
8 37 9 187 19969 
8 37 24 186 19969 
8 37 39 187 19969 
8 37 54 186 19969 
8 38 9 187 19969 
8 38 24 186 19969 
8 38 39 187 19969 
8 39 33 186 19969 
8 39 48 186 19969 
8 40 3 187 19969 
8 40 18 187 19969 
8 40 33 186 19969 
8 40 48 187 19969 
8 41 3 186 19969 
8 41 18 187 19969 
8 41 33 186 19969 
8 41 48 186 19969 
8 42 3 187 19969 
8 42 18 186 19969 
8 42 33 187 19969 
8 42 48 186 19969 
8 43 3 187 19969 
8 43 18 186 19969 
8 43 33 187 19969 
8 43 48 186 19969 
8 44 3 187 19969 
8 44 18 186 19969 
8 44 33 187 19969 
8 44 48 186 19969 
8 45 3 187 19969 
8 45 18 186 19969 
8 45 33 187 19969 
8 45 48 186 19969 
8 46 3 187 19969 
8 46 18 186 19969 
8 46 33 187 19969 
8 46 48 186 19969 
8 47 3 187 19969 
8 47 18 186 19969 
8 47 33 187 19969 
8 47 48 186 19969 
8 48 3 187 19969 
8 48 18 186 19969 
8 48 33 187 19969 
8 48 48 186 19969 
8 49 3 187 19969 
8 49 18 186 19969 
8 49 33 187 19969 
8 49 48 186 19969 
8 50 3 187 19969 
8 50 18 186 19969 
8 50 33 187 19969 
8 50 48 187 19969 
8 51 3 186 19969 
8 51 18 187 19969 
8 51 33 186 19969 
8 51 48 187 19969 
8 52 3 186 19969 
8 52 18 187 19969 
8 52 33 186 19969 
8 52 48 187 19969 
8 53 3 186 19969 
8 53 18 187 19969 
8 53 33 186 19969 
8 53 48 187 19969 
8 54 42 186 19969 
8 54 57 186 19969 
8 55 12 187 19969 
8 55 27 186 19969 
8 55 42 187 19969 
8 55 57 186 19969 
8 56 12 187 19969 
8 56 27 186 19969 
8 56 42 186 19969 
8 56 57 187 19969 
8 57 12 186 19969 
8 57 27 187 19969 
8 57 42 186 19969 
8 57 57 187 19969 
8 58 12 186 19969 
8 58 27 187 19969 
8 58 42 186 19969 
8 58 57 187 19969 
8 59 12 186 19969 
8 59 27 187 19969 
8 59 42 186 19969 
8 59 57 187 19969 
9 0 12 186 19969 
9 0 27 187 19969 
9 0 42 186 19969 
9 0 57 187 19969 
9 1 12 186 19969 
9 1 27 187 19969 
9 1 42 187 19969 
9 1 57 186 19969 
9 2 12 187 19969 
9 2 27 186 19969 
9 2 42 187 19969 
9 2 57 186 19969 
9 3 12 187 19969 
9 3 27 186 19969 
9 3 42 187 19969 
9 3 57 186 19969 
9 4 12 187 19969 
9 4 27 186 19969 
9 4 42 187 19969 
9 4 57 186 19969 
9 5 12 187 19969 
9 5 27 186 19969 
9 5 42 187 19969 
9 5 57 186 19969 
9 6 12 187 19969 
9 6 27 186 19969 
9 6 42 187 19969 
9 6 57 186 19969 
9 7 12 187 19969 
9 7 27 186 19969 
9 7 42 187 19969 
9 7 57 186 19969 
9 8 12 187 19969 
9 8 27 186 19969 
9 8 42 187 19969 
9 8 57 186 19969 
9 9 51 187 19969 
9 10 6 186 19969 
9 10 21 186 19969 
9 10 36 187 19969 
9 10 51 186 19969 
9 11 6 187 19969 
9 11 21 186 19969 
9 11 36 187 19969 
9 11 51 186 19969 
9 12 6 187 19969 
9 12 21 186 19969 
9 12 36 187 19969 
9 12 51 187 19969 
9 13 6 186 19969 
9 13 21 187 19969 
9 13 36 186 19969 
9 13 51 187 19969 
9 14 6 186 19969 
9 14 21 187 19969 
9 14 36 186 19969 
9 14 51 187 19969 
9 15 6 186 19969 
9 15 21 187 19969 
9 15 36 186 19969 
9 15 51 187 19969 
9 16 6 186 19969 
9 16 21 187 19969 
9 16 36 186 19969 
9 16 51 187 19969 
9 17 6 186 19969 
9 17 21 187 19969 
9 17 36 186 19969 
9 17 51 187 19969 
9 18 6 186 19969 
9 18 21 187 19969 
9 18 36 186 19969 
9 18 51 187 19969 
9 19 6 186 19969 
9 19 21 187 19969 
9 19 36 186 19969 
9 19 51 187 19969 
9 20 6 186 19969 
9 20 21 187 19969 
9 20 36 186 19969 
9 20 51 187 19969 
9 21 6 186 19969 
9 21 21 187 19969 
9 21 36 186 19969 
9 21 51 187 19969 
9 22 6 186 19969 
9 22 21 187 19969 
9 22 36 186 19969 
9 22 51 187 19969 
9 23 6 186 19969 
9 23 21 187 19969 
9 23 36 187 19969 
9 23 51 186 19969 
9 24 6 187 19969 
9 25 0 186 19969 
9 25 15 186 19969 
9 25 30 187 19969 
9 25 45 186 19969 
9 26 0 187 19969 
9 26 15 186 19969 
9 26 30 187 19969 
9 26 45 186 19969 
9 27 0 186 19969 
9 27 15 187 19969 
9 27 30 186 19969 
9 27 45 187 19969 
9 28 0 186 19969 
9 28 15 187 19969 
9 28 30 186 19969 
9 28 45 187 19969 
9 29 0 186 19969 
9 29 15 187 19969 
9 29 30 186 19969 
9 29 45 187 19969 
9 30 0 186 19969 
9 30 15 187 19969 
9 30 30 186 19969 
9 30 45 187 19969 
9 31 0 186 19969 
9 31 15 187 19969 
9 31 30 186 19969 
9 31 45 187 19969 
9 32 0 186 19969 
9 32 15 187 19969 
9 32 30 186 19969 
9 32 45 187 19969 
9 33 0 186 19969 
9 33 15 187 19969 
9 33 30 186 19969 
9 33 45 187 19969 
9 34 0 186 19969 
9 34 15 187 19969 
9 34 30 187 19969 
9 34 45 186 19969 
9 35 0 187 19969 
9 35 15 186 19969 
9 35 30 187 19969 
9 35 45 186 19969 
9 36 0 187 19969 
9 36 15 186 19969 
9 36 30 187 19969 
9 36 45 186 19969 
9 37 0 187 19969 
9 37 15 186 19969 
9 37 30 187 19969 
9 37 45 186 19969 
9 38 0 187 19969 
9 38 15 186 19969 
9 38 30 187 19969 
9 38 45 186 19969 
9 39 0 187 19969 
9 39 15 186 19969 
9 40 9 187 19969 
9 40 24 186 19969 
9 40 39 186 19969 
9 40 54 187 19969 
9 41 9 186 19969 
9 41 24 187 19969 
9 41 39 186 19969 
9 41 54 187 19969 
9 42 9 186 19969 
9 42 24 187 19969 
9 42 39 186 19969 
9 42 54 187 19969 
9 43 9 186 19969 
9 43 24 187 19969 
9 43 39 186 19969 
9 43 54 187 19969 
9 44 9 186 19969 
9 44 24 187 19969 
9 44 39 186 19969 
9 44 54 187 19969 
9 45 9 186 19969 
9 45 24 187 19969 
9 45 39 187 19969 
9 45 54 186 19969 
9 46 9 187 19969 
9 46 24 186 19969 
9 46 39 187 19969 
9 46 54 186 19969 
9 47 9 187 19969 
9 47 24 186 19969 
9 47 39 187 19969 
9 47 54 186 19969 
9 48 9 187 19969 
9 48 24 186 19969 
9 48 39 187 19969 
9 48 54 186 19969 
9 49 9 187 19969 
9 49 24 186 19969 
9 49 39 187 19969 
9 49 54 186 19969 
9 50 9 187 19969 
9 50 24 186 19969 
9 50 39 187 19969 
9 50 54 186 19969 
9 51 9 187 19969 
9 51 24 186 19969 
9 51 39 187 19969 
9 51 54 186 19969 
9 52 9 187 19969 
9 52 24 186 19969 
9 52 39 187 19969 
9 52 54 186 19969 
9 53 9 187 19969 
9 53 24 186 19969 
9 53 39 187 19969 
9 53 54 186 19969 
9 54 9 187 19969 
9 54 24 186 19969 
9 55 18 186 19969 
9 55 33 186 19969 
9 55 48 187 19969 
9 56 3 187 19969 
9 56 18 186 19969 
9 56 33 187 19969 
9 56 48 186 19969 
9 57 3 187 19969 
9 57 18 186 19969 
9 57 33 187 19969 
9 57 48 186 19969 
9 58 3 187 19969 
9 58 18 186 19969 
9 58 33 187 19969 
9 58 48 186 19969 
9 59 3 187 19969 
9 59 18 186 19969 
9 59 33 187 19969 
9 59 48 186 19969 
10 0 3 187 19969 
10 0 18 186 19969 
10 0 33 187 19969 
10 0 48 186 19969 
10 1 3 187 19969 
10 1 18 186 19969 
10 1 33 187 19969 
10 1 48 186 19969 
10 2 3 187 19969 
10 2 18 186 19969 
10 2 33 187 19969 
10 2 48 186 19969 
10 3 3 187 19969 
10 3 18 186 19969 
10 3 33 187 19969 
10 3 48 186 19969 
10 4 3 187 19969 
10 4 18 186 19969 
10 4 33 187 19969 
10 4 48 186 19969 
10 5 3 187 19969 
10 5 18 186 19969 
10 5 33 187 19969 
10 5 48 186 19969 
10 6 3 187 19969 
10 6 18 186 19969 
10 6 33 187 19969 
10 6 48 186 19969 
10 7 3 187 19969 
10 7 18 187 19969 
10 7 33 186 19969 
10 7 48 187 19969 
10 8 3 186 19969 
10 8 18 187 19969 
10 8 33 186 19969 
10 8 48 187 19969 
10 9 3 186 19969 
10 9 18 187 19969 
10 9 33 186 19969 
10 10 27 187 19969 
10 10 42 186 19969 
10 10 57 186 19969 
10 11 12 187 19969 
10 11 27 186 19969 
10 11 42 187 19969 
10 11 57 186 19969 
10 12 12 187 19969 
10 12 27 186 19969 
10 12 42 187 19969 
10 12 57 186 19969 
10 13 12 187 19969 
10 13 27 186 19969 
10 13 42 187 19969 
10 13 57 186 19969 
10 14 12 187 19969 
10 14 27 186 19969 
10 14 42 187 19969 
10 14 57 186 19969 
10 15 12 187 19969 
10 15 27 186 19969 
10 15 42 187 19969 
10 15 57 186 19969 
10 16 12 187 19969 
10 16 27 186 19969 
10 16 42 187 19969 
10 16 57 186 19969 
10 17 12 187 19969 
10 17 27 186 19969 
10 17 42 187 19969 
10 17 57 187 19969 
10 18 12 186 19969 
10 18 27 187 19969 
10 18 42 186 19969 
10 18 57 187 19969 
10 19 12 186 19969 
10 19 27 187 19969 
10 19 42 186 19969 
10 19 57 187 19969 
10 20 12 186 19969 
10 20 27 187 19969 
10 20 42 186 19969 
10 20 57 187 19969 
10 21 12 186 19969 
10 21 27 187 19969 
10 21 42 186 19969 
10 21 57 187 19969 
10 22 12 186 19969 
10 22 27 187 19969 
10 22 42 186 19969 
10 22 57 187 19969 
10 23 12 186 19969 
10 23 27 187 19969 
10 23 42 186 19969 
10 23 57 187 19969 
10 24 12 186 19969 
10 24 27 187 19969 
10 24 42 186 19969 

/> 