h

h
<CR>Bad command!

/> 
h
h
<CR>
Available commands
------------------
h or ?  ---------------> Alias for Help 
ls      ---------------> List of Files 
read XXXX -------------> read the daily file XXXX  (month/day) 
read_ramp XXXXXXXX ----> read the text file XXXXXXXX  (month/day/Hours/Minutes) 

/> 
ls
ls
<CR>
         TIME          Size       File name 
----A 2021/07/02 15:47     13256  0702
----A 2021/07/04 15:37     14456  0704
----A 2021/07/04 08:23    128000  07040807
----A 2021/07/04 08:37    128000  07040822
----A 2021/07/04 08:54    128000  07040837
----A 2021/07/04 09:07    128000  07040852
----A 2021/07/04 09:23    128000  07040907
----A 2021/07/04 09:39    128000  07040922
----A 2021/07/04 09:53    128000  07040938
----A 2021/07/04 10:08    128000  07040953
----A 2021/07/04 10:23    128000  07041008
----A 2021/07/04 10:39    128000  07041023
----A 2021/07/04 10:55    128000  07041038
----A 2021/07/04 11:10    128000  07041053
----A 2021/07/04 11:23    128000  07041108
----A 2021/07/04 11:39    128000  07041124
----A 2021/07/04 11:54    128000  07041139
----A 2021/07/04 12:09    128000  07041154
----A 2021/07/04 12:25    128000  07041209
----A 2021/07/04 12:39    128000  07041224
----A 2021/07/04 12:54    128000  07041239
----A 2021/07/04 13:11    128000  07041254
----A 2021/07/04 13:25    128000  07041310
----A 2021/07/04 13:40    128000  07041325
----A 2021/07/04 13:55    128000  07041340
----A 2021/07/04 14:11    128000  07041355
----A 2021/07/04 14:27    128000  07041410
----A 2021/07/04 14:42    128000  07041425
----A 2021/07/04 14:55    128000  07041440
----A 2021/07/04 15:11    128000  07041456
----A 2021/07/04 15:26    128000  07041511
----A 2021/07/04 15:27      2560  07041526
----A 2021/07/02 12:43    128000  07021228
----A 2021/07/02 12:59    128000  07021243
----A 2021/07/02 13:14    128000  07021259
----A 2021/07/02 13:29    128000  07021314
----A 2021/07/02 13:45    128000  07021329
----A 2021/07/02 13:59    128000  07021344
----A 2021/07/02 14:14    128000  07021359
----A 2021/07/02 14:31    128000  07021414
----A 2021/07/02 14:47    128000  07021429
----A 2021/07/02 15:00    128000  07021445
----A 2021/07/02 15:15    128000  07021500
----A 2021/07/02 15:31    128000  07021515
----A 2021/07/02 15:47    128000  07021530
----A 2021/07/02 15:47      2560  07021545

  46 File(s),   5408832 bytes total
   0 Dir(s),     995136K bytes free

/> 
read 0704
read 0704
<CR>Time:2021/07/02 15:47
Hours Minutes Seconds  Nb_Samples    Aver. Current 
7 52 26 187 13825 
7 52 41 182 16700 
7 52 56 187 17006 
7 53 54 187 17128 
7 54 9 186 17128 
7 54 24 187 17128 
7 54 39 186 17128 
7 54 54 187 17128 
7 55 9 186 17128 
7 55 24 187 17128 
7 55 39 186 17128 
7 55 54 186 17128 
7 56 9 187 17128 
7 56 24 186 17128 
7 56 39 187 17128 
7 56 54 186 17128 
7 57 9 187 17128 
7 57 24 186 17128 
7 57 39 187 17128 
7 57 54 187 17128 
7 58 9 186 17128 
7 58 24 187 17128 
7 58 39 186 17128 
7 58 54 187 17128 
7 59 9 186 17128 
7 59 24 187 17128 
7 59 39 186 17128 
7 59 54 187 17128 
8 0 9 186 17128 
8 0 24 187 17128 
8 0 39 186 17128 
8 0 54 187 17128 
8 1 9 186 17128 
8 1 24 187 17128 
8 1 39 186 17128 
8 1 54 187 17128 
8 2 9 186 17128 
8 2 24 187 17128 
8 2 39 186 17128 
8 2 54 187 17128 
8 3 9 186 17128 
8 3 24 187 17128 
8 3 39 186 17128 
8 3 54 187 17128 
8 4 9 186 17128 
8 4 24 187 17128 
8 4 39 186 17128 
8 4 54 187 17128 
8 5 9 186 17128 
8 5 24 187 17128 
8 5 39 186 17128 
8 5 54 187 17128 
8 6 9 186 17128 
8 6 24 187 17128 
8 6 39 186 17128 
8 6 54 187 17128 
8 7 9 186 17128 
8 7 47 187 17128 
8 8 2 186 17128 
8 8 17 187 17128 
8 8 32 186 17128 
8 8 47 187 17128 
8 9 2 186 17128 
8 9 17 187 17128 
8 9 32 187 17128 
8 9 47 186 17128 
8 10 2 187 17128 
8 10 17 186 17128 
8 10 32 187 17128 
8 10 47 186 17128 
8 11 2 187 17128 
8 11 17 186 17128 
8 11 32 187 17128 
8 11 47 186 17128 
8 12 2 187 17128 
8 12 17 186 17128 
8 12 32 187 17128 
8 12 47 186 17128 
8 13 2 187 17128 
8 13 17 186 17128 
8 13 32 187 17128 
8 13 47 186 17128 
8 14 2 187 17128 
8 14 17 186 17128 
8 14 32 187 17128 
8 14 47 186 17128 
8 15 2 187 17128 
8 15 17 186 17128 
8 15 32 187 17128 
8 15 47 186 17128 
8 16 2 187 17128 
8 16 17 186 17128 
8 16 32 187 17128 
8 16 47 186 17128 
8 17 2 187 17128 
8 17 17 186 17128 
8 17 32 187 17128 
8 17 47 186 17128 
8 18 2 187 17128 
8 18 17 186 17128 
8 18 32 187 17128 
8 18 47 186 17128 
8 19 2 187 17128 
8 19 17 186 17128 
8 19 32 187 17128 
8 19 47 186 17128 
8 20 2 187 17128 
8 20 17 186 17128 
8 20 32 187 17128 
8 20 47 186 17128 
8 21 2 187 17128 
8 21 17 187 17128 
8 21 32 186 17128 
8 21 47 187 17128 
8 22 2 186 17128 
8 22 17 187 17128 
8 22 55 187 17128 
8 23 10 186 17128 
8 23 25 187 17128 
8 23 40 186 17128 
8 23 55 187 17128 
8 24 10 186 17128 
8 24 25 187 17128 
8 24 40 186 17128 
8 24 55 187 17128 
8 25 10 186 17128 
8 25 25 187 17128 
8 25 40 186 17128 
8 25 55 187 17128 
8 26 10 186 17128 
8 26 25 187 17128 
8 26 40 186 17128 
8 26 55 187 17128 
8 27 10 186 17128 
8 27 25 187 17128 
8 27 40 186 17128 
8 27 55 187 17128 
8 28 10 186 17128 
8 28 25 187 17128 
8 28 40 186 17128 
8 28 55 187 17128 
8 29 10 186 17128 
8 29 25 187 17128 
8 29 40 186 17128 
8 29 55 187 17128 
8 30 10 186 17128 
8 30 25 187 17128 
8 30 40 186 17128 
8 30 55 187 17128 
8 31 10 186 17128 
8 31 25 187 17128 
8 31 40 186 17128 
8 31 55 187 17128 
8 32 10 186 17128 
8 32 25 187 17128 
8 32 40 187 17128 
8 32 55 186 17128 
8 33 10 187 17128 
8 33 25 186 17128 
8 33 40 187 17128 
8 33 55 186 17128 
8 34 10 187 17128 
8 34 25 186 17128 
8 34 40 187 17128 
8 34 55 186 17128 
8 35 10 187 17128 
8 35 25 186 17128 
8 35 40 187 17128 
8 35 55 186 17128 
8 36 10 187 17128 
8 36 25 186 17128 
8 36 40 187 17128 
8 36 55 186 17128 
8 37 10 186 17128 
8 37 25 187 17128 
8 38 3 187 17128 
8 38 18 186 17128 
8 38 33 187 17128 
8 38 48 186 17128 
8 39 3 187 17128 
8 39 18 186 17128 
8 39 33 187 17128 
8 39 48 186 17128 
8 40 3 187 17128 
8 40 18 186 17128 
8 40 33 187 17128 
8 40 48 186 17128 
8 41 3 187 17128 
8 41 18 186 17128 
8 41 33 187 17128 
8 41 48 186 17128 
8 42 3 187 17128 
8 42 18 186 17128 
8 42 33 187 17128 
8 42 48 186 17128 
8 43 3 187 17128 
8 43 18 187 17128 
8 43 33 186 17128 
8 43 48 187 17128 
8 44 3 186 17128 
8 44 18 187 17128 
8 44 33 186 17128 
8 44 48 187 17128 
8 45 3 186 17128 
8 45 18 187 17128 
8 45 33 186 17128 
8 45 48 187 17128 
8 46 3 186 17128 
8 46 18 187 17128 
8 46 33 186 17128 
8 46 48 187 17128 
8 47 3 186 17128 
8 47 18 187 17128 
8 47 33 186 17128 
8 47 48 187 17128 
8 48 3 186 17128 
8 48 18 187 17128 
8 48 33 186 17128 
8 48 48 187 17128 
8 49 3 186 17128 
8 49 18 187 17128 
8 49 33 186 17128 
8 49 48 187 17128 
8 50 3 186 17128 
8 50 18 187 17128 
8 50 33 186 17128 
8 50 48 187 17128 
8 51 3 186 17128 
8 51 18 187 17128 
8 51 33 186 17128 
8 51 48 186 17128 
8 52 3 187 17128 
8 52 18 186 17128 
8 52 33 187 17128 
8 53 11 187 17128 
8 53 26 186 17128 
8 53 41 187 17128 
8 53 56 187 17128 
8 54 11 186 17128 
8 54 26 187 17128 
8 54 41 186 17128 
8 54 56 187 17128 
8 55 11 186 17128 
8 55 26 187 17128 
8 55 41 186 17128 
8 55 56 187 17128 
8 56 11 186 17128 
8 56 26 187 17128 
8 56 41 186 17128 
8 56 56 187 17128 
8 57 11 186 17128 
8 57 26 187 17128 
8 57 41 186 17128 
8 57 56 187 17128 
8 58 11 186 17128 
8 58 26 187 17128 
8 58 41 186 17128 
8 58 56 187 17128 
8 59 11 186 17128 
8 59 26 187 17128 
8 59 41 186 17128 
8 59 56 187 17128 
9 0 11 186 17128 
9 0 26 187 17128 
9 0 41 186 17128 
9 0 56 187 17128 
9 1 11 186 17128 
9 1 26 187 17128 
9 1 41 186 17128 
9 1 56 187 17128 
9 2 11 186 17128 
9 2 26 187 17128 
9 2 41 186 17128 
9 2 56 187 17128 
9 3 11 186 17128 
9 3 26 187 17128 
9 3 41 186 17128 
9 3 56 187 17128 
9 4 11 187 17128 
9 4 26 186 17128 
9 4 41 187 17128 
9 4 56 186 17128 
9 5 11 187 17128 
9 5 26 186 17128 
9 5 41 187 17128 
9 5 56 186 17128 
9 6 11 187 17128 
9 6 26 186 17128 
9 6 41 187 17128 
9 6 56 186 17128 
9 7 11 187 17128 
9 7 26 186 17128 
9 7 41 187 17128 
9 8 19 187 17128 
9 8 34 186 17128 
9 8 49 187 17189 
9 9 4 186 17189 
9 9 19 187 17128 
9 9 34 186 17128 
9 9 49 187 17128 
9 10 4 186 17128 
9 10 19 187 17128 
9 10 34 186 17128 
9 10 49 187 17128 
9 11 4 186 17128 
9 11 19 187 17128 
9 11 34 186 17128 
9 11 49 187 17128 
9 12 4 186 17128 
9 12 19 187 17128 
9 12 34 186 17128 
9 12 49 187 17128 
9 13 4 186 17128 
9 13 19 187 17128 
9 13 34 186 17128 
9 13 49 187 17128 
9 14 4 186 17128 
9 14 19 187 17128 
9 14 34 187 17128 
9 14 49 186 17128 
9 15 4 187 17128 
9 15 19 186 17128 
9 15 34 187 17128 
9 15 49 186 17128 
9 16 4 187 17128 
9 16 19 186 17128 
9 16 34 187 17189 
9 16 49 186 17128 
9 17 4 187 17128 
9 17 19 186 17128 
9 17 34 187 17189 
9 17 49 186 17128 
9 18 4 187 17189 
9 18 19 186 17189 
9 18 34 187 17189 
9 18 49 186 17189 
9 19 4 187 17189 
9 19 19 186 17189 
9 19 34 187 17189 
9 19 49 186 17189 
9 20 4 187 17189 
9 20 19 186 17189 
9 20 34 187 17189 
9 20 49 186 17189 
9 21 4 186 17189 
9 21 19 187 17189 
9 21 34 186 17189 
9 21 49 187 17189 
9 22 4 186 17189 
9 22 19 187 17189 
9 22 34 186 17189 
9 22 49 187 17189 
9 23 27 187 17189 
9 23 42 186 17189 
9 23 57 187 17189 
9 24 12 186 17189 
9 24 27 187 17189 
9 24 42 187 17189 
9 24 57 186 17189 
9 25 12 187 17189 
9 25 27 186 17189 
9 25 42 187 17189 
9 25 57 186 17189 
9 26 12 187 17128 
9 26 27 186 17189 
9 26 42 187 17189 
9 26 57 186 17189 
9 27 12 187 17189 
9 27 27 186 17189 
9 27 42 187 17128 
9 27 57 186 17189 
9 28 12 187 17189 
9 28 27 186 17189 
9 28 42 187 17189 
9 28 57 186 17189 
9 29 12 187 17189 
9 29 27 186 17189 
9 29 42 187 17189 
9 29 57 186 17189 
9 30 12 187 17189 
9 30 27 186 17189 
9 30 42 187 17189 
9 30 57 186 17189 
9 31 12 187 17189 
9 31 27 186 17189 
9 31 42 187 17189 
9 31 57 186 17189 
9 32 12 187 17189 
9 32 27 186 17189 
9 32 42 187 17189 
9 32 57 186 17189 
9 33 12 187 17189 
9 33 27 186 17189 
9 33 42 187 17189 
9 33 57 186 17189 
9 34 12 187 17189 
9 34 27 186 17189 
9 34 42 187 17189 
9 34 57 187 17189 
9 35 12 186 17189 
9 35 27 187 17189 
9 35 42 186 17189 
9 35 57 187 17189 
9 36 12 186 17189 
9 36 27 187 17189 
9 36 42 186 17189 
9 36 57 187 17189 
9 37 12 186 17189 
9 37 27 187 17189 
9 37 42 186 17189 
9 37 57 187 17189 
9 38 35 187 17189 
9 38 50 186 17189 
9 39 5 187 17189 
9 39 20 186 17189 
9 39 35 187 17189 
9 39 50 186 17189 
9 40 5 187 17189 
9 40 20 186 17189 
9 40 35 187 17189 
9 40 50 186 17189 
9 41 5 187 17189 
9 41 20 186 17189 
9 41 35 187 17189 
9 41 50 186 17189 
9 42 5 187 17189 
9 42 20 186 17189 
9 42 35 186 17189 
9 42 50 187 17189 
9 43 5 186 17189 
9 43 20 187 17189 
9 43 35 186 17189 
9 43 50 187 17189 
9 44 5 186 17189 
9 44 20 187 17189 
9 44 35 186 17189 
9 44 50 187 17189 
9 45 5 187 17189 
9 45 20 186 17189 
9 45 35 187 17189 
9 45 50 186 17189 
9 46 5 187 17189 
9 46 20 186 17189 
9 46 35 187 17189 
9 46 50 186 17189 
9 47 5 187 17189 
9 47 20 186 17189 
9 47 35 187 17189 
9 47 50 186 17189 
9 48 5 187 17189 
9 48 20 186 17189 
9 48 35 187 17189 
9 48 50 186 17189 
9 49 5 187 17189 
9 49 20 186 17189 
9 49 35 187 17189 
9 49 50 186 17189 
9 50 5 187 17189 
9 50 20 186 17189 
9 50 35 187 17189 
9 50 50 186 17189 
9 51 5 187 17189 
9 51 20 186 17189 
9 51 35 187 17189 
9 51 50 186 17189 
9 52 5 187 17189 
9 52 20 186 17189 
9 52 35 187 17189 
9 52 50 186 17189 
9 53 5 187 17189 
9 53 43 187 17189 
9 53 58 186 17189 
9 54 13 187 17189 
9 54 28 186 17189 
9 54 43 187 17189 
9 54 58 186 17189 
9 55 13 187 17189 
9 55 28 187 17189 
9 55 43 186 17189 
9 55 58 187 17189 
9 56 13 186 17189 
9 56 28 187 17189 
9 56 43 186 17189 
9 56 59 187 17189 
9 57 13 186 17189 
9 57 29 187 17189 
9 57 43 186 17189 
9 57 59 187 17189 
9 58 13 186 17189 
9 58 29 187 17189 
9 58 43 186 17189 
9 58 59 187 17189 
9 59 13 186 17189 
9 59 29 187 17189 
9 59 43 186 17189 
9 59 59 187 17189 
10 0 13 186 17189 
10 0 29 187 17189 
10 0 43 186 17189 
10 0 59 187 17189 
10 1 13 186 17189 
10 1 29 187 17189 
10 1 43 186 17189 
10 1 59 187 17189 
10 2 13 186 17189 
10 2 29 187 17189 
10 2 43 186 17189 
10 2 59 187 17189 
10 3 13 186 17189 
10 3 29 187 17189 
10 3 43 186 17189 
10 3 59 187 17189 
10 4 13 186 17189 
10 4 29 187 17189 
10 4 43 186 17189 
10 4 58 186 17189 
10 5 14 187 17189 
10 5 29 187 17189 
10 5 44 186 17189 
10 5 59 187 17189 
10 6 14 186 17189 
10 6 29 187 17189 
10 6 44 186 17189 
10 6 59 187 17189 
10 7 14 186 17189 
10 7 29 187 17189 
10 7 44 186 17189 
10 7 59 187 17189 
10 8 14 186 17189 
10 8 52 187 17189 
10 9 7 186 17189 
10 9 22 187 17189 
10 9 37 186 17189 
10 9 52 187 17189 
10 10 7 186 17189 
10 10 22 187 17189 
10 10 37 186 17189 
10 10 52 187 17189 
10 11 7 186 17189 
10 11 22 187 17189 
10 11 37 186 17189 
10 11 52 187 17189 
10 12 7 186 17189 
10 12 22 187 17189 
10 12 37 186 17189 
10 12 52 187 17189 
10 13 7 186 17189 
10 13 22 187 17189 
10 13 37 186 17189 
10 13 52 187 17189 
10 14 7 186 17189 
10 14 22 187 17189 
10 14 37 186 17189 
10 14 52 187 17189 
10 15 7 186 17189 
10 15 22 187 17189 
10 15 37 187 17189 
10 15 52 186 17189 
10 16 7 187 17189 
10 16 22 186 17189 
10 16 37 187 17189 
10 16 52 186 17189 
10 17 7 187 17189 
10 17 22 186 17189 
10 17 37 187 17189 
10 17 52 186 17189 
10 18 7 187 17189 
10 18 22 186 17189 
10 18 37 187 17189 
10 18 52 186 17189 
10 19 7 187 17189 
10 19 22 186 17189 
10 19 37 186 17189 
10 19 52 187 17189 
10 20 7 186 17189 
10 20 22 187 17189 
10 20 37 186 17189 
10 20 52 187 17189 
10 21 7 186 17189 
10 21 22 187 17189 
10 21 37 186 17189 
10 21 52 187 17189 
10 22 7 186 17189 
10 22 22 187 17189 
10 22 37 186 17189 
10 22 52 187 17189 
10 23 7 186 17189 
10 23 22 187 17189 
10 24 0 187 17189 
10 24 15 186 17189 
10 24 30 187 17189 
10 24 45 186 17189 
10 25 0 187 17189 
10 25 15 186 17189 
10 25 30 187 17189 
10 25 45 187 17189 
10 26 0 186 17189 
10 26 15 187 17189 
10 26 30 186 17189 
10 26 45 187 17189 
10 27 0 186 17189 
10 27 15 187 17189 
10 27 30 186 17189 
10 27 45 187 17189 
10 28 0 186 17189 
10 28 15 187 17189 
10 28 30 186 17189 
10 28 45 187 17189 
10 29 0 186 17189 
10 29 15 187 17189 
10 29 30 186 17189 
10 29 45 187 17189 
10 30 0 186 17189 
10 30 15 187 17189 
10 30 30 186 17189 
10 30 45 187 17189 
10 31 0 186 17189 
10 31 15 187 17189 
10 31 30 186 17189 
10 31 45 187 17189 
10 32 0 186 17189 
10 32 15 187 17189 
10 32 30 186 17189 
10 32 45 187 17189 
10 33 0 186 17189 
10 33 15 187 17189 
10 33 30 186 17189 
10 33 45 187 17189 
10 34 0 186 17189 
10 34 15 186 17189 
10 34 30 187 17189 
10 34 45 186 17189 
10 35 0 187 17189 
10 35 15 186 17189 
10 35 30 187 17189 
10 35 45 186 17189 
10 36 0 187 17189 
10 36 15 187 17189 
10 36 30 186 17189 
10 36 45 187 17189 
10 37 0 186 17189 
10 37 15 187 17189 
10 37 30 186 17189 
10 37 45 187 17189 
10 38 0 186 17189 
10 38 15 187 17189 
10 38 30 186 17189 
10 39 8 187 17189 
10 39 23 186 17189 
10 39 38 187 17189 
10 39 53 186 17189 
10 40 8 187 17189 
10 40 23 186 17189 
10 40 38 187 17189 
10 40 53 186 17189 
10 41 8 187 17189 
10 41 23 186 17189 
10 41 38 187 17189 
10 41 53 186 17189 
10 42 8 187 17189 
10 42 23 186 17189 
10 42 38 187 17189 
10 42 53 186 17189 
10 43 8 187 17189 
10 43 23 186 17189 
10 43 38 187 17189 
10 43 53 186 17189 
10 44 8 187 17189 
10 44 23 186 17189 
10 44 38 187 17189 
10 44 53 186 17189 
10 45 8 187 17189 
10 45 23 186 17189 
10 45 38 187 17189 
10 45 53 186 17189 
10 46 8 187 17189 
10 46 23 187 17189 
10 46 38 186 17189 
10 46 53 187 17189 
10 47 8 186 17189 
10 47 23 187 17189 
10 47 38 186 17189 
10 47 53 187 17189 
10 48 8 186 17189 
10 48 23 187 17189 
10 48 38 186 17189 
10 48 53 186 17189 
10 49 8 187 17189 
10 49 23 186 17189 
10 49 38 187 17189 
10 49 53 186 17189 
10 50 8 187 17189 
10 50 23 186 17189 
10 50 38 187 17189 
10 50 53 186 17189 
10 51 8 187 17189 
10 51 23 186 17189 
10 51 38 187 17189 
10 51 53 186 17189 
10 52 8 187 17189 
10 52 23 186 17189 
10 52 38 187 17189 
10 52 53 186 17189 
10 53 8 187 17189 
10 53 23 186 17189 
10 53 38 187 17189 
10 54 16 187 17189 
10 54 31 186 17189 
10 54 46 187 17189 
10 55 1 186 17189 
10 55 16 187 17189 
10 55 31 186 17189 
10 55 46 187 17189 
10 56 1 186 17189 
10 56 16 187 17189 
10 56 31 187 17189 
10 56 46 186 17189 
10 57 1 187 17189 
10 57 16 186 17189 
10 57 31 187 17189 
10 57 46 186 17189 
10 58 1 187 17189 
10 58 16 186 17189 
10 58 31 187 17189 
10 58 46 186 17189 
10 59 1 187 17189 
10 59 16 186 17189 
10 59 31 187 17189 
10 59 46 186 17189 
11 0 1 187 17189 
11 0 16 186 17189 
11 0 31 187 17189 
11 0 46 186 17189 
11 1 1 187 17189 
11 1 16 186 17189 
11 1 31 187 17189 
11 1 46 186 17189 
11 2 1 187 17189 
11 2 16 186 17189 
11 2 31 187 17189 
11 2 46 186 17189 
11 3 1 187 17189 
11 3 16 186 17189 
11 3 31 186 17189 
11 3 46 187 17189 
11 4 1 186 17189 
11 4 16 187 17189 
11 4 31 186 17189 
11 4 46 187 17189 
11 5 1 186 17189 
11 5 16 187 17189 
11 5 31 186 17189 
11 5 46 187 17189 
11 6 1 186 17189 
11 6 16 187 17189 
11 6 31 186 17189 
11 6 46 187 17189 
11 7 1 187 17189 
11 7 16 186 17189 
11 7 31 187 17189 
11 7 46 186 17189 
11 8 1 187 17189 
11 8 16 186 17189 
11 8 31 187 17189 
11 8 46 186 17189 
11 9 24 187 17189 
11 9 39 186 17189 
11 9 54 187 17189 
11 10 9 186 17189 
11 10 24 186 17189 
11 10 39 187 17189 
11 10 54 186 17189 
11 11 9 187 17189 
11 11 24 186 17189 
11 11 39 187 17189 
11 11 54 186 17189 
11 12 9 187 17189 
11 12 24 186 17189 
11 12 39 187 17189 
11 12 54 186 17189 
11 13 9 187 17189 
11 13 24 186 17189 
11 13 39 187 17189 
11 13 54 186 17189 
11 14 9 187 17189 
11 14 24 186 17189 
11 14 39 187 17189 
11 14 54 186 17189 
11 15 9 187 17189 
11 15 24 186 17189 
11 15 39 187 17189 
11 15 54 186 17189 
11 16 9 187 17189 
11 16 24 186 17189 
11 16 39 187 17189 
11 16 54 187 17189 
11 17 9 186 17189 
11 17 24 187 17189 
11 17 39 186 17189 
11 17 54 187 17189 
11 18 9 186 17189 
11 18 24 187 17189 
11 18 39 186 17189 
11 18 54 187 17189 
11 19 9 186 17189 
11 19 24 187 17189 
11 19 39 186 17189 
11 19 54 187 17189 
11 20 9 186 17189 
11 20 24 187 17189 
11 20 39 186 17189 
11 20 54 187 17189 
11 21 9 186 17189 
11 21 24 187 17189 
11 21 39 186 17189 
11 21 54 187 17189 
11 22 9 186 17189 
11 22 24 187 17189 
11 22 39 186 17189 
11 22 54 187 17189 
11 23 9 186 17189 
11 23 24 187 17189 
11 23 39 186 17189 
11 23 54 187 17189 
11 24 32 187 17189 
11 24 47 186 17189 
11 25 2 187 17189 
11 25 17 186 17189 
11 25 32 187 17189 
11 25 47 186 17189 
11 26 2 187 17189 
11 26 17 186 17189 
11 26 32 187 17189 
11 26 47 186 17189 
11 27 2 187 17189 
11 27 17 187 17189 
11 27 32 186 17189 
11 27 47 187 17189 
11 28 2 186 17189 
11 28 17 187 17189 
11 28 32 186 17189 
11 28 47 187 17189 
11 29 2 186 17189 
11 29 17 187 17189 
11 29 32 186 17189 
11 29 47 187 17189 
11 30 2 186 17189 
11 30 17 187 17189 
11 30 32 186 17189 
11 30 47 187 17189 
11 31 2 186 17189 
11 31 17 187 17189 
11 31 32 186 17189 
11 31 47 187 17189 
11 32 2 186 17189 
11 32 17 187 17189 
11 32 32 186 17189 
11 32 47 186 17189 
11 33 2 187 17189 
11 33 17 186 17189 
11 33 32 187 17189 
11 33 47 186 17189 
11 34 2 187 17189 
11 34 17 186 17189 
11 34 32 187 17189 
11 34 47 186 17189 
11 35 2 187 17189 
11 35 17 186 17189 
11 35 32 187 17189 
11 35 47 186 17189 
11 36 2 187 17189 
11 36 17 186 17189 
11 36 32 187 17189 
11 36 47 186 17189 
11 37 2 187 17189 
11 37 17 186 17189 
11 37 32 187 17189 
11 37 47 187 17189 
11 38 2 186 17189 
11 38 17 187 17189 
11 38 32 186 17189 
11 38 47 187 17189 
11 39 2 186 17189 
11 39 40 187 17189 
11 39 55 186 17189 
11 40 10 187 17189 
11 40 25 186 17189 
11 40 40 187 17189 
11 40 55 186 17189 
11 41 10 187 17189 
11 41 25 186 17189 
11 41 40 187 17189 
11 41 55 186 17189 
11 42 10 187 17189 
11 42 25 186 17189 
11 42 40 187 17189 
11 42 55 186 17189 
11 43 10 187 17189 
11 43 25 186 17189 
11 43 40 187 17189 
11 43 55 186 17189 
11 44 10 187 17189 
11 44 25 186 17189 
11 44 40 187 17189 
11 44 55 186 17189 
11 45 10 187 17189 
11 45 25 186 17189 
11 45 40 187 17189 
11 45 55 186 17189 
11 46 10 187 17189 
11 46 25 186 17189 
11 46 40 187 17189 
11 46 55 186 17189 
11 47 10 187 17189 
11 47 25 187 17189 
11 47 40 186 17189 
11 47 55 187 17189 
11 48 10 186 17189 
11 48 25 187 17189 
11 48 40 186 17189 
11 48 55 187 17189 
11 49 10 186 17189 
11 49 25 187 17189 
11 49 40 186 17189 
11 49 55 187 17189 
11 50 10 186 17189 
11 50 25 187 17189 
11 50 40 186 17189 
11 50 55 187 17189 
11 51 10 186 17189 
11 51 25 187 17189 
11 51 40 186 17189 
11 51 55 187 17189 
11 52 10 186 17189 
11 52 25 187 17189 
11 52 40 186 17189 
11 52 55 187 17189 
11 53 10 186 17189 
11 53 25 187 17189 
11 53 40 186 17189 
11 53 55 187 17189 
11 54 10 186 17189 
11 54 48 187 17189 
11 55 3 186 17189 
11 55 18 187 17189 
11 55 33 186 17189 
11 55 48 187 17189 
11 56 3 186 17189 
11 56 18 187 17189 
11 56 33 186 17189 
11 56 48 187 17189 
11 57 3 186 17189 
11 57 18 187 17189 
11 57 33 187 17189 
11 57 48 186 17189 
11 58 3 187 17189 
11 58 18 186 17189 
11 58 33 187 17189 
11 58 48 186 17189 
11 59 3 187 17189 
11 59 18 186 17189 
11 59 33 187 17189 
11 59 48 186 17189 
12 0 3 187 17189 
12 0 18 186 17189 
12 0 33 187 17189 
12 0 48 186 17189 
12 1 3 187 17189 
12 1 18 186 17189 
12 1 33 187 17189 
12 1 48 186 17189 
12 2 3 186 17189 
12 2 18 187 17189 
12 2 33 186 17189 
12 2 48 187 17128 
12 3 3 186 17189 
12 3 18 187 17189 
12 3 33 186 17189 
12 3 48 187 17189 
12 4 3 186 17189 
12 4 18 187 17189 
12 4 33 186 17189 
12 4 48 187 17189 
12 5 3 186 17189 
12 5 18 187 17189 
12 5 33 186 17189 
12 5 48 187 17189 
12 6 3 186 17189 
12 6 18 187 17189 
12 6 33 186 17189 
12 6 48 187 17189 
12 7 3 186 17189 
12 7 18 187 17189 
12 7 33 186 17189 
12 7 48 187 17189 
12 8 3 187 17189 
12 8 18 186 17189 
12 8 33 187 17128 
12 8 48 186 17189 
12 9 3 187 17189 
12 9 18 186 17189 
12 9 57 187 17189 
12 10 12 186 17189 
12 10 27 187 17189 
12 10 42 186 17189 
12 10 57 187 17189 
12 11 12 186 17189 
12 11 27 187 17189 
12 11 42 186 17189 
12 11 57 187 17189 
12 12 12 186 17189 
12 12 27 187 17189 
12 12 42 186 17189 
12 12 57 187 17189 
12 13 12 186 17189 
12 13 27 187 17189 
12 13 42 186 17189 
12 13 57 187 17189 
12 14 12 186 17189 
12 14 27 187 17189 
12 14 42 186 17189 
12 14 57 187 17189 
12 15 12 186 17189 
12 15 27 187 17189 
12 15 42 186 17189 
12 15 57 187 17189 
12 16 12 186 17189 
12 16 27 187 17189 
12 16 42 186 17189 
12 16 57 187 17189 
12 17 12 186 17189 
12 17 27 187 17189 
12 17 42 186 17189 
12 17 57 187 17189 
12 18 12 187 17189 
12 18 27 186 17189 
12 18 42 187 17189 
12 18 57 186 17189 
12 19 12 187 17189 
12 19 27 186 17189 
12 19 42 187 17189 
12 19 57 186 17189 
12 20 12 187 17189 
12 20 27 186 17189 
12 20 42 187 17189 
12 20 57 186 17189 
12 21 12 187 17189 
12 21 27 186 17189 
12 21 42 187 17189 
12 21 57 186 17189 
12 22 12 187 17189 
12 22 27 186 17189 
12 22 42 187 17189 
12 22 57 186 17189 
12 23 12 187 17189 
12 23 27 186 17189 
12 23 42 187 17189 
12 23 57 186 17189 
12 24 12 187 17189 
12 24 27 186 17189 
12 25 5 187 17189 
12 25 20 186 17189 
12 25 35 187 17189 
12 25 50 186 17189 
12 26 5 187 17189 
12 26 20 186 17189 
12 26 35 187 17189 
12 26 50 186 17189 
12 27 5 187 17189 
12 27 20 186 17189 
12 27 35 187 17189 
12 27 50 186 17189 
12 28 5 187 17189 
12 28 20 187 17189 
12 28 35 186 17189 
12 28 50 187 17189 
12 29 5 186 17189 
12 29 20 187 17189 
12 29 35 186 17189 
12 29 50 187 17189 
12 30 5 186 17189 
12 30 20 187 17189 
12 30 35 186 17189 
12 30 50 187 17189 
12 31 5 186 17189 
12 31 20 186 17189 
12 31 35 187 17189 
12 31 50 186 17189 
12 32 5 187 17189 
12 32 20 186 17189 
12 32 35 187 17189 
12 32 50 186 17189 
12 33 5 187 17189 
12 33 20 186 17189 
12 33 35 187 17189 
12 33 50 186 17189 
12 34 5 187 17189 
12 34 20 186 17189 
12 34 35 187 17189 
12 34 50 186 17189 
12 35 5 187 17189 
12 35 20 186 17189 
12 35 35 187 17189 
12 35 50 186 17189 
12 36 5 187 17189 
12 36 20 186 17189 
12 36 35 187 17189 
12 36 50 186 17189 
12 37 5 187 17189 
12 37 20 186 17189 
12 37 35 187 17189 
12 37 50 186 17189 
12 38 5 187 17189 
12 38 20 187 17189 
12 38 35 186 17189 
12 38 50 187 17189 
12 39 5 186 17189 
12 39 20 187 17189 
12 39 35 186 17189 
12 40 14 187 17189 
12 40 29 186 17189 
12 40 44 187 17189 
12 40 59 186 17189 
12 41 14 187 17189 
12 41 29 186 17189 
12 41 44 187 17189 
12 41 59 186 17189 
12 42 14 187 17189 
12 42 29 186 17189 
12 42 44 187 17189 
12 42 59 186 17189 
12 43 14 187 17189 
12 43 29 186 17189 
12 43 44 187 17189 
12 43 59 186 17189 
12 44 14 187 17189 
12 44 29 186 17189 
12 44 44 187 17189 
12 44 59 186 17189 
12 45 14 187 17189 
12 45 29 186 17189 
12 45 44 187 17189 
12 45 59 186 17189 
12 46 14 187 17189 
12 46 29 186 17189 
12 46 44 187 17189 
12 46 59 186 17189 
12 47 14 187 17189 
12 47 29 186 17189 
12 47 44 187 17189 
12 47 59 186 17189 
12 48 14 187 17189 
12 48 29 187 17189 
12 48 44 186 17189 
12 48 59 187 17189 
12 49 14 186 17189 
12 49 29 187 17189 
12 49 44 186 17189 
12 49 59 187 17189 
12 50 14 186 17189 
12 50 29 187 17189 
12 50 44 186 17189 
12 50 59 187 17189 
12 51 14 186 17189 
12 51 29 187 17189 
12 51 44 186 17189 
12 51 59 187 17189 
12 52 14 186 17189 
12 52 29 187 17189 
12 52 44 186 17189 
12 52 59 187 17189 
12 53 14 186 17189 
12 53 29 187 17189 
12 53 44 186 17189 
12 53 59 187 17189 
12 54 14 186 17189 
12 54 29 187 17189 
12 54 44 186 17189 
12 55 22 187 17189 
12 55 37 186 17189 
12 55 52 187 17189 
12 56 7 186 17189 
12 56 22 187 17189 
12 56 37 186 17189 
12 56 52 187 17189 
12 57 7 186 17189 
12 57 22 187 17189 
12 57 37 186 17189 
12 57 52 187 17189 
12 58 7 186 17189 
12 58 22 187 17189 
12 58 37 187 17189 
12 58 52 186 17189 
12 59 7 187 17189 
12 59 22 186 17189 
12 59 37 187 17189 
12 59 52 186 17189 
13 0 7 187 17189 
13 0 22 186 17189 
13 0 37 186 17189 
13 0 52 187 17189 
13 1 7 186 17189 
13 1 22 187 17189 
13 1 37 186 17189 
13 1 52 187 17189 
13 2 7 186 17189 
13 2 22 187 17189 
13 2 37 186 17189 
13 2 52 187 17189 
13 3 7 186 17189 
13 3 22 187 17189 
13 3 37 186 17189 
13 3 52 187 17189 
13 4 7 186 17189 
13 4 22 187 17189 
13 4 37 186 17189 
13 4 52 187 17189 
13 5 7 186 17189 
13 5 22 187 17189 
13 5 37 186 17189 
13 5 52 187 17189 
13 6 7 186 17189 
13 6 22 187 17189 
13 6 37 186 17189 
13 6 52 187 17189 
13 7 7 186 17189 
13 7 22 187 17189 
13 7 37 186 17189 
13 7 52 187 17189 
13 8 7 186 17189 
13 8 22 187 17189 
13 8 37 187 17189 
13 8 52 186 17189 
13 9 7 187 17189 
13 9 22 186 17189 
13 9 37 187 17189 
13 9 52 186 17189 
13 10 31 187 17189 
13 10 46 186 17189 
13 11 1 187 17189 
13 11 16 186 17189 
13 11 31 187 17189 
13 11 46 186 17189 
13 12 1 187 17189 
13 12 16 186 17189 
13 12 31 187 17189 
13 12 46 186 17189 
13 13 1 187 17189 
13 13 16 186 17189 
13 13 31 187 17189 
13 13 46 186 17189 
13 14 1 187 17189 
13 14 16 186 17189 
13 14 31 187 17189 
13 14 46 186 17189 
13 15 1 187 17189 
13 15 16 186 17189 
13 15 31 187 17189 
13 15 46 186 17189 
13 16 1 187 17189 
13 16 16 186 17189 
13 16 31 187 17189 
13 16 46 186 17189 
13 17 1 187 17189 
13 17 16 186 17189 
13 17 31 187 17189 
13 17 46 186 17189 
13 18 1 187 17189 
13 18 16 186 17189 
13 18 31 187 17189 
13 18 46 187 17189 
13 19 1 186 17189 
13 19 16 187 17189 
13 19 31 186 17189 
13 19 46 187 17189 
13 20 1 186 17189 
13 20 16 187 17189 
13 20 31 186 17189 
13 20 46 187 17189 
13 21 1 186 17189 
13 21 16 187 17189 
13 21 31 186 17189 
13 21 46 187 17189 
13 22 1 186 17189 
13 22 16 187 17189 
13 22 31 186 17189 
13 22 46 187 17189 
13 23 1 186 17189 
13 23 16 186 17189 
13 23 31 187 17189 
13 23 46 186 17189 
13 24 1 187 17189 
13 24 16 186 17189 
13 24 31 187 17189 
13 24 46 186 17189 
13 25 1 187 17189 
13 25 40 187 17189 
13 25 55 186 17189 
13 26 10 187 17189 
13 26 25 186 17189 
13 26 40 187 17189 
13 26 55 186 17189 
13 27 10 187 17189 
13 27 25 186 17189 
13 27 40 187 17189 
13 27 55 186 17189 
13 28 10 187 17189 
13 28 25 186 17189 
13 28 40 187 17189 
13 28 55 187 17189 
13 29 10 186 17189 
13 29 25 187 17189 
13 29 40 186 17189 
13 29 55 186 17189 
13 30 10 187 17189 
13 30 25 186 17189 
13 30 40 187 17189 
13 30 55 186 17189 
13 31 10 187 17189 
13 31 25 186 17189 
13 31 40 187 17189 
13 31 55 186 17189 
13 32 10 187 17189 
13 32 25 186 17189 
13 32 40 187 17189 
13 32 55 186 17189 
13 33 10 187 17189 
13 33 25 186 17189 
13 33 40 187 17189 
13 33 55 186 17189 
13 34 10 187 17189 
13 34 25 186 17189 
13 34 40 187 17189 
13 34 55 186 17189 
13 35 10 187 17189 
13 35 25 186 17189 
13 35 40 187 17189 
13 35 55 186 17189 
13 36 10 187 17189 
13 36 25 186 17189 
13 36 40 187 17189 
13 36 55 186 17189 
13 37 10 187 17189 
13 37 25 186 17189 
13 37 40 187 17189 
13 37 55 186 17189 
13 38 10 187 17189 
13 38 25 186 17189 
13 38 40 187 17189 
13 38 55 187 17189 
13 39 10 186 17189 
13 39 25 187 17189 
13 39 40 186 17189 
13 39 55 187 17189 
13 40 10 186 17189 
13 40 49 187 17189 
13 41 4 186 17189 
13 41 19 187 17189 
13 41 34 186 17189 
13 41 49 187 17189 
13 42 4 186 17189 
13 42 19 187 17189 
13 42 34 186 17189 
13 42 49 187 17189 
13 43 4 186 17189 
13 43 19 187 17189 
13 43 34 186 17189 
13 43 49 187 17189 
13 44 4 186 17189 
13 44 19 187 17189 
13 44 34 186 17189 
13 44 49 187 17189 
13 45 4 186 17189 
13 45 19 187 17189 
13 45 34 186 17189 
13 45 49 187 17189 
13 46 4 186 17189 
13 46 19 187 17189 
13 46 34 186 17189 
13 46 49 187 17189 
13 47 4 186 17189 
13 47 19 187 17189 
13 47 34 186 17189 
13 47 49 187 17189 
13 48 4 186 17189 
13 48 19 187 17189 
13 48 34 186 17189 
13 48 50 187 17189 
13 49 5 187 17189 
13 49 20 186 17189 
13 49 35 187 17189 
13 49 50 186 17189 
13 50 5 187 17189 
13 50 20 186 17189 
13 50 35 187 17189 
13 50 50 186 17189 
13 51 5 187 17189 
13 51 20 186 17189 
13 51 35 187 17189 
13 51 50 186 17189 
13 52 5 187 17189 
13 52 20 186 17189 
13 52 35 187 17189 
13 52 50 186 17189 
13 53 5 187 17189 
13 53 20 186 17189 
13 53 35 187 17189 
13 53 50 186 17189 
13 54 5 187 17189 
13 54 20 186 17189 
13 54 35 187 17189 
13 54 50 186 17189 
13 55 5 187 17189 
13 55 20 186 17189 
13 55 58 187 17189 
13 56 13 186 17189 
13 56 28 187 17189 
13 56 43 186 17189 
13 56 58 187 17189 
13 57 13 186 17189 
13 57 28 187 17189 
13 57 43 186 17189 
13 57 58 187 17189 
13 58 13 186 17189 
13 58 28 187 17189 
13 58 43 186 17189 
13 58 58 187 17189 
13 59 13 186 17189 
13 59 28 187 17189 
13 59 43 186 17189 
13 59 58 187 17189 
14 0 13 186 17189 
14 0 28 187 17189 
14 0 43 186 17189 
14 0 58 187 17189 
14 1 13 186 17189 
14 1 28 187 17189 
14 1 43 186 17189 
14 1 58 187 17189 
14 2 13 186 17189 
14 2 28 187 17189 
14 2 43 186 17189 
14 2 58 187 17189 
14 3 13 186 17189 
14 3 28 187 17189 
14 3 43 186 17189 
14 3 58 187 17189 
14 4 13 186 17189 
14 4 28 187 17189 
14 4 43 186 17189 
14 4 58 187 17189 
14 5 13 186 17189 
14 5 28 187 17189 
14 5 43 186 17189 
14 5 58 187 17189 
14 6 13 186 17189 
14 6 28 187 17189 
14 6 43 186 17189 
14 6 58 187 17189 
14 7 13 186 17189 
14 7 28 187 17189 
14 7 43 186 17189 
14 7 58 187 17189 
14 8 13 186 17189 
14 8 28 187 17189 
14 8 43 186 17189 
14 8 58 187 17189 
14 9 13 187 17189 
14 9 28 186 17189 
14 9 43 187 17189 
14 9 58 186 17189 
14 10 13 187 17189 
14 10 28 186 17189 
14 11 7 187 17189 
14 11 22 186 17189 
14 11 37 187 17189 
14 11 52 186 17189 
14 12 7 187 17189 
14 12 22 186 17189 
14 12 37 187 17189 
14 12 52 186 17189 
14 13 7 187 17189 
14 13 22 186 17189 
14 13 37 187 17189 
14 13 52 186 17189 
14 14 7 187 17189 
14 14 22 186 17189 
14 14 37 187 17189 
14 14 52 186 17189 
14 15 7 187 17189 
14 15 22 186 17189 
14 15 37 187 17189 
14 15 52 186 17189 
14 16 7 187 17189 
14 16 22 186 17189 
14 16 37 187 17189 
14 16 52 186 17189 
14 17 7 187 17189 
14 17 22 186 17189 
14 17 37 187 17189 
14 17 52 186 17189 
14 18 7 187 17189 
14 18 22 186 17189 
14 18 37 187 17189 
14 18 52 186 17189 
14 19 7 187 17189 
14 19 22 187 17189 
14 19 37 186 17189 
14 19 52 187 17189 
14 20 7 186 17189 
14 20 22 187 17189 
14 20 37 186 17189 
14 20 52 187 17189 
14 21 7 186 17189 
14 21 22 187 17189 
14 21 37 186 17189 
14 21 52 187 17189 
14 22 7 186 17189 
14 22 22 187 17189 
14 22 37 186 17189 
14 22 52 187 17189 
14 23 7 186 17189 
14 23 22 187 17189 
14 23 37 186 17189 
14 23 52 187 17189 
14 24 7 186 17189 
14 24 22 187 17189 
14 24 37 186 17189 
14 24 52 187 17189 
14 25 7 186 17189 
14 25 22 187 17189 
14 25 37 186 17189 
14 26 15 187 17189 
14 26 30 186 17189 
14 26 45 187 17189 
14 27 0 186 17189 
14 27 15 187 17189 
14 27 30 186 17189 
14 27 45 187 17189 
14 28 0 186 17189 
14 28 15 187 17189 
14 28 30 186 17189 
14 28 45 186 17189 
14 29 0 187 17189 
14 29 15 187 17189 
14 29 30 186 17189 
14 29 45 187 17189 
14 30 0 186 17189 
14 30 15 187 17189 
14 30 30 186 17189 
14 30 45 187 17189 
14 31 0 186 17189 
14 31 15 187 17189 
14 31 30 186 17189 
14 31 45 187 17189 
14 32 0 186 17189 
14 32 15 187 17189 
14 32 30 186 17189 
14 32 45 187 17189 
14 33 0 186 17189 
14 33 15 187 17189 
14 33 30 186 17189 
14 33 45 187 17189 
14 34 0 186 17189 
14 34 15 187 17189 
14 34 30 186 17189 
14 34 45 187 17189 
14 35 0 186 17189 
14 35 15 187 17189 
14 35 30 186 17189 
14 35 45 187 17189 
14 36 0 186 17189 
14 36 15 187 17189 
14 36 30 186 17189 
14 36 45 187 17189 
14 37 0 186 17189 
14 37 15 187 17189 
14 37 30 186 17189 
14 37 45 187 17189 
14 38 0 186 17189 
14 38 15 187 17189 
14 38 30 186 17189 
14 38 45 187 17189 
14 39 0 186 17189 
14 39 15 187 17189 
14 39 30 187 17189 
14 39 45 186 17189 
14 40 0 187 17189 
14 40 15 186 17189 
14 40 30 187 17189 
14 40 45 186 17189 
14 41 24 187 17189 
14 41 39 186 17189 
14 41 54 187 17189 
14 42 9 186 17189 
14 42 24 187 17189 
14 42 39 186 17189 
14 42 54 187 17189 
14 43 9 186 17189 
14 43 24 187 17189 
14 43 39 186 17189 
14 43 54 187 17189 
14 44 9 186 17189 
14 44 24 187 17189 
14 44 39 186 17189 
14 44 54 187 17189 
14 45 9 186 17189 
14 45 24 187 17189 
14 45 39 186 17189 
14 45 54 187 17189 
14 46 9 186 17189 
14 46 24 187 17189 
14 46 39 186 17189 
14 46 54 187 17189 
14 47 9 186 17189 
14 47 24 187 17189 
14 47 39 186 17189 
14 47 54 187 17189 
14 48 9 186 17189 
14 48 24 187 17189 
14 48 39 186 17189 
14 48 54 187 17189 
14 49 9 186 17189 
14 49 24 187 17189 
14 49 39 187 17189 
14 49 54 186 17189 
14 50 9 187 17189 
14 50 24 186 17189 
14 50 39 187 17189 
14 50 54 186 17189 
14 51 9 186 17189 
14 51 24 187 17189 
14 51 39 186 17189 
14 51 54 187 17189 
14 52 9 186 17189 
14 52 24 187 17189 
14 52 39 186 17189 
14 52 54 187 17189 
14 53 9 186 17189 
14 53 24 187 17189 
14 53 39 186 17189 
14 53 54 187 17189 
14 54 9 186 17189 
14 54 24 187 17189 
14 54 39 186 17189 
14 54 54 187 17189 
14 55 9 186 17189 
14 55 24 187 17189 
14 55 39 186 17189 
14 55 54 187 17189 
14 56 32 187 17189 
14 56 47 186 17189 
14 57 2 187 17189 
14 57 17 186 17189 
14 57 32 187 17189 
14 57 47 186 17189 
14 58 2 187 17189 
14 58 17 186 17189 
14 58 32 187 17189 
14 58 47 186 17189 
14 59 2 187 17189 
14 59 17 186 17189 
14 59 32 187 17189 
14 59 47 187 17189 
15 0 2 186 17189 
15 0 17 187 17189 
15 0 32 186 17189 
15 0 47 187 17189 
15 1 2 186 17189 
15 1 17 187 17189 
15 1 32 186 17189 
15 1 47 187 17189 
15 2 2 186 17189 
15 2 17 187 17189 
15 2 32 186 17189 
15 2 47 187 17189 
15 3 2 186 17189 
15 3 17 187 17189 
15 3 32 186 17189 
15 3 47 187 17189 
15 4 2 186 17189 
15 4 17 187 17189 
15 4 32 186 17189 
15 4 47 187 17189 
15 5 2 186 17189 
15 5 17 187 17189 
15 5 32 186 17189 
15 5 47 187 17189 
15 6 2 186 17189 
15 6 17 187 17189 
15 6 32 186 17189 
15 6 47 187 17189 
15 7 2 186 17189 
15 7 17 187 17189 
15 7 32 186 17189 
15 7 47 187 17189 
15 8 2 186 17189 
15 8 17 187 17189 
15 8 32 186 17189 
15 8 47 187 17189 
15 9 2 186 17189 
15 9 17 187 17189 
15 9 32 186 17189 
15 9 47 187 17189 
15 10 2 187 17189 
15 10 17 186 17189 
15 10 32 187 17189 
15 10 47 186 17189 
15 11 2 187 17189 
15 11 41 187 17189 
15 11 56 186 17189 
15 12 11 187 17189 
15 12 26 186 17189 
15 12 41 187 17189 
15 12 56 186 17189 
15 13 11 187 17189 
15 13 26 186 17189 
15 13 41 187 17189 
15 13 56 186 17189 
15 14 11 187 17189 
15 14 26 186 17189 
15 14 41 187 17189 
15 14 56 186 17189 
15 15 11 187 17189 
15 15 26 186 17189 
15 15 41 187 17189 
15 15 56 186 17189 
15 16 11 187 17189 
15 16 26 186 17189 
15 16 41 187 17189 
15 16 56 186 17189 
15 17 11 187 17189 
15 17 26 186 17189 
15 17 41 187 17189 
15 17 56 186 17189 
15 18 11 187 17189 
15 18 26 186 17189 
15 18 41 187 17189 
15 18 56 186 17189 
15 19 11 187 17189 
15 19 26 186 17189 
15 19 41 187 17189 
15 19 56 187 17189 
15 20 11 186 17189 
15 20 26 187 17189 
15 20 41 186 17189 
15 20 56 187 17189 
15 21 11 186 17189 
15 21 26 187 17189 
15 21 41 186 17189 
15 21 56 187 17189 
15 22 11 186 17189 
15 22 26 187 17189 
15 22 41 186 17189 
15 22 56 187 17189 
15 23 11 186 17189 
15 23 26 187 17189 
15 23 41 186 17189 
15 23 56 187 17189 
15 24 11 186 17189 
15 24 26 187 17189 
15 24 41 186 17189 
15 24 56 187 17189 
15 25 11 186 17189 
15 25 26 187 17189 
15 25 41 186 17189 
15 25 56 187 17189 
15 26 11 186 17189 
15 26 49 187 17189 
15 27 4 186 17189 
15 27 19 187 17189 
15 27 34 186 17189 
15 27 49 187 17189 
15 28 4 186 17189 
15 28 19 187 17189 
15 28 34 186 17189 
15 28 49 187 17189 
15 29 4 186 17189 
15 29 19 187 17189 
15 29 34 186 17189 
15 29 49 187 17189 
15 30 4 186 17189 
15 30 19 187 17189 
15 30 34 187 17189 
15 30 49 186 17189 
15 31 4 187 17189 
15 31 19 186 17189 
15 31 34 187 17189 
15 31 49 186 17189 
15 32 4 187 17189 
15 32 19 186 17189 
15 32 34 187 17189 
15 32 49 186 17189 
15 33 4 187 17189 
15 33 19 186 17189 
15 33 34 187 17189 
15 33 49 186 17189 
15 34 4 187 17189 
15 34 19 186 17189 
15 34 34 187 17189 
15 34 49 186 17189 
15 35 4 187 17189 
15 35 19 186 17189 
15 35 34 187 17189 
15 35 49 186 17189 
15 36 4 187 17189 
15 36 19 186 17189 

/> 