h
h

<CR>
Available commands
------------------
h or ?  ---------------> Alias for Help 
ls      ---------------> List of Files 
read XXXX -------------> read the daily file XXXX  (month/day) 
read_ramp XXXXXXXX ----> read the text file XXXXXXXX  (month/day/Hours/Minutes) 

/> 
ls

<CR>
         TIME          Size       File name 
----A 2019/04/25 16:36     13640  0425
----A 2019/04/27 13:37      9528  0427
----A 2019/04/27 08:27    128000  04270809
----A 2019/04/27 08:43    128000  04270826
----A 2019/04/27 08:59    128000  04270843
----A 2019/04/27 09:15    128000  04270900
----A 2019/04/27 09:35    128000  04270917
----A 2019/04/27 09:51    128000  04270934
----A 2019/04/27 10:07    128000  04270951
----A 2019/04/27 10:23    128000  04271008
----A 2019/04/27 10:43    128000  04271025
----A 2019/04/27 10:59    128000  04271042
----A 2019/04/27 11:15    128000  04271059
----A 2019/04/27 11:32    128000  04271116
----A 2019/04/27 11:49    128000  04271133
----A 2019/04/27 12:06    128000  04271150
----A 2019/04/27 12:23    128000  04271207
----A 2019/04/27 12:40    128000  04271225
----A 2019/04/27 12:57    128000  04271242
----A 2019/04/27 13:14    128000  04271259
----A 2019/04/27 13:31    128000  04271316
----A 2019/04/25 14:22    128000  04251405
----A 2019/04/25 14:39    128000  04251422
----A 2019/04/25 14:54    128000  04251439
----A 2019/04/25 15:11    128000  04251456
----A 2019/04/25 15:30    128000  04251513
----A 2019/04/25 15:47    128000  04251530
----A 2019/04/25 16:02    128000  04251547
----A 2019/04/25 16:19    128000  04251604
----A 2019/04/25 16:23      2560  04251621
----A 2019/04/27 13:33      2560  04271333
----A 2018/12/09 11:54      6632  1209
----A 2018/12/09 11:51     44800  12091111
----A 2018/12/10 12:09      8384  1210
----A 2018/12/10 07:53    128640  12100738
----A 2018/12/10 08:09    128000  12100754
----A 2018/12/10 08:25    128000  12100810
----A 2018/12/10 08:41    128000  12100826
----A 2018/12/10 08:57    128000  12100842
----A 2018/12/10 09:13    128000  12100858
----A 2018/12/10 09:29    128000  12100914
----A 2018/12/10 09:45    128000  12100930
----A 2018/12/10 10:01    128640  12100946
----A 2018/12/10 10:17    128000  12101002
----A 2018/12/10 10:33    128000  12101018
----A 2018/12/10 10:49    128000  12101034
----A 2018/12/10 11:05    128000  12101050
----A 2018/12/10 11:21    128000  12101106
----A 2018/12/10 11:37    128000  12101122
----A 2018/12/10 11:53    128000  12101138
----A 2018/12/10 11:55      2560  12101154

  51 File(s),   5595944 bytes total
   0 Dir(s),     994912K bytes free

/> 
read 0427
read 0427
<CR>Time:2018/12/10 11:55
Hours Minutes Seconds  Nb_Samples    Aver. Current 
7 52 25 12 15705 
7 52 41 13 17484 
7 54 54 13 18098 
7 55 9 12 18098 
7 55 24 13 18098 
7 55 39 12 18098 
7 55 54 13 18098 
7 56 9 12 18098 
7 56 24 13 18098 
7 56 39 12 18098 
7 56 54 13 18098 
7 57 9 12 18098 
7 57 24 13 18098 
7 57 39 12 18098 
7 57 54 13 18098 
7 58 9 12 18098 
7 58 24 13 18098 
7 58 39 12 18098 
7 58 54 13 18098 
7 59 9 12 18036 
7 59 24 13 18098 
7 59 39 12 18098 
7 59 54 13 18098 
8 0 9 12 18098 
8 0 24 13 18036 
8 0 39 12 18036 
8 0 54 13 18098 
8 1 9 12 18098 
8 1 24 13 18098 
8 1 39 12 18036 
8 1 54 13 18036 
8 2 9 12 18098 
8 2 24 13 18036 
8 2 39 12 18036 
8 2 54 13 18036 
8 3 9 12 18036 
8 3 24 13 18036 
8 3 39 12 18036 
8 3 54 13 18036 
8 4 9 12 18036 
8 4 24 13 18036 
8 4 39 12 18036 
8 4 54 13 18036 
8 5 9 12 18036 
8 5 24 13 18036 
8 5 39 12 18036 
8 5 54 13 18036 
8 6 9 12 18036 
8 6 24 13 18036 
8 6 39 12 18036 
8 6 54 13 18036 
8 7 9 12 18036 
8 7 24 13 18036 
8 7 39 12 18036 
8 7 54 13 18036 
8 10 28 12 18036 
8 10 43 13 18036 
8 10 58 12 18036 
8 11 13 13 18036 
8 11 28 12 18036 
8 11 43 13 18036 
8 11 58 12 18036 
8 12 13 13 18036 
8 12 28 12 18036 
8 12 43 13 18036 
8 12 58 12 18036 
8 13 13 13 18036 
8 13 28 12 18036 
8 13 43 13 18036 
8 13 58 12 18036 
8 14 13 13 18036 
8 14 28 12 18036 
8 14 43 13 18036 
8 14 58 12 18036 
8 15 13 13 18036 
8 15 28 12 18036 
8 15 43 13 18036 
8 15 58 12 18036 
8 16 13 13 18036 
8 16 28 12 18036 
8 16 43 13 18036 
8 16 58 12 18036 
8 17 13 13 18036 
8 17 28 12 18036 
8 17 43 13 18036 
8 17 58 12 18036 
8 18 13 13 18036 
8 18 28 12 18036 
8 18 43 13 18036 
8 18 58 12 18036 
8 19 13 13 18036 
8 19 28 12 18036 
8 19 43 13 18036 
8 19 58 12 18036 
8 20 13 13 18036 
8 20 28 12 18036 
8 20 43 13 18036 
8 20 58 12 18036 
8 21 13 13 18036 
8 21 28 12 18036 
8 21 43 13 18036 
8 21 58 12 18036 
8 22 13 13 18036 
8 22 28 12 18036 
8 22 43 13 18036 
8 22 58 12 18036 
8 23 13 13 18036 
8 23 28 12 18036 
8 23 43 13 18036 
8 23 58 12 18036 
8 24 13 13 18036 
8 24 28 12 18036 
8 24 43 13 18036 
8 24 58 12 18036 
8 27 28 12 18036 
8 27 43 13 18036 
8 27 58 12 18036 
8 28 13 13 18036 
8 28 28 12 18036 
8 28 43 13 18036 
8 28 58 12 18036 
8 29 13 13 18036 
8 29 28 12 18036 
8 29 43 13 18036 
8 29 58 12 18036 
8 30 13 13 18036 
8 30 28 12 18036 
8 30 43 13 18036 
8 30 58 12 18036 
8 31 13 13 18036 
8 31 28 12 18036 
8 31 43 13 18036 
8 31 58 12 18036 
8 32 13 13 18036 
8 32 28 12 18036 
8 32 43 13 18036 
8 32 58 12 18036 
8 33 13 13 18036 
8 33 28 12 18036 
8 33 43 13 18036 
8 33 58 12 18036 
8 34 13 13 18036 
8 34 28 12 18036 
8 34 43 13 18036 
8 34 58 12 18036 
8 35 13 13 18036 
8 35 28 12 18036 
8 35 43 13 18036 
8 35 58 12 18036 
8 36 13 13 18036 
8 36 28 12 18036 
8 36 43 13 18036 
8 36 58 12 18036 
8 37 13 13 18036 
8 37 28 12 18036 
8 37 43 13 18036 
8 37 58 12 18036 
8 38 13 13 18036 
8 38 28 12 18036 
8 38 43 13 18036 
8 38 58 12 18036 
8 39 13 13 18036 
8 39 28 12 18036 
8 39 43 13 18036 
8 39 58 12 18036 
8 40 13 13 18036 
8 40 28 12 18036 
8 40 43 13 18036 
8 40 58 12 18036 
8 41 13 13 18036 
8 41 28 12 18036 
8 41 43 13 18036 
8 41 58 12 18036 
8 44 28 12 18036 
8 44 43 13 18036 
8 44 58 12 18036 
8 45 13 13 18036 
8 45 28 12 18036 
8 45 43 13 18036 
8 45 58 12 18036 
8 46 13 13 18036 
8 46 28 12 18036 
8 46 43 13 18036 
8 46 58 12 18036 
8 47 13 13 18036 
8 47 28 12 18036 
8 47 43 13 18036 
8 47 58 12 18036 
8 48 13 13 18036 
8 48 28 12 18036 
8 48 43 13 18036 
8 48 58 12 18036 
8 49 13 13 18036 
8 49 28 12 18036 
8 49 43 13 18036 
8 49 58 12 18036 
8 50 13 13 18036 
8 50 28 12 18036 
8 50 43 13 18036 
8 50 58 12 18036 
8 51 13 13 18036 
8 51 28 12 18036 
8 51 43 13 18036 
8 51 58 12 18036 
8 52 13 13 18036 
8 52 28 12 18036 
8 52 43 13 18036 
8 52 58 12 18036 
8 53 13 13 18036 
8 53 28 12 18036 
8 53 43 13 18036 
8 53 58 12 18036 
8 54 13 13 18036 
8 54 28 12 18036 
8 54 43 13 18036 
8 54 58 12 18036 
8 55 13 13 18036 
8 55 28 12 18036 
8 55 43 13 18036 
8 55 58 12 18036 
8 56 13 13 18036 
8 56 28 12 18036 
8 56 43 13 18036 
8 56 58 12 18036 
8 57 13 13 18036 
8 57 28 12 18036 
8 57 43 13 18036 
8 57 58 12 18036 
8 58 13 13 18036 
8 58 28 12 18036 
8 58 43 13 18036 
8 58 58 12 18036 
9 1 28 12 18036 
9 1 43 13 18036 
9 1 58 12 18036 
9 2 13 13 18036 
9 2 28 12 18036 
9 2 43 13 18036 
9 2 58 12 18036 
9 3 13 13 18036 
9 3 28 12 18036 
9 3 43 13 18036 
9 3 58 12 18036 
9 4 13 13 18036 
9 4 28 12 18036 
9 4 43 13 18036 
9 4 58 12 18036 
9 5 13 13 18036 
9 5 28 12 18036 
9 5 43 13 18036 
9 5 58 12 18036 
9 6 13 13 18036 
9 6 28 12 18036 
9 6 43 13 18036 
9 6 58 12 18036 
9 7 13 13 18036 
9 7 28 12 18036 
9 7 43 13 18036 
9 7 58 12 18036 
9 8 13 13 18036 
9 8 28 12 18036 
9 8 43 13 18036 
9 8 58 12 18036 
9 9 13 13 18036 
9 9 28 12 18036 
9 9 43 13 18036 
9 9 58 12 18036 
9 10 13 13 18036 
9 10 28 12 18036 
9 10 43 13 18036 
9 10 58 12 18036 
9 11 13 13 18036 
9 11 28 12 18036 
9 11 43 13 18036 
9 11 58 12 18036 
9 12 13 13 18036 
9 12 28 12 18036 
9 12 43 13 18036 
9 12 58 12 18036 
9 13 13 13 18036 
9 13 28 12 18036 
9 13 43 13 18036 
9 13 58 12 18036 
9 14 13 13 18036 
9 14 28 12 18036 
9 14 43 13 18036 
9 14 58 12 18036 
9 15 13 13 18036 
9 15 28 12 18036 
9 15 43 13 18036 
9 15 58 12 18036 
9 18 28 12 18036 
9 18 43 13 18036 
9 18 58 12 18036 
9 19 13 13 18036 
9 19 28 12 18036 
9 19 43 13 18036 
9 19 58 12 18036 
9 20 13 13 18036 
9 20 28 12 18036 
9 20 43 13 18036 
9 20 58 12 18036 
9 21 13 13 18036 
9 21 28 12 18036 
9 21 43 13 18036 
9 21 58 12 18036 
9 22 13 13 18036 
9 22 28 12 18036 
9 22 43 13 18036 
9 22 58 12 18036 
9 23 13 13 18036 
9 23 28 12 18036 
9 23 43 13 18036 
9 23 58 12 18036 
9 24 13 13 18036 
9 24 28 12 18036 
9 24 43 13 18036 
9 24 58 12 18036 
9 25 13 13 18036 
9 25 28 12 18036 
9 25 43 13 18036 
9 25 58 12 18036 
9 26 13 13 18036 
9 26 28 12 18036 
9 26 43 13 18036 
9 26 58 12 18036 
9 27 13 13 18036 
9 27 28 12 18036 
9 27 43 13 18036 
9 27 58 12 18036 
9 28 13 13 18036 
9 28 28 12 18036 
9 28 43 13 18036 
9 28 58 12 18036 
9 29 13 13 18036 
9 29 28 12 18036 
9 29 43 13 18036 
9 29 58 12 18036 
9 30 13 13 18036 
9 30 28 12 18036 
9 30 43 13 18036 
9 30 58 12 18036 
9 31 13 13 18036 
9 31 28 12 18036 
9 31 43 13 18036 
9 31 58 12 18036 
9 32 13 13 18036 
9 32 28 12 18036 
9 32 43 13 18036 
9 32 58 12 18036 
9 35 28 12 18036 
9 35 43 13 18036 
9 35 58 12 18036 
9 36 13 13 18036 
9 36 28 12 18036 
9 36 43 13 18036 
9 36 58 12 18036 
9 37 13 13 18036 
9 37 28 12 18036 
9 37 43 13 18036 
9 37 58 12 18036 
9 38 13 13 18036 
9 38 28 12 18036 
9 38 43 13 18036 
9 38 59 13 18036 
9 39 13 12 18036 
9 39 29 13 18036 
9 39 43 12 18036 
9 39 59 13 18036 
9 40 13 12 18036 
9 40 29 13 18036 
9 40 43 12 18036 
9 40 59 13 18036 
9 41 13 12 18036 
9 41 29 13 18036 
9 41 43 12 18036 
9 41 59 13 18036 
9 42 13 12 18036 
9 42 29 13 18036 
9 42 43 12 18036 
9 42 59 13 18036 
9 43 13 12 18036 
9 43 29 13 18036 
9 43 43 12 18036 
9 43 59 13 18036 
9 44 13 12 18036 
9 44 29 13 18036 
9 44 43 12 18036 
9 44 59 13 18036 
9 45 13 12 18036 
9 45 29 13 18036 
9 45 43 12 18036 
9 45 59 13 18036 
9 46 13 12 18036 
9 46 29 13 18036 
9 46 43 12 18036 
9 46 59 13 18036 
9 47 13 12 18036 
9 47 29 13 18036 
9 47 43 12 18036 
9 47 59 13 18036 
9 48 13 12 18036 
9 48 29 13 18036 
9 48 43 12 18036 
9 48 59 13 18036 
9 49 13 12 18036 
9 49 29 13 18036 
9 49 43 12 18036 
9 49 59 13 18036 
9 52 29 13 18036 
9 52 43 12 18036 
9 52 59 13 18036 
9 53 13 12 18036 
9 53 29 13 18036 
9 53 43 12 18036 
9 53 59 13 18036 
9 54 13 12 18036 
9 54 29 13 18036 
9 54 43 12 18036 
9 54 59 13 18036 
9 55 13 12 18036 
9 55 29 13 18036 
9 55 43 12 18036 
9 55 59 13 18036 
9 56 13 12 18036 
9 56 29 13 18036 
9 56 43 12 18036 
9 56 59 13 18036 
9 57 13 12 18036 
9 57 29 13 18036 
9 57 43 12 18036 
9 57 59 13 18036 
9 58 13 12 18036 
9 58 29 13 18036 
9 58 43 12 18036 
9 58 59 13 18036 
9 59 13 12 18036 
9 59 29 13 18036 
9 59 43 12 18036 
9 59 59 13 18036 
10 0 13 12 18036 
10 0 29 13 18036 
10 0 43 12 18036 
10 0 59 13 18036 
10 1 13 12 18036 
10 1 29 13 18036 
10 1 43 12 18036 
10 1 59 13 18036 
10 2 13 12 18036 
10 2 29 13 18036 
10 2 43 12 18036 
10 2 59 13 18036 
10 3 13 12 18036 
10 3 29 13 18036 
10 3 43 12 18036 
10 3 59 13 18036 
10 4 13 12 18036 
10 4 29 13 18036 
10 4 43 12 18036 
10 4 59 13 18036 
10 5 13 12 18036 
10 5 29 13 18036 
10 5 43 12 18036 
10 5 59 13 18036 
10 6 13 12 18036 
10 6 29 13 18036 
10 6 43 12 18036 
10 6 59 13 18036 
10 9 29 13 18036 
10 9 43 12 18036 
10 9 59 13 18036 
10 10 13 12 18036 
10 10 29 13 18036 
10 10 43 12 18036 
10 10 59 13 18036 
10 11 13 12 18098 
10 11 29 13 18036 
10 11 43 12 18098 
10 11 59 13 18036 
10 12 13 12 18036 
10 12 29 13 18036 
10 12 43 12 18098 
10 12 59 13 18036 
10 13 13 12 18036 
10 13 29 13 18098 
10 13 43 12 18036 
10 13 59 13 18036 
10 14 13 12 18036 
10 14 29 13 18036 
10 14 43 12 18036 
10 14 59 13 18036 
10 15 13 12 18036 
10 15 29 13 18098 
10 15 43 12 18036 
10 15 59 13 18036 
10 16 13 12 18098 
10 16 29 13 18036 
10 16 43 12 18036 
10 16 59 13 18036 
10 17 13 12 18036 
10 17 29 13 18036 
10 17 43 12 18036 
10 17 59 13 18036 
10 18 13 12 18036 
10 18 29 13 18036 
10 18 43 12 18036 
10 18 59 13 18098 
10 19 13 12 18098 
10 19 29 13 18036 
10 19 43 12 18036 
10 19 59 13 18036 
10 20 13 12 18036 
10 20 29 13 18036 
10 20 43 12 18036 
10 20 59 13 18098 
10 21 13 12 18036 
10 21 29 13 18098 
10 21 43 12 18036 
10 21 59 13 18098 
10 22 13 12 18036 
10 22 29 13 18098 
10 22 43 12 18098 
10 22 59 13 18036 
10 23 13 12 18036 
10 23 29 13 18098 
10 23 43 12 18036 
10 23 59 13 18098 
10 26 29 13 18036 
10 26 43 12 18036 
10 26 59 13 18098 
10 27 13 12 18036 
10 27 29 13 18036 
10 27 43 12 18036 
10 27 59 13 18036 
10 28 13 12 18036 
10 28 29 13 18036 
10 28 43 12 18098 
10 28 59 13 18036 
10 29 13 12 18036 
10 29 29 13 18036 
10 29 43 12 18098 
10 29 59 13 18036 
10 30 13 12 18036 
10 30 29 13 18098 
10 30 43 12 18098 
10 30 59 13 18098 
10 31 13 12 18098 
10 31 29 13 18098 
10 31 43 12 18036 
10 31 59 13 18036 
10 32 13 12 18098 
10 32 29 13 18098 
10 32 43 12 18036 
10 32 59 13 18098 
10 33 13 12 18098 
10 33 29 13 18036 
10 33 43 12 18098 
10 33 59 13 18098 
10 34 13 12 18036 
10 34 29 13 18036 
10 34 43 12 18098 
10 34 59 13 18098 
10 35 13 12 18036 
10 35 29 13 18098 
10 35 43 12 18098 
10 35 59 13 18036 
10 36 13 12 18098 
10 36 29 13 18098 
10 36 43 12 18098 
10 36 59 13 18098 
10 37 13 12 18098 
10 37 29 13 18098 
10 37 43 12 18098 
10 37 59 13 18036 
10 38 13 12 18098 
10 38 29 13 18036 
10 38 43 12 18098 
10 38 59 13 18036 
10 39 13 12 18098 
10 39 29 13 18036 
10 39 43 12 18036 
10 39 59 13 18036 
10 40 13 12 18036 
10 40 29 13 18098 
10 40 43 12 18098 
10 40 59 13 18098 
10 43 29 13 18098 
10 43 44 12 18036 
10 43 59 13 18098 
10 44 14 12 18098 
10 44 29 13 18036 
10 44 44 12 18036 
10 44 59 13 18098 
10 45 14 12 18098 
10 45 29 13 18036 
10 45 44 12 18098 
10 45 59 13 18098 
10 46 14 12 18098 
10 46 29 13 18098 
10 46 44 12 18098 
10 46 59 13 18098 
10 47 14 12 18098 
10 47 29 13 18098 
10 47 44 12 18098 
10 47 59 13 18098 
10 48 14 12 18098 
10 48 29 13 18036 
10 48 44 12 18098 
10 48 59 13 18036 
10 49 14 12 18098 
10 49 29 13 18098 
10 49 44 12 18098 
10 49 59 13 18036 
10 50 14 12 18036 
10 50 29 13 18036 
10 50 44 12 18098 
10 50 59 13 18098 
10 51 14 12 18036 
10 51 29 13 18098 
10 51 44 12 18098 
10 51 59 13 18098 
10 52 14 12 18098 
10 52 29 13 18098 
10 52 44 12 18098 
10 52 59 13 18098 
10 53 14 12 18098 
10 53 29 13 18098 
10 53 44 12 18098 
10 53 59 13 18098 
10 54 14 12 18098 
10 54 29 13 18098 
10 54 44 12 18036 
10 54 59 13 18098 
10 55 14 12 18036 
10 55 29 13 18036 
10 55 44 12 18098 
10 55 59 13 18098 
10 56 14 12 18098 
10 56 29 13 18098 
10 56 44 12 18098 
10 56 59 13 18098 
10 57 14 12 18098 
10 57 29 13 18036 
10 57 44 12 18098 
10 57 59 13 18036 
11 0 29 13 18036 
11 0 44 12 18036 
11 0 59 13 18098 
11 1 14 12 18098 
11 1 29 13 18098 
11 1 44 12 18098 
11 1 59 13 18098 
11 2 14 12 18036 
11 2 29 13 18098 
11 2 44 12 18098 
11 2 59 13 18036 
11 3 14 12 18036 
11 3 29 13 18036 
11 3 44 12 18036 
11 3 59 13 18036 
11 4 14 12 18098 
11 4 29 13 18098 
11 4 44 12 18098 
11 4 59 13 18036 
11 5 14 12 18036 
11 5 29 13 18036 
11 5 44 12 18036 
11 5 59 13 18036 
11 6 14 12 18098 
11 6 29 13 18036 
11 6 44 12 18036 
11 6 59 13 18036 
11 7 14 12 18098 
11 7 29 13 18098 
11 7 44 12 18036 
11 7 59 13 18098 
11 8 14 12 18098 
11 8 29 13 18098 
11 8 44 12 18036 
11 8 59 13 18098 
11 9 14 12 18098 
11 9 29 13 18098 
11 9 44 12 18036 
11 9 59 13 18036 
11 10 14 12 18036 
11 10 29 13 18036 
11 10 44 12 18098 
11 10 59 13 18098 
11 11 14 12 18098 
11 11 29 13 18098 
11 11 44 12 18036 
11 11 59 13 18036 
11 12 14 12 18098 
11 12 29 13 18036 
11 12 44 12 18036 
11 12 59 13 18036 
11 13 14 12 18036 
11 13 29 13 18098 
11 13 44 12 18036 
11 13 59 13 18036 
11 14 14 12 18036 
11 14 29 13 18098 
11 14 44 12 18036 
11 14 59 13 18036 
11 17 30 13 18098 
11 17 45 12 18036 
11 18 0 13 18036 
11 18 15 12 18036 
11 18 30 13 18036 
11 18 45 12 18036 
11 19 0 13 18036 
11 19 15 12 18036 
11 19 30 13 18036 
11 19 45 12 18098 
11 20 0 13 18036 
11 20 15 12 18036 
11 20 30 13 18098 
11 20 45 12 18098 
11 21 0 13 18098 
11 21 15 12 18098 
11 21 30 13 18036 
11 21 45 12 18098 
11 22 0 13 18036 
11 22 15 12 18036 
11 22 30 13 18098 
11 22 45 12 18036 
11 23 0 13 18098 
11 23 15 12 18098 
11 23 30 13 18098 
11 23 45 12 18098 
11 24 0 13 18098 
11 24 15 12 18098 
11 24 30 13 18098 
11 24 45 12 18098 
11 25 0 13 18098 
11 25 15 12 18098 
11 25 30 13 18098 
11 25 45 12 18036 
11 26 0 13 18098 
11 26 15 12 18098 
11 26 30 13 18098 
11 26 45 12 18098 
11 27 0 13 18098 
11 27 15 12 18098 
11 27 30 13 18098 
11 27 45 12 18098 
11 28 0 13 18098 
11 28 15 12 18098 
11 28 30 13 18098 
11 28 45 12 18098 
11 29 0 13 18098 
11 29 15 12 18098 
11 29 30 13 18098 
11 29 45 12 18098 
11 30 0 13 18036 
11 30 15 12 18098 
11 30 30 13 18098 
11 30 45 12 18098 
11 31 0 13 18098 
11 31 15 12 18098 
11 31 30 13 18098 
11 31 45 12 18098 
11 32 0 13 18036 
11 34 30 13 18098 
11 34 45 12 18098 
11 35 0 13 18098 
11 35 15 12 18098 
11 35 30 13 18098 
11 35 45 12 18098 
11 36 0 13 18098 
11 36 15 12 18098 
11 36 30 13 18098 
11 36 45 12 18098 
11 37 0 13 18098 
11 37 15 12 18098 
11 37 30 13 18098 
11 37 45 12 18098 
11 38 0 13 18098 
11 38 15 12 18098 
11 38 30 13 18098 
11 38 45 12 18098 
11 39 0 13 18098 
11 39 15 12 18098 
11 39 30 13 18098 
11 39 45 12 18098 
11 40 0 13 18098 
11 40 15 12 18098 
11 40 30 13 18098 
11 40 45 12 18098 
11 41 0 13 18098 
11 41 15 12 18098 
11 41 30 13 18098 
11 41 45 12 18098 
11 42 0 13 18098 
11 42 15 12 18098 
11 42 30 13 18098 
11 42 45 12 18098 
11 43 0 13 18098 
11 43 15 12 18098 
11 43 30 13 18098 
11 43 45 12 18098 
11 44 0 13 18098 
11 44 15 12 18098 
11 44 30 13 18098 
11 44 45 12 18098 
11 45 0 13 18098 
11 45 15 12 18098 
11 45 30 13 18098 
11 45 45 12 18098 
11 46 0 13 18098 
11 46 15 12 18098 
11 46 30 13 18098 
11 46 45 12 18098 
11 47 0 13 18098 
11 47 15 12 18098 
11 47 30 13 18098 
11 47 45 12 18036 
11 48 0 13 18098 
11 48 15 12 18098 
11 48 30 13 18098 
11 48 45 12 18098 
11 49 0 13 18098 
11 51 30 13 18098 
11 51 45 12 18098 
11 52 0 13 18098 
11 52 15 12 18098 
11 52 30 13 18098 
11 52 45 12 18098 
11 53 0 13 18098 
11 53 15 12 18098 
11 53 30 13 18098 
11 53 45 12 18098 
11 54 0 13 18098 
11 54 15 12 18098 
11 54 30 13 18098 
11 54 45 12 18098 
11 55 0 13 18098 
11 55 15 12 18098 
11 55 30 13 18098 
11 55 45 12 18098 
11 56 0 13 18098 
11 56 15 12 18098 
11 56 30 13 18098 
11 56 45 12 18098 
11 57 0 13 18098 
11 57 15 12 18098 
11 57 30 13 18098 
11 57 45 12 18098 
11 58 0 13 18098 
11 58 15 12 18098 
11 58 30 13 18098 
11 58 45 12 18098 
11 59 0 13 18098 
11 59 15 12 18098 
11 59 30 13 18098 
11 59 45 12 18098 
12 0 0 13 18098 
12 0 15 12 18098 
12 0 30 13 18098 
12 0 45 12 18098 
12 1 0 13 18098 
12 1 15 12 18098 
12 1 30 13 18098 
12 1 45 12 18098 
12 2 0 13 18098 
12 2 15 12 18098 
12 2 30 13 18098 
12 2 45 12 18098 
12 3 0 13 18098 
12 3 15 12 18098 
12 3 30 13 18098 
12 3 45 12 18098 
12 4 0 13 18098 
12 4 15 12 18098 
12 4 30 13 18098 
12 4 45 12 18098 
12 5 0 13 18098 
12 5 15 12 18098 
12 5 30 13 18098 
12 5 45 12 18098 
12 6 0 13 18098 
12 8 32 13 18098 
12 8 46 12 18098 
12 9 2 13 18098 
12 9 16 12 18098 
12 9 32 13 18098 
12 9 46 12 18098 
12 10 2 13 18098 
12 10 16 12 18098 
12 10 32 13 18098 
12 10 46 12 18098 
12 11 2 13 18098 
12 11 16 12 18098 
12 11 32 13 18098 
12 11 46 12 18098 
12 12 2 13 18098 
12 12 16 12 18098 
12 12 32 13 18098 
12 12 46 12 18098 
12 13 2 13 18098 
12 13 16 12 18098 
12 13 32 13 18098 
12 13 46 12 18098 
12 14 2 13 18098 
12 14 16 12 18098 
12 14 32 13 18098 
12 14 46 12 18098 
12 15 2 13 18098 
12 15 16 12 18098 
12 15 32 13 18098 
12 15 46 12 18098 
12 16 2 13 18098 
12 16 16 12 18098 
12 16 32 13 18098 
12 16 46 12 18036 
12 17 2 13 18098 
12 17 16 12 18098 
12 17 32 13 18098 
12 17 46 12 18098 
12 18 2 13 18098 
12 18 16 12 18098 
12 18 32 13 18098 
12 18 46 12 18098 
12 19 2 13 18098 
12 19 16 12 18098 
12 19 32 13 18098 
12 19 46 12 18098 
12 20 2 13 18098 
12 20 16 12 18098 
12 20 32 13 18098 
12 20 46 12 18098 
12 21 2 13 18036 
12 21 16 12 18098 
12 21 32 13 18098 
12 21 46 12 18098 
12 22 2 13 18098 
12 22 16 12 18098 
12 22 32 13 18098 
12 22 46 12 18098 
12 23 2 13 18098 
12 25 32 13 18036 
12 25 46 12 18098 
12 26 2 13 18098 
12 26 16 12 18098 
12 26 32 13 18098 
12 26 46 12 18098 
12 27 2 13 18098 
12 27 16 12 18098 
12 27 32 13 18098 
12 27 46 12 18098 
12 28 2 13 18036 
12 28 16 12 18098 
12 28 32 13 18098 
12 28 46 12 18036 
12 29 2 13 18098 
12 29 16 12 18098 
12 29 32 13 18098 
12 29 46 12 18098 
12 30 2 13 18098 
12 30 16 12 18098 
12 30 32 13 18098 
12 30 46 12 18098 
12 31 2 13 18098 
12 31 16 12 18098 
12 31 32 13 18098 
12 31 46 12 18098 
12 32 2 13 18098 
12 32 16 12 18098 
12 32 32 13 18098 
12 32 46 12 18098 
12 33 2 13 18098 
12 33 16 12 18098 
12 33 32 13 18098 
12 33 46 12 18098 
12 34 2 13 18098 
12 34 16 12 18098 
12 34 32 13 18098 
12 34 46 12 18098 
12 35 2 13 18098 
12 35 16 12 18098 
12 35 32 13 18098 
12 35 46 12 18098 
12 36 2 13 18098 
12 36 16 12 18098 
12 36 32 13 18098 
12 36 46 12 18036 
12 37 2 13 18036 
12 37 16 12 18098 
12 37 32 13 18036 
12 37 46 12 18098 
12 38 2 13 18098 
12 38 16 12 18098 
12 38 32 13 18098 
12 38 46 12 18098 
12 39 2 13 18098 
12 39 16 12 18098 
12 39 32 13 18098 
12 39 46 12 18098 
12 40 2 13 18098 
12 42 32 13 18098 
12 42 46 12 18036 
12 43 2 13 18098 
12 43 16 12 18098 
12 43 32 13 18098 
12 43 46 12 18098 
12 44 2 13 18098 
12 44 16 12 18098 
12 44 32 13 18098 
12 44 46 12 18036 
12 45 2 13 18098 
12 45 16 12 18098 
12 45 32 13 18098 
12 45 46 12 18098 
12 46 2 13 18098 
12 46 16 12 18036 
12 46 32 13 18098 
12 46 46 12 18098 
12 47 2 13 18098 
12 47 16 12 18098 
12 47 32 13 18098 
12 47 46 12 18098 
12 48 2 13 18036 
12 48 16 12 18098 
12 48 32 13 18098 
12 48 46 12 18036 
12 49 2 13 18098 
12 49 16 12 18098 
12 49 32 13 18098 
12 49 46 12 18098 
12 50 2 13 18098 
12 50 16 12 18098 
12 50 32 13 18098 
12 50 46 12 18098 
12 51 2 13 18098 
12 51 16 12 18098 
12 51 32 13 18098 
12 51 46 12 18036 
12 52 2 13 18098 
12 52 16 12 18098 
12 52 32 13 18098 
12 52 46 12 18098 
12 53 2 13 18098 
12 53 16 12 18098 
12 53 32 13 18098 
12 53 46 12 18098 
12 54 2 13 18098 
12 54 16 12 18098 
12 54 32 13 18098 
12 54 46 12 18098 
12 55 2 13 18098 
12 55 16 12 18098 
12 55 32 13 18036 
12 55 46 12 18098 
12 56 2 13 18098 
12 56 16 12 18098 
12 56 32 13 18098 
12 56 46 12 18036 
12 57 2 13 18098 
12 59 33 13 18098 
12 59 47 12 18098 
13 0 3 13 18098 
13 0 17 12 18098 
13 0 33 13 18098 
13 0 47 12 18098 
13 1 3 13 18098 
13 1 17 12 18098 
13 1 33 13 18098 
13 1 47 12 18098 
13 2 3 13 18098 
13 2 17 12 18098 
13 2 33 13 18098 
13 2 47 12 18098 
13 3 3 13 18098 
13 3 17 12 18098 
13 3 32 13 18098 
13 3 47 12 18098 
13 4 3 13 18098 
13 4 17 12 18036 
13 4 33 13 18098 
13 4 47 12 18098 
13 5 3 13 18098 
13 5 17 12 18098 
13 5 33 13 18098 
13 5 47 12 18098 
13 6 3 13 18098 
13 6 17 12 18098 
13 6 33 13 18098 
13 6 47 12 18098 
13 7 3 13 18098 
13 7 17 12 18098 
13 7 33 13 18098 
13 7 47 12 18098 
13 8 3 13 18098 
13 8 17 12 18098 
13 8 33 13 18098 
13 8 47 12 18098 
13 9 3 13 18098 
13 9 17 12 18098 
13 9 33 13 18098 
13 9 47 12 18098 
13 10 3 13 18098 
13 10 17 12 18098 
13 10 33 13 18036 
13 10 47 12 18098 
13 11 3 13 18098 
13 11 17 12 18098 
13 11 33 13 18036 
13 11 47 12 18098 
13 12 3 13 18098 
13 12 17 12 18098 
13 12 33 13 18098 
13 12 47 12 18098 
13 13 3 13 18098 
13 13 17 12 18098 
13 13 33 13 18098 
13 13 47 12 18098 
13 14 3 13 18098 
13 16 33 13 18098 
13 16 47 12 18098 
13 17 3 13 18098 
13 17 17 12 18098 
13 17 33 13 18098 
13 17 47 12 18098 
13 18 3 13 18098 
13 18 17 12 18098 
13 18 33 13 18098 
13 18 47 12 18098 
13 19 3 13 18098 
13 19 17 12 18098 
13 19 33 13 18098 
13 19 47 12 18098 
13 20 3 13 18098 
13 20 17 12 18098 
13 20 33 13 18098 
13 20 47 12 18098 
13 21 3 13 18098 
13 21 17 12 18098 
13 21 33 13 18098 
13 21 47 12 18098 
13 22 3 13 18098 
13 22 17 12 18098 
13 22 33 13 18098 
13 22 47 12 18098 
13 23 3 13 18098 
13 23 17 12 18098 
13 23 33 13 18098 
13 23 47 12 18098 
13 24 3 13 18098 
13 24 17 12 18098 
13 24 33 13 18098 
13 24 47 12 18098 
13 25 3 13 18098 
13 25 17 12 18098 
13 25 33 13 18098 
13 25 47 12 18098 
13 26 3 13 18098 
13 26 17 12 18098 
13 26 33 13 18098 
13 26 47 12 18098 
13 27 3 13 18098 
13 27 17 12 18098 
13 27 33 13 18098 
13 27 47 12 18098 
13 28 3 13 18098 
13 28 17 12 18098 
13 28 33 13 18098 
13 28 47 12 18098 
13 29 3 13 18098 
13 29 17 12 18098 
13 29 33 13 18098 
13 29 47 12 18098 
13 30 3 13 18098 
13 30 17 12 18098 
13 30 33 13 18098 
13 30 47 12 18036 
13 31 3 13 18098 
13 33 33 13 18098 
13 33 47 12 18098 
13 34 3 13 18098 
13 34 17 12 18098 
13 34 33 13 18098 
13 34 47 12 18098 
13 35 3 13 18098 
13 35 17 12 18098 
13 35 33 13 18098 
13 35 47 12 18098 
13 36 3 13 18098 
13 36 17 12 18098 
13 36 33 13 18098 
13 36 47 12 18098 
13 37 3 13 18036 

/> 