h
h

<CR>Bad command!

/> 
h
h
<CR>
Available commands
------------------
h or ?  ---------------> Alias for Help 
ls      ---------------> List of Files 
read XXXX -------------> read the daily file XXXX  (month/day) 
read_ramp XXXXXXXX ----> read the text file XXXXXXXX  (month/day/Hours/Minutes) 

/> 
ls
ls
<CR>
         TIME          Size       File name 
----A 2021/03/16 10:07      8768  0316
----A 2021/03/16 05:21    128000  03160506
----A 2021/03/16 05:39    128000  03160523
----A 2021/03/16 05:55    128000  03160540
----A 2021/03/16 06:13    128000  03160557
----A 2021/03/16 06:29    128000  03160614
----A 2021/03/16 06:47    128000  03160631
----A 2021/03/16 07:03    128000  03160648
----A 2021/03/16 07:21    128000  03160705
----A 2021/03/16 07:37    128000  03160722
----A 2021/03/16 07:55    128000  03160739
----A 2021/03/16 08:11    128000  03160756
----A 2021/03/16 08:29    128000  03160813
----A 2021/03/16 08:45    128000  03160830
----A 2021/03/16 09:02    128000  03160847
----A 2021/03/16 09:19    128000  03160904
----A 2021/03/16 09:38    128000  03160921
----A 2021/03/16 09:55    128000  03160938
----A 2021/03/16 09:55      2560  03160955
----A 2021/03/17 10:39      7904  0317
----A 2021/03/17 06:43    128000  03170625
----A 2021/03/17 06:59    128000  03170642
----A 2021/03/17 07:15    128000  03170659
----A 2021/03/17 07:31    128000  03170716
----A 2021/03/17 07:51    128000  03170733
----A 2021/03/17 08:07    128000  03170750
----A 2021/03/17 08:23    128000  03170807
----A 2021/03/17 08:39    128000  03170824
----A 2021/03/17 08:59    128000  03170841
----A 2021/03/17 09:15    128640  03170858
----A 2021/03/17 09:31    128000  03170915
----A 2021/03/17 09:48    128000  03170932
----A 2021/03/17 10:05    128000  03170949
----A 2021/03/17 10:22    128000  03171007
----A 2021/03/17 10:39     35840  03171024

  35 File(s),   4023712 bytes total
   0 Dir(s),     996512K bytes free

/> 
read 0317
read 0317
<CR>Time:2021/03/17 10:39
Hours Minutes Seconds  Nb_Samples    Aver. Current 
5 42 29 13 5629 
5 42 43 12 5205 
5 42 58 12 4842 
5 43 13 13 4963 
5 43 28 12 4963 
5 43 43 13 4963 
5 43 58 12 4963 
5 44 13 13 4963 
5 44 28 12 4963 
5 44 43 13 4963 
5 44 58 12 5023 
5 45 13 13 4963 
5 45 28 12 5689 
5 45 43 13 6597 
5 45 58 12 6234 
5 46 13 13 6174 
5 46 28 12 6234 
5 46 43 13 6234 
5 46 58 12 6658 
5 47 13 13 7324 
5 47 28 12 7384 
5 47 43 13 7384 
5 47 58 12 7566 
5 48 13 13 8110 
5 48 28 12 8171 
5 48 43 13 8171 
5 48 58 12 8534 
5 49 13 13 8897 
5 49 28 12 8958 
5 49 43 13 8897 
5 49 58 12 8897 
5 50 13 13 8958 
5 50 28 12 9018 
5 50 43 13 9018 
5 50 58 12 8958 
5 51 13 13 8958 
5 51 28 12 9018 
5 51 43 13 9018 
5 51 58 12 9018 
5 52 13 13 9018 
5 52 28 12 9018 
5 52 43 13 8958 
5 52 58 12 9018 
5 53 13 13 8958 
5 53 28 12 9018 
5 53 43 13 9018 
5 53 58 12 9018 
5 54 13 13 9018 
5 54 28 12 9018 
5 55 13 12 9018 
6 10 5 13 8958 
6 10 20 12 9018 
6 10 35 13 9018 
6 10 50 12 9018 
6 11 5 13 9018 
6 11 20 12 8958 
6 11 35 13 8958 
6 11 50 12 9018 
6 12 5 13 8958 
6 12 20 12 9018 
6 12 35 13 9018 
6 12 50 12 8958 
6 13 5 13 8958 
6 13 20 12 9018 
6 13 35 13 9018 
6 13 50 12 9018 
6 14 5 13 9018 
6 14 20 12 9018 
6 14 35 13 8958 
6 14 50 12 9018 
6 15 5 13 8958 
6 15 20 12 8958 
6 15 35 13 9018 
6 15 50 12 8958 
6 16 5 13 9018 
6 16 20 12 9018 
6 16 35 13 8958 
6 16 50 12 8958 
6 17 5 13 8958 
6 17 20 12 8958 
6 17 35 13 9018 
6 17 50 12 9018 
6 18 5 13 8958 
6 18 20 12 9018 
6 18 35 13 9018 
6 18 50 12 8958 
6 19 5 13 8958 
6 19 20 12 9018 
6 19 35 13 8958 
6 19 51 13 9018 
6 20 5 12 8958 
6 20 20 12 8958 
6 20 35 13 8958 
6 20 50 12 8958 
6 21 5 13 8958 
6 21 20 12 8958 
6 21 35 13 8958 
6 21 50 12 9018 
6 22 5 13 8958 
6 22 20 12 8958 
6 22 35 13 8958 
6 23 5 13 8958 
6 23 20 12 9018 
6 23 35 13 9018 
6 23 49 12 8958 
6 26 23 13 8958 
6 26 38 12 9018 
6 26 53 13 8958 
6 27 8 12 8958 
6 27 23 13 8958 
6 27 38 12 8958 
6 27 53 13 8958 
6 28 8 12 8958 
6 28 23 13 8958 
6 28 38 12 8958 
6 28 53 13 8958 
6 29 8 12 8958 
6 29 23 13 8958 
6 29 37 12 8958 
6 29 53 13 8958 
6 30 8 12 8958 
6 30 23 13 8958 
6 30 37 12 8958 
6 30 53 13 9018 
6 31 8 12 9018 
6 31 23 13 9018 
6 31 38 12 8958 
6 31 53 13 9018 
6 32 8 12 8958 
6 32 23 13 9018 
6 32 38 12 8958 
6 32 53 13 8958 
6 33 8 12 9018 
6 33 23 13 8958 
6 33 38 12 9018 
6 33 53 13 9018 
6 34 8 12 8958 
6 34 23 13 8958 
6 34 38 12 8958 
6 34 53 13 9018 
6 35 8 12 8958 
6 35 23 13 8958 
6 35 38 12 8958 
6 35 53 13 8958 
6 36 8 12 8958 
6 36 23 13 8958 
6 36 38 12 9018 
6 36 53 13 8958 
6 37 8 12 8958 
6 37 23 13 9018 
6 37 38 12 8958 
6 37 53 13 9018 
6 38 8 12 8958 
6 38 23 13 8958 
6 38 38 12 9018 
6 38 53 13 9018 
6 39 8 12 9018 
6 39 23 13 9018 
6 39 39 13 8958 
6 39 53 12 8958 
6 40 8 12 9018 
6 40 23 13 8958 
6 40 38 12 8958 
6 40 53 13 8958 
6 43 24 13 9018 
6 43 39 12 9018 
6 43 54 13 8958 
6 44 9 12 8958 
6 44 24 13 9018 
6 44 39 12 9018 
6 44 54 13 9018 
6 45 9 12 9018 
6 45 24 13 9018 
6 45 39 12 8958 
6 45 54 13 9018 
6 46 9 12 9018 
6 46 24 13 9018 
6 46 39 12 8958 
6 46 54 13 9018 
6 47 9 12 8958 
6 47 24 13 8958 
6 47 39 12 9018 
6 47 54 13 9018 
6 48 9 12 9018 
6 48 24 13 9018 
6 48 39 12 8958 
6 48 54 13 8958 
6 49 9 12 9018 
6 49 24 13 9018 
6 49 39 12 8958 
6 49 54 13 9018 
6 50 9 12 8958 
6 50 24 13 9018 
6 50 39 12 9018 
6 50 54 13 8958 
6 51 9 12 9018 
6 51 24 13 9018 
6 51 39 12 9018 
6 51 54 13 8958 
6 52 9 12 8958 
6 52 24 13 8958 
6 52 39 12 8958 
6 52 54 13 8958 
6 53 9 12 8958 
6 53 24 13 8958 
6 53 39 12 8958 
6 53 54 13 8958 
6 54 9 12 9018 
6 54 24 13 8958 
6 54 39 12 9018 
6 54 54 13 9018 
6 55 9 12 9018 
6 55 24 13 9018 
6 55 39 12 9018 
6 55 54 13 9018 
6 56 9 12 9018 
6 56 24 13 8958 
6 56 39 12 9018 
6 56 54 13 9018 
6 57 9 12 9018 
6 57 24 13 8958 
6 57 39 12 9018 
6 57 54 13 8958 
7 0 26 13 9018 
7 0 40 12 9018 
7 0 56 13 8958 
7 1 10 12 9018 
7 1 26 13 8958 
7 1 40 12 9018 
7 1 56 13 9018 
7 2 10 12 9018 
7 2 26 13 8958 
7 2 40 12 8958 
7 2 56 13 8958 
7 3 10 12 8958 
7 3 26 13 8958 
7 3 40 12 8958 
7 3 56 13 9018 
7 4 10 12 9018 
7 4 26 13 8958 
7 4 40 12 8958 
7 4 56 13 8958 
7 5 10 12 8958 
7 5 26 13 8958 
7 5 40 12 8958 
7 5 56 13 9018 
7 6 10 12 8958 
7 6 26 13 8958 
7 6 40 12 9018 
7 6 56 13 9018 
7 7 10 12 8958 
7 7 26 13 9018 
7 7 40 12 8958 
7 7 55 13 8958 
7 8 10 12 9018 
7 8 26 13 8958 
7 8 40 12 9018 
7 8 56 13 8958 
7 9 10 12 8958 
7 9 26 13 8958 
7 9 40 12 9018 
7 9 56 13 8958 
7 10 10 12 9018 
7 10 25 13 9018 
7 10 40 12 8958 
7 10 56 13 9018 
7 11 10 12 9018 
7 11 26 13 8958 
7 11 40 12 9018 
7 11 56 13 8958 
7 12 10 12 8958 
7 12 26 13 8958 
7 12 40 12 8958 
7 12 56 13 8958 
7 13 10 12 8958 
7 13 26 13 8958 
7 13 40 12 9018 
7 13 56 13 8958 
7 14 10 12 9018 
7 14 26 13 8958 
7 14 40 12 8958 
7 14 56 13 8958 
7 17 26 13 9018 
7 17 40 12 8958 
7 17 56 13 8958 
7 18 10 12 9018 
7 18 26 13 9018 
7 18 40 12 8958 
7 18 56 13 9018 
7 19 10 12 9018 
7 19 26 13 9018 
7 19 40 12 9018 
7 19 56 13 9018 
7 20 10 12 8958 
7 20 26 13 8958 
7 20 40 12 8958 
7 20 56 13 8958 
7 21 10 12 9018 
7 21 26 13 9018 
7 21 40 12 9018 
7 21 56 13 9018 
7 22 10 12 9018 
7 22 26 13 8958 
7 22 40 12 9018 
7 22 56 13 8958 
7 23 10 12 9018 
7 23 26 13 8958 
7 23 40 12 8897 
7 23 56 13 8958 
7 24 10 12 9018 
7 24 26 13 9018 
7 24 40 12 9018 
7 24 56 13 8958 
7 25 10 12 8958 
7 25 26 13 8958 
7 25 40 12 8958 
7 25 56 13 9018 
7 26 10 12 8958 
7 26 26 13 8958 
7 26 40 12 8958 
7 26 56 13 8958 
7 27 10 12 8958 
7 27 26 13 9018 
7 27 40 12 8958 
7 27 56 13 8958 
7 28 10 12 9018 
7 28 26 13 8958 
7 28 40 12 9018 
7 28 56 13 9018 
7 29 10 12 8958 
7 29 26 13 8958 
7 29 40 12 8958 
7 29 56 13 9018 
7 30 10 12 8958 
7 30 26 13 8958 
7 30 40 12 8958 
7 30 56 13 9018 
7 31 10 12 9018 
7 31 26 13 8958 
7 31 40 12 9018 
7 31 56 13 8958 
7 34 26 13 8958 
7 34 40 12 9018 
7 34 56 13 9018 
7 35 10 12 9018 
7 35 26 13 9018 
7 35 40 12 8958 
7 35 56 13 8958 
7 36 10 12 8958 
7 36 26 13 9018 
7 36 40 12 8958 
7 36 56 13 9018 
7 37 10 12 8958 
7 37 26 13 8958 
7 37 40 12 8958 
7 37 56 13 8958 
7 38 10 12 9018 
7 38 26 13 9018 
7 38 40 12 8897 
7 38 56 13 8958 
7 39 10 12 8958 
7 39 26 13 8958 
7 39 40 12 8958 
7 39 56 13 8958 
7 40 10 12 8958 
7 40 26 13 8958 
7 40 40 12 8958 
7 40 56 13 8958 
7 41 10 12 8958 
7 41 26 13 8958 
7 41 40 12 8958 
7 41 56 13 8958 
7 42 10 12 8958 
7 42 26 13 8958 
7 42 40 12 8958 
7 42 56 13 8897 
7 43 10 12 8958 
7 43 25 13 8958 
7 43 40 12 9018 
7 43 56 13 9018 
7 44 10 12 8958 
7 44 26 13 9018 
7 44 40 12 8958 
7 44 56 13 9018 
7 45 10 12 8958 
7 45 26 13 8958 
7 45 40 12 8958 
7 45 56 13 8958 
7 46 10 12 9018 
7 46 26 13 9018 
7 46 40 12 9018 
7 46 56 13 9018 
7 47 10 12 8958 
7 47 26 13 8958 
7 47 40 12 9018 
7 47 56 13 8958 
7 48 10 12 8958 
7 48 26 13 8958 
7 48 40 12 8958 
7 48 56 13 9018 
7 51 27 13 8958 
7 51 41 12 9018 
7 51 57 13 8958 
7 52 11 12 8958 
7 52 27 13 8958 
7 52 41 12 8958 
7 52 57 13 8958 
7 53 11 12 8958 
7 53 27 13 9018 
7 53 41 12 8958 
7 53 57 13 8958 
7 54 11 12 9018 
7 54 27 13 8958 
7 54 41 12 8958 
7 54 57 13 8958 
7 55 11 12 9018 
7 55 27 13 9018 
7 55 41 12 8958 
7 55 57 13 9018 
7 56 11 12 9018 
7 56 27 13 8958 
7 56 41 12 8958 
7 56 57 13 8958 
7 57 11 12 8958 
7 57 27 13 8958 
7 57 41 12 8958 
7 57 57 13 9018 
7 58 11 12 8958 
7 58 27 13 8958 
7 58 41 12 9018 
7 58 57 13 8958 
7 59 11 12 8958 
7 59 27 13 8958 
7 59 41 12 8958 
7 59 57 13 8958 
8 0 11 12 8958 
8 0 27 13 8958 
8 0 41 12 8958 
8 0 57 13 8958 
8 1 11 12 8958 
8 1 27 13 9018 
8 1 41 12 8958 
8 1 57 13 8958 
8 2 11 12 8958 
8 2 27 13 8958 
8 2 41 12 8958 
8 2 57 13 8958 
8 3 11 12 8958 
8 3 27 13 8958 
8 3 41 12 8958 
8 3 57 13 8958 
8 4 11 12 9018 
8 4 27 13 9018 
8 4 41 12 9018 
8 4 57 13 8958 
8 5 11 12 8958 
8 5 27 13 8958 
8 5 41 12 8958 
8 5 57 13 9018 
8 8 27 13 9018 
8 8 41 12 9018 
8 8 57 13 8958 
8 9 11 12 9018 
8 9 27 13 9018 
8 9 41 12 9018 
8 9 57 13 9018 
8 10 11 12 8958 
8 10 27 13 8958 
8 10 41 12 8958 
8 10 57 13 8958 
8 11 11 12 8958 
8 11 27 13 8958 
8 11 41 12 8958 
8 11 57 13 8958 
8 12 11 12 9018 
8 12 27 13 8958 
8 12 41 12 9018 
8 12 57 13 9018 
8 13 11 12 9018 
8 13 27 13 8958 
8 13 41 12 8958 
8 13 57 13 9018 
8 14 11 12 8958 
8 14 27 13 8958 
8 14 41 12 8958 
8 14 57 13 8958 
8 15 11 12 8958 
8 15 27 13 8958 
8 15 41 12 8958 
8 15 57 13 8958 
8 16 11 12 8958 
8 16 27 13 8958 
8 16 41 12 8958 
8 16 57 13 8958 
8 17 11 12 8958 
8 17 27 13 8958 
8 17 41 12 8958 
8 17 57 13 8958 
8 18 11 12 9018 
8 18 27 13 8958 
8 18 41 12 8958 
8 18 57 13 8958 
8 19 11 12 8958 
8 19 27 13 8958 
8 19 41 12 8958 
8 19 57 13 8958 
8 20 11 12 8958 
8 20 27 13 8958 
8 20 41 12 9018 
8 20 57 13 9018 
8 21 11 12 8958 
8 21 27 13 8958 
8 21 41 12 8958 
8 21 57 13 8958 
8 22 11 12 8958 
8 22 27 13 8958 
8 22 41 12 8958 
8 22 57 13 8958 
8 25 28 13 8958 
8 25 42 12 8958 
8 25 58 13 8958 
8 26 12 12 8958 
8 26 28 13 8958 
8 26 42 12 8958 
8 26 58 13 8958 
8 27 12 12 8958 
8 27 28 13 8958 
8 27 42 12 8958 
8 27 58 13 8958 
8 28 12 12 8958 
8 28 28 13 8958 
8 28 42 12 8958 
8 28 58 13 8958 
8 29 12 12 8958 
8 29 28 13 8958 
8 29 42 12 8958 
8 29 58 13 8958 
8 30 12 12 8958 
8 30 28 13 8958 
8 30 42 12 8958 
8 30 58 13 8958 
8 31 12 12 9018 
8 31 28 13 8958 
8 31 42 12 8958 
8 31 58 13 8958 
8 32 12 12 8958 
8 32 28 13 9018 
8 32 42 12 8958 
8 32 58 13 8958 
8 33 12 12 8958 
8 33 28 13 8958 
8 33 42 12 8958 
8 33 58 13 8958 
8 34 12 12 8958 
8 34 28 13 9018 
8 34 42 12 9018 
8 34 58 13 8958 
8 35 12 12 8958 
8 35 28 13 9018 
8 35 42 12 8958 
8 35 58 13 8958 
8 36 12 12 9018 
8 36 28 13 8958 
8 36 42 12 8958 
8 36 58 13 9018 
8 37 12 12 9018 
8 37 28 13 8958 
8 37 42 12 8958 
8 37 58 13 8958 
8 38 12 12 8958 
8 38 28 13 8958 
8 38 42 12 8958 
8 38 58 13 8958 
8 39 12 12 8958 
8 39 28 13 8958 
8 39 42 12 8958 
8 39 58 13 8958 
8 42 28 13 8958 
8 42 42 12 8958 
8 42 58 13 8958 
8 43 12 12 8958 
8 43 28 13 8958 
8 43 42 12 8958 
8 43 58 13 8958 
8 44 12 12 8958 
8 44 28 13 8958 
8 44 42 12 8958 
8 44 58 13 8958 
8 45 12 12 8897 
8 45 28 13 8958 
8 45 42 12 8958 
8 45 58 13 8958 
8 46 12 12 8958 
8 46 28 13 8958 
8 46 42 12 8958 
8 46 58 13 8958 
8 47 12 12 8958 
8 47 28 13 8958 
8 47 42 12 8958 
8 47 58 13 8958 
8 48 12 12 8958 
8 48 28 13 8958 
8 48 42 12 8958 
8 48 58 13 8958 
8 49 12 12 8958 
8 49 28 13 8958 
8 49 42 12 8958 
8 49 58 13 8958 
8 50 12 12 9018 
8 50 28 13 8958 
8 50 42 12 8958 
8 50 58 13 8958 
8 51 12 12 8958 
8 51 28 13 9018 
8 51 42 12 8958 
8 51 58 13 8958 
8 52 12 12 8958 
8 52 28 13 8958 
8 52 42 12 8958 
8 52 58 13 8958 
8 53 12 12 8958 
8 53 28 13 8958 
8 53 42 12 8958 
8 53 58 13 8958 
8 54 12 12 8958 
8 54 28 13 8958 
8 54 42 12 8958 
8 54 58 13 8958 
8 55 12 12 8897 
8 55 28 13 8958 
8 55 42 12 9018 
8 55 58 13 8958 
8 56 12 12 8958 
8 56 28 13 8958 
8 56 42 12 8958 
8 56 58 13 8958 
8 59 28 13 8958 
8 59 42 12 8897 
8 59 58 13 8958 
9 0 12 12 8958 
9 0 28 13 8958 
9 0 42 12 8958 
9 0 58 13 8958 
9 1 12 12 8958 
9 1 28 13 8958 
9 1 42 12 8958 
9 1 58 13 8958 
9 2 28 13 8958 
9 2 42 12 8958 
9 2 58 13 8958 
9 3 12 12 8958 
9 3 28 13 8958 
9 3 42 12 8958 
9 3 58 13 8958 
9 4 12 12 8958 
9 4 28 13 8958 
9 4 42 12 9018 
9 4 58 13 8958 
9 5 12 12 8958 
9 5 28 13 8958 
9 5 42 12 8958 
9 5 58 13 9018 
9 6 12 12 8958 
9 6 28 13 8958 
9 6 42 12 8897 
9 6 58 13 8958 
9 7 12 12 8958 
9 7 28 13 8958 
9 7 42 12 8958 
9 7 58 13 8958 
9 8 12 12 8958 
9 8 28 13 8958 
9 8 42 12 8958 
9 8 58 13 8958 
9 9 12 12 8958 
9 9 28 13 8958 
9 9 42 12 8958 
9 9 58 13 8958 
9 10 12 12 8958 
9 10 28 13 8958 
9 10 42 12 8958 
9 10 58 13 8958 
9 11 12 12 8958 
9 11 28 13 8958 
9 11 42 12 8958 
9 11 58 13 8958 
9 12 12 12 8958 
9 12 28 13 8958 
9 12 42 12 9018 
9 12 58 13 9018 
9 13 12 12 8958 
9 13 28 13 9018 
9 13 42 12 8958 
9 13 58 13 9018 
9 16 30 13 9018 
9 16 45 13 8958 
9 17 0 12 8958 
9 17 14 12 8958 
9 17 30 13 8958 
9 17 44 12 8958 
9 18 0 13 8958 
9 18 14 12 8958 
9 18 30 13 8958 
9 18 44 12 8958 
9 19 0 13 9018 
9 19 14 12 9018 
9 19 30 13 9018 
9 19 44 12 8958 
9 20 0 13 8958 
9 20 14 12 9018 
9 20 30 13 9018 
9 20 44 12 8958 
9 21 0 13 8958 
9 21 14 12 9018 
9 21 30 13 8958 
9 21 44 12 8958 
9 22 0 13 9018 
9 22 14 12 8958 
9 22 30 13 8958 
9 22 44 12 8958 
9 23 0 13 8958 
9 23 14 12 8958 
9 23 30 13 8958 
9 23 44 12 8958 
9 24 0 13 8958 
9 24 14 12 8958 
9 24 30 13 8958 
9 24 44 12 8958 
9 25 0 13 9018 
9 25 14 12 9018 
9 25 30 13 8958 
9 25 44 12 8958 
9 26 0 13 8958 
9 26 14 12 8958 
9 26 30 13 8958 
9 26 44 12 9018 
9 27 0 13 9018 
9 27 14 12 8958 
9 27 30 13 9018 
9 27 44 12 8958 
9 28 0 13 8958 
9 28 14 12 9018 
9 28 30 13 9018 
9 28 44 12 8958 
9 29 0 13 8958 
9 29 15 13 8958 
9 29 30 12 8958 
9 29 45 13 8958 
9 30 0 12 8958 
9 30 15 13 8958 
9 30 30 12 8958 
9 30 45 13 8958 
9 31 0 12 8958 
9 33 31 13 8958 
9 33 45 12 8958 
9 34 1 13 8958 
9 34 15 12 8958 
9 34 31 13 9018 
9 34 45 12 8958 
9 35 1 13 8958 
9 35 15 12 8958 
9 35 31 13 9018 
9 35 45 12 8958 
9 36 1 13 8958 
9 36 15 12 8897 
9 36 31 13 8958 
9 36 45 12 9018 
9 37 1 13 8958 
9 37 15 12 8958 
9 37 31 13 8958 
9 37 45 12 8958 
9 38 1 13 8958 
9 38 15 12 8958 
9 38 31 13 8958 
9 38 45 12 9018 
9 39 1 13 8958 
9 39 15 12 8958 
9 39 31 13 8958 
9 39 45 12 8958 
9 40 1 13 8958 
9 40 15 12 8958 
9 40 31 13 8958 
9 40 45 12 8958 
9 41 1 13 8958 
9 41 15 12 8958 
9 41 31 13 8958 
9 41 45 12 9018 
9 42 1 13 8958 
9 42 15 12 8958 
9 42 31 13 8958 
9 42 45 12 8958 
9 43 1 13 8958 
9 43 15 12 8958 
9 43 31 13 8958 
9 43 45 12 8897 
9 44 1 13 8958 
9 44 15 12 8958 
9 44 31 13 8958 
9 44 45 12 8958 
9 45 1 13 8958 
9 45 15 12 8958 
9 45 31 13 8958 
9 45 45 12 8958 
9 46 1 13 8958 
9 46 15 12 8958 
9 46 31 13 8958 
9 46 45 12 8958 
9 47 1 13 8958 
9 47 15 12 8958 
9 47 31 13 8958 
9 47 45 12 8958 
9 48 1 13 8958 
9 50 32 13 8958 
9 50 47 12 8958 
9 51 2 13 8958 
9 51 17 12 8958 
9 51 32 13 8958 
9 51 47 12 8958 
9 52 2 13 8958 
9 52 17 12 8958 
9 52 32 13 8958 
9 52 47 12 8958 
9 53 2 13 8958 
9 53 17 12 8958 
9 53 32 13 8958 
9 53 47 12 8958 
9 54 2 13 8958 
9 54 17 12 8958 
9 54 32 13 8958 
9 54 47 12 8958 
9 55 2 13 8958 
9 55 17 12 8958 
9 55 32 13 8958 
9 55 47 12 9018 
9 56 2 13 8958 
9 56 17 12 8958 
9 56 32 13 8958 
9 56 47 12 8958 
9 57 2 13 8958 
9 57 17 12 8958 
9 57 32 13 8958 
9 57 47 12 8958 
9 58 2 13 8958 
9 58 17 12 8958 
9 58 32 13 8958 
9 58 47 12 8958 
9 59 2 13 8958 
9 59 17 12 8958 
9 59 32 13 8958 
9 59 47 12 8958 
10 0 2 13 8958 
10 0 17 12 8958 
10 0 32 13 8958 
10 0 47 12 9018 
10 1 2 13 8958 
10 1 17 12 8958 
10 1 32 13 8958 
10 1 47 12 8958 
10 2 2 13 8958 
10 2 17 12 9018 
10 2 32 13 8958 
10 2 47 12 8958 
10 3 2 13 8958 
10 3 17 12 8958 
10 3 32 13 8958 
10 3 47 12 8958 
10 4 2 13 8958 
10 4 17 12 8958 
10 4 32 13 9018 
10 4 47 12 8958 
10 5 2 13 8958 
10 7 33 13 8958 
10 7 48 12 8958 
10 8 3 13 8958 
10 8 18 12 8958 
10 8 33 13 8958 
10 8 48 12 8958 
10 9 3 13 8958 
10 9 18 12 9018 
10 9 33 13 8958 
10 9 48 12 9018 
10 10 3 13 9018 
10 10 18 12 8958 
10 10 33 13 8958 
10 10 48 12 8958 
10 11 3 13 8958 
10 11 18 12 9018 
10 11 33 13 8958 
10 11 48 12 8958 
10 12 3 13 8958 
10 12 18 12 9018 
10 12 33 13 8958 
10 12 48 12 9018 
10 13 3 13 8958 
10 13 18 12 8958 
10 13 33 13 8958 
10 13 48 12 8958 
10 14 3 13 8958 
10 14 18 12 8958 
10 14 33 13 8958 
10 14 48 12 8958 
10 15 3 13 8958 
10 15 18 12 8958 
10 15 33 13 8958 
10 15 48 12 8958 
10 16 3 13 8958 
10 16 18 12 8958 
10 16 33 13 9018 
10 16 48 12 9018 
10 17 3 13 9018 
10 17 18 12 8958 
10 17 33 13 8958 
10 17 48 12 8958 
10 18 3 13 8958 
10 18 18 12 9018 
10 18 33 13 8958 
10 18 48 12 8958 
10 19 3 13 8958 
10 19 18 12 8958 
10 19 33 13 8958 
10 19 48 12 9018 
10 20 3 13 8958 
10 20 18 12 8958 
10 20 33 13 8958 
10 20 48 12 8958 
10 21 3 13 9018 
10 21 18 12 9018 
10 21 33 13 8958 
10 21 48 12 8958 
10 22 3 13 8958 
10 24 33 13 9018 
10 24 48 12 8958 
10 25 3 13 9018 
10 25 18 12 8958 
10 25 33 13 8958 
10 25 48 12 8958 
10 26 3 13 8958 
10 26 18 12 8958 
10 26 33 13 9018 
10 26 48 12 8958 
10 27 3 13 8958 
10 27 18 12 8958 
10 27 48 12 9018 
10 28 3 13 8958 
10 28 18 12 8958 
10 28 33 13 8958 
10 28 48 12 9018 
10 29 3 13 9018 
10 29 18 12 9018 
10 29 33 13 8958 
10 29 48 12 8958 
10 30 3 13 8958 
10 30 18 12 8958 
10 30 33 13 9018 
10 30 48 12 8958 
10 31 3 13 9018 
10 31 18 12 8958 
10 31 33 13 8958 
10 31 48 12 9018 
10 32 3 13 8958 
10 32 18 12 9018 
10 32 33 13 8958 
10 32 48 12 8958 
10 33 3 13 8958 
10 33 18 12 8958 
10 33 33 13 8958 
10 33 48 12 8958 
10 34 3 13 8958 
10 34 18 12 8958 
10 34 33 13 8958 
10 34 48 12 8958 
10 35 3 13 8958 
10 35 18 12 8958 
10 35 33 13 8958 
10 35 48 12 8958 
10 36 3 13 8958 
10 36 18 12 8958 
10 36 33 13 8958 
10 36 48 12 8958 
10 37 3 13 8958 
10 37 18 12 9018 
10 37 33 13 8958 
10 37 48 12 9018 
10 38 3 13 8958 
10 38 18 12 8958 
10 38 33 13 8958 
10 38 48 12 8958 
10 39 3 13 9018 

/> 