h
h
<CR>
Available commands
------------------
h or ?  ---------------> Alias for Help 
ls      ---------------> List of Files 
read XXXX -------------> read the daily file XXXX  (month/day) 
read_ramp XXXXXXXX ----> read the text file XXXXXXXX  (month/day/Hours/Minutes) 

/> 
ls
ls
<CR>
         TIME          Size       File name 
----A 2021/03/18 14:37     11272  0318
----A 2021/03/18 08:23    128000  03180807
----A 2021/03/18 08:39    128000  03180824
----A 2021/03/18 08:59    128000  03180841
----A 2021/03/18 09:15    128000  03180858
----A 2021/03/18 09:31    128000  03180915
----A 2021/03/18 09:47    128000  03180932
----A 2021/03/18 10:07    128000  03180949
----A 2021/03/18 10:23    128000  03181006
----A 2021/03/18 10:39    128000  03181023
----A 2021/03/18 10:55    128000  03181040
----A 2021/03/18 11:15    128000  03181057
----A 2021/03/18 11:31    128000  03181114
----A 2021/03/18 11:47    128000  03181131
----A 2021/03/18 12:03    128000  03181148
----A 2021/03/18 12:23    128000  03181205
----A 2021/03/18 12:39    128000  03181222
----A 2021/03/18 12:55    128000  03181239
----A 2021/03/18 13:12    128000  03181256
----A 2021/03/17 13:34      7936  0317
----A 2021/03/18 13:29    128000  03181313
----A 2021/03/18 13:46    128000  03181330
----A 2021/03/18 14:03    128000  03181347
----A 2021/03/18 14:20    128000  03181404
----A 2021/03/18 14:23      2560  03181421
----A 2021/03/17 11:18    128000  03171103
----A 2021/03/17 11:35    128000  03171120
----A 2021/03/17 11:52    128000  03171137
----A 2021/03/17 12:09    128000  03171154
----A 2021/03/17 12:26    128000  03171211
----A 2021/03/17 12:43    128000  03171228
----A 2021/03/17 13:00    128000  03171245
----A 2021/03/17 13:17    128000  03171302
----A 2021/03/17 13:34     42880  03171319

  34 File(s),   3904648 bytes total
   0 Dir(s),     996640K bytes free

/> 
read 0318

read 0318
<CR>Time:2021/03/17 13:34
Hours Minutes Seconds  Nb_Samples    Aver. Current 
8 0 39 13 5954 
8 0 55 13 6380 
8 1 9 12 6380 
8 1 24 12 6440 
8 1 39 13 7534 
8 1 54 12 7960 
8 2 9 13 7960 
8 2 24 12 7960 
8 2 39 13 8506 
8 2 54 12 8810 
8 3 9 13 8810 
8 3 24 12 8810 
8 3 39 13 8993 
8 3 54 12 9053 
8 4 9 13 9053 
8 4 24 12 9053 
8 4 39 13 9053 
7 56 25 13 9053 
7 56 39 12 9053 
7 56 55 13 9053 
7 57 9 12 9053 
7 57 25 13 9053 
7 57 39 12 8993 
7 57 55 13 9053 
7 58 9 12 9053 
7 58 25 13 9053 
7 58 39 12 9053 
7 58 55 13 9053 
7 59 9 12 9053 
7 59 25 13 9053 
7 59 39 12 9053 
7 59 55 13 9053 
8 0 9 12 9053 
8 0 25 13 9053 
8 0 39 12 9053 
8 0 55 13 9053 
8 1 9 12 8993 
8 1 25 13 9053 
8 1 39 12 9053 
8 1 55 13 9053 
8 2 9 12 9053 
8 2 25 13 9053 
8 2 39 12 9053 
8 2 55 13 9053 
8 3 9 12 9053 
8 3 25 13 9053 
8 3 39 12 9053 
8 3 55 13 9053 
8 4 9 12 9053 
8 4 25 13 9053 
8 4 39 12 9053 
8 4 55 13 9053 
8 5 9 12 9053 
8 5 25 13 9053 
8 5 39 12 9053 
8 8 23 13 9053 
8 8 37 12 9053 
8 8 53 13 8993 
8 9 7 12 8993 
8 9 23 13 9053 
8 9 37 12 8993 
8 9 53 13 8993 
8 10 7 12 8993 
8 10 23 13 9053 
8 10 37 12 8993 
8 10 53 13 8993 
8 11 7 12 8993 
8 11 23 13 8993 
8 11 37 12 8993 
8 11 53 13 8993 
8 12 7 12 8993 
8 12 23 13 9053 
8 12 37 12 8993 
8 12 53 13 9053 
8 13 7 12 9053 
8 13 23 13 8993 
8 13 37 12 8993 
8 13 53 13 8993 
8 14 7 12 8993 
8 14 23 13 8993 
8 14 37 12 8993 
8 14 53 13 9053 
8 15 7 12 8993 
8 15 23 13 8993 
8 15 37 12 8993 
8 15 53 13 8993 
8 16 7 12 8993 
8 16 23 13 8993 
8 16 37 12 8993 
8 16 53 13 8993 
8 17 7 12 8993 
8 17 23 13 8993 
8 17 37 12 8993 
8 17 53 13 8993 
8 18 7 12 8993 
8 18 23 13 8993 
8 18 37 12 8993 
8 18 53 13 8993 
8 19 7 12 8993 
8 19 23 13 8993 
8 19 37 12 8993 
8 19 53 13 8993 
8 20 7 12 8993 
8 20 23 13 8993 
8 20 37 12 8993 
8 20 53 13 8993 
8 21 7 12 8993 
8 21 23 13 8993 
8 21 37 12 9053 
8 21 53 13 8993 
8 22 7 12 8993 
8 22 23 13 8993 
8 22 37 12 8993 
8 22 53 13 8993 
8 25 23 13 8993 
8 25 37 12 8993 
8 25 53 13 8993 
8 26 7 12 8993 
8 26 23 13 8993 
8 26 37 12 8993 
8 26 53 13 8993 
8 27 7 12 8993 
8 27 23 13 8993 
8 27 37 12 8993 
8 27 53 13 8993 
8 28 7 12 8993 
8 28 23 13 8993 
8 28 37 12 8993 
8 28 53 13 8993 
8 29 7 12 8993 
8 29 23 13 8993 
8 29 37 12 8993 
8 29 53 13 8993 
8 30 7 12 8993 
8 30 23 13 8993 
8 30 37 12 8993 
8 30 53 13 8993 
8 31 7 12 8993 
8 31 23 13 8993 
8 31 37 12 8993 
8 31 53 13 8993 
8 32 7 12 8993 
8 32 23 13 8993 
8 32 37 12 8993 
8 32 53 13 8993 
8 33 7 12 8993 
8 33 23 13 8993 
8 33 37 12 8993 
8 33 53 13 8993 
8 34 7 12 8993 
8 34 23 13 8993 
8 34 37 12 8993 
8 34 53 13 8993 
8 35 7 12 8993 
8 35 23 13 8993 
8 35 37 12 8993 
8 35 53 13 8993 
8 36 7 12 8993 
8 36 23 13 8993 
8 36 37 12 8993 
8 36 53 13 8993 
8 37 7 12 8993 
8 37 23 13 8993 
8 37 37 12 8993 
8 37 53 13 8993 
8 38 7 12 8993 
8 38 23 13 8993 
8 38 37 12 8993 
8 38 53 13 8993 
8 39 7 12 8993 
8 39 23 13 8993 
8 39 37 12 8993 
8 39 53 13 8993 
8 42 23 13 8993 
8 42 37 12 8993 
8 42 53 13 8993 
8 43 7 12 8993 
8 43 23 13 8993 
8 43 37 12 8993 
8 43 53 13 8993 
8 44 7 12 8993 
8 44 23 13 8993 
8 44 37 12 9053 
8 44 53 13 8993 
8 45 7 12 8993 
8 45 23 13 8993 
8 45 37 12 8993 
8 45 53 13 8993 
8 46 7 12 8993 
8 46 23 13 8993 
8 46 37 12 8993 
8 46 53 13 8993 
8 47 7 12 8993 
8 47 23 13 8993 
8 47 37 12 8993 
8 47 53 13 8993 
8 48 7 12 8993 
8 48 23 13 8993 
8 48 37 12 8993 
8 48 53 13 8993 
8 49 7 12 8993 
8 49 23 13 8993 
8 49 37 12 8993 
8 49 53 13 8993 
8 50 7 12 9053 
8 50 23 13 8993 
8 50 37 12 8993 
8 50 53 13 8993 
8 51 7 12 8993 
8 51 23 13 8993 
8 51 37 12 8993 
8 51 53 13 8993 
8 52 7 12 8993 
8 52 23 13 8993 
8 52 37 12 8993 
8 52 53 13 8993 
8 53 7 12 8993 
8 53 23 13 8993 
8 53 37 12 8993 
8 53 53 13 8993 
8 54 7 12 8993 
8 54 23 13 8993 
8 54 37 12 8993 
8 54 53 13 8993 
8 55 7 12 8993 
8 55 23 13 8993 
8 55 37 12 8993 
8 55 53 13 8993 
8 56 7 12 8993 
8 56 23 13 8993 
8 56 37 12 8993 
8 56 53 13 8993 
8 59 24 13 8993 
8 59 39 12 8993 
8 59 54 13 8993 
9 0 9 12 8993 
9 0 24 13 8993 
9 0 39 12 8993 
9 0 54 13 8993 
9 1 9 12 8993 
9 1 24 13 8993 
9 1 39 12 8993 
9 1 54 13 8993 
9 2 9 12 8993 
9 2 24 13 8993 
9 2 39 12 8993 
9 2 54 13 8993 
9 3 9 12 8993 
9 3 24 13 8993 
9 3 39 12 8993 
9 3 54 13 8993 
9 4 9 12 8993 
9 4 24 13 8993 
9 4 39 12 8993 
9 4 54 13 8993 
9 5 9 12 8993 
9 5 24 13 8993 
9 5 39 12 8993 
9 5 54 13 8993 
9 6 9 12 8993 
9 6 24 13 8993 
9 6 39 12 8993 
9 6 54 13 8993 
9 7 9 12 8993 
9 7 24 13 8993 
9 7 39 12 8993 
9 7 54 13 8993 
9 8 9 12 8993 
9 8 24 13 8993 
9 8 39 12 8993 
9 8 54 13 8993 
9 9 9 12 8993 
9 9 24 13 8993 
9 9 39 12 8993 
9 9 54 13 8993 
9 10 9 12 8993 
9 10 24 13 8993 
9 10 39 12 8993 
9 10 54 13 8993 
9 11 9 12 8993 
9 11 24 13 8993 
9 11 39 12 8993 
9 11 54 13 8993 
9 12 9 12 8993 
9 12 24 13 8993 
9 12 39 12 8993 
9 12 54 13 8993 
9 13 9 12 8993 
9 13 24 13 8993 
9 13 39 12 8993 
9 13 54 13 8993 
9 16 24 13 8993 
9 16 39 12 8993 
9 16 54 13 8993 
9 17 9 12 8993 
9 17 24 13 8993 
9 17 39 12 8993 
9 17 54 13 8993 
9 18 9 12 8993 
9 18 24 13 8993 
9 18 39 12 8993 
9 18 54 13 8993 
9 19 9 12 8993 
9 19 24 13 8993 
9 19 39 12 8993 
9 19 54 13 8993 
9 20 9 12 8993 
9 20 24 13 8993 
9 20 39 12 8993 
9 20 54 13 8993 
9 21 9 12 8993 
9 21 24 13 8993 
9 21 39 12 8993 
9 21 54 13 8993 
9 22 9 12 8993 
9 22 24 13 8993 
9 22 39 12 8993 
9 22 54 13 8993 
9 23 9 12 8993 
9 23 24 13 8993 
9 23 39 12 8993 
9 23 54 13 8993 
9 24 9 12 8993 
9 24 24 13 8993 
9 24 39 12 8993 
9 24 54 13 8993 
9 25 9 12 8993 
9 25 24 13 8993 
9 25 39 12 8993 
9 25 54 13 8993 
9 26 9 12 8993 
9 26 24 13 8993 
9 26 39 12 8993 
9 26 54 13 8993 
9 27 9 12 8993 
9 27 24 13 8993 
9 27 39 12 8993 
9 27 54 13 8993 
9 28 9 12 8993 
9 28 24 13 8993 
9 28 39 12 8993 
9 28 54 13 8993 
9 29 9 12 8993 
9 29 24 13 8993 
9 29 39 12 8993 
9 29 54 13 8993 
9 30 9 12 8993 
9 30 24 13 8993 
9 30 39 12 8993 
9 30 54 13 8993 
9 33 24 13 8993 
9 33 39 12 8993 
9 33 54 13 8993 
9 34 9 12 8993 
9 34 24 13 8993 
9 34 39 12 8993 
9 34 54 13 8993 
9 35 9 12 8993 
9 35 24 13 8993 
9 35 39 12 8993 
9 35 54 13 8993 
9 36 9 12 8993 
9 36 24 13 8993 
9 36 39 12 8993 
9 36 54 13 8993 
9 37 9 12 8993 
9 37 24 13 8993 
9 37 39 12 8993 
9 37 54 13 8993 
9 38 9 12 8993 
9 38 24 13 8993 
9 38 39 12 8993 
9 38 54 13 8993 
9 39 9 12 8993 
9 39 24 13 8993 
9 39 39 12 8993 
9 39 54 13 8993 
9 40 9 12 8993 
9 40 24 13 8993 
9 40 39 12 8993 
9 40 54 13 8993 
9 41 9 12 8993 
9 41 24 13 8993 
9 41 39 12 8993 
9 41 54 13 8993 
9 42 9 12 8993 
9 42 24 13 8993 
9 42 39 12 8993 
9 42 54 13 8993 
9 43 9 12 8993 
9 43 24 13 8993 
9 43 39 12 8993 
9 43 54 13 8993 
9 44 9 12 8993 
9 44 24 13 8993 
9 44 39 12 8993 
9 44 54 13 8993 
9 45 9 12 8993 
9 45 24 13 8993 
9 45 39 12 8993 
9 45 54 13 8993 
9 46 9 12 8993 
9 46 24 13 8993 
9 46 39 12 8993 
9 46 54 13 8993 
9 47 9 12 8993 
9 47 24 13 8993 
9 47 39 12 8993 
9 47 54 13 8993 
9 50 25 13 8993 
9 50 40 12 8993 
9 50 55 13 8993 
9 51 10 12 8993 
9 51 25 13 8993 
9 51 40 12 8993 
9 51 55 13 8993 
9 52 10 12 8993 
9 52 25 13 8993 
9 52 40 12 8993 
9 52 55 13 8993 
9 53 10 12 8993 
9 53 25 13 8993 
9 53 40 12 8993 
9 53 55 13 8993 
9 54 10 12 8993 
9 54 25 13 8993 
9 54 40 12 8993 
9 54 55 13 8993 
9 55 10 12 8993 
9 55 25 13 8993 
9 55 40 12 8993 
9 55 55 13 8993 
9 56 10 12 8993 
9 56 25 13 8993 
9 56 40 12 8993 
9 56 55 13 8993 
9 57 10 12 8993 
9 57 25 13 8993 
9 57 40 12 8993 
9 57 55 13 8993 
9 58 10 12 8993 
9 58 25 13 8993 
9 58 40 12 8993 
9 58 55 13 8993 
9 59 10 12 8993 
9 59 25 13 8993 
9 59 40 12 8993 
9 59 55 13 8993 
10 0 10 12 8993 
10 0 25 13 8993 
10 0 40 12 8993 
10 0 55 13 8993 
10 1 10 12 8993 
10 1 25 13 8993 
10 1 40 12 8993 
10 1 55 13 8993 
10 2 10 12 8993 
10 2 25 13 8993 
10 2 40 12 8993 
10 2 55 13 8993 
10 3 10 12 8993 
10 3 25 13 8993 
10 3 40 12 8993 
10 3 55 13 8993 
10 4 10 12 8993 
10 4 25 13 8993 
10 4 40 12 8993 
10 4 55 13 8993 
10 7 25 13 8993 
10 7 40 12 8993 
10 7 55 13 8993 
10 8 10 12 8993 
10 8 25 13 8993 
10 8 40 12 8993 
10 8 55 13 8993 
10 9 10 12 8993 
10 9 25 13 8993 
10 9 40 12 8993 
10 9 55 13 8993 
10 10 10 12 8993 
10 10 25 13 8993 
10 10 40 12 8993 
10 10 55 13 8993 
10 11 10 12 8993 
10 11 25 13 8993 
10 11 40 12 8993 
10 11 55 13 8993 
10 12 10 12 8993 
10 12 25 13 8993 
10 12 40 12 8993 
10 12 55 13 8993 
10 13 10 12 8993 
10 13 25 13 8993 
10 13 40 12 8993 
10 13 55 13 8993 
10 14 10 12 8993 
10 14 25 13 8993 
10 14 40 12 8993 
10 14 55 13 8993 
10 15 10 12 8993 
10 15 25 13 8993 
10 15 40 12 8993 
10 15 55 13 8993 
10 16 10 12 8993 
10 16 25 13 8993 
10 16 40 12 8993 
10 16 55 13 8993 
10 17 10 12 8993 
10 17 25 13 8993 
10 17 40 12 8993 
10 17 55 13 8993 
10 18 10 12 8993 
10 18 25 13 8993 
10 18 40 12 8993 
10 18 55 13 8993 
10 19 10 12 8993 
10 19 25 13 8993 
10 19 40 12 8993 
10 19 55 13 8993 
10 20 10 12 8993 
10 20 25 13 8993 
10 20 40 12 8993 
10 20 55 13 8993 
10 21 10 12 8993 
10 21 25 13 8993 
10 21 40 12 8993 
10 21 55 13 8993 
10 24 27 13 8993 
10 24 41 12 8993 
10 24 57 13 8993 
10 25 11 12 8993 
10 25 27 13 8993 
10 25 41 12 8932 
10 25 57 13 8993 
10 26 11 12 8993 
10 26 27 13 8993 
10 26 41 12 8993 
10 26 57 13 8993 
10 27 11 12 8993 
10 27 27 13 8993 
10 27 41 12 8993 
10 27 57 13 8993 
10 28 11 12 8993 
10 28 27 13 8993 
10 28 41 12 8993 
10 28 57 13 8993 
10 29 11 12 8993 
10 29 27 13 8993 
10 29 41 12 8993 
10 29 57 13 8993 
10 30 11 12 8993 
10 30 27 13 8993 
10 30 41 12 8993 
10 30 57 13 8993 
10 31 11 12 8932 
10 31 27 13 8993 
10 31 41 12 8993 
10 31 57 13 8993 
10 32 11 12 8993 
10 32 27 13 8993 
10 32 41 12 8993 
10 32 57 13 8993 
10 33 11 12 8993 
10 33 27 13 8993 
10 33 41 12 8993 
10 33 57 13 8993 
10 34 11 12 8993 
10 34 27 13 8993 
10 34 41 12 8993 
10 34 57 13 8993 
10 35 11 12 8993 
10 35 27 13 8993 
10 35 41 12 8993 
10 35 57 13 8993 
10 36 11 12 8993 
10 36 27 13 8993 
10 36 41 12 8932 
10 36 57 13 8993 
10 37 11 12 8993 
10 37 27 13 8993 
10 37 41 12 8993 
10 37 57 13 8993 
10 38 11 12 8993 
10 38 27 13 8993 
10 38 41 12 8932 
10 38 57 13 8993 
10 41 27 13 8993 
10 41 41 12 8993 
10 41 57 13 8993 
10 42 11 12 8993 
10 42 27 13 8932 
10 42 41 12 8993 
10 42 57 13 8993 
10 43 11 12 8993 
10 43 27 13 8993 
10 43 41 12 8993 
10 43 57 13 8993 
10 44 11 12 8993 
10 44 27 13 8993 
10 44 41 12 8993 
10 44 57 13 8993 
10 45 11 12 8993 
10 45 27 13 8993 
10 45 41 12 8993 
10 45 57 13 8932 
10 46 11 12 8993 
10 46 27 13 8993 
10 46 41 12 8993 
10 46 57 13 8993 
10 47 11 12 8993 
10 47 27 13 8932 
10 47 41 12 8993 
10 47 56 13 8993 
10 48 11 12 8993 
10 48 26 13 8993 
10 48 41 12 8993 
10 48 56 13 8932 
10 49 11 12 8993 
10 49 26 13 8993 
10 49 41 12 8932 
10 49 56 13 8993 
10 50 11 12 8993 
10 50 26 13 8993 
10 50 41 12 8993 
10 50 56 13 8993 
10 51 11 12 8993 
10 51 26 13 8993 
10 51 41 12 8993 
10 51 56 13 8993 
10 52 11 12 8993 
10 52 26 13 8993 
10 52 41 12 8993 
10 52 56 13 8993 
10 53 11 12 8993 
10 53 26 13 8993 
10 53 41 12 8993 
10 53 56 13 8932 
10 54 11 12 8993 
10 54 26 13 8993 
10 54 41 12 8993 
10 54 56 13 8993 
10 55 11 12 8993 
10 55 26 13 8993 
10 55 41 12 8993 
10 55 56 13 8993 
10 58 26 13 8993 
10 58 41 12 8993 
10 58 56 13 8993 
10 59 11 12 8993 
10 59 26 13 8993 
10 59 41 12 8993 
10 59 56 13 8993 
11 0 11 12 8993 
11 0 26 13 8993 
11 0 41 12 8993 
11 0 56 13 8993 
11 1 11 12 8993 
11 1 26 13 8993 
11 1 41 12 8993 
11 1 56 13 8993 
11 2 11 12 8993 
11 2 26 13 8993 
11 2 41 12 8993 
11 2 56 13 8993 
11 3 11 12 8993 
11 3 26 13 8993 
11 3 41 12 8993 
11 3 56 13 8993 
11 4 11 12 8993 
11 4 26 13 8993 
11 4 41 12 8993 
11 4 56 13 8993 
11 5 11 12 8993 
11 5 26 13 8993 
11 5 41 12 8932 
11 5 56 13 8993 
11 6 11 12 8993 
11 6 26 13 8993 
11 6 41 12 8993 
11 6 56 13 8993 
11 7 11 12 8932 
11 7 26 13 8993 
11 7 41 12 8993 
11 7 56 13 8993 
11 8 11 12 8993 
11 8 26 13 8993 
11 8 41 12 8993 
11 8 56 13 8993 
11 9 11 12 8993 
11 9 26 13 8993 
11 9 41 12 8993 
11 9 56 13 8932 
11 10 11 12 8993 
11 10 26 13 8993 
11 10 41 12 8993 
11 10 56 13 8993 
11 11 11 12 8993 
11 11 26 13 8993 
11 11 41 12 8993 
11 11 56 13 8993 
11 12 11 12 8932 
11 12 26 13 8993 
11 12 41 12 8932 
11 12 56 13 8932 
11 15 28 13 8993 
11 15 42 12 8993 
11 15 58 13 8993 
11 16 12 12 8993 
11 16 28 13 8993 
11 16 42 12 8932 
11 16 58 13 8993 
11 17 12 12 8993 
11 17 28 13 8993 
11 17 42 12 8993 
11 17 58 13 8993 
11 18 12 12 8932 
11 18 28 13 8993 
11 18 42 12 8932 
11 18 58 13 8932 
11 19 12 12 8993 
11 19 28 13 8993 
11 19 42 12 8993 
11 19 58 13 8993 
11 20 12 12 8993 
11 20 28 13 8993 
11 20 42 12 8993 
11 20 58 13 8932 
11 21 12 12 8993 
11 21 28 13 8993 
11 21 42 12 8993 
11 21 58 13 8993 
11 22 12 12 8993 
11 22 28 13 8993 
11 22 42 12 8993 
11 22 58 13 8993 
11 23 12 12 8993 
11 23 28 13 8993 
11 23 42 12 8993 
11 23 58 13 8993 
11 24 12 12 8993 
11 24 28 13 8993 
11 24 42 12 8993 
11 24 58 13 8993 
11 25 12 12 8993 
11 25 28 13 8993 
11 25 42 12 8993 
11 25 58 13 8993 
11 26 12 12 8993 
11 26 28 13 8993 
11 26 42 12 8993 
11 26 58 13 8993 
11 27 12 12 8993 
11 27 28 13 8993 
11 27 42 12 8993 
11 27 58 13 8993 
11 28 12 12 8993 
11 28 28 13 8993 
11 28 42 12 8993 
11 28 58 13 8993 
11 29 12 12 8993 
11 29 28 13 8993 
11 29 42 12 8993 
11 29 58 13 8993 
11 32 28 13 8993 
11 32 42 12 8993 
11 32 58 13 8993 
11 33 12 12 8993 
11 33 28 13 8993 
11 33 42 12 8993 
11 33 58 13 8993 
11 34 12 12 8993 
11 34 28 13 8993 
11 34 42 12 8993 
11 34 58 13 8993 
11 35 12 12 8993 
11 35 28 13 8993 
11 35 42 12 8993 
11 35 58 13 8993 
11 36 12 12 8993 
11 36 28 13 8993 
11 36 42 12 8993 
11 36 58 13 8993 
11 37 12 12 8993 
11 37 28 13 8993 
11 37 42 12 8993 
11 37 58 13 8993 
11 38 12 12 8993 
11 38 28 13 8993 
11 38 42 12 8993 
11 38 58 13 8993 
11 39 12 12 8993 
11 39 28 13 8993 
11 39 42 12 8993 
11 39 58 13 8993 
11 40 12 12 8993 
11 40 28 13 8993 
11 40 42 12 8993 
11 40 58 13 8993 
11 41 12 12 8932 
11 41 28 13 8993 
11 41 42 12 8993 
11 41 58 13 8993 
11 42 12 12 8993 
11 42 28 13 8993 
11 42 42 12 8993 
11 42 58 13 8993 
11 43 12 12 8993 
11 43 28 13 8993 
11 43 42 12 8993 
11 43 58 13 8993 
11 44 12 12 8993 
11 44 28 13 8993 
11 44 42 12 8993 
11 44 58 13 8993 
11 45 12 12 8993 
11 45 28 13 8932 
11 45 42 12 8993 
11 45 58 13 8993 
11 46 12 12 8993 
11 46 28 13 8993 
11 46 42 12 8993 
11 46 58 13 8993 
11 49 28 13 8993 
11 49 42 12 8993 
11 49 58 13 8993 
11 50 12 12 8993 
11 50 28 13 8993 
11 50 42 12 8993 
11 50 58 13 8993 
11 51 12 12 8993 
11 51 28 13 8993 
11 51 42 12 8993 
11 51 58 13 8993 
11 52 12 12 8993 
11 52 28 13 8993 
11 52 42 12 8932 
11 52 58 13 8993 
11 53 12 12 8993 
11 53 28 13 8993 
11 53 42 12 8932 
11 53 58 13 8993 
11 54 12 12 8932 
11 54 28 13 8932 
11 54 42 12 8993 
11 54 58 13 8993 
11 55 12 12 8993 
11 55 28 13 8993 
11 55 42 12 8932 
11 55 58 13 8993 
11 56 12 12 8993 
11 56 28 13 8932 
11 56 42 12 8993 
11 56 58 13 8993 
11 57 12 12 8993 
11 57 28 13 8993 
11 57 42 12 8993 
11 57 58 13 8993 
11 58 12 12 8993 
11 58 28 13 8993 
11 58 42 12 8993 
11 58 58 13 8993 
11 59 12 12 8993 
11 59 28 13 8993 
11 59 42 12 8993 
11 59 58 13 8993 
12 0 12 12 8993 
12 0 28 13 8993 
12 0 42 12 8993 
12 0 58 13 8993 
12 1 12 12 8993 
12 1 28 13 8993 
12 1 42 12 8993 
12 1 58 13 8993 
12 2 12 12 8993 
12 2 28 13 8993 
12 2 42 12 8993 
12 2 58 13 8993 
12 3 12 12 8993 
12 3 28 13 8993 
12 3 42 12 8993 
12 3 58 13 8993 
12 6 29 13 8993 
12 6 43 12 8993 
12 6 59 13 8993 
12 7 13 12 8993 
12 7 29 13 8993 
12 7 43 12 8993 
12 7 59 13 8993 
12 8 13 12 8993 
12 8 29 13 8993 
12 8 43 12 8993 
12 8 59 13 8993 
12 9 13 12 8993 
12 9 29 13 8993 
12 9 43 12 8993 
12 9 59 13 8993 
12 10 13 12 8993 
12 10 29 13 8993 
12 10 43 12 8993 
12 10 59 13 8993 
12 11 13 12 8993 
12 11 29 13 8993 
12 11 43 12 8993 
12 11 59 13 8993 
12 12 13 12 8993 
12 12 29 13 8993 
12 12 43 12 8993 
12 12 59 13 8993 
12 13 13 12 8932 
12 13 29 13 8993 
12 13 43 12 8993 
12 13 59 13 8932 
12 14 13 12 8932 
12 14 29 13 8993 
12 14 43 12 8932 
12 14 59 13 8993 
12 15 13 12 8993 
12 15 29 13 8993 
12 15 43 12 8993 
12 15 59 13 8993 
12 16 13 12 8993 
12 16 29 13 8993 
12 16 43 12 8993 
12 16 59 13 8993 
12 17 13 12 8993 
12 17 29 13 8993 
12 17 43 12 8993 
12 17 59 13 8993 
12 18 13 12 8932 
12 18 29 13 8993 
12 18 43 12 8993 
12 18 59 13 8993 
12 19 13 12 8993 
12 19 29 13 8993 
12 19 43 12 8993 
12 19 59 13 8993 
12 20 13 12 8993 
12 20 29 13 8993 
12 20 43 12 8993 
12 20 59 13 8993 
12 23 29 13 8993 
12 23 43 12 8993 
12 23 59 13 8932 
12 24 13 12 8993 
12 24 29 13 8932 
12 24 43 12 8993 
12 24 59 13 8993 
12 25 13 12 8993 
12 25 29 13 8993 
12 25 43 12 8993 
12 25 59 13 8932 
12 26 13 12 8993 
12 26 29 13 8993 
12 26 43 12 8932 
12 26 59 13 8993 
12 27 13 12 8932 
12 27 29 13 8932 
12 27 43 12 8993 
12 27 59 13 8993 
12 28 13 12 8993 
12 28 29 13 8993 
12 28 43 12 8932 
12 28 59 13 8932 
12 29 13 12 8993 
12 29 29 13 8993 
12 29 43 12 8993 
12 29 59 13 8993 
12 30 13 12 8993 
12 30 29 13 8993 
12 30 43 12 8993 
12 30 59 13 8993 
12 31 13 12 8932 
12 31 29 13 8993 
12 31 43 12 8932 
12 31 59 13 8993 
12 32 13 12 8932 
12 32 29 13 8993 
12 32 43 12 8993 
12 32 59 13 8993 
12 33 13 12 8993 
12 33 29 13 8993 
12 33 43 12 8993 
12 33 59 13 8993 
12 34 13 12 8993 
12 34 29 13 8993 
12 34 43 12 8993 
12 34 59 13 8993 
12 35 13 12 8932 
12 35 29 13 8993 
12 35 43 12 8993 
12 35 59 13 8993 
12 36 13 12 8993 
12 36 29 13 8993 
12 36 43 12 8993 
12 36 59 13 8993 
12 37 13 12 8932 
12 37 29 13 8993 
12 37 43 12 8993 
12 37 59 13 8993 
12 40 29 13 8993 
12 40 43 12 8993 
12 40 59 13 8993 
12 41 13 12 8993 
12 41 29 13 8993 
12 41 43 12 8993 
12 41 59 13 8932 
12 42 13 12 8993 
12 42 29 13 8932 
12 42 43 12 8993 
12 42 59 13 8932 
12 43 13 12 8993 
12 43 29 13 8993 
12 43 43 12 8932 
12 43 59 13 8993 
12 44 13 12 8993 
12 44 29 13 8993 
12 44 43 12 8993 
12 44 59 13 8993 
12 45 13 12 8932 
12 45 29 13 8932 
12 45 43 12 8993 
12 45 59 13 8993 
12 46 13 12 8993 
12 46 29 13 8993 
12 46 43 12 8993 
12 46 59 13 8993 
12 47 13 12 8993 
12 47 29 13 8932 
12 47 43 12 8932 
12 47 59 13 8932 
12 48 13 12 8993 
12 48 29 13 8993 
12 48 43 12 8932 
12 48 59 13 8993 
12 49 13 12 8993 
12 49 29 13 8993 
12 49 43 12 8993 
12 49 59 13 8993 
12 50 13 12 8993 
12 50 29 13 8932 
12 50 43 12 8993 
12 50 59 13 8993 
12 51 13 12 8932 
12 51 29 13 8993 
12 51 43 12 8993 
12 51 59 13 8993 
12 52 13 12 8993 
12 52 29 13 8993 
12 52 43 12 8993 
12 52 59 13 8993 
12 53 13 12 8993 
12 53 29 13 8993 
12 53 43 12 8993 
12 53 59 13 8932 
12 54 13 12 8932 
12 54 29 13 8993 
12 54 43 12 8993 
12 54 59 13 8993 
12 57 30 13 8993 
12 57 44 12 8932 
12 58 0 13 8993 
12 58 14 12 8993 
12 58 30 13 8993 
12 58 44 12 8993 
12 59 0 13 8993 
12 59 14 12 8993 
12 59 30 13 8993 
12 59 44 12 8993 
13 0 0 13 8993 
13 0 14 12 8993 
13 0 30 13 8993 
13 0 44 12 8993 
13 1 0 13 8993 
13 1 14 12 8993 
13 1 30 13 8993 
13 1 44 12 8993 
13 2 0 13 8932 
13 2 14 12 8993 
13 2 30 13 8993 
13 2 44 12 8993 
13 3 0 13 8993 
13 3 14 12 8993 
13 3 30 13 8932 
13 3 44 12 8993 
13 4 0 13 8993 
13 4 14 12 8932 
13 4 30 13 8993 
13 4 44 12 8993 
13 5 0 13 8993 
13 5 14 12 8993 
13 5 30 13 8993 
13 5 44 12 8993 
13 6 0 13 8993 
13 6 14 12 8993 
13 6 30 13 8993 
13 6 44 12 8993 
13 7 0 13 8993 
13 7 14 12 8993 
13 7 30 13 8993 
13 7 44 12 8993 
13 8 0 13 8993 
13 8 14 12 8993 
13 8 30 13 8993 
13 8 44 12 8993 
13 9 0 13 8993 
13 9 14 12 8993 
13 9 30 13 8993 
13 9 44 12 8993 
13 10 0 13 8993 
13 10 14 12 8993 
13 10 30 13 8993 
13 10 44 12 8993 
13 11 0 13 8993 
13 11 14 12 8993 
13 11 30 13 8993 
13 11 44 12 8993 
13 12 0 13 8993 
13 14 30 13 8993 
13 14 44 12 8993 
13 15 0 13 8932 
13 15 14 12 8993 
13 15 30 13 8993 
13 15 44 12 8993 
13 16 0 13 8993 
13 16 14 12 8993 
13 16 30 13 8993 
13 16 44 12 8993 
13 17 0 13 8993 
13 17 14 12 8993 
13 17 30 13 8993 
13 17 44 12 8993 
13 18 0 13 8993 
13 18 14 12 8993 
13 18 30 13 8993 
13 18 44 12 8993 
13 19 0 13 8993 
13 19 14 12 8993 
13 19 30 13 8993 
13 19 44 12 8993 
13 20 0 13 8993 
13 20 14 12 8993 
13 20 30 13 8993 
13 20 44 12 8993 
13 21 0 13 8993 
13 21 14 12 8993 
13 21 30 13 8993 
13 21 44 12 8993 
13 22 0 13 8993 
13 22 14 12 8993 
13 22 30 13 8993 
13 22 44 12 8932 
13 23 0 13 8993 
13 23 14 12 8932 
13 23 30 13 8993 
13 23 44 12 8993 
13 24 0 13 8993 
13 24 14 12 8993 
13 24 30 13 8993 
13 24 44 12 8993 
13 25 0 13 8932 
13 25 14 12 8993 
13 25 30 13 8993 
13 25 44 12 8932 
13 26 0 13 8932 
13 26 14 12 8993 
13 26 30 13 8993 
13 26 44 12 8932 
13 27 0 13 8932 
13 27 14 12 8993 
13 27 30 13 8993 
13 27 44 12 8993 
13 28 0 13 8993 
13 28 14 12 8993 
13 28 30 13 8932 
13 28 44 12 8993 
13 29 0 13 8993 
13 31 31 13 8993 
13 31 46 12 8932 
13 32 1 13 8993 
13 32 16 12 8993 
13 32 31 13 8932 
13 32 46 12 8993 
13 33 1 13 8993 
13 33 16 12 8993 
13 33 31 13 8993 
13 33 46 12 8993 
13 34 1 13 8993 
13 34 16 12 8993 
13 34 31 13 8993 
13 34 46 12 8993 
13 35 1 13 8993 
13 35 16 12 8993 
13 35 31 13 8993 
13 35 46 12 8993 
13 36 1 13 8993 
13 36 16 12 8932 
13 36 31 13 8993 
13 36 46 12 8932 
13 37 1 13 8993 
13 37 16 12 8993 
13 37 31 13 8932 
13 37 46 12 8993 
13 38 1 13 8993 
13 38 16 12 8993 
13 38 31 13 8993 
13 38 46 12 8993 
13 39 1 13 8993 
13 39 16 12 8993 
13 39 31 13 8993 
13 39 46 12 8993 
13 40 1 13 8993 
13 40 16 12 8993 
13 40 31 13 8993 
13 40 46 12 8993 
13 41 1 13 8993 
13 41 16 12 8993 
13 41 31 13 8932 
13 41 46 12 8993 
13 42 1 13 8993 
13 42 16 12 8993 
13 42 31 13 8932 
13 42 46 12 8993 
13 43 1 13 8993 
13 43 16 12 8993 
13 43 31 13 8993 
13 43 46 12 8993 
13 44 1 13 8993 
13 44 16 12 8993 
13 44 31 13 8993 
13 44 46 12 8993 
13 45 1 13 8993 
13 45 16 12 8993 
13 45 31 13 8993 
13 45 46 12 8993 
13 46 1 13 8993 
13 48 31 13 8993 
13 48 46 12 8993 
13 49 1 13 8993 
13 49 16 12 8932 
13 49 31 13 8993 
13 49 46 12 8993 
13 50 1 13 8993 
13 50 16 12 8993 
13 50 31 13 8993 
13 50 46 12 8993 
13 51 1 13 8993 
13 51 16 12 8993 
13 51 31 13 8993 
13 51 46 12 8993 
13 52 1 13 8932 
13 52 16 12 8993 
13 52 31 13 8993 
13 52 46 12 8932 
13 53 1 13 8993 
13 53 16 12 8993 
13 53 31 13 8993 
13 53 46 12 8993 
13 54 1 13 8932 
13 54 16 12 8993 
13 54 31 13 8993 
13 54 46 12 8993 
13 55 1 13 8993 
13 55 16 12 8993 
13 55 31 13 8993 
13 55 46 12 8993 
13 56 1 13 8932 
13 56 16 12 8993 
13 56 31 13 8993 
13 56 46 12 8993 
13 57 1 13 8993 
13 57 16 12 8932 
13 57 31 13 8932 
13 57 46 12 8993 
13 58 1 13 8993 
13 58 16 12 8993 
13 58 31 13 8932 
13 58 46 12 8993 
13 59 1 13 8993 
13 59 16 12 8993 
13 59 31 13 8993 
13 59 46 12 8993 
14 0 1 13 8993 
14 0 16 12 8932 
14 0 31 13 8993 
14 0 46 12 8993 
14 1 1 13 8993 
14 1 16 12 8993 
14 1 31 13 8993 
14 1 46 12 8932 
14 2 1 13 8932 
14 2 16 12 8993 
14 2 31 13 8993 
14 2 46 12 8993 
14 3 1 13 8993 
14 5 31 13 8993 
14 5 46 12 8993 
14 6 1 13 8993 
14 6 16 12 8932 
14 6 31 13 8993 
14 6 46 12 8932 
14 7 1 13 8993 
14 7 16 12 8932 
14 7 31 13 8932 
14 7 46 12 8932 
14 8 1 13 8932 
14 8 16 12 8993 
14 8 31 13 8932 
14 8 46 12 8932 
14 9 1 13 8993 
14 9 16 12 8993 
14 9 31 13 8993 
14 9 46 12 8993 
14 10 1 13 8993 
14 10 16 12 8993 
14 10 31 13 8993 
14 10 46 12 8993 
14 11 1 13 8993 
14 11 16 12 8993 
14 11 31 13 8993 
14 11 46 12 8993 
14 12 1 13 8993 
14 12 16 12 8993 
14 12 31 13 8993 
14 12 46 12 8993 
14 13 1 13 8993 
14 13 16 12 8993 
14 13 31 13 8993 
14 13 46 12 8993 
14 14 1 13 8932 
14 14 16 12 8993 
14 14 31 13 8993 
14 14 46 12 8993 
14 15 1 13 8993 
14 15 16 12 8993 
14 15 31 13 8993 
14 15 46 12 8932 
14 16 1 13 8993 
14 16 16 12 8932 
14 16 31 13 8932 
14 16 46 12 8993 
14 17 1 13 8993 
14 17 16 12 8993 
14 17 31 13 8993 
14 17 46 12 8932 
14 18 1 13 8993 
14 18 16 12 8993 
14 18 31 13 8993 
14 18 46 12 8993 
14 19 1 13 8993 
14 19 16 12 8993 
14 19 31 13 8932 
14 19 46 12 8993 
14 20 1 13 8993 
14 22 32 13 8993 
14 22 47 12 8993 
14 23 2 13 8993 
14 23 17 12 8993 
14 23 32 13 8993 
14 23 47 12 8993 
14 24 2 13 8993 
14 24 17 12 8993 
14 24 32 13 8993 
14 24 47 12 8993 
14 25 2 13 8993 
14 25 17 12 8993 
14 25 32 13 8993 
14 25 47 12 8993 
14 26 2 13 8993 
14 26 17 12 8932 
14 26 32 13 8993 
14 26 47 12 8993 
14 27 2 13 8993 
14 27 17 12 8993 
14 27 32 13 8932 
14 27 47 12 8993 
14 28 2 13 8993 
14 28 17 12 8993 
14 28 32 13 8993 
14 28 47 12 8993 
14 29 2 13 8993 
14 29 17 12 8993 
14 29 32 13 8932 
14 29 47 12 8993 
14 30 2 13 8932 
14 30 17 12 8932 
14 30 32 13 8932 
14 30 47 12 8993 
14 31 2 13 8993 
14 31 17 12 8932 
14 31 32 13 8993 
14 31 47 12 8993 
14 32 2 13 8932 
14 32 17 12 8932 
14 32 32 13 8993 
14 32 47 12 8993 
14 33 2 13 8993 
14 33 17 12 8993 
14 33 32 13 8993 
14 33 47 12 8993 
14 34 2 13 8993 
14 34 17 12 8993 
14 34 32 13 8993 
14 34 47 12 8993 
14 35 2 13 8993 
14 35 17 12 8932 
14 35 32 13 8932 
14 35 47 12 8993 
14 36 2 13 8993 
14 36 17 12 8932 

/> 