h

h
<CR>
Available commands
------------------
h or ?  ---------------> Alias for Help 
ls      ---------------> List of Files 
read XXXX -------------> read the daily file XXXX  (month/day) 
read_ramp XXXXXXXX ----> read the text file XXXXXXXX  (month/day/Hours/Minutes) 

/> 
ls
ls
<CR>
         TIME          Size       File name 
----A 2021/03/18 14:35     11264  0318
----A 2021/03/18 08:23    128000  03180806
----A 2021/03/18 08:38    128000  03180823
----A 2021/03/18 08:55    128000  03180840
----A 2021/03/18 09:14    128000  03180857
----A 2021/03/18 09:31    128000  03180914
----A 2021/03/18 09:46    128000  03180931
----A 2021/03/18 10:03    128000  03180948
----A 2021/03/18 10:23    128000  03181005
----A 2021/03/18 10:39    128000  03181022
----A 2021/03/18 10:55    128000  03181039
----A 2021/03/18 11:11    128000  03181056
----A 2021/03/18 11:31    128000  03181113
----A 2021/03/18 11:47    128000  03181130
----A 2021/03/18 12:03    128000  03181147
----A 2021/03/18 12:19    128000  03181204
----A 2021/03/18 12:39    128000  03181221
----A 2021/03/18 12:55    128000  03181238
----A 2021/03/18 13:11    128000  03181255
----A 2021/03/17 10:39      7904  0317
----A 2021/03/18 13:27    128000  03181312
----A 2021/03/18 13:47    128000  03181329
----A 2021/03/18 14:03    128000  03181346
----A 2021/03/18 14:19    128000  03181403
----A 2021/03/18 14:23      2560  03181420
----A 2021/03/17 08:23    128000  03170807
----A 2021/03/17 08:39    128000  03170824
----A 2021/03/17 08:59    128000  03170841
----A 2021/03/17 09:15    128640  03170858
----A 2021/03/17 09:31    128000  03170915
----A 2021/03/17 09:48    128000  03170932
----A 2021/03/17 10:05    128000  03170949
----A 2021/03/17 10:22    128000  03171007
----A 2021/03/17 10:39     35840  03171024

  34 File(s),   3898208 bytes total
   0 Dir(s),     996640K bytes free

/> 
read 0318
read 0318
<CR>Time:2021/03/17 10:39
Hours Minutes Seconds  Nb_Samples    Aver. Current 
5 5 50 13 6355 
5 6 5 12 6416 
5 6 20 13 6597 
5 6 35 12 7747 
5 6 50 13 7989 
5 7 5 12 7989 
5 7 20 13 8050 
5 7 35 12 8655 
5 7 50 13 8776 
5 8 5 12 8716 
5 8 20 13 8897 
5 8 35 12 9018 
5 8 50 13 9018 
5 9 5 12 9018 
5 9 20 13 9018 
5 9 35 12 9018 
5 9 50 13 9018 
5 10 5 12 9018 
5 10 20 13 9018 
5 10 35 12 9018 
7 56 15 12 9018 
7 56 31 13 9018 
7 56 45 12 9018 
7 57 1 13 9018 
7 57 15 12 9018 
7 57 31 13 9018 
7 57 45 12 9018 
7 58 1 13 9018 
7 58 15 12 9018 
7 58 31 13 9018 
7 58 45 12 9018 
7 59 1 13 9018 
7 59 15 12 9018 
7 59 31 13 9018 
7 59 45 12 9018 
8 0 0 13 9018 
8 0 15 12 8958 
8 0 31 13 9018 
8 0 45 12 9018 
8 1 1 13 9018 
8 1 15 12 9018 
8 1 31 13 9018 
8 1 45 12 9018 
8 2 1 13 9018 
8 2 15 12 9018 
8 2 31 13 9018 
8 2 45 12 9018 
8 3 1 13 9018 
8 3 15 12 9018 
8 3 31 13 9018 
8 3 45 12 9018 
8 4 1 13 9018 
8 4 15 12 9018 
8 4 31 13 9018 
8 7 15 13 9018 
8 7 30 12 9018 
8 7 46 13 9018 
8 8 0 12 9018 
8 8 16 13 9018 
8 8 30 12 9018 
8 8 46 13 9018 
8 9 0 12 9018 
8 9 16 13 9018 
8 9 30 12 9018 
8 9 46 13 9018 
8 10 0 12 9018 
8 10 16 13 8958 
8 10 30 12 9018 
8 10 46 13 9018 
8 11 0 12 9018 
8 11 16 13 9018 
8 11 30 12 9018 
8 11 46 13 9018 
8 12 0 12 9018 
8 12 16 13 9018 
8 12 30 12 9018 
8 12 46 13 9018 
8 13 0 12 9018 
8 13 16 13 9018 
8 13 30 12 9018 
8 13 46 13 9018 
8 14 0 12 9018 
8 14 16 13 9018 
8 14 30 12 9018 
8 14 46 13 9018 
8 15 0 12 9018 
8 15 16 13 8958 
8 15 30 12 9018 
8 15 46 13 9018 
8 16 0 12 8958 
8 16 16 13 8958 
8 16 30 12 8958 
8 16 46 13 9018 
8 17 0 12 8958 
8 17 16 13 9018 
8 17 30 12 8958 
8 17 46 13 9018 
8 18 0 12 9018 
8 18 16 13 9018 
8 18 30 12 9018 
8 18 46 13 9018 
8 19 0 12 9018 
8 19 16 13 9018 
8 19 30 12 9018 
8 19 46 13 9018 
8 20 0 12 9018 
8 20 16 13 9018 
8 20 30 12 9018 
8 20 46 13 8958 
8 21 0 12 9018 
8 21 16 13 8958 
8 21 30 12 9018 
8 21 46 13 9018 
8 24 16 13 9018 
8 24 30 12 9018 
8 24 46 13 9018 
8 25 0 12 9018 
8 25 16 13 9018 
8 25 30 12 9018 
8 25 46 13 8958 
8 26 0 12 8958 
8 26 16 13 9018 
8 26 30 12 9018 
8 26 46 13 9018 
8 27 0 12 8958 
8 27 16 13 9018 
8 27 30 12 9018 
8 27 46 13 9018 
8 28 0 12 9018 
8 28 16 13 9018 
8 28 30 12 9018 
8 28 46 13 9018 
8 29 0 12 9018 
8 29 16 13 9018 
8 29 30 12 9018 
8 29 46 13 9018 
8 30 0 12 9018 
8 30 16 13 9018 
8 30 30 12 9018 
8 30 46 13 9018 
8 31 0 12 9018 
8 31 16 13 9018 
8 31 30 12 9018 
8 31 46 13 9018 
8 32 0 12 9018 
8 32 16 13 9018 
8 32 30 12 9018 
8 32 46 13 9018 
8 33 0 12 9018 
8 33 16 13 9018 
8 33 30 12 9018 
8 33 46 13 9018 
8 34 0 12 9018 
8 34 16 13 9018 
8 34 30 12 9018 
8 34 46 13 9018 
8 35 0 12 9018 
8 35 16 13 8958 
8 35 30 12 9018 
8 35 46 13 9018 
8 36 0 12 8958 
8 36 16 13 9018 
8 36 30 12 9018 
8 36 46 13 9018 
8 37 0 12 9018 
8 37 16 13 9018 
8 37 30 12 9018 
8 37 46 13 9018 
8 38 0 12 9018 
8 38 16 13 9018 
8 38 30 12 9018 
8 38 46 13 9018 
8 41 16 13 9018 
8 41 30 12 9018 
8 41 46 13 8958 
8 42 0 12 8958 
8 42 16 13 9018 
8 42 30 12 9018 
8 42 46 13 9018 
8 43 0 12 8958 
8 43 16 13 9018 
8 43 30 12 9018 
8 43 46 13 9018 
8 44 0 12 9018 
8 44 16 13 9018 
8 44 30 12 9018 
8 44 46 13 9018 
8 45 0 12 9018 
8 45 16 13 9018 
8 45 30 12 9018 
8 45 46 13 9018 
8 46 0 12 8958 
8 46 16 13 9018 
8 46 30 12 9018 
8 46 46 13 9018 
8 47 0 12 9018 
8 47 16 13 9018 
8 47 30 12 9018 
8 47 46 13 9018 
8 48 0 12 9018 
8 48 16 13 9018 
8 48 30 12 9018 
8 48 46 13 9018 
8 49 0 12 9018 
8 49 16 13 9018 
8 49 30 12 8958 
8 49 46 13 9018 
8 50 0 12 8958 
8 50 16 13 9018 
8 50 30 12 9018 
8 50 46 13 9018 
8 51 0 12 9018 
8 51 16 13 9018 
8 51 30 12 9018 
8 51 46 13 9018 
8 52 0 12 9018 
8 52 16 13 9018 
8 52 30 12 8958 
8 52 46 13 9018 
8 53 0 12 9018 
8 53 16 13 9018 
8 53 30 12 9018 
8 53 46 13 8958 
8 54 0 12 9018 
8 54 16 13 9018 
8 54 30 12 9018 
8 54 46 13 9018 
8 55 0 12 9018 
8 55 16 13 9018 
8 55 30 12 8958 
8 55 46 13 9018 
8 58 17 13 9018 
8 58 31 12 9018 
8 58 47 13 9018 
8 59 1 12 9018 
8 59 17 13 9018 
8 59 31 12 9018 
8 59 47 13 9018 
9 0 1 12 9018 
9 0 17 13 8958 
9 0 31 12 9018 
9 0 47 13 9018 
9 1 1 12 9018 
9 1 17 13 9018 
9 1 31 12 9018 
9 1 47 13 9018 
9 2 1 12 9018 
9 2 17 13 9018 
9 2 31 12 9018 
9 2 47 13 9018 
9 3 1 12 9018 
9 3 17 13 9018 
9 3 31 12 9018 
9 3 47 13 9018 
9 4 1 12 9018 
9 4 17 13 9018 
9 4 31 12 9018 
9 4 47 13 9018 
9 5 1 12 8958 
9 5 17 13 9018 
9 5 31 12 9018 
9 5 47 13 9018 
9 6 1 12 9018 
9 6 17 13 9018 
9 6 31 12 9018 
9 6 47 13 9018 
9 7 1 12 9018 
9 7 17 13 9018 
9 7 31 12 9018 
9 7 47 13 9018 
9 8 1 12 9018 
9 8 17 13 9018 
9 8 31 12 9018 
9 8 47 13 9018 
9 9 1 12 9018 
9 9 17 13 8958 
9 9 31 12 9018 
9 9 47 13 8958 
9 10 1 12 9018 
9 10 17 13 9018 
9 10 31 12 9018 
9 10 47 13 9018 
9 11 1 12 8958 
9 11 17 13 8958 
9 11 31 12 9018 
9 11 47 13 9018 
9 12 1 12 9018 
9 12 17 13 9018 
9 12 31 12 9018 
9 12 47 13 9018 
9 15 17 13 9018 
9 15 31 12 8958 
9 15 47 13 9018 
9 16 1 12 9018 
9 16 17 13 9018 
9 16 31 12 8958 
9 16 47 13 8958 
9 17 1 12 9018 
9 17 17 13 9018 
9 17 31 12 9018 
9 17 47 13 9018 
9 18 1 12 9018 
9 18 17 13 8958 
9 18 31 12 9018 
9 18 47 13 9018 
9 19 1 12 9018 
9 19 17 13 9018 
9 19 31 12 8958 
9 19 47 13 9018 
9 20 1 12 9018 
9 20 17 13 9018 
9 20 31 12 9018 
9 20 47 13 9018 
9 21 1 12 9018 
9 21 17 13 9018 
9 21 31 12 9018 
9 21 47 13 9018 
9 22 1 12 8958 
9 22 17 13 8958 
9 22 31 12 8958 
9 22 47 13 8958 
9 23 1 12 9018 
9 23 17 13 9018 
9 23 31 12 9018 
9 23 47 13 9018 
9 24 1 12 9018 
9 24 17 13 8958 
9 24 31 12 8958 
9 24 47 13 9018 
9 25 1 12 8958 
9 25 17 13 8958 
9 25 31 12 8958 
9 25 47 13 9018 
9 26 1 12 9018 
9 26 17 13 8958 
9 26 31 12 9018 
9 26 47 13 9018 
9 27 1 12 9018 
9 27 17 13 8958 
9 27 31 12 8958 
9 27 47 13 8958 
9 28 1 12 8958 
9 28 17 13 9018 
9 28 31 12 9018 
9 28 47 13 9018 
9 29 1 12 9018 
9 29 17 13 8958 
9 29 31 12 8958 
9 29 47 13 9018 
9 32 17 13 9018 
9 32 31 12 9018 
9 32 47 13 9018 
9 33 1 12 9018 
9 33 17 13 9018 
9 33 31 12 9018 
9 33 47 13 8958 
9 34 1 12 8958 
9 34 17 13 8958 
9 34 31 12 9018 
9 34 47 13 9018 
9 35 1 12 9018 
9 35 17 13 9018 
9 35 31 12 9018 
9 35 47 13 9018 
9 36 1 12 9018 
9 36 17 13 9018 
9 36 31 12 9018 
9 36 47 13 9018 
9 37 1 12 9018 
9 37 17 13 9018 
9 37 31 12 9018 
9 37 47 13 9018 
9 38 1 12 8958 
9 38 17 13 9018 
9 38 31 12 9018 
9 38 47 13 9018 
9 39 1 12 9018 
9 39 17 13 8958 
9 39 31 12 9018 
9 39 47 13 9018 
9 40 1 12 8958 
9 40 17 13 9018 
9 40 31 12 9018 
9 40 47 13 8958 
9 41 1 12 9018 
9 41 17 13 8958 
9 41 31 12 8958 
9 41 47 13 9018 
9 42 1 12 8958 
9 42 17 13 9018 
9 42 31 12 8958 
9 42 47 13 8958 
9 43 1 12 8958 
9 43 17 13 8958 
9 43 31 12 9018 
9 43 47 13 8958 
9 44 1 12 9018 
9 44 17 13 9018 
9 44 31 12 9018 
9 44 47 13 9018 
9 45 1 12 9018 
9 45 17 13 9018 
9 45 31 12 8958 
9 45 47 13 9018 
9 46 1 12 8958 
9 46 17 13 9018 
9 46 31 12 9018 
9 46 47 13 8958 
9 49 18 13 8958 
9 49 32 12 8958 
9 49 48 13 9018 
9 50 2 12 9018 
9 50 18 13 8958 
9 50 32 12 8958 
9 50 48 13 8958 
9 51 2 12 8958 
9 51 18 13 8958 
9 51 32 12 8958 
9 51 48 13 8958 
9 52 2 12 8958 
9 52 18 13 8958 
9 52 32 12 9018 
9 52 48 13 8958 
9 53 2 12 8958 
9 53 18 13 8958 
9 53 32 12 9018 
9 53 48 13 9018 
9 54 2 12 9018 
9 54 18 13 8958 
9 54 32 12 8958 
9 54 48 13 9018 
9 55 2 12 9018 
9 55 18 13 8958 
9 55 32 12 8958 
9 55 48 13 9018 
9 56 2 12 9018 
9 56 18 13 9018 
9 56 32 12 9018 
9 56 48 13 9018 
9 57 2 12 9018 
9 57 18 13 8958 
9 57 32 12 8958 
9 57 48 13 9018 
9 58 2 12 8958 
9 58 18 13 9018 
9 58 32 12 8958 
9 58 48 13 9018 
9 59 2 12 8958 
9 59 18 13 9018 
9 59 32 12 8958 
9 59 48 13 8958 
10 0 2 12 9018 
10 0 18 13 8958 
10 0 32 12 8958 
10 0 48 13 9018 
10 1 2 12 8958 
10 1 18 13 8958 
10 1 32 12 8958 
10 1 48 13 8958 
10 2 2 12 8958 
10 2 18 13 8958 
10 2 32 12 8958 
10 2 48 13 9018 
10 3 2 12 9018 
10 3 18 13 8958 
10 3 32 12 8958 
10 3 48 13 8958 
10 6 18 13 8958 
10 6 32 12 8958 
10 6 48 13 8958 
10 7 2 12 8958 
10 7 18 13 8958 
10 7 32 12 8958 
10 7 48 13 8958 
10 8 2 12 8958 
10 8 18 13 8958 
10 8 32 12 8958 
10 8 48 13 8958 
10 9 2 12 8958 
10 9 18 13 8958 
10 9 32 12 8958 
10 9 48 13 8958 
10 10 2 12 8958 
10 10 18 13 8958 
10 10 32 12 8958 
10 10 48 13 8958 
10 11 2 12 8958 
10 11 18 13 8958 
10 11 32 12 9018 
10 11 48 13 8958 
10 12 2 12 8958 
10 12 18 13 8958 
10 12 32 12 8958 
10 12 48 13 8958 
10 13 2 12 8958 
10 13 18 13 8958 
10 13 32 12 8958 
10 13 48 13 8958 
10 14 2 12 8958 
10 14 18 13 8958 
10 14 32 12 8958 
10 14 48 13 8958 
10 15 2 12 8958 
10 15 18 13 8958 
10 15 32 12 8958 
10 15 48 13 8958 
10 16 2 12 8958 
10 16 18 13 8958 
10 16 32 12 8958 
10 16 48 13 8958 
10 17 2 12 8958 
10 17 18 13 8958 
10 17 32 12 8958 
10 17 48 13 8958 
10 18 2 12 8958 
10 18 18 13 8958 
10 18 32 12 8958 
10 18 48 13 8958 
10 19 2 12 8958 
10 19 18 13 8958 
10 19 32 12 8958 
10 19 48 13 8958 
10 20 2 12 8958 
10 20 18 13 8958 
10 20 32 12 8958 
10 20 48 13 8958 
10 23 18 13 8958 
10 23 32 12 8958 
10 23 48 13 8958 
10 24 2 12 8958 
10 24 18 13 8958 
10 24 32 12 8958 
10 24 48 13 8958 
10 25 2 12 8958 
10 25 18 13 8958 
10 25 32 12 8958 
10 25 48 13 8958 
10 26 2 12 8958 
10 26 18 13 8958 
10 26 32 12 8958 
10 26 48 13 8958 
10 27 2 12 8958 
10 27 18 13 8958 
10 27 32 12 8958 
10 27 48 13 8958 
10 28 2 12 8958 
10 28 18 13 8958 
10 28 32 12 8958 
10 28 48 13 8958 
10 29 2 12 8958 
10 29 18 13 8958 
10 29 32 12 8958 
10 29 48 13 8958 
10 30 2 12 8958 
10 30 18 13 8958 
10 30 32 12 8958 
10 30 48 13 8958 
10 31 2 12 8958 
10 31 18 13 8958 
10 31 32 12 8958 
10 31 48 13 8958 
10 32 2 12 8958 
10 32 18 13 8958 
10 32 32 12 8958 
10 32 48 13 8958 
10 33 2 12 8958 
10 33 18 13 8958 
10 33 32 12 8958 
10 33 48 13 8958 
10 34 2 12 8958 
10 34 18 13 8958 
10 34 32 12 8958 
10 34 48 13 8958 
10 35 2 12 8958 
10 35 18 13 8958 
10 35 32 12 8958 
10 35 48 13 8897 
10 36 2 12 8958 
10 36 18 13 8958 
10 36 32 12 8958 
10 36 48 13 8958 
10 37 2 12 8958 
10 37 18 13 8958 
10 37 32 12 8958 
10 37 48 13 8958 
10 40 19 13 8958 
10 40 34 12 8958 
10 40 49 13 8958 
10 41 4 12 8958 
10 41 19 13 8958 
10 41 34 12 8958 
10 41 49 13 8958 
10 42 4 12 8958 
10 42 19 13 8958 
10 42 34 12 8958 
10 42 49 13 8958 
10 43 4 12 8958 
10 43 19 13 8958 
10 43 34 12 8958 
10 43 49 13 8958 
10 44 4 12 8958 
10 44 19 13 8958 
10 44 34 12 8958 
10 44 49 13 8958 
10 45 4 12 8897 
10 45 19 13 8958 
10 45 34 12 8958 
10 45 49 13 8958 
10 46 4 12 8958 
10 46 19 13 8958 
10 46 34 12 8958 
10 46 49 13 8958 
10 47 4 12 8958 
10 47 19 13 8958 
10 47 34 12 8897 
10 47 49 13 8897 
10 48 4 12 8958 
10 48 19 13 8958 
10 48 34 12 8897 
10 48 49 13 8897 
10 49 4 12 8958 
10 49 19 13 8958 
10 49 34 12 8958 
10 49 49 13 8958 
10 50 4 12 8958 
10 50 19 13 8958 
10 50 34 12 8958 
10 50 49 13 8958 
10 51 4 12 8958 
10 51 19 13 8958 
10 51 34 12 8958 
10 51 49 13 8958 
10 52 4 12 8958 
10 52 19 13 8958 
10 52 34 12 8958 
10 52 49 13 8958 
10 53 4 12 8958 
10 53 19 13 8958 
10 53 34 12 8958 
10 53 49 13 8958 
10 54 4 12 8958 
10 54 19 13 8958 
10 54 34 12 8958 
10 54 49 13 8958 
10 57 19 13 8958 
10 57 34 12 8958 
10 57 49 13 8958 
10 58 4 12 8958 
10 58 19 13 8958 
10 58 34 12 8958 
10 58 49 13 8958 
10 59 4 12 8958 
10 59 19 13 8958 
10 59 34 12 8958 
10 59 49 13 8958 
11 0 4 12 8958 
11 0 19 13 8958 
11 0 34 12 8958 
11 0 49 13 8958 
11 1 4 12 8958 
11 1 19 13 8958 
11 1 34 12 8958 
11 1 49 13 8958 
11 2 4 12 8958 
11 2 19 13 8958 
11 2 34 12 8958 
11 2 49 13 8958 
11 3 4 12 8958 
11 3 19 13 8958 
11 3 34 12 8958 
11 3 49 13 8958 
11 4 4 12 8958 
11 4 19 13 8958 
11 4 34 12 8958 
11 4 49 13 8897 
11 5 4 12 8958 
11 5 19 13 8958 
11 5 34 12 8958 
11 5 49 13 8958 
11 6 4 12 8958 
11 6 19 13 8897 
11 6 34 12 8958 
11 6 49 13 8958 
11 7 4 12 8958 
11 7 19 13 8958 
11 7 34 12 8958 
11 7 49 13 8958 
11 8 4 12 8958 
11 8 19 13 8958 
11 8 34 12 8958 
11 8 49 13 8958 
11 9 4 12 8958 
11 9 19 13 8958 
11 9 34 12 8958 
11 9 49 13 8958 
11 10 4 12 8958 
11 10 19 13 8958 
11 10 34 12 8958 
11 10 49 13 8958 
11 11 4 12 8958 
11 11 19 13 8958 
11 11 34 12 8958 
11 11 49 13 8958 
11 14 20 13 8958 
11 14 35 12 8958 
11 14 50 13 8958 
11 15 5 12 8958 
11 15 20 13 8958 
11 15 35 12 8958 
11 15 50 13 8897 
11 16 5 12 8958 
11 16 20 13 8958 
11 16 35 12 8958 
11 16 50 13 8958 
11 17 5 12 8897 
11 17 20 13 8897 
11 17 35 12 8958 
11 17 50 13 8897 
11 18 5 12 8958 
11 18 20 13 8958 
11 18 35 12 8958 
11 18 50 13 8958 
11 19 5 12 8958 
11 19 20 13 8958 
11 19 35 12 8958 
11 19 50 13 8958 
11 20 5 12 8958 
11 20 20 13 8958 
11 20 35 12 8958 
11 20 50 13 8958 
11 21 5 12 8958 
11 21 20 13 8958 
11 21 35 12 8958 
11 21 50 13 8958 
11 22 5 12 8958 
11 22 20 13 8958 
11 22 35 12 8958 
11 22 50 13 8958 
11 23 5 12 8958 
11 23 20 13 8958 
11 23 35 12 8958 
11 23 50 13 8958 
11 24 5 12 8958 
11 24 20 13 8958 
11 24 35 12 8958 
11 24 50 13 8958 
11 25 5 12 8958 
11 25 20 13 8958 
11 25 35 12 8958 
11 25 50 13 8958 
11 26 5 12 8958 
11 26 20 13 8958 
11 26 35 12 8958 
11 26 50 13 8958 
11 27 5 12 8958 
11 27 20 13 8958 
11 27 35 12 8958 
11 27 50 13 8958 
11 28 5 12 8958 
11 28 20 13 8958 
11 28 35 12 8958 
11 28 50 13 8958 
11 31 20 13 8958 
11 31 35 12 8958 
11 31 50 13 8958 
11 32 5 12 8958 
11 32 20 13 8958 
11 32 35 12 8958 
11 32 50 13 8958 
11 33 5 12 8958 
11 33 20 13 8958 
11 33 35 12 8958 
11 33 50 13 8958 
11 34 5 12 8958 
11 34 20 13 8958 
11 34 35 12 8958 
11 34 50 13 8958 
11 35 5 12 8958 
11 35 20 13 8958 
11 35 35 12 8958 
11 35 50 13 8958 
11 36 5 12 8958 
11 36 20 13 8958 
11 36 35 12 8958 
11 36 50 13 8958 
11 37 5 12 8958 
11 37 20 13 8958 
11 37 35 12 8958 
11 37 50 13 8958 
11 38 5 12 8958 
11 38 20 13 8958 
11 38 35 12 8958 
11 38 50 13 8958 
11 39 5 12 8958 
11 39 20 13 8958 
11 39 35 12 8958 
11 39 50 13 8958 
11 40 5 12 8958 
11 40 20 13 8897 
11 40 35 12 8958 
11 40 50 13 8958 
11 41 5 12 8958 
11 41 20 13 8958 
11 41 35 12 8958 
11 41 50 13 8958 
11 42 5 12 8958 
11 42 20 13 8958 
11 42 35 12 8958 
11 42 50 13 8958 
11 43 5 12 8958 
11 43 20 13 8958 
11 43 35 12 8958 
11 43 50 13 8958 
11 44 5 12 8958 
11 44 20 13 8958 
11 44 35 12 8958 
11 44 50 13 8958 
11 45 5 12 8958 
11 45 20 13 8958 
11 45 35 12 8958 
11 45 50 13 8958 
11 48 20 13 8958 
11 48 35 12 8958 
11 48 50 13 8958 
11 49 5 12 8958 
11 49 20 13 8958 
11 49 35 12 8958 
11 49 50 13 8958 
11 50 5 12 8958 
11 50 20 13 8958 
11 50 35 12 8958 
11 50 50 13 8958 
11 51 5 12 8958 
11 51 20 13 8958 
11 51 35 12 8958 
11 51 50 13 8958 
11 52 5 12 8958 
11 52 20 13 8958 
11 52 35 12 8958 
11 52 50 13 8897 
11 53 5 12 8958 
11 53 20 13 8958 
11 53 35 12 8897 
11 53 50 13 8958 
11 54 5 12 8958 
11 54 20 13 8958 
11 54 35 12 8958 
11 54 50 13 8897 
11 55 5 12 8958 
11 55 20 13 8897 
11 55 35 12 8958 
11 55 50 13 8958 
11 56 5 12 8958 
11 56 20 13 8958 
11 56 35 12 8958 
11 56 50 13 8958 
11 57 5 12 8958 
11 57 20 13 8958 
11 57 35 12 8958 
11 57 50 13 8958 
11 58 5 12 8897 
11 58 20 13 8958 
11 58 35 12 8958 
11 58 50 13 8958 
11 59 5 12 8958 
11 59 20 13 8958 
11 59 35 12 8958 
11 59 50 13 8958 
12 0 5 12 8958 
12 0 20 13 8958 
12 0 35 12 8958 
12 0 50 13 8958 
12 1 5 12 8958 
12 1 20 13 8958 
12 1 35 12 8958 
12 1 50 13 8958 
12 2 5 12 8958 
12 2 20 13 8958 
12 2 35 12 8958 
12 2 50 13 8958 
12 5 22 13 8958 
12 5 36 12 8958 
12 5 52 13 8958 
12 6 6 12 8958 
12 6 22 13 8958 
12 6 36 12 8958 
12 6 52 13 8958 
12 7 6 12 8958 
12 7 22 13 8958 
12 7 36 12 8958 
12 7 52 13 8958 
12 8 6 12 8958 
12 8 22 13 8958 
12 8 36 12 8958 
12 8 52 13 8958 
12 9 6 12 8958 
12 9 22 13 8958 
12 9 36 12 8958 
12 9 52 13 8958 
12 10 6 12 8958 
12 10 22 13 8958 
12 10 36 12 8958 
12 10 52 13 8958 
12 11 6 12 8958 
12 11 22 13 8958 
12 11 36 12 8958 
12 11 52 13 8958 
12 12 6 12 8958 
12 12 22 13 8897 
12 12 36 12 8958 
12 12 52 13 8958 
12 13 6 12 8897 
12 13 22 13 8958 
12 13 36 12 8958 
12 13 52 13 8897 
12 14 6 12 8958 
12 14 22 13 8958 
12 14 36 12 8958 
12 14 52 13 8958 
12 15 6 12 8958 
12 15 22 13 8958 
12 15 36 12 8958 
12 15 52 13 8958 
12 16 6 12 8958 
12 16 22 13 8958 
12 16 36 12 8958 
12 16 52 13 8958 
12 17 6 12 8958 
12 17 22 13 8897 
12 17 36 12 8958 
12 17 52 13 8958 
12 18 6 12 8958 
12 18 22 13 8958 
12 18 36 12 8958 
12 18 52 13 8958 
12 19 6 12 8958 
12 19 22 13 8958 
12 19 36 12 8958 
12 19 52 13 8958 
12 22 22 13 8958 
12 22 36 12 8958 
12 22 52 13 8958 
12 23 6 12 8958 
12 23 22 13 8958 
12 23 36 12 8958 
12 23 52 13 8958 
12 24 6 12 8958 
12 24 22 13 8958 
12 24 36 12 8958 
12 24 52 13 8897 
12 25 6 12 8958 
12 25 22 13 8958 
12 25 36 12 8897 
12 25 52 13 8958 
12 26 6 12 8958 
12 26 22 13 8897 
12 26 36 12 8897 
12 26 52 13 8958 
12 27 6 12 8958 
12 27 22 13 8958 
12 27 36 12 8958 
12 27 52 13 8897 
12 28 6 12 8958 
12 28 22 13 8958 
12 28 36 12 8958 
12 28 52 13 8958 
12 29 6 12 8958 
12 29 22 13 8958 
12 29 36 12 8958 
12 29 52 13 8958 
12 30 6 12 8958 
12 30 22 13 8958 
12 30 36 12 8958 
12 30 52 13 8958 
12 31 6 12 8958 
12 31 22 13 8958 
12 31 36 12 8958 
12 31 52 13 8958 
12 32 6 12 8958 
12 32 22 13 8958 
12 32 36 12 8958 
12 32 52 13 8958 
12 33 6 12 8958 
12 33 22 13 8958 
12 33 36 12 8958 
12 33 52 13 8958 
12 34 6 12 8897 
12 34 22 13 8958 
12 34 36 12 8958 
12 34 52 13 8958 
12 35 6 12 8958 
12 35 22 13 8958 
12 35 36 12 8958 
12 35 52 13 8958 
12 36 6 12 8958 
12 36 22 13 8958 
12 36 36 12 8958 
12 36 52 13 8958 
12 39 22 13 8958 
12 39 36 12 8958 
12 39 52 13 8958 
12 40 6 12 8958 
12 40 22 13 8958 
12 40 36 12 8958 
12 40 52 13 8958 
12 41 6 12 8958 
12 41 22 13 8958 
12 41 36 12 8897 
12 41 52 13 8958 
12 42 6 12 8958 
12 42 22 13 8958 
12 42 36 12 8897 
12 42 52 13 8897 
12 43 6 12 8958 
12 43 22 13 8958 
12 43 36 12 8958 
12 43 52 13 8958 
12 44 6 12 8958 
12 44 22 13 8897 
12 44 36 12 8958 
12 44 52 13 8958 
12 45 6 12 8958 
12 45 22 13 8958 
12 45 36 12 8958 
12 45 52 13 8958 
12 46 6 12 8958 
12 46 22 13 8897 
12 46 36 12 8958 
12 46 52 13 8897 
12 47 6 12 8897 
12 47 22 13 8958 
12 47 36 12 8958 
12 47 52 13 8897 
12 48 6 12 8958 
12 48 22 13 8958 
12 48 36 12 8958 
12 48 52 13 8958 
12 49 6 12 8958 
12 49 22 13 8958 
12 49 36 12 8897 
12 49 52 13 8958 
12 50 6 12 8958 
12 50 22 13 8897 
12 50 36 12 8958 
12 50 52 13 8958 
12 51 6 12 8958 
12 51 22 13 8958 
12 51 36 12 8958 
12 51 52 13 8958 
12 52 6 12 8958 
12 52 22 13 8958 
12 52 36 12 8958 
12 52 52 13 8897 
12 53 6 12 8958 
12 53 22 13 8958 
12 53 36 12 8958 
12 53 52 13 8958 
12 56 23 13 8958 
12 56 37 12 8958 
12 56 53 13 8897 
12 57 7 12 8958 
12 57 23 13 8958 
12 57 37 12 8958 
12 57 53 13 8958 
12 58 7 12 8958 
12 58 23 13 8958 
12 58 37 12 8958 
12 58 53 13 8958 
12 59 7 12 8958 
12 59 23 13 8958 
12 59 37 12 8958 
12 59 53 13 8958 
13 0 7 12 8958 
13 0 23 13 8958 
13 0 37 12 8958 
13 0 53 13 8897 
13 1 7 12 8958 
13 1 23 13 8958 
13 1 37 12 8958 
13 1 53 13 8958 
13 2 7 12 8958 
13 2 23 13 8958 
13 2 37 12 8958 
13 2 53 13 8958 
13 3 7 12 8958 
13 3 23 13 8897 
13 3 37 12 8958 
13 3 53 13 8958 
13 4 7 12 8958 
13 4 23 13 8958 
13 4 37 12 8958 
13 4 53 13 8958 
13 5 7 12 8958 
13 5 23 13 8958 
13 5 37 12 8958 
13 5 53 13 8958 
13 6 7 12 8958 
13 6 23 13 8958 
13 6 37 12 8958 
13 6 53 13 8958 
13 7 7 12 8958 
13 7 23 13 8958 
13 7 37 12 8958 
13 7 53 13 8958 
13 8 7 12 8958 
13 8 23 13 8958 
13 8 37 12 8958 
13 8 53 13 8958 
13 9 7 12 8958 
13 9 23 13 8958 
13 9 37 12 8958 
13 9 53 13 8958 
13 10 7 12 8958 
13 10 23 13 8958 
13 10 37 12 8958 
13 10 53 13 8958 
13 13 23 13 8958 
13 13 37 12 8958 
13 13 53 13 8958 
13 14 7 12 8958 
13 14 23 13 8958 
13 14 37 12 8958 
13 14 53 13 8958 
13 15 7 12 8958 
13 15 23 13 8958 
13 15 37 12 8958 
13 15 53 13 8958 
13 16 7 12 8958 
13 16 23 13 8897 
13 16 37 12 8958 
13 16 53 13 8958 
13 17 7 12 8958 
13 17 23 13 8958 
13 17 37 12 8958 
13 17 53 13 8958 
13 18 7 12 8958 
13 18 23 13 8958 
13 18 37 12 8958 
13 18 53 13 8958 
13 19 7 12 8958 
13 19 23 13 8958 
13 19 37 12 8958 
13 19 53 13 8958 
13 20 7 12 8958 
13 20 23 13 8958 
13 20 37 12 8958 
13 20 53 13 8958 
13 21 7 12 8958 
13 21 23 13 8958 
13 21 37 12 8958 
13 21 53 13 8897 
13 22 7 12 8958 
13 22 23 13 8897 
13 22 37 12 8958 
13 22 53 13 8958 
13 23 7 12 8958 
13 23 23 13 8958 
13 23 37 12 8958 
13 23 53 13 8958 
13 24 7 12 8897 
13 24 23 13 8958 
13 24 37 12 8958 
13 24 53 13 8897 
13 25 7 12 8958 
13 25 23 13 8958 
13 25 37 12 8958 
13 25 53 13 8897 
13 26 7 12 8958 
13 26 23 13 8958 
13 26 37 12 8958 
13 26 53 13 8958 
13 27 7 12 8958 
13 27 23 13 8958 
13 27 37 12 8958 
13 27 53 13 8958 
13 30 24 13 8958 
13 30 38 12 8958 
13 30 54 13 8897 
13 31 8 12 8958 
13 31 24 13 8958 
13 31 38 12 8958 
13 31 54 13 8958 
13 32 8 12 8958 
13 32 24 13 8958 
13 32 38 12 8958 
13 32 54 13 8958 
13 33 8 12 8958 
13 33 24 13 8958 
13 33 38 12 8958 
13 33 54 13 8958 
13 34 8 12 8958 
13 34 24 13 8958 
13 34 38 12 8958 
13 34 54 13 8958 
13 35 8 12 8897 
13 35 24 13 8958 
13 35 38 12 8897 
13 35 54 13 8958 
13 36 8 12 8958 
13 36 24 13 8958 
13 36 38 12 8897 
13 36 54 13 8958 
13 37 8 12 8958 
13 37 24 13 8958 
13 37 38 12 8958 
13 37 54 13 8958 
13 38 8 12 8958 
13 38 24 13 8958 
13 38 38 12 8958 
13 38 54 13 8958 
13 39 8 12 8958 
13 39 24 13 8958 
13 39 38 12 8958 
13 39 54 13 8958 
13 40 8 12 8958 
13 40 24 13 8897 
13 40 38 12 8897 
13 40 54 13 8958 
13 41 8 12 8958 
13 41 24 13 8958 
13 41 38 12 8958 
13 41 54 13 8958 
13 42 8 12 8958 
13 42 24 13 8958 
13 42 38 12 8958 
13 42 54 13 8958 
13 43 8 12 8958 
13 43 24 13 8958 
13 43 38 12 8958 
13 43 54 13 8958 
13 44 8 12 8958 
13 44 24 13 8958 
13 44 38 12 8958 
13 44 54 13 8958 
13 47 24 13 8958 
13 47 38 12 8958 
13 47 54 13 8958 
13 48 8 12 8897 
13 48 24 13 8958 
13 48 38 12 8958 
13 48 54 13 8958 
13 49 8 12 8958 
13 49 24 13 8958 
13 49 38 12 8958 
13 49 54 13 8958 
13 50 8 12 8958 
13 50 24 13 8958 
13 50 38 12 8958 
13 50 54 13 8958 
13 51 8 12 8958 
13 51 24 13 8958 
13 51 38 12 8958 
13 51 54 13 8897 
13 52 8 12 8958 
13 52 24 13 8958 
13 52 38 12 8958 
13 52 54 13 8958 
13 53 8 12 8958 
13 53 24 13 8958 
13 53 38 12 8958 
13 53 54 13 8958 
13 54 8 12 8958 
13 54 24 13 8958 
13 54 38 12 8958 
13 54 54 13 8958 
13 55 8 12 8958 
13 55 24 13 8958 
13 55 38 12 8958 
13 55 54 13 8958 
13 56 8 12 8958 
13 56 24 13 8958 
13 56 38 12 8958 
13 56 54 13 8958 
13 57 8 12 8958 
13 57 24 13 8958 
13 57 38 12 8897 
13 57 54 13 8958 
13 58 8 12 8958 
13 58 24 13 8958 
13 58 38 12 8958 
13 58 54 13 8958 
13 59 8 12 8958 
13 59 24 13 8958 
13 59 38 12 8958 
13 59 54 13 8958 
14 0 8 12 8958 
14 0 24 13 8958 
14 0 38 12 8958 
14 0 54 13 8897 
14 1 8 12 8958 
14 1 24 13 8958 
14 1 38 12 8958 
14 1 54 13 8958 
14 4 24 13 8958 
14 4 38 12 8958 
14 4 54 13 8958 
14 5 8 12 8958 
14 5 24 13 8897 
14 5 38 12 8958 
14 5 54 13 8897 
14 6 8 12 8958 
14 6 24 13 8958 
14 6 38 12 8897 
14 6 54 13 8958 
14 7 8 12 8897 
14 7 24 13 8958 
14 7 38 12 8897 
14 7 54 13 8958 
14 8 8 12 8958 
14 8 24 13 8958 
14 8 38 12 8958 
14 8 54 13 8958 
14 9 8 12 8958 
14 9 24 13 8958 
14 9 38 12 8958 
14 9 54 13 8958 
14 10 8 12 8958 
14 10 24 13 8958 
14 10 38 12 8958 
14 10 54 13 8958 
14 11 8 12 8958 
14 11 24 13 8958 
14 11 38 12 8958 
14 11 54 13 8958 
14 12 8 12 8958 
14 12 24 13 8958 
14 12 38 12 8958 
14 12 54 13 8958 
14 13 8 12 8897 
14 13 24 13 8958 
14 13 38 12 8958 
14 13 54 13 8958 
14 14 8 12 8958 
14 14 24 13 8958 
14 14 38 12 8897 
14 14 54 13 8958 
14 15 8 12 8958 
14 15 24 13 8897 
14 15 38 12 8958 
14 15 54 13 8958 
14 16 8 12 8958 
14 16 24 13 8958 
14 16 38 12 8897 
14 16 54 13 8897 
14 17 8 12 8958 
14 17 24 13 8958 
14 17 38 12 8958 
14 17 54 13 8958 
14 18 8 12 8958 
14 18 24 13 8897 
14 18 38 12 8958 
14 18 54 13 8958 
14 21 25 13 8958 
14 21 40 12 8958 
14 21 55 13 8958 
14 22 10 12 8958 
14 22 25 13 8958 
14 22 40 12 8958 
14 22 55 13 8958 
14 23 10 12 8958 
14 23 25 13 8958 
14 23 40 12 8958 
14 23 55 13 8958 
14 24 10 12 8958 
14 24 25 13 8958 
14 24 40 12 8958 
14 24 55 13 8958 
14 25 10 12 8958 
14 25 25 13 8897 
14 25 40 12 8958 
14 25 55 13 8958 
14 26 10 12 8958 
14 26 25 13 8958 
14 26 40 12 8897 
14 26 55 13 8958 
14 27 10 12 8958 
14 27 25 13 8958 
14 27 40 12 8958 
14 27 55 13 8958 
14 28 10 12 8958 
14 28 25 13 8958 
14 28 40 12 8897 
14 28 55 13 8958 
14 29 10 12 8897 
14 29 25 13 8958 
14 29 40 12 8897 
14 29 55 13 8958 
14 30 10 12 8958 
14 30 25 13 8897 
14 30 40 12 8958 
14 30 55 13 8958 
14 31 10 12 8897 
14 31 25 13 8958 
14 31 40 12 8958 
14 31 55 13 8958 
14 32 10 12 8958 
14 32 25 13 8958 
14 32 40 12 8958 
14 33 10 13 8958 
14 33 25 12 8958 
14 33 40 13 8958 
14 33 55 12 8958 
14 34 10 13 8897 
14 34 25 12 8897 
14 34 40 13 8958 
14 34 55 12 8958 
14 35 10 13 8897 
14 35 47 12 8534 

/> 
delete_oldestdelete_oldest

<CR>

/> 
delete_oldest
delete_oldest
<CR>

/> 
delete_oldest

delete_oldest
<CR>

/> 
delete_oldest
delete_oldest
<CR>

/> 
delete_oldest
delete_oldest
<CR>

/> 
delete_oldest
delete_oldest
<CR>

/> 
delete_oldest
delete_oldest
<CR>

/> 
delete_oldest
delete_oldest
<CR>

/> 
delete_oldest

delete_oldest
<CR>

/> 
delete_oldest
delete_oldest
<CR>

/> 
delete_oldest

delete_oldest
<CR>

/> 
delete_oldest
delete_oldest
<CR>

/> 
delete_oldest
delete_oldest
<CR>

/> 
delete_oldestdelete_oldest

<CR>

/> 
delete_oldest
delete_oldest
<CR>

/> 
delete_oldest
delete_oldest
<CR>

/> 
delete_oldest
delete_oldest
<CR>

/> 
delete_oldest
delete_oldest
<CR>

/> 
delete_oldest
delete_oldest
<CR>

/> 
delete_oldest
delete_oldest
<CR>

/> 
delete_oldest
delete_oldest
<CR>

/> 
delete_oldest
delete_oldest
<CR>

/> 
delete_oldest
delete_oldest
<CR>

/> 
delete_oldest
delete_oldest
<CR>

/> 
delete_oldest
delete_oldest
<CR>

/> 
ls
ls
<CR>
         TIME          Size       File name 
----A 2021/03/18 14:35     11264  0318
----A 2021/03/18 12:39    128000  03181221
----A 2021/03/18 12:55    128000  03181238
----A 2021/03/18 13:11    128000  03181255
----A 2021/03/18 13:27    128000  03181312
----A 2021/03/18 13:47    128000  03181329
----A 2021/03/18 14:03    128000  03181346
----A 2021/03/18 14:19    128000  03181403
----A 2021/03/18 14:23      2560  03181420

   9 File(s),    909824 bytes total
   0 Dir(s),     999648K bytes free

/> 